Running main_process.py for CVE: CVE-2025-52999
Versions: 2.3.5, 2.0.6

[1m[Main] === Starting adaptation process for CVE-2025-52999 ===[0m
[96m[Processor] Fetching all available Maven versions...[0m
[96m[Analyzer] Loading cached versions from: /PoCAdaptation/library/com_fasterxml_jackson_core_jackson-databind.txt[0m
[96m[Analyzer] com.fasterxml.jackson.core:jackson-databind has 209 versions (cached).[0m
[96m[Processor] Identifying versions with successful reproduction...[0m
[96m[Processor] Pending versions: ['2.0.0-RC1', '2.0.0-RC2', '2.0.0-RC3', '2.0.0', '2.0.1', '2.0.2', '2.0.4', '2.0.5', '2.0.6', '2.1.0', '2.1.1', '2.1.2', '2.1.3', '2.1.4', '2.1.5', '2.2.0-rc1', '2.2.0', '2.2.1', '2.2.2', '2.2.3', '2.2.4', '2.3.0-rc1', '2.3.0', '2.3.1', '2.3.2', '2.3.3', '2.3.4', '2.3.5'][0m
[96m[Preparer] Pending directory already exists: /PoCAdaptation/exploit/pending/CVE-2025-52999[0m
[92m[Main] Total affected versions: 183[0m
[92m[Main] Already reproduced versions: 155[0m
[93m[Main] Versions pending adaptation: 28[0m
[96m[Main]     -> ['2.0.0-RC1', '2.0.0-RC2', '2.0.0-RC3', '2.0.0', '2.0.1', '2.0.2', '2.0.4', '2.0.5', '2.0.6', '2.1.0', '2.1.1', '2.1.2', '2.1.3', '2.1.4', '2.1.5', '2.2.0-rc1', '2.2.0', '2.2.1', '2.2.2', '2.2.3', '2.2.4', '2.3.0-rc1', '2.3.0', '2.3.1', '2.3.2', '2.3.3', '2.3.4', '2.3.5'][0m
[96m[Main]     -> ['2.4.0-rc1', '2.4.0-rc2', '2.4.0-rc3', '2.4.0', '2.4.1.1', '2.4.1.2', '2.4.1.3', '2.4.1', '2.4.2', '2.4.3', '2.4.4', '2.4.5.1', '2.4.5', '2.4.6.1', '2.4.6', '2.5.0-rc1', '2.5.0', '2.5.1', '2.5.2', '2.5.3', '2.5.4', '2.5.5', '2.6.0-rc1', '2.6.0-rc2', '2.6.0-rc3', '2.6.0-rc4', '2.6.0', '2.6.1', '2.6.2', '2.6.3', '2.6.4', '2.6.5', '2.6.6', '2.6.7.1', '2.6.7.2', '2.6.7.3', '2.6.7.4', '2.6.7.5', '2.6.7', '2.7.0-rc1', '2.7.0-rc2', '2.7.0-rc3', '2.7.0', '2.7.1', '2.7.1-1', '2.7.2', '2.7.3', '2.7.4', '2.7.5', '2.7.6', '2.7.7', '2.7.8', '2.7.9.1', '2.7.9.2', '2.7.9.3', '2.7.9.4', '2.7.9.5', '2.7.9.6', '2.7.9.7', '2.7.9', '2.8.0.rc1', '2.8.0.rc2', '2.8.0', '2.8.1', '2.8.2', '2.8.3', '2.8.4', '2.8.5', '2.8.6', '2.8.7', '2.8.8.1', '2.8.8', '2.8.9', '2.8.10', '2.8.11.1', '2.8.11.2', '2.8.11.3', '2.8.11.4', '2.8.11.5', '2.8.11.6', '2.8.11', '2.9.0', '2.9.0.pr1', '2.9.0.pr2', '2.9.0.pr3', '2.9.0.pr4', '2.9.1', '2.9.2', '2.9.3', '2.9.4', '2.9.5', '2.9.6', '2.9.7', '2.9.8', '2.9.9.1', '2.9.9.2', '2.9.9.3', '2.9.9', '2.9.10.1', '2.9.10.2', '2.9.10.3', '2.9.10.4', '2.9.10.5', '2.9.10.6', '2.9.10.7', '2.9.10.8', '2.9.10', '2.10.0', '2.10.0.pr1', '2.10.0.pr2', '2.10.0.pr3', '2.10.1', '2.10.2', '2.10.3', '2.10.4', '2.10.5.1', '2.10.5', '2.11.0.rc1', '2.11.0', '2.11.1', '2.11.2', '2.11.3', '2.11.4', '2.12.0-rc1', '2.12.0-rc2', '2.12.0', '2.12.1', '2.12.2', '2.12.3', '2.12.4', '2.12.5', '2.12.6.1', '2.12.6', '2.12.7.1', '2.12.7.2', '2.12.7', '2.13.0-rc1', '2.13.0-rc2', '2.13.0', '2.13.1', '2.13.2.1', '2.13.2.2', '2.13.2', '2.13.3', '2.13.4.1', '2.13.4.2', '2.13.4', '2.13.5', '2.14.0-rc1', '2.14.0-rc2', '2.14.0-rc3', '2.14.0', '2.14.1', '2.14.2', '2.14.3'][0m
[96m[Executor] Running initial exploit mvn test in /PoCAdaptation/exploit/origin/CVE-2025-52999/exploit[0m
[91m[Executor] Initial exploit execution finished with return code 1[0m
[96m[Verifier] Verifying reproduction...[0m
[92m[Verifier] âœ“ Behavior matched: 'java.lang.AssertionError'[0m
[92m[Verifier] âœ“ Detail matched: 'StreamConstraintsException'[0m
[92m[Verifier] âœ“ All reproduction indicators matched.[0m
[92m[Verifier] Initial exploit behavior verified successfully.[0m
[96m[Selector] Nearest need adapatation version selected: 2.3.5[0m
[96m[Selector] Closest reproduced version: 2.4.0-rc1 at index 28[0m
[96m[Adapter] Trying next closest version: 2.3.5[0m
[96m[Preparer] Using exploit from origin: /PoCAdaptation/exploit/origin/CVE-2025-52999/exploit[0m
[92m[Preparer] Copied exploit to: /PoCAdaptation/exploit/pending/CVE-2025-52999/2.3.5/exploit[0m
[96m[Preparer] Updating dependency version to 2.3.5 in /PoCAdaptation/exploit/pending/CVE-2025-52999/2.3.5/exploit/pom.xml[0m
[92m[Preparer] Updated dependency version to 2.3.5 in /PoCAdaptation/exploit/pending/CVE-2025-52999/2.3.5/exploit/pom.xml[0m
[96m[Executor] Attempting direct exploit execution on 2.3.5...[0m
[96m[Executor] Executing exploit for CVE-2025-52999 on version 2.3.5...[0m
[96m[Verifier] Verifying reproduction...[0m
[91m[Verifier] âœ— Behavior not found: 'java.lang.AssertionError'[0m
[91m[Executor] Reproduction result: Failure[0m
[96m[Adapter] Attempting adaptation from base version 2.4.0-rc1 to 2.3.5...[0m
[96m[Adapter] Start adapting exploit from 2.4.0-rc1 to 2.3.5"[0m
[91m[DiffManager] Diff file not found: /PoCAdaptation/library/diff/CVE-2025-52999/2.3.5-2.4.0-rc1.diff[0m
[96m[Executor] Executing exploit for CVE-2025-52999 on version 2.3.5...[0m
[96m[Verifier] Verifying reproduction...[0m
[91m[Verifier] âœ— Behavior not found: 'java.lang.AssertionError'[0m
[91m[Executor] Reproduction result: Failure[0m
[ErrorManager] Extracting errors from log with 11 lines.
[96m[ErrorManager] Ignoring line: [ERROR] Failed to execute goal org.apache.maven.plugins:maven-compiler-plugin:3.8.0:testCompile (default-testCompile) on project demo: Compilation failure[0m
[92m[ErrorManager] Processing line: [ERROR] /PoCAdaptation/exploit/result/CVE-2025-52999/2.3.5/exploit/src/test/java/edu/vision/se/Testcase1.java:[34,96] cannot find symbol[0m
[92m[ErrorManager] Processing line: [ERROR]   symbol:   variable UNWRAP_SINGLE_VALUE_ARRAYS[0m
[92m[ErrorManager] Processing line: [ERROR]   location: class com.fasterxml.jackson.databind.DeserializationFeature[0m
[96m[ErrorManager] Ignoring line: [ERROR] -> [Help 1][0m
[96m[ErrorManager] Ignoring line: [ERROR][0m
[96m[ErrorManager] Ignoring line: [ERROR] To see the full stack trace of the errors, re-run Maven with the -e switch.[0m
[96m[ErrorManager] Ignoring line: [ERROR] Re-run Maven using the -X switch to enable full debug logging.[0m
[96m[ErrorManager] Ignoring line: [ERROR][0m
[96m[ErrorManager] Ignoring line: [ERROR] For more information about the errors and possible solutions, please read the following articles:[0m
[96m[ErrorManager] Ignoring line: [ERROR] [Help 1] http://cwiki.apache.org/confluence/display/MAVEN/MojoFailureException[0m
[96m[Adapter] Locating fix position in error log.[0m
[LLMClient] Tokens used: 1833 (prompt), 1 (completion), 1834 (total)
[LLMClient] Prompt: 
You are given a Java error log when executing 'mvn test' in a project with dependency version 2.3.5:com.fasterxml.jackson.core:jackson-databind.
This test file compiles and runs successfully with version 2.4.0-rc1.

Your task is to:
1. Analyze why this issue occurs with the *2.4.0-rc1* but not with the *2.3.5 version*.
2. Consider how to resolve the issue **without updating this library**.
3. Determine and output the location in the project that should be modified to fix the problem.

Please return 'pom' if the fix is in the pom.xml file, or 'test' if the fix is in the test code.
Do not return any other text, just 'pom' or 'test'.

The error log is:
[INFO] Scanning for projects...
[INFO] 
[INFO] --------------------------< com.example:demo >--------------------------
[INFO] Building demo 1.0-SNAPSHOT
[INFO]   from pom.xml
[INFO] --------------------------------[ jar ]---------------------------------
[INFO] 
[INFO] --- maven-clean-plugin:3.1.0:clean (default-clean) @ demo ---
[INFO] Deleting /PoCAdaptation/exploit/result/CVE-2025-52999/2.3.5/exploit/target
[INFO] 
[INFO] --- maven-resources-plugin:3.0.2:resources (default-resources) @ demo ---
[INFO] Using 'UTF-8' encoding to copy filtered resources.
[INFO] skip non existing resourceDirectory /PoCAdaptation/exploit/result/CVE-2025-52999/2.3.5/exploit/src/main/resources
[INFO] 
[INFO] --- maven-compiler-plugin:3.8.0:compile (default-compile) @ demo ---
[INFO] No sources to compile
[INFO] 
[INFO] --- maven-resources-plugin:3.0.2:testResources (default-testResources) @ demo ---
[INFO] Using 'UTF-8' encoding to copy filtered resources.
[INFO] skip non existing resourceDirectory /PoCAdaptation/exploit/result/CVE-2025-52999/2.3.5/exploit/src/test/resources
[INFO] 
[INFO] --- maven-compiler-plugin:3.8.0:testCompile (default-testCompile) @ demo ---
[INFO] Changes detected - recompiling the module!
[INFO] Compiling 1 source file to /PoCAdaptation/exploit/result/CVE-2025-52999/2.3.5/exploit/target/test-classes
[INFO] -------------------------------------------------------------
[ERROR] COMPILATION ERROR : 
[INFO] -------------------------------------------------------------
[ERROR] /PoCAdaptation/exploit/result/CVE-2025-52999/2.3.5/exploit/src/test/java/edu/vision/se/Testcase1.java:[34,96] cannot find symbol
  symbol:   variable UNWRAP_SINGLE_VALUE_ARRAYS
  location: class com.fasterxml.jackson.databind.DeserializationFeature
[INFO] 1 error
[INFO] -------------------------------------------------------------
[INFO] ------------------------------------------------------------------------
[INFO] BUILD FAILURE
[INFO] ------------------------------------------------------------------------
[INFO] Total time:  0.885 s
[INFO] Finished at: 2025-09-25T07:19:47Z
[INFO] ------------------------------------------------------------------------
[ERROR] Failed to execute goal org.apache.maven.plugins:maven-compiler-plugin:3.8.0:testCompile (default-testCompile) on project demo: Compilation failure
[ERROR] /PoCAdaptation/exploit/result/CVE-2025-52999/2.3.5/exploit/src/test/java/edu/vision/se/Testcase1.java:[34,96] cannot find symbol
[ERROR]   symbol:   variable UNWRAP_SINGLE_VALUE_ARRAYS
[ERROR]   location: class com.fasterxml.jackson.databind.DeserializationFeature
[ERROR] -> [Help 1]
[ERROR] 
[ERROR] To see the full stack trace of the errors, re-run Maven with the -e switch.
[ERROR] Re-run Maven using the -X switch to enable full debug logging.
[ERROR] 
[ERROR] For more information about the errors and possible solutions, please read the following articles:
[ERROR] [Help 1] http://cwiki.apache.org/confluence/display/MAVEN/MojoFailureException


current_pom file is:<?xml version="1.0" encoding="UTF-8"?>

<project xmlns="http://maven.apache.org/POM/4.0.0" xmlns:xsi="http://www.w3.org/2001/XMLSchema-instance"
  xsi:schemaLocation="http://maven.apache.org/POM/4.0.0 http://maven.apache.org/xsd/maven-4.0.0.xsd">
  <modelVersion>4.0.0</modelVersion>

  <groupId>com.example</groupId>
  <artifactId>demo</artifactId>
  <version>1.0-SNAPSHOT</version>

  <name>demo</name>
  <!-- FIXME change it to the project's website -->
  <url>http://www.example.com</url>

  <properties>
    <project.build.sourceEncoding>UTF-8</project.build.sourceEncoding>
    <maven.compiler.source>1.8</maven.compiler.source>
    <maven.compiler.target>1.8</maven.compiler.target>
  </properties>

  <dependencies>
    <dependency>
      <groupId>junit</groupId>
      <artifactId>junit</artifactId>
      <version>4.10</version>
      <scope>test</scope>
    </dependency>
  <!-- https://mvnrepository.com/artifact/com.esotericsoftware.yamlbeans/yamlbeans -->
   <!-- https://mvnrepository.com/artifact/com.fasterxml.jackson.core/jackson-databind -->
      <dependency>
        <groupId>com.fasterxml.jackson.core</groupId>
        <artifactId>jackson-databind</artifactId>
        <version>2.3.5</version>
    </dependency>

  </dependencies>

  <build>
    <pluginManagement><!-- lock down plugins versions to avoid using Maven defaults (may be moved to parent pom) -->
      <plugins>
        <!-- clean lifecycle, see https://maven.apache.org/ref/current/maven-core/lifecycles.html#clean_Lifecycle -->
        <plugin>
          <artifactId>maven-clean-plugin</artifactId>
          <version>3.1.0</version>
        </plugin>
        <!-- default lifecycle, jar packaging: see https://maven.apache.org/ref/current/maven-core/default-bindings.html#Plugin_bindings_for_jar_packaging -->
        <plugin>
          <artifactId>maven-resources-plugin</artifactId>
          <version>3.0.2</version>
        </plugin>
        <plugin>
          <artifactId>maven-compiler-plugin</artifactId>
          <version>3.8.0</version>
        </plugin>
        <plugin>
          <artifactId>maven-surefire-plugin</artifactId>
          <version>2.22.1</version>
        </plugin>
        <plugin>
          <artifactId>maven-jar-plugin</artifactId>
          <version>3.0.2</version>
        </plugin>
        <plugin>
          <artifactId>maven-install-plugin</artifactId>
          <version>2.5.2</version>
        </plugin>
        <plugin>
          <artifactId>maven-deploy-plugin</artifactId>
          <version>2.8.2</version>
        </plugin>
        <!-- site lifecycle, see https://maven.apache.org/ref/current/maven-core/lifecycles.html#site_Lifecycle -->
        <plugin>
          <artifactId>maven-site-plugin</artifactId>
          <version>3.7.1</version>
        </plugin>
        <plugin>
          <artifactId>maven-project-info-reports-plugin</artifactId>
          <version>3.0.0</version>
        </plugin>
      </plugins>
    </pluginManagement>
  </build>
</project>

[LLMClient] Response: 
test
[96m[Adapter] LLM response for fix position: test[0m
[Adapter] Grouped Errors: {'cannot find symbol | variable UNWRAP_SINGLE_VALUE_ARRAYS': [{'file': '/PoCAdaptation/exploit/result/CVE-2025-52999/2.3.5/exploit/src/test/java/edu/vision/se/Testcase1.java', 'line': 34, 'column': 96, 'message': 'cannot find symbol', 'symbol': 'variable UNWRAP_SINGLE_VALUE_ARRAYS', 'location': 'class com.fasterxml.jackson.databind.DeserializationFeature', 'code_line': '    private final static ObjectMapper MAPPER = new ObjectMapper().enable(DeserializationFeature.UNWRAP_SINGLE_VALUE_ARRAYS);'}]}
[LLMClient] Tokens used: 173 (prompt), 15 (completion), 188 (total)
[LLMClient] Prompt: 
You are given an error log when executing 'mvn test' in version 2.3.5: 

Error: cannot find symbol, variable UNWRAP_SINGLE_VALUE_ARRAYS, class com.fasterxml.jackson.databind.DeserializationFeature 

The test executes as expected in 2.4.0-rc1 

Error code:     private final static ObjectMapper MAPPER = new ObjectMapper().enable(DeserializationFeature.UNWRAP_SINGLE_VALUE_ARRAYS); 

Extract two key *entities* from the error for searching related diffs 

The extracted entities should reflect code-level identifiers that are likely to appear in source code or diffs. 

Output each node as a `;`-separated list, with no explanations. 


[LLMClient] Response: 
DeserializationFeature;UNWRAP_SINGLE_VALUE_ARRAYS
[96m[ErrorManager] Extracted key entities: ['DeserializationFeature', 'UNWRAP_SINGLE_VALUE_ARRAYS'][0m
[96m[Adapter] Try to solve error: {'file': '/PoCAdaptation/exploit/result/CVE-2025-52999/2.3.5/exploit/src/test/java/edu/vision/se/Testcase1.java', 'line': 34, 'column': 96, 'message': 'cannot find symbol', 'symbol': 'variable UNWRAP_SINGLE_VALUE_ARRAYS', 'location': 'class com.fasterxml.jackson.databind.DeserializationFeature', 'code_line': '    private final static ObjectMapper MAPPER = new ObjectMapper().enable(DeserializationFeature.UNWRAP_SINGLE_VALUE_ARRAYS);'} with cause: ['DeserializationFeature', 'UNWRAP_SINGLE_VALUE_ARRAYS'][0m
[LLMClient] Tokens used: 205 (prompt), 15 (completion), 220 (total)
[LLMClient] Prompt: 
You are given an error log when executing 'mvn test' in version 2.3.5: 

Error: cannot find symbol, variable UNWRAP_SINGLE_VALUE_ARRAYS, class com.fasterxml.jackson.databind.DeserializationFeature 

The test executes as expected in 2.4.0-rc1 

Error code:     private final static ObjectMapper MAPPER = new ObjectMapper().enable(DeserializationFeature.UNWRAP_SINGLE_VALUE_ARRAYS); 

Extract two key *entities* from the error for searching related diffs 

The extracted entities should reflect code-level identifiers that are likely to appear in source code or diffs. 

Current cause: ['DeserializationFeature', 'UNWRAP_SINGLE_VALUE_ARRAYS'] 

 failed to catch, try simpler or other entities.

Output each node as a `;`-separated list, with no explanations. 


[LLMClient] Response: 
DeserializationFeature;UNWRAP_SINGLE_VALUE_ARRAYS
[96m[ErrorManager] Extracted key entities: ['DeserializationFeature', 'UNWRAP_SINGLE_VALUE_ARRAYS'][0m
[96m[Adapter] Related diffs for error: [][0m
[96m[Adapter] Fix position is in test code.[0m
[96m[RepairModule] Start repair for group: cannot find symbol | variable UNWRAP_SINGLE_VALUE_ARRAYS cause: ['DeserializationFeature', 'UNWRAP_SINGLE_VALUE_ARRAYS'][0m
[96m[RepairModule] Trying best diff #None with score 0.00[0m
[96m[RepairModule] Found 0 diff combinations for annealing.[0m
[96m[RepairModule] Iteration 1, temperature 1.000: No diff selected.[0m
[96m[RepairModule] Iteration 1, temperature 1.000: Trying diff #None with score 0.00[0m
[93m[RepairModule] Diff #None content empty[0m
[LLMClient] Tokens used: 719 (prompt), 451 (completion), 1170 (total)
[LLMClient] Prompt: 
You are given a Java test file with compilation errors in version 2.3.5:com.fasterxml.jackson.core:jackson-databind.
This test file compiles and runs successfully in 2.4.0-rc1.

The diff is related to the diff.
Your task has three steps:
 1. Locate the code where the compilation error occurs.
 2. Analyze the diff from 2.4.0-rc1 to 2.3.5.
 3. Fix the error in the error position only when diff is helpful. Add import statement when needed according to the diff. 

Only output the modified version of the test file according to the diff. No explanations. If mocking, access fields via reflection if they exist.
### Compilation Errors:
message: cannot find symbol, symble: variable UNWRAP_SINGLE_VALUE_ARRAYS, location: class com.fasterxml.jackson.databind.DeserializationFeature

### Error Position:
    private final static ObjectMapper MAPPER = new ObjectMapper().enable(DeserializationFeature.UNWRAP_SINGLE_VALUE_ARRAYS);

### Related Diff:


### Test File Content:
package com.example;

import static org.junit.Assert.assertEquals;
import static org.junit.Assert.assertTrue;
import static org.junit.Assert.fail;

import java.io.ByteArrayInputStream;
import java.io.File;
import java.io.IOException;
import java.nio.file.Files;
import java.nio.file.Path;
import java.nio.file.attribute.BasicFileAttributes;
import java.nio.file.attribute.PosixFileAttributes;
import java.nio.file.attribute.PosixFilePermission;
import java.nio.file.attribute.PosixFilePermissions;
import java.util.Set;

import org.junit.Rule;
import org.junit.Test;
import org.junit.rules.TemporaryFolder;

import com.fasterxml.jackson.core.JsonFactory;
import com.fasterxml.jackson.core.JsonParser;
import com.fasterxml.jackson.core.JsonToken;
import com.fasterxml.jackson.databind.DeserializationFeature;
import com.fasterxml.jackson.databind.ObjectMapper;


public class Testcase1 
{

    private final static int TOO_DEEP_NESTING = 9999;

    private final static ObjectMapper MAPPER = new ObjectMapper().enable(DeserializationFeature.UNWRAP_SINGLE_VALUE_ARRAYS);

    private String createDeepNestedDoc(final int depth) {
        StringBuilder sb = new StringBuilder();
        sb.append("[");
        for (int i = 0; i < depth; i++) {
            sb.append("{ \"a\": [");
        }
        sb.append(" \"val\" ");
        for (int i = 0; i < depth; i++) {
            sb.append("]}");
        }
        sb.append("]");
        return sb.toString();
    }


    @Test
    public void testFromXML() throws IOException {
        
        final String DOC = createDeepNestedDoc(1050);
        JsonFactory factory = new JsonFactory();
        try (JsonParser jp = factory.createParser(new ByteArrayInputStream(DOC.getBytes("UTF-8")))) {
            JsonToken jt;
            while ((jt = jp.nextToken()) != null) {
                // consume tokens
            }
            fail("expected StreamConstraintsException");
        } catch (Exception e) {
            assertEquals("Depth (1001) exceeds the maximum allowed nesting depth (1000)", e.getMessage());
        }

    }
}


[LLMClient] Response: 
```java
package com.example;

import static org.junit.Assert.assertEquals;
import static org.junit.Assert.assertTrue;
import static org.junit.Assert.fail;

import java.io.ByteArrayInputStream;
import java.io.File;
import java.io.IOException;
import java.nio.file.Files;
import java.nio.file.Path;
import java.nio.file.attribute.BasicFileAttributes;
import java.nio.file.attribute.PosixFileAttributes;
import java.nio.file.attribute.PosixFilePermission;
import java.nio.file.attribute.PosixFilePermissions;
import java.util.Set;

import org.junit.Rule;
import org.junit.Test;
import org.junit.rules.TemporaryFolder;

import com.fasterxml.jackson.core.JsonFactory;
import com.fasterxml.jackson.core.JsonParser;
import com.fasterxml.jackson.core.JsonToken;
import com.fasterxml.jackson.databind.DeserializationFeature;
import com.fasterxml.jackson.databind.ObjectMapper;


public class Testcase1 
{

    private final static int TOO_DEEP_NESTING = 9999;

    private final static ObjectMapper MAPPER = new ObjectMapper();

    private String createDeepNestedDoc(final int depth) {
        StringBuilder sb = new StringBuilder();
        sb.append("[");
        for (int i = 0; i < depth; i++) {
            sb.append("{ \"a\": [");
        }
        sb.append(" \"val\" ");
        for (int i = 0; i < depth; i++) {
            sb.append("]}");
        }
        sb.append("]");
        return sb.toString();
    }


    @Test
    public void testFromXML() throws IOException {
        
        final String DOC = createDeepNestedDoc(1050);
        JsonFactory factory = new JsonFactory();
        try (JsonParser jp = factory.createParser(new ByteArrayInputStream(DOC.getBytes("UTF-8")))) {
            JsonToken jt;
            while ((jt = jp.nextToken()) != null) {
                // consume tokens
            }
            fail("expected StreamConstraintsException");
        } catch (Exception e) {
            assertEquals("Depth (1001) exceeds the maximum allowed nesting depth (1000)", e.getMessage());
        }

    }
}
```
[96m[RepairModule] Wrote modified code to /PoCAdaptation/exploit/result/CVE-2025-52999/2.3.5/exploit/src/test/java/edu/vision/se/Testcase1.java[0m
[96m[Executor] Executing exploit for CVE-2025-52999 on version 2.3.5...[0m
[96m[Verifier] Verifying reproduction...[0m
[92m[Verifier] âœ“ Behavior matched: 'java.lang.AssertionError'[0m
[92m[Verifier] âœ“ Detail matched: 'StreamConstraintsException'[0m
[92m[Verifier] âœ“ All reproduction indicators matched.[0m
[92m[Executor] Reproduction result: Success[0m
[92m[RepairModule] Repair success![0m
[92m[RepairModule] Repair success with diff #None at iteration 1![0m
[96m[Adapter] Test code repair attempted.[0m
[96m[Executor] Executing exploit for CVE-2025-52999 on version 2.3.5...[0m
[96m[Verifier] Verifying reproduction...[0m
[92m[Verifier] âœ“ Behavior matched: 'java.lang.AssertionError'[0m
[92m[Verifier] âœ“ Detail matched: 'StreamConstraintsException'[0m
[92m[Verifier] âœ“ All reproduction indicators matched.[0m
[92m[Executor] Reproduction result: Success[0m
[92m[Adapter] Adaptation from 2.4.0-rc1 to 2.3.5 successful.[0m
[Adapt] âœ“ Completed: True
[96m[Adapter] Adaptation complete. Retesting exploit on 2.3.5...[0m
[92m[Executor] Adaptation + reproduction successful on 2.3.5[0m
[96m[Adapter] Copied successful adaptation to /PoCAdaptation/exploit/valid/CVE-2025-52999/2.3.5[0m
[96m[Selector] Nearest need adapatation version selected: 2.3.4[0m
[96m[Selector] Closest reproduced version: 2.3.5 at index 27[0m
[96m[Adapter] Trying next closest version: 2.3.4[0m
[96m[Preparer] Using exploit from valid: /PoCAdaptation/exploit/valid/CVE-2025-52999/2.3.5/exploit[0m
[92m[Preparer] Copied exploit to: /PoCAdaptation/exploit/pending/CVE-2025-52999/2.3.4/exploit[0m
[96m[Preparer] Updating dependency version to 2.3.4 in /PoCAdaptation/exploit/pending/CVE-2025-52999/2.3.4/exploit/pom.xml[0m
[92m[Preparer] Updated dependency version to 2.3.4 in /PoCAdaptation/exploit/pending/CVE-2025-52999/2.3.4/exploit/pom.xml[0m
[96m[Executor] Attempting direct exploit execution on 2.3.4...[0m
[96m[Executor] Executing exploit for CVE-2025-52999 on version 2.3.4...[0m
[96m[Verifier] Verifying reproduction...[0m
[92m[Verifier] âœ“ Behavior matched: 'java.lang.AssertionError'[0m
[92m[Verifier] âœ“ Detail matched: 'StreamConstraintsException'[0m
[92m[Verifier] âœ“ All reproduction indicators matched.[0m
[92m[Executor] Reproduction result: Success[0m
[92m[Executor] Direct reproduction successful on 2.3.4[0m
[96m[Adapter] Copied successful adaptation to /PoCAdaptation/exploit/valid/CVE-2025-52999/2.3.4[0m
[96m[Selector] Nearest need adapatation version selected: 2.3.3[0m
[96m[Selector] Closest reproduced version: 2.3.4 at index 26[0m
[96m[Adapter] Trying next closest version: 2.3.3[0m
[96m[Preparer] Using exploit from valid: /PoCAdaptation/exploit/valid/CVE-2025-52999/2.3.4/exploit[0m
[92m[Preparer] Copied exploit to: /PoCAdaptation/exploit/pending/CVE-2025-52999/2.3.3/exploit[0m
[96m[Preparer] Updating dependency version to 2.3.3 in /PoCAdaptation/exploit/pending/CVE-2025-52999/2.3.3/exploit/pom.xml[0m
[92m[Preparer] Updated dependency version to 2.3.3 in /PoCAdaptation/exploit/pending/CVE-2025-52999/2.3.3/exploit/pom.xml[0m
[96m[Executor] Attempting direct exploit execution on 2.3.3...[0m
[96m[Executor] Executing exploit for CVE-2025-52999 on version 2.3.3...[0m
[96m[Verifier] Verifying reproduction...[0m
[92m[Verifier] âœ“ Behavior matched: 'java.lang.AssertionError'[0m
[92m[Verifier] âœ“ Detail matched: 'StreamConstraintsException'[0m
[92m[Verifier] âœ“ All reproduction indicators matched.[0m
[92m[Executor] Reproduction result: Success[0m
[92m[Executor] Direct reproduction successful on 2.3.3[0m
[96m[Adapter] Copied successful adaptation to /PoCAdaptation/exploit/valid/CVE-2025-52999/2.3.3[0m
[96m[Selector] Nearest need adapatation version selected: 2.3.2[0m
[96m[Selector] Closest reproduced version: 2.3.3 at index 25[0m
[96m[Adapter] Trying next closest version: 2.3.2[0m
[96m[Preparer] Using exploit from valid: /PoCAdaptation/exploit/valid/CVE-2025-52999/2.3.3/exploit[0m
[92m[Preparer] Copied exploit to: /PoCAdaptation/exploit/pending/CVE-2025-52999/2.3.2/exploit[0m
[96m[Preparer] Updating dependency version to 2.3.2 in /PoCAdaptation/exploit/pending/CVE-2025-52999/2.3.2/exploit/pom.xml[0m
[92m[Preparer] Updated dependency version to 2.3.2 in /PoCAdaptation/exploit/pending/CVE-2025-52999/2.3.2/exploit/pom.xml[0m
[96m[Executor] Attempting direct exploit execution on 2.3.2...[0m
[96m[Executor] Executing exploit for CVE-2025-52999 on version 2.3.2...[0m
[96m[Verifier] Verifying reproduction...[0m
[92m[Verifier] âœ“ Behavior matched: 'java.lang.AssertionError'[0m
[92m[Verifier] âœ“ Detail matched: 'StreamConstraintsException'[0m
[92m[Verifier] âœ“ All reproduction indicators matched.[0m
[92m[Executor] Reproduction result: Success[0m
[92m[Executor] Direct reproduction successful on 2.3.2[0m
[96m[Adapter] Copied successful adaptation to /PoCAdaptation/exploit/valid/CVE-2025-52999/2.3.2[0m
[96m[Selector] Nearest need adapatation version selected: 2.3.1[0m
[96m[Selector] Closest reproduced version: 2.3.2 at index 24[0m
[96m[Adapter] Trying next closest version: 2.3.1[0m
[96m[Preparer] Using exploit from valid: /PoCAdaptation/exploit/valid/CVE-2025-52999/2.3.2/exploit[0m
[92m[Preparer] Copied exploit to: /PoCAdaptation/exploit/pending/CVE-2025-52999/2.3.1/exploit[0m
[96m[Preparer] Updating dependency version to 2.3.1 in /PoCAdaptation/exploit/pending/CVE-2025-52999/2.3.1/exploit/pom.xml[0m
[92m[Preparer] Updated dependency version to 2.3.1 in /PoCAdaptation/exploit/pending/CVE-2025-52999/2.3.1/exploit/pom.xml[0m
[96m[Executor] Attempting direct exploit execution on 2.3.1...[0m
[96m[Executor] Executing exploit for CVE-2025-52999 on version 2.3.1...[0m
[96m[Verifier] Verifying reproduction...[0m
[92m[Verifier] âœ“ Behavior matched: 'java.lang.AssertionError'[0m
[92m[Verifier] âœ“ Detail matched: 'StreamConstraintsException'[0m
[92m[Verifier] âœ“ All reproduction indicators matched.[0m
[92m[Executor] Reproduction result: Success[0m
[92m[Executor] Direct reproduction successful on 2.3.1[0m
[96m[Adapter] Copied successful adaptation to /PoCAdaptation/exploit/valid/CVE-2025-52999/2.3.1[0m
[96m[Selector] Nearest need adapatation version selected: 2.3.0[0m
[96m[Selector] Closest reproduced version: 2.3.1 at index 23[0m
[96m[Adapter] Trying next closest version: 2.3.0[0m
[96m[Preparer] Using exploit from valid: /PoCAdaptation/exploit/valid/CVE-2025-52999/2.3.1/exploit[0m
[92m[Preparer] Copied exploit to: /PoCAdaptation/exploit/pending/CVE-2025-52999/2.3.0/exploit[0m
[96m[Preparer] Updating dependency version to 2.3.0 in /PoCAdaptation/exploit/pending/CVE-2025-52999/2.3.0/exploit/pom.xml[0m
[92m[Preparer] Updated dependency version to 2.3.0 in /PoCAdaptation/exploit/pending/CVE-2025-52999/2.3.0/exploit/pom.xml[0m
[96m[Executor] Attempting direct exploit execution on 2.3.0...[0m
[96m[Executor] Executing exploit for CVE-2025-52999 on version 2.3.0...[0m
[96m[Verifier] Verifying reproduction...[0m
[92m[Verifier] âœ“ Behavior matched: 'java.lang.AssertionError'[0m
[92m[Verifier] âœ“ Detail matched: 'StreamConstraintsException'[0m
[92m[Verifier] âœ“ All reproduction indicators matched.[0m
[92m[Executor] Reproduction result: Success[0m
[92m[Executor] Direct reproduction successful on 2.3.0[0m
[96m[Adapter] Copied successful adaptation to /PoCAdaptation/exploit/valid/CVE-2025-52999/2.3.0[0m
[96m[Selector] Nearest need adapatation version selected: 2.3.0-rc1[0m
[96m[Selector] Closest reproduced version: 2.3.0 at index 22[0m
[96m[Adapter] Trying next closest version: 2.3.0-rc1[0m
[96m[Preparer] Using exploit from valid: /PoCAdaptation/exploit/valid/CVE-2025-52999/2.3.0/exploit[0m
[92m[Preparer] Copied exploit to: /PoCAdaptation/exploit/pending/CVE-2025-52999/2.3.0-rc1/exploit[0m
[96m[Preparer] Updating dependency version to 2.3.0-rc1 in /PoCAdaptation/exploit/pending/CVE-2025-52999/2.3.0-rc1/exploit/pom.xml[0m
[92m[Preparer] Updated dependency version to 2.3.0-rc1 in /PoCAdaptation/exploit/pending/CVE-2025-52999/2.3.0-rc1/exploit/pom.xml[0m
[96m[Executor] Attempting direct exploit execution on 2.3.0-rc1...[0m
[96m[Executor] Executing exploit for CVE-2025-52999 on version 2.3.0-rc1...[0m
[96m[Verifier] Verifying reproduction...[0m
[92m[Verifier] âœ“ Behavior matched: 'java.lang.AssertionError'[0m
[92m[Verifier] âœ“ Detail matched: 'StreamConstraintsException'[0m
[92m[Verifier] âœ“ All reproduction indicators matched.[0m
[92m[Executor] Reproduction result: Success[0m
[92m[Executor] Direct reproduction successful on 2.3.0-rc1[0m
[96m[Adapter] Copied successful adaptation to /PoCAdaptation/exploit/valid/CVE-2025-52999/2.3.0-rc1[0m
[96m[Selector] Nearest need adapatation version selected: 2.2.4[0m
[96m[Selector] Closest reproduced version: 2.3.0-rc1 at index 21[0m
[96m[Adapter] Trying next closest version: 2.2.4[0m
[96m[Preparer] Using exploit from valid: /PoCAdaptation/exploit/valid/CVE-2025-52999/2.3.0-rc1/exploit[0m
[92m[Preparer] Copied exploit to: /PoCAdaptation/exploit/pending/CVE-2025-52999/2.2.4/exploit[0m
[96m[Preparer] Updating dependency version to 2.2.4 in /PoCAdaptation/exploit/pending/CVE-2025-52999/2.2.4/exploit/pom.xml[0m
[92m[Preparer] Updated dependency version to 2.2.4 in /PoCAdaptation/exploit/pending/CVE-2025-52999/2.2.4/exploit/pom.xml[0m
[96m[Executor] Attempting direct exploit execution on 2.2.4...[0m
[96m[Executor] Executing exploit for CVE-2025-52999 on version 2.2.4...[0m
[96m[Verifier] Verifying reproduction...[0m
[92m[Verifier] âœ“ Behavior matched: 'java.lang.AssertionError'[0m
[92m[Verifier] âœ“ Detail matched: 'StreamConstraintsException'[0m
[92m[Verifier] âœ“ All reproduction indicators matched.[0m
[92m[Executor] Reproduction result: Success[0m
[92m[Executor] Direct reproduction successful on 2.2.4[0m
[96m[Adapter] Copied successful adaptation to /PoCAdaptation/exploit/valid/CVE-2025-52999/2.2.4[0m
[96m[Selector] Nearest need adapatation version selected: 2.2.3[0m
[96m[Selector] Closest reproduced version: 2.2.4 at index 20[0m
[96m[Adapter] Trying next closest version: 2.2.3[0m
[96m[Preparer] Using exploit from valid: /PoCAdaptation/exploit/valid/CVE-2025-52999/2.2.4/exploit[0m
[92m[Preparer] Copied exploit to: /PoCAdaptation/exploit/pending/CVE-2025-52999/2.2.3/exploit[0m
[96m[Preparer] Updating dependency version to 2.2.3 in /PoCAdaptation/exploit/pending/CVE-2025-52999/2.2.3/exploit/pom.xml[0m
[92m[Preparer] Updated dependency version to 2.2.3 in /PoCAdaptation/exploit/pending/CVE-2025-52999/2.2.3/exploit/pom.xml[0m
[96m[Executor] Attempting direct exploit execution on 2.2.3...[0m
[96m[Executor] Executing exploit for CVE-2025-52999 on version 2.2.3...[0m
[96m[Verifier] Verifying reproduction...[0m
[92m[Verifier] âœ“ Behavior matched: 'java.lang.AssertionError'[0m
[92m[Verifier] âœ“ Detail matched: 'StreamConstraintsException'[0m
[92m[Verifier] âœ“ All reproduction indicators matched.[0m
[92m[Executor] Reproduction result: Success[0m
[92m[Executor] Direct reproduction successful on 2.2.3[0m
[96m[Adapter] Copied successful adaptation to /PoCAdaptation/exploit/valid/CVE-2025-52999/2.2.3[0m
[96m[Selector] Nearest need adapatation version selected: 2.2.2[0m
[96m[Selector] Closest reproduced version: 2.2.3 at index 19[0m
[96m[Adapter] Trying next closest version: 2.2.2[0m
[96m[Preparer] Using exploit from valid: /PoCAdaptation/exploit/valid/CVE-2025-52999/2.2.3/exploit[0m
[92m[Preparer] Copied exploit to: /PoCAdaptation/exploit/pending/CVE-2025-52999/2.2.2/exploit[0m
[96m[Preparer] Updating dependency version to 2.2.2 in /PoCAdaptation/exploit/pending/CVE-2025-52999/2.2.2/exploit/pom.xml[0m
[92m[Preparer] Updated dependency version to 2.2.2 in /PoCAdaptation/exploit/pending/CVE-2025-52999/2.2.2/exploit/pom.xml[0m
[96m[Executor] Attempting direct exploit execution on 2.2.2...[0m
[96m[Executor] Executing exploit for CVE-2025-52999 on version 2.2.2...[0m
[96m[Verifier] Verifying reproduction...[0m
[92m[Verifier] âœ“ Behavior matched: 'java.lang.AssertionError'[0m
[92m[Verifier] âœ“ Detail matched: 'StreamConstraintsException'[0m
[92m[Verifier] âœ“ All reproduction indicators matched.[0m
[92m[Executor] Reproduction result: Success[0m
[92m[Executor] Direct reproduction successful on 2.2.2[0m
[96m[Adapter] Copied successful adaptation to /PoCAdaptation/exploit/valid/CVE-2025-52999/2.2.2[0m
[96m[Selector] Nearest need adapatation version selected: 2.2.1[0m
[96m[Selector] Closest reproduced version: 2.2.2 at index 18[0m
[96m[Adapter] Trying next closest version: 2.2.1[0m
[96m[Preparer] Using exploit from valid: /PoCAdaptation/exploit/valid/CVE-2025-52999/2.2.2/exploit[0m
[92m[Preparer] Copied exploit to: /PoCAdaptation/exploit/pending/CVE-2025-52999/2.2.1/exploit[0m
[96m[Preparer] Updating dependency version to 2.2.1 in /PoCAdaptation/exploit/pending/CVE-2025-52999/2.2.1/exploit/pom.xml[0m
[92m[Preparer] Updated dependency version to 2.2.1 in /PoCAdaptation/exploit/pending/CVE-2025-52999/2.2.1/exploit/pom.xml[0m
[96m[Executor] Attempting direct exploit execution on 2.2.1...[0m
[96m[Executor] Executing exploit for CVE-2025-52999 on version 2.2.1...[0m
[96m[Verifier] Verifying reproduction...[0m
[92m[Verifier] âœ“ Behavior matched: 'java.lang.AssertionError'[0m
[92m[Verifier] âœ“ Detail matched: 'StreamConstraintsException'[0m
[92m[Verifier] âœ“ All reproduction indicators matched.[0m
[92m[Executor] Reproduction result: Success[0m
[92m[Executor] Direct reproduction successful on 2.2.1[0m
[96m[Adapter] Copied successful adaptation to /PoCAdaptation/exploit/valid/CVE-2025-52999/2.2.1[0m
[96m[Selector] Nearest need adapatation version selected: 2.2.0[0m
[96m[Selector] Closest reproduced version: 2.2.1 at index 17[0m
[96m[Adapter] Trying next closest version: 2.2.0[0m
[96m[Preparer] Using exploit from valid: /PoCAdaptation/exploit/valid/CVE-2025-52999/2.2.1/exploit[0m
[92m[Preparer] Copied exploit to: /PoCAdaptation/exploit/pending/CVE-2025-52999/2.2.0/exploit[0m
[96m[Preparer] Updating dependency version to 2.2.0 in /PoCAdaptation/exploit/pending/CVE-2025-52999/2.2.0/exploit/pom.xml[0m
[92m[Preparer] Updated dependency version to 2.2.0 in /PoCAdaptation/exploit/pending/CVE-2025-52999/2.2.0/exploit/pom.xml[0m
[96m[Executor] Attempting direct exploit execution on 2.2.0...[0m
[96m[Executor] Executing exploit for CVE-2025-52999 on version 2.2.0...[0m
[96m[Verifier] Verifying reproduction...[0m
[92m[Verifier] âœ“ Behavior matched: 'java.lang.AssertionError'[0m
[92m[Verifier] âœ“ Detail matched: 'StreamConstraintsException'[0m
[92m[Verifier] âœ“ All reproduction indicators matched.[0m
[92m[Executor] Reproduction result: Success[0m
[92m[Executor] Direct reproduction successful on 2.2.0[0m
[96m[Adapter] Copied successful adaptation to /PoCAdaptation/exploit/valid/CVE-2025-52999/2.2.0[0m
[96m[Selector] Nearest need adapatation version selected: 2.2.0-rc1[0m
[96m[Selector] Closest reproduced version: 2.2.0 at index 16[0m
[96m[Adapter] Trying next closest version: 2.2.0-rc1[0m
[96m[Preparer] Using exploit from valid: /PoCAdaptation/exploit/valid/CVE-2025-52999/2.2.0/exploit[0m
[92m[Preparer] Copied exploit to: /PoCAdaptation/exploit/pending/CVE-2025-52999/2.2.0-rc1/exploit[0m
[96m[Preparer] Updating dependency version to 2.2.0-rc1 in /PoCAdaptation/exploit/pending/CVE-2025-52999/2.2.0-rc1/exploit/pom.xml[0m
[92m[Preparer] Updated dependency version to 2.2.0-rc1 in /PoCAdaptation/exploit/pending/CVE-2025-52999/2.2.0-rc1/exploit/pom.xml[0m
[96m[Executor] Attempting direct exploit execution on 2.2.0-rc1...[0m
[96m[Executor] Executing exploit for CVE-2025-52999 on version 2.2.0-rc1...[0m
[96m[Verifier] Verifying reproduction...[0m
[92m[Verifier] âœ“ Behavior matched: 'java.lang.AssertionError'[0m
[92m[Verifier] âœ“ Detail matched: 'StreamConstraintsException'[0m
[92m[Verifier] âœ“ All reproduction indicators matched.[0m
[92m[Executor] Reproduction result: Success[0m
[92m[Executor] Direct reproduction successful on 2.2.0-rc1[0m
[96m[Adapter] Copied successful adaptation to /PoCAdaptation/exploit/valid/CVE-2025-52999/2.2.0-rc1[0m
[96m[Selector] Nearest need adapatation version selected: 2.1.5[0m
[96m[Selector] Closest reproduced version: 2.2.0-rc1 at index 15[0m
[96m[Adapter] Trying next closest version: 2.1.5[0m
[96m[Preparer] Using exploit from valid: /PoCAdaptation/exploit/valid/CVE-2025-52999/2.2.0-rc1/exploit[0m
[92m[Preparer] Copied exploit to: /PoCAdaptation/exploit/pending/CVE-2025-52999/2.1.5/exploit[0m
[96m[Preparer] Updating dependency version to 2.1.5 in /PoCAdaptation/exploit/pending/CVE-2025-52999/2.1.5/exploit/pom.xml[0m
[92m[Preparer] Updated dependency version to 2.1.5 in /PoCAdaptation/exploit/pending/CVE-2025-52999/2.1.5/exploit/pom.xml[0m
[96m[Executor] Attempting direct exploit execution on 2.1.5...[0m
[96m[Executor] Executing exploit for CVE-2025-52999 on version 2.1.5...[0m
[96m[Verifier] Verifying reproduction...[0m
[92m[Verifier] âœ“ Behavior matched: 'java.lang.AssertionError'[0m
[92m[Verifier] âœ“ Detail matched: 'StreamConstraintsException'[0m
[92m[Verifier] âœ“ All reproduction indicators matched.[0m
[92m[Executor] Reproduction result: Success[0m
[92m[Executor] Direct reproduction successful on 2.1.5[0m
[96m[Adapter] Copied successful adaptation to /PoCAdaptation/exploit/valid/CVE-2025-52999/2.1.5[0m
[96m[Selector] Nearest need adapatation version selected: 2.1.4[0m
[96m[Selector] Closest reproduced version: 2.1.5 at index 14[0m
[96m[Adapter] Trying next closest version: 2.1.4[0m
[96m[Preparer] Using exploit from valid: /PoCAdaptation/exploit/valid/CVE-2025-52999/2.1.5/exploit[0m
[92m[Preparer] Copied exploit to: /PoCAdaptation/exploit/pending/CVE-2025-52999/2.1.4/exploit[0m
[96m[Preparer] Updating dependency version to 2.1.4 in /PoCAdaptation/exploit/pending/CVE-2025-52999/2.1.4/exploit/pom.xml[0m
[92m[Preparer] Updated dependency version to 2.1.4 in /PoCAdaptation/exploit/pending/CVE-2025-52999/2.1.4/exploit/pom.xml[0m
[96m[Executor] Attempting direct exploit execution on 2.1.4...[0m
[96m[Executor] Executing exploit for CVE-2025-52999 on version 2.1.4...[0m
[96m[Verifier] Verifying reproduction...[0m
[92m[Verifier] âœ“ Behavior matched: 'java.lang.AssertionError'[0m
[92m[Verifier] âœ“ Detail matched: 'StreamConstraintsException'[0m
[92m[Verifier] âœ“ All reproduction indicators matched.[0m
[92m[Executor] Reproduction result: Success[0m
[92m[Executor] Direct reproduction successful on 2.1.4[0m
[96m[Adapter] Copied successful adaptation to /PoCAdaptation/exploit/valid/CVE-2025-52999/2.1.4[0m
[96m[Selector] Nearest need adapatation version selected: 2.1.3[0m
[96m[Selector] Closest reproduced version: 2.1.4 at index 13[0m
[96m[Adapter] Trying next closest version: 2.1.3[0m
[96m[Preparer] Using exploit from valid: /PoCAdaptation/exploit/valid/CVE-2025-52999/2.1.4/exploit[0m
[92m[Preparer] Copied exploit to: /PoCAdaptation/exploit/pending/CVE-2025-52999/2.1.3/exploit[0m
[96m[Preparer] Updating dependency version to 2.1.3 in /PoCAdaptation/exploit/pending/CVE-2025-52999/2.1.3/exploit/pom.xml[0m
[92m[Preparer] Updated dependency version to 2.1.3 in /PoCAdaptation/exploit/pending/CVE-2025-52999/2.1.3/exploit/pom.xml[0m
[96m[Executor] Attempting direct exploit execution on 2.1.3...[0m
[96m[Executor] Executing exploit for CVE-2025-52999 on version 2.1.3...[0m
[96m[Verifier] Verifying reproduction...[0m
[92m[Verifier] âœ“ Behavior matched: 'java.lang.AssertionError'[0m
[92m[Verifier] âœ“ Detail matched: 'StreamConstraintsException'[0m
[92m[Verifier] âœ“ All reproduction indicators matched.[0m
[92m[Executor] Reproduction result: Success[0m
[92m[Executor] Direct reproduction successful on 2.1.3[0m
[96m[Adapter] Copied successful adaptation to /PoCAdaptation/exploit/valid/CVE-2025-52999/2.1.3[0m
[96m[Selector] Nearest need adapatation version selected: 2.1.2[0m
[96m[Selector] Closest reproduced version: 2.1.3 at index 12[0m
[96m[Adapter] Trying next closest version: 2.1.2[0m
[96m[Preparer] Using exploit from valid: /PoCAdaptation/exploit/valid/CVE-2025-52999/2.1.3/exploit[0m
[92m[Preparer] Copied exploit to: /PoCAdaptation/exploit/pending/CVE-2025-52999/2.1.2/exploit[0m
[96m[Preparer] Updating dependency version to 2.1.2 in /PoCAdaptation/exploit/pending/CVE-2025-52999/2.1.2/exploit/pom.xml[0m
[92m[Preparer] Updated dependency version to 2.1.2 in /PoCAdaptation/exploit/pending/CVE-2025-52999/2.1.2/exploit/pom.xml[0m
[96m[Executor] Attempting direct exploit execution on 2.1.2...[0m
[96m[Executor] Executing exploit for CVE-2025-52999 on version 2.1.2...[0m
[96m[Verifier] Verifying reproduction...[0m
[92m[Verifier] âœ“ Behavior matched: 'java.lang.AssertionError'[0m
[92m[Verifier] âœ“ Detail matched: 'StreamConstraintsException'[0m
[92m[Verifier] âœ“ All reproduction indicators matched.[0m
[92m[Executor] Reproduction result: Success[0m
[92m[Executor] Direct reproduction successful on 2.1.2[0m
[96m[Adapter] Copied successful adaptation to /PoCAdaptation/exploit/valid/CVE-2025-52999/2.1.2[0m
[96m[Selector] Nearest need adapatation version selected: 2.1.1[0m
[96m[Selector] Closest reproduced version: 2.1.2 at index 11[0m
[96m[Adapter] Trying next closest version: 2.1.1[0m
[96m[Preparer] Using exploit from valid: /PoCAdaptation/exploit/valid/CVE-2025-52999/2.1.2/exploit[0m
[92m[Preparer] Copied exploit to: /PoCAdaptation/exploit/pending/CVE-2025-52999/2.1.1/exploit[0m
[96m[Preparer] Updating dependency version to 2.1.1 in /PoCAdaptation/exploit/pending/CVE-2025-52999/2.1.1/exploit/pom.xml[0m
[92m[Preparer] Updated dependency version to 2.1.1 in /PoCAdaptation/exploit/pending/CVE-2025-52999/2.1.1/exploit/pom.xml[0m
[96m[Executor] Attempting direct exploit execution on 2.1.1...[0m
[96m[Executor] Executing exploit for CVE-2025-52999 on version 2.1.1...[0m
[96m[Verifier] Verifying reproduction...[0m
[92m[Verifier] âœ“ Behavior matched: 'java.lang.AssertionError'[0m
[92m[Verifier] âœ“ Detail matched: 'StreamConstraintsException'[0m
[92m[Verifier] âœ“ All reproduction indicators matched.[0m
[92m[Executor] Reproduction result: Success[0m
[92m[Executor] Direct reproduction successful on 2.1.1[0m
[96m[Adapter] Copied successful adaptation to /PoCAdaptation/exploit/valid/CVE-2025-52999/2.1.1[0m
[96m[Selector] Nearest need adapatation version selected: 2.1.0[0m
[96m[Selector] Closest reproduced version: 2.1.1 at index 10[0m
[96m[Adapter] Trying next closest version: 2.1.0[0m
[96m[Preparer] Using exploit from valid: /PoCAdaptation/exploit/valid/CVE-2025-52999/2.1.1/exploit[0m
[92m[Preparer] Copied exploit to: /PoCAdaptation/exploit/pending/CVE-2025-52999/2.1.0/exploit[0m
[96m[Preparer] Updating dependency version to 2.1.0 in /PoCAdaptation/exploit/pending/CVE-2025-52999/2.1.0/exploit/pom.xml[0m
[92m[Preparer] Updated dependency version to 2.1.0 in /PoCAdaptation/exploit/pending/CVE-2025-52999/2.1.0/exploit/pom.xml[0m
[96m[Executor] Attempting direct exploit execution on 2.1.0...[0m
[96m[Executor] Executing exploit for CVE-2025-52999 on version 2.1.0...[0m
[96m[Verifier] Verifying reproduction...[0m
[92m[Verifier] âœ“ Behavior matched: 'java.lang.AssertionError'[0m
[92m[Verifier] âœ“ Detail matched: 'StreamConstraintsException'[0m
[92m[Verifier] âœ“ All reproduction indicators matched.[0m
[92m[Executor] Reproduction result: Success[0m
[92m[Executor] Direct reproduction successful on 2.1.0[0m
[96m[Adapter] Copied successful adaptation to /PoCAdaptation/exploit/valid/CVE-2025-52999/2.1.0[0m
[96m[Selector] Nearest need adapatation version selected: 2.0.6[0m
[96m[Selector] Closest reproduced version: 2.1.0 at index 9[0m
[96m[Adapter] Trying next closest version: 2.0.6[0m
[96m[Preparer] Using exploit from valid: /PoCAdaptation/exploit/valid/CVE-2025-52999/2.1.0/exploit[0m
[92m[Preparer] Copied exploit to: /PoCAdaptation/exploit/pending/CVE-2025-52999/2.0.6/exploit[0m
[96m[Preparer] Updating dependency version to 2.0.6 in /PoCAdaptation/exploit/pending/CVE-2025-52999/2.0.6/exploit/pom.xml[0m
[92m[Preparer] Updated dependency version to 2.0.6 in /PoCAdaptation/exploit/pending/CVE-2025-52999/2.0.6/exploit/pom.xml[0m
[96m[Executor] Attempting direct exploit execution on 2.0.6...[0m
[96m[Executor] Executing exploit for CVE-2025-52999 on version 2.0.6...[0m
[96m[Verifier] Verifying reproduction...[0m
[91m[Verifier] âœ— Behavior not found: 'java.lang.AssertionError'[0m
[91m[Executor] Reproduction result: Failure[0m
[96m[Adapter] Attempting adaptation from base version 2.1.0 to 2.0.6...[0m
[96m[Adapter] Start adapting exploit from 2.1.0 to 2.0.6"[0m
[96m[Executor] Executing exploit for CVE-2025-52999 on version 2.0.6...[0m
[96m[Verifier] Verifying reproduction...[0m
[91m[Verifier] âœ— Behavior not found: 'java.lang.AssertionError'[0m
[91m[Executor] Reproduction result: Failure[0m
[ErrorManager] Extracting errors from log with 11 lines.
[96m[ErrorManager] Ignoring line: [ERROR] Failed to execute goal org.apache.maven.plugins:maven-compiler-plugin:3.8.0:testCompile (default-testCompile) on project demo: Compilation failure[0m
[92m[ErrorManager] Processing line: [ERROR] /PoCAdaptation/exploit/result/CVE-2025-52999/2.0.6/exploit/src/test/java/edu/vision/se/Testcase1.java:[56,37] cannot find symbol[0m
[92m[ErrorManager] Processing line: [ERROR]   symbol:   method createParser(java.io.ByteArrayInputStream)[0m
[92m[ErrorManager] Processing line: [ERROR]   location: variable factory of type com.fasterxml.jackson.core.JsonFactory[0m
[96m[ErrorManager] Ignoring line: [ERROR] -> [Help 1][0m
[96m[ErrorManager] Ignoring line: [ERROR][0m
[96m[ErrorManager] Ignoring line: [ERROR] To see the full stack trace of the errors, re-run Maven with the -e switch.[0m
[96m[ErrorManager] Ignoring line: [ERROR] Re-run Maven using the -X switch to enable full debug logging.[0m
[96m[ErrorManager] Ignoring line: [ERROR][0m
[96m[ErrorManager] Ignoring line: [ERROR] For more information about the errors and possible solutions, please read the following articles:[0m
[96m[ErrorManager] Ignoring line: [ERROR] [Help 1] http://cwiki.apache.org/confluence/display/MAVEN/MojoFailureException[0m
[96m[Adapter] Locating fix position in error log.[0m
[LLMClient] Tokens used: 1823 (prompt), 1 (completion), 1824 (total)
[LLMClient] Prompt: 
You are given a Java error log when executing 'mvn test' in a project with dependency version 2.0.6:com.fasterxml.jackson.core:jackson-databind.
This test file compiles and runs successfully with version 2.1.0.

Your task is to:
1. Analyze why this issue occurs with the *2.1.0* but not with the *2.0.6 version*.
2. Consider how to resolve the issue **without updating this library**.
3. Determine and output the location in the project that should be modified to fix the problem.

Please return 'pom' if the fix is in the pom.xml file, or 'test' if the fix is in the test code.
Do not return any other text, just 'pom' or 'test'.

The error log is:
[INFO] Scanning for projects...
[INFO] 
[INFO] --------------------------< com.example:demo >--------------------------
[INFO] Building demo 1.0-SNAPSHOT
[INFO]   from pom.xml
[INFO] --------------------------------[ jar ]---------------------------------
[INFO] 
[INFO] --- maven-clean-plugin:3.1.0:clean (default-clean) @ demo ---
[INFO] Deleting /PoCAdaptation/exploit/result/CVE-2025-52999/2.0.6/exploit/target
[INFO] 
[INFO] --- maven-resources-plugin:3.0.2:resources (default-resources) @ demo ---
[INFO] Using 'UTF-8' encoding to copy filtered resources.
[INFO] skip non existing resourceDirectory /PoCAdaptation/exploit/result/CVE-2025-52999/2.0.6/exploit/src/main/resources
[INFO] 
[INFO] --- maven-compiler-plugin:3.8.0:compile (default-compile) @ demo ---
[INFO] No sources to compile
[INFO] 
[INFO] --- maven-resources-plugin:3.0.2:testResources (default-testResources) @ demo ---
[INFO] Using 'UTF-8' encoding to copy filtered resources.
[INFO] skip non existing resourceDirectory /PoCAdaptation/exploit/result/CVE-2025-52999/2.0.6/exploit/src/test/resources
[INFO] 
[INFO] --- maven-compiler-plugin:3.8.0:testCompile (default-testCompile) @ demo ---
[INFO] Changes detected - recompiling the module!
[INFO] Compiling 1 source file to /PoCAdaptation/exploit/result/CVE-2025-52999/2.0.6/exploit/target/test-classes
[INFO] -------------------------------------------------------------
[ERROR] COMPILATION ERROR : 
[INFO] -------------------------------------------------------------
[ERROR] /PoCAdaptation/exploit/result/CVE-2025-52999/2.0.6/exploit/src/test/java/edu/vision/se/Testcase1.java:[56,37] cannot find symbol
  symbol:   method createParser(java.io.ByteArrayInputStream)
  location: variable factory of type com.fasterxml.jackson.core.JsonFactory
[INFO] 1 error
[INFO] -------------------------------------------------------------
[INFO] ------------------------------------------------------------------------
[INFO] BUILD FAILURE
[INFO] ------------------------------------------------------------------------
[INFO] Total time:  0.900 s
[INFO] Finished at: 2025-09-25T07:21:56Z
[INFO] ------------------------------------------------------------------------
[ERROR] Failed to execute goal org.apache.maven.plugins:maven-compiler-plugin:3.8.0:testCompile (default-testCompile) on project demo: Compilation failure
[ERROR] /PoCAdaptation/exploit/result/CVE-2025-52999/2.0.6/exploit/src/test/java/edu/vision/se/Testcase1.java:[56,37] cannot find symbol
[ERROR]   symbol:   method createParser(java.io.ByteArrayInputStream)
[ERROR]   location: variable factory of type com.fasterxml.jackson.core.JsonFactory
[ERROR] -> [Help 1]
[ERROR] 
[ERROR] To see the full stack trace of the errors, re-run Maven with the -e switch.
[ERROR] Re-run Maven using the -X switch to enable full debug logging.
[ERROR] 
[ERROR] For more information about the errors and possible solutions, please read the following articles:
[ERROR] [Help 1] http://cwiki.apache.org/confluence/display/MAVEN/MojoFailureException


current_pom file is:<?xml version="1.0" encoding="UTF-8"?>

<project xmlns="http://maven.apache.org/POM/4.0.0" xmlns:xsi="http://www.w3.org/2001/XMLSchema-instance"
  xsi:schemaLocation="http://maven.apache.org/POM/4.0.0 http://maven.apache.org/xsd/maven-4.0.0.xsd">
  <modelVersion>4.0.0</modelVersion>

  <groupId>com.example</groupId>
  <artifactId>demo</artifactId>
  <version>1.0-SNAPSHOT</version>

  <name>demo</name>
  <!-- FIXME change it to the project's website -->
  <url>http://www.example.com</url>

  <properties>
    <project.build.sourceEncoding>UTF-8</project.build.sourceEncoding>
    <maven.compiler.source>1.8</maven.compiler.source>
    <maven.compiler.target>1.8</maven.compiler.target>
  </properties>

  <dependencies>
    <dependency>
      <groupId>junit</groupId>
      <artifactId>junit</artifactId>
      <version>4.10</version>
      <scope>test</scope>
    </dependency>
  <!-- https://mvnrepository.com/artifact/com.esotericsoftware.yamlbeans/yamlbeans -->
   <!-- https://mvnrepository.com/artifact/com.fasterxml.jackson.core/jackson-databind -->
      <dependency>
        <groupId>com.fasterxml.jackson.core</groupId>
        <artifactId>jackson-databind</artifactId>
        <version>2.0.6</version>
    </dependency>

  </dependencies>

  <build>
    <pluginManagement><!-- lock down plugins versions to avoid using Maven defaults (may be moved to parent pom) -->
      <plugins>
        <!-- clean lifecycle, see https://maven.apache.org/ref/current/maven-core/lifecycles.html#clean_Lifecycle -->
        <plugin>
          <artifactId>maven-clean-plugin</artifactId>
          <version>3.1.0</version>
        </plugin>
        <!-- default lifecycle, jar packaging: see https://maven.apache.org/ref/current/maven-core/default-bindings.html#Plugin_bindings_for_jar_packaging -->
        <plugin>
          <artifactId>maven-resources-plugin</artifactId>
          <version>3.0.2</version>
        </plugin>
        <plugin>
          <artifactId>maven-compiler-plugin</artifactId>
          <version>3.8.0</version>
        </plugin>
        <plugin>
          <artifactId>maven-surefire-plugin</artifactId>
          <version>2.22.1</version>
        </plugin>
        <plugin>
          <artifactId>maven-jar-plugin</artifactId>
          <version>3.0.2</version>
        </plugin>
        <plugin>
          <artifactId>maven-install-plugin</artifactId>
          <version>2.5.2</version>
        </plugin>
        <plugin>
          <artifactId>maven-deploy-plugin</artifactId>
          <version>2.8.2</version>
        </plugin>
        <!-- site lifecycle, see https://maven.apache.org/ref/current/maven-core/lifecycles.html#site_Lifecycle -->
        <plugin>
          <artifactId>maven-site-plugin</artifactId>
          <version>3.7.1</version>
        </plugin>
        <plugin>
          <artifactId>maven-project-info-reports-plugin</artifactId>
          <version>3.0.0</version>
        </plugin>
      </plugins>
    </pluginManagement>
  </build>
</project>

[LLMClient] Response: 
test
[96m[Adapter] LLM response for fix position: test[0m
[Adapter] Grouped Errors: {'cannot find symbol | method createParser(java.io.ByteArrayInputStream)': [{'file': '/PoCAdaptation/exploit/result/CVE-2025-52999/2.0.6/exploit/src/test/java/edu/vision/se/Testcase1.java', 'line': 56, 'column': 37, 'message': 'cannot find symbol', 'symbol': 'method createParser(java.io.ByteArrayInputStream)', 'location': 'variable factory of type com.fasterxml.jackson.core.JsonFactory', 'code_line': '        try (JsonParser jp = factory.createParser(new ByteArrayInputStream(DOC.getBytes("UTF-8")))) {'}]}
[LLMClient] Tokens used: 163 (prompt), 5 (completion), 168 (total)
[LLMClient] Prompt: 
You are given an error log when executing 'mvn test' in version 2.0.6: 

Error: cannot find symbol, method createParser(java.io.ByteArrayInputStream), variable factory of type com.fasterxml.jackson.core.JsonFactory 

The test executes as expected in 2.1.0 

Error code:         try (JsonParser jp = factory.createParser(new ByteArrayInputStream(DOC.getBytes("UTF-8")))) { 

Extract two key *entities* from the error for searching related diffs 

The extracted entities should reflect code-level identifiers that are likely to appear in source code or diffs. 

Output each node as a `;`-separated list, with no explanations. 


[LLMClient] Response: 
createParser;JsonFactory
[96m[ErrorManager] Extracted key entities: ['createParser', 'JsonFactory'][0m
[96m[Adapter] Try to solve error: {'file': '/PoCAdaptation/exploit/result/CVE-2025-52999/2.0.6/exploit/src/test/java/edu/vision/se/Testcase1.java', 'line': 56, 'column': 37, 'message': 'cannot find symbol', 'symbol': 'method createParser(java.io.ByteArrayInputStream)', 'location': 'variable factory of type com.fasterxml.jackson.core.JsonFactory', 'code_line': '        try (JsonParser jp = factory.createParser(new ByteArrayInputStream(DOC.getBytes("UTF-8")))) {'} with cause: ['createParser', 'JsonFactory'][0m
[96m[Adapter] Related diffs for error: [(960, 6.0), (98, 5.0), (956, 5.0), (961, 3.0), (833, 2.0)][0m
[96m[Adapter] Fix position is in test code.[0m
[96m[RepairModule] Start repair for group: cannot find symbol | method createParser(java.io.ByteArrayInputStream) cause: ['createParser', 'JsonFactory'][0m
[96m[RepairModule] Trying best diff #960 with score 6.00[0m
[LLMClient] Tokens used: 868 (prompt), 452 (completion), 1320 (total)
[LLMClient] Prompt: 
You are given a Java test file with compilation errors in version 2.0.6:com.fasterxml.jackson.core:jackson-databind.
This test file compiles and runs successfully in 2.1.0.

The diff is related to the diff.
Your task has three steps:
 1. Locate the code where the compilation error occurs.
 2. Analyze the diff from 2.1.0 to 2.0.6.
 3. Fix the error in the error position only when diff is helpful. Add import statement when needed according to the diff. 

Only output the modified version of the test file according to the diff. No explanations. If mocking, access fields via reflection if they exist.
### Compilation Errors:
message: cannot find symbol, symble: method createParser(java.io.ByteArrayInputStream), location: variable factory of type com.fasterxml.jackson.core.JsonFactory

### Error Position:
        try (JsonParser jp = factory.createParser(new ByteArrayInputStream(DOC.getBytes("UTF-8")))) {

### Related Diff:
Operation: MODIFIED, File: src/test/java/com/fasterxml/jackson/databind/ser/TestCollectionSerialization.java, Hunk: @@ -143,11 +144,10 @@ public void testCollections()
                 }
                 value = c;
             }
+            StringWriter sw = new StringWriter();
+            mapper.writeValue(sw, value);
-            String json = MAPPER.writeValueAsString(value);

             // and then need to verify:
+            JsonParser jp = new JsonFactory().createJsonParser(sw.toString());
-            JsonParser jp = new JsonFactory().createJsonParser(json);
             assertToken(JsonToken.START_ARRAY, jp.nextToken());
             for (int i = 0; i < entryLen; ++i) {
                 assertToken(JsonToken.VALUE_NUMBER_INT, jp.nextToken());

### Test File Content:
package com.example;

import static org.junit.Assert.assertEquals;
import static org.junit.Assert.assertTrue;
import static org.junit.Assert.fail;

import java.io.ByteArrayInputStream;
import java.io.File;
import java.io.IOException;
import java.nio.file.Files;
import java.nio.file.Path;
import java.nio.file.attribute.BasicFileAttributes;
import java.nio.file.attribute.PosixFileAttributes;
import java.nio.file.attribute.PosixFilePermission;
import java.nio.file.attribute.PosixFilePermissions;
import java.util.Set;

import org.junit.Rule;
import org.junit.Test;
import org.junit.rules.TemporaryFolder;

import com.fasterxml.jackson.core.JsonFactory;
import com.fasterxml.jackson.core.JsonParser;
import com.fasterxml.jackson.core.JsonToken;
import com.fasterxml.jackson.databind.DeserializationFeature;
import com.fasterxml.jackson.databind.ObjectMapper;


public class Testcase1 
{

    private final static int TOO_DEEP_NESTING = 9999;

    private final static ObjectMapper MAPPER = new ObjectMapper();

    private String createDeepNestedDoc(final int depth) {
        StringBuilder sb = new StringBuilder();
        sb.append("[");
        for (int i = 0; i < depth; i++) {
            sb.append("{ \"a\": [");
        }
        sb.append(" \"val\" ");
        for (int i = 0; i < depth; i++) {
            sb.append("]}");
        }
        sb.append("]");
        return sb.toString();
    }


    @Test
    public void testFromXML() throws IOException {
        
        final String DOC = createDeepNestedDoc(1050);
        JsonFactory factory = new JsonFactory();
        try (JsonParser jp = factory.createParser(new ByteArrayInputStream(DOC.getBytes("UTF-8")))) {
            JsonToken jt;
            while ((jt = jp.nextToken()) != null) {
                // consume tokens
            }
            fail("expected StreamConstraintsException");
        } catch (Exception e) {
            assertEquals("Depth (1001) exceeds the maximum allowed nesting depth (1000)", e.getMessage());
        }

    }
}



[LLMClient] Response: 
```java
package com.example;

import static org.junit.Assert.assertEquals;
import static org.junit.Assert.assertTrue;
import static org.junit.Assert.fail;

import java.io.ByteArrayInputStream;
import java.io.File;
import java.io.IOException;
import java.nio.file.Files;
import java.nio.file.Path;
import java.nio.file.attribute.BasicFileAttributes;
import java.nio.file.attribute.PosixFileAttributes;
import java.nio.file.attribute.PosixFilePermission;
import java.nio.file.attribute.PosixFilePermissions;
import java.util.Set;

import org.junit.Rule;
import org.junit.Test;
import org.junit.rules.TemporaryFolder;

import com.fasterxml.jackson.core.JsonFactory;
import com.fasterxml.jackson.core.JsonParser;
import com.fasterxml.jackson.core.JsonToken;
import com.fasterxml.jackson.databind.DeserializationFeature;
import com.fasterxml.jackson.databind.ObjectMapper;


public class Testcase1 
{

    private final static int TOO_DEEP_NESTING = 9999;

    private final static ObjectMapper MAPPER = new ObjectMapper();

    private String createDeepNestedDoc(final int depth) {
        StringBuilder sb = new StringBuilder();
        sb.append("[");
        for (int i = 0; i < depth; i++) {
            sb.append("{ \"a\": [");
        }
        sb.append(" \"val\" ");
        for (int i = 0; i < depth; i++) {
            sb.append("]}");
        }
        sb.append("]");
        return sb.toString();
    }


    @Test
    public void testFromXML() throws IOException {
        
        final String DOC = createDeepNestedDoc(1050);
        JsonFactory factory = new JsonFactory();
        try (JsonParser jp = factory.createJsonParser(new ByteArrayInputStream(DOC.getBytes("UTF-8")))) {
            JsonToken jt;
            while ((jt = jp.nextToken()) != null) {
                // consume tokens
            }
            fail("expected StreamConstraintsException");
        } catch (Exception e) {
            assertEquals("Depth (1001) exceeds the maximum allowed nesting depth (1000)", e.getMessage());
        }

    }
}
```
[96m[RepairModule] Wrote modified code to /PoCAdaptation/exploit/result/CVE-2025-52999/2.0.6/exploit/src/test/java/edu/vision/se/Testcase1.java[0m
[96m[Executor] Executing exploit for CVE-2025-52999 on version 2.0.6...[0m
[96m[Verifier] Verifying reproduction...[0m
[92m[Verifier] âœ“ Behavior matched: 'java.lang.AssertionError'[0m
[92m[Verifier] âœ“ Detail matched: 'StreamConstraintsException'[0m
[92m[Verifier] âœ“ All reproduction indicators matched.[0m
[92m[Executor] Reproduction result: Success[0m
[92m[RepairModule] Repair success![0m
[92m[RepairModule] Repair success with best diff![0m
[96m[Adapter] Test code repair attempted.[0m
[96m[Executor] Executing exploit for CVE-2025-52999 on version 2.0.6...[0m
[96m[Verifier] Verifying reproduction...[0m
[92m[Verifier] âœ“ Behavior matched: 'java.lang.AssertionError'[0m
[92m[Verifier] âœ“ Detail matched: 'StreamConstraintsException'[0m
[92m[Verifier] âœ“ All reproduction indicators matched.[0m
[92m[Executor] Reproduction result: Success[0m
[92m[Adapter] Adaptation from 2.1.0 to 2.0.6 successful.[0m
[Adapt] âœ“ Completed: True
[96m[Adapter] Adaptation complete. Retesting exploit on 2.0.6...[0m
[92m[Executor] Adaptation + reproduction successful on 2.0.6[0m
[96m[Adapter] Copied successful adaptation to /PoCAdaptation/exploit/valid/CVE-2025-52999/2.0.6[0m
[96m[Selector] Nearest need adapatation version selected: 2.0.5[0m
[96m[Selector] Closest reproduced version: 2.0.6 at index 8[0m
[96m[Adapter] Trying next closest version: 2.0.5[0m
[96m[Preparer] Using exploit from valid: /PoCAdaptation/exploit/valid/CVE-2025-52999/2.0.6/exploit[0m
[92m[Preparer] Copied exploit to: /PoCAdaptation/exploit/pending/CVE-2025-52999/2.0.5/exploit[0m
[96m[Preparer] Updating dependency version to 2.0.5 in /PoCAdaptation/exploit/pending/CVE-2025-52999/2.0.5/exploit/pom.xml[0m
[92m[Preparer] Updated dependency version to 2.0.5 in /PoCAdaptation/exploit/pending/CVE-2025-52999/2.0.5/exploit/pom.xml[0m
[96m[Executor] Attempting direct exploit execution on 2.0.5...[0m
[96m[Executor] Executing exploit for CVE-2025-52999 on version 2.0.5...[0m
[96m[Verifier] Verifying reproduction...[0m
[92m[Verifier] âœ“ Behavior matched: 'java.lang.AssertionError'[0m
[92m[Verifier] âœ“ Detail matched: 'StreamConstraintsException'[0m
[92m[Verifier] âœ“ All reproduction indicators matched.[0m
[92m[Executor] Reproduction result: Success[0m
[92m[Executor] Direct reproduction successful on 2.0.5[0m
[96m[Adapter] Copied successful adaptation to /PoCAdaptation/exploit/valid/CVE-2025-52999/2.0.5[0m
[96m[Selector] Nearest need adapatation version selected: 2.0.4[0m
[96m[Selector] Closest reproduced version: 2.0.5 at index 7[0m
[96m[Adapter] Trying next closest version: 2.0.4[0m
[96m[Preparer] Using exploit from valid: /PoCAdaptation/exploit/valid/CVE-2025-52999/2.0.5/exploit[0m
[92m[Preparer] Copied exploit to: /PoCAdaptation/exploit/pending/CVE-2025-52999/2.0.4/exploit[0m
[96m[Preparer] Updating dependency version to 2.0.4 in /PoCAdaptation/exploit/pending/CVE-2025-52999/2.0.4/exploit/pom.xml[0m
[92m[Preparer] Updated dependency version to 2.0.4 in /PoCAdaptation/exploit/pending/CVE-2025-52999/2.0.4/exploit/pom.xml[0m
[96m[Executor] Attempting direct exploit execution on 2.0.4...[0m
[96m[Executor] Executing exploit for CVE-2025-52999 on version 2.0.4...[0m
[96m[Verifier] Verifying reproduction...[0m
[92m[Verifier] âœ“ Behavior matched: 'java.lang.AssertionError'[0m
[92m[Verifier] âœ“ Detail matched: 'StreamConstraintsException'[0m
[92m[Verifier] âœ“ All reproduction indicators matched.[0m
[92m[Executor] Reproduction result: Success[0m
[92m[Executor] Direct reproduction successful on 2.0.4[0m
[96m[Adapter] Copied successful adaptation to /PoCAdaptation/exploit/valid/CVE-2025-52999/2.0.4[0m
[96m[Selector] Nearest need adapatation version selected: 2.0.2[0m
[96m[Selector] Closest reproduced version: 2.0.4 at index 6[0m
[96m[Adapter] Trying next closest version: 2.0.2[0m
[96m[Preparer] Using exploit from valid: /PoCAdaptation/exploit/valid/CVE-2025-52999/2.0.4/exploit[0m
[92m[Preparer] Copied exploit to: /PoCAdaptation/exploit/pending/CVE-2025-52999/2.0.2/exploit[0m
[96m[Preparer] Updating dependency version to 2.0.2 in /PoCAdaptation/exploit/pending/CVE-2025-52999/2.0.2/exploit/pom.xml[0m
[92m[Preparer] Updated dependency version to 2.0.2 in /PoCAdaptation/exploit/pending/CVE-2025-52999/2.0.2/exploit/pom.xml[0m
[96m[Executor] Attempting direct exploit execution on 2.0.2...[0m
[96m[Executor] Executing exploit for CVE-2025-52999 on version 2.0.2...[0m
[96m[Verifier] Verifying reproduction...[0m
[92m[Verifier] âœ“ Behavior matched: 'java.lang.AssertionError'[0m
[92m[Verifier] âœ“ Detail matched: 'StreamConstraintsException'[0m
[92m[Verifier] âœ“ All reproduction indicators matched.[0m
[92m[Executor] Reproduction result: Success[0m
[92m[Executor] Direct reproduction successful on 2.0.2[0m
[96m[Adapter] Copied successful adaptation to /PoCAdaptation/exploit/valid/CVE-2025-52999/2.0.2[0m
[96m[Selector] Nearest need adapatation version selected: 2.0.1[0m
[96m[Selector] Closest reproduced version: 2.0.2 at index 5[0m
[96m[Adapter] Trying next closest version: 2.0.1[0m
[96m[Preparer] Using exploit from valid: /PoCAdaptation/exploit/valid/CVE-2025-52999/2.0.2/exploit[0m
[92m[Preparer] Copied exploit to: /PoCAdaptation/exploit/pending/CVE-2025-52999/2.0.1/exploit[0m
[96m[Preparer] Updating dependency version to 2.0.1 in /PoCAdaptation/exploit/pending/CVE-2025-52999/2.0.1/exploit/pom.xml[0m
[92m[Preparer] Updated dependency version to 2.0.1 in /PoCAdaptation/exploit/pending/CVE-2025-52999/2.0.1/exploit/pom.xml[0m
[96m[Executor] Attempting direct exploit execution on 2.0.1...[0m
[96m[Executor] Executing exploit for CVE-2025-52999 on version 2.0.1...[0m
[96m[Verifier] Verifying reproduction...[0m
[92m[Verifier] âœ“ Behavior matched: 'java.lang.AssertionError'[0m
[92m[Verifier] âœ“ Detail matched: 'StreamConstraintsException'[0m
[92m[Verifier] âœ“ All reproduction indicators matched.[0m
[92m[Executor] Reproduction result: Success[0m
[92m[Executor] Direct reproduction successful on 2.0.1[0m
[96m[Adapter] Copied successful adaptation to /PoCAdaptation/exploit/valid/CVE-2025-52999/2.0.1[0m
[96m[Selector] Nearest need adapatation version selected: 2.0.0[0m
[96m[Selector] Closest reproduced version: 2.0.1 at index 4[0m
[96m[Adapter] Trying next closest version: 2.0.0[0m
[96m[Preparer] Using exploit from valid: /PoCAdaptation/exploit/valid/CVE-2025-52999/2.0.1/exploit[0m
[92m[Preparer] Copied exploit to: /PoCAdaptation/exploit/pending/CVE-2025-52999/2.0.0/exploit[0m
[96m[Preparer] Updating dependency version to 2.0.0 in /PoCAdaptation/exploit/pending/CVE-2025-52999/2.0.0/exploit/pom.xml[0m
[92m[Preparer] Updated dependency version to 2.0.0 in /PoCAdaptation/exploit/pending/CVE-2025-52999/2.0.0/exploit/pom.xml[0m
[96m[Executor] Attempting direct exploit execution on 2.0.0...[0m
[96m[Executor] Executing exploit for CVE-2025-52999 on version 2.0.0...[0m
[96m[Verifier] Verifying reproduction...[0m
[92m[Verifier] âœ“ Behavior matched: 'java.lang.AssertionError'[0m
[92m[Verifier] âœ“ Detail matched: 'StreamConstraintsException'[0m
[92m[Verifier] âœ“ All reproduction indicators matched.[0m
[92m[Executor] Reproduction result: Success[0m
[92m[Executor] Direct reproduction successful on 2.0.0[0m
[96m[Adapter] Copied successful adaptation to /PoCAdaptation/exploit/valid/CVE-2025-52999/2.0.0[0m
[96m[Selector] Nearest need adapatation version selected: 2.0.0-RC3[0m
[96m[Selector] Closest reproduced version: 2.0.0 at index 3[0m
[96m[Adapter] Trying next closest version: 2.0.0-RC3[0m
[96m[Preparer] Using exploit from valid: /PoCAdaptation/exploit/valid/CVE-2025-52999/2.0.0/exploit[0m
[92m[Preparer] Copied exploit to: /PoCAdaptation/exploit/pending/CVE-2025-52999/2.0.0-RC3/exploit[0m
[96m[Preparer] Updating dependency version to 2.0.0-RC3 in /PoCAdaptation/exploit/pending/CVE-2025-52999/2.0.0-RC3/exploit/pom.xml[0m
[92m[Preparer] Updated dependency version to 2.0.0-RC3 in /PoCAdaptation/exploit/pending/CVE-2025-52999/2.0.0-RC3/exploit/pom.xml[0m
[96m[Executor] Attempting direct exploit execution on 2.0.0-RC3...[0m
[96m[Executor] Executing exploit for CVE-2025-52999 on version 2.0.0-RC3...[0m
[96m[Verifier] Verifying reproduction...[0m
[92m[Verifier] âœ“ Behavior matched: 'java.lang.AssertionError'[0m
[92m[Verifier] âœ“ Detail matched: 'StreamConstraintsException'[0m
[92m[Verifier] âœ“ All reproduction indicators matched.[0m
[92m[Executor] Reproduction result: Success[0m
[92m[Executor] Direct reproduction successful on 2.0.0-RC3[0m
[96m[Adapter] Copied successful adaptation to /PoCAdaptation/exploit/valid/CVE-2025-52999/2.0.0-RC3[0m
[96m[Selector] Nearest need adapatation version selected: 2.0.0-RC2[0m
[96m[Selector] Closest reproduced version: 2.0.0-RC3 at index 2[0m
[96m[Adapter] Trying next closest version: 2.0.0-RC2[0m
[96m[Preparer] Using exploit from valid: /PoCAdaptation/exploit/valid/CVE-2025-52999/2.0.0-RC3/exploit[0m
[92m[Preparer] Copied exploit to: /PoCAdaptation/exploit/pending/CVE-2025-52999/2.0.0-RC2/exploit[0m
[96m[Preparer] Updating dependency version to 2.0.0-RC2 in /PoCAdaptation/exploit/pending/CVE-2025-52999/2.0.0-RC2/exploit/pom.xml[0m
[92m[Preparer] Updated dependency version to 2.0.0-RC2 in /PoCAdaptation/exploit/pending/CVE-2025-52999/2.0.0-RC2/exploit/pom.xml[0m
[96m[Executor] Attempting direct exploit execution on 2.0.0-RC2...[0m
[96m[Executor] Executing exploit for CVE-2025-52999 on version 2.0.0-RC2...[0m
[96m[Verifier] Verifying reproduction...[0m
[92m[Verifier] âœ“ Behavior matched: 'java.lang.AssertionError'[0m
[92m[Verifier] âœ“ Detail matched: 'StreamConstraintsException'[0m
[92m[Verifier] âœ“ All reproduction indicators matched.[0m
[92m[Executor] Reproduction result: Success[0m
[92m[Executor] Direct reproduction successful on 2.0.0-RC2[0m
[96m[Adapter] Copied successful adaptation to /PoCAdaptation/exploit/valid/CVE-2025-52999/2.0.0-RC2[0m
[96m[Selector] Nearest need adapatation version selected: 2.0.0-RC1[0m
[96m[Selector] Closest reproduced version: 2.0.0-RC2 at index 1[0m
[96m[Adapter] Trying next closest version: 2.0.0-RC1[0m
[96m[Preparer] Using exploit from valid: /PoCAdaptation/exploit/valid/CVE-2025-52999/2.0.0-RC2/exploit[0m
[92m[Preparer] Copied exploit to: /PoCAdaptation/exploit/pending/CVE-2025-52999/2.0.0-RC1/exploit[0m
[96m[Preparer] Updating dependency version to 2.0.0-RC1 in /PoCAdaptation/exploit/pending/CVE-2025-52999/2.0.0-RC1/exploit/pom.xml[0m
[92m[Preparer] Updated dependency version to 2.0.0-RC1 in /PoCAdaptation/exploit/pending/CVE-2025-52999/2.0.0-RC1/exploit/pom.xml[0m
[96m[Executor] Attempting direct exploit execution on 2.0.0-RC1...[0m
[96m[Executor] Executing exploit for CVE-2025-52999 on version 2.0.0-RC1...[0m
[96m[Verifier] Verifying reproduction...[0m
[92m[Verifier] âœ“ Behavior matched: 'java.lang.AssertionError'[0m
[92m[Verifier] âœ“ Detail matched: 'StreamConstraintsException'[0m
[92m[Verifier] âœ“ All reproduction indicators matched.[0m
[92m[Executor] Reproduction result: Success[0m
[92m[Executor] Direct reproduction successful on 2.0.0-RC1[0m
[96m[Adapter] Copied successful adaptation to /PoCAdaptation/exploit/valid/CVE-2025-52999/2.0.0-RC1[0m
[93m[Selector] No pending versions available.[0m
[91m[Main] No suitable version found for further adaptation. Stopping.[0m
[1m[Main] === Adaptation process complete ===[0m
[92m[Main] Total reproduced versions: 183[0m
