Running main_process.py for CVE: CVE-2025-59340
Versions: 2.0.8, 1.0.9

[1m[Main] === Starting adaptation process for CVE-2025-59340 ===[0m
[96m[Processor] Fetching all available Maven versions...[0m
[96m[Analyzer] Loading cached versions from: /PoCAdaptation/library/com_hubspot_jinjava_jinjava.txt[0m
[96m[Analyzer] com.hubspot.jinjava:jinjava has 94 versions (cached).[0m
[96m[Processor] Identifying versions with successful reproduction...[0m
[96m[Processor] Pending versions: ['1.0.0', '1.0.1', '1.0.2', '1.0.3', '1.0.4', '1.0.5', '1.0.6', '1.0.7', '1.0.8', '1.0.9', '2.0.0', '2.0.1', '2.0.2', '2.0.3', '2.0.4', '2.0.5', '2.0.6', '2.0.7', '2.0.8'][0m
[96m[Preparer] Pending directory already exists: /PoCAdaptation/exploit/pending/CVE-2025-59340[0m
[92m[Main] Total affected versions: 92[0m
[92m[Main] Already reproduced versions: 73[0m
[93m[Main] Versions pending adaptation: 19[0m
[96m[Main]     -> ['1.0.0', '1.0.1', '1.0.2', '1.0.3', '1.0.4', '1.0.5', '1.0.6', '1.0.7', '1.0.8', '1.0.9', '2.0.0', '2.0.1', '2.0.2', '2.0.3', '2.0.4', '2.0.5', '2.0.6', '2.0.7', '2.0.8'][0m
[96m[Main]     -> ['2.0.9', '2.0.10', '2.1.0', '2.1.1', '2.1.2', '2.1.3', '2.1.4', '2.1.5', '2.1.6', '2.1.7', '2.1.8', '2.1.9', '2.1.10', '2.1.11', '2.1.12', '2.1.13', '2.1.14', '2.1.15', '2.1.16', '2.1.17', '2.1.18', '2.1.19', '2.2.0', '2.2.1', '2.2.2', '2.2.3', '2.2.4', '2.2.5', '2.2.6', '2.2.7', '2.2.8', '2.2.9', '2.2.10', '2.3.0', '2.3.1', '2.3.3', '2.3.4', '2.3.5', '2.3.6', '2.4.0', '2.4.1', '2.4.2', '2.4.3', '2.4.4', '2.4.5', '2.4.6', '2.4.7', '2.4.8', '2.4.9', '2.4.10', '2.4.11', '2.4.12', '2.4.13', '2.4.14', '2.4.15', '2.5.0', '2.5.1', '2.5.2', '2.5.3', '2.5.4', '2.5.5', '2.5.6', '2.5.7', '2.5.8', '2.5.9', '2.5.10', '2.6.0', '2.7.0', '2.7.1', '2.7.2', '2.7.3', '2.7.4', '2.8.0'][0m
[96m[Executor] Running initial exploit mvn test in /PoCAdaptation/exploit/origin/CVE-2025-59340/exploit[0m
[91m[Executor] Initial exploit execution finished with return code 1[0m
[96m[Verifier] Verifying reproduction...[0m
[92m[Verifier] âœ“ Behavior matched: 'org.junit.ComparisonFailure'[0m
[92m[Verifier] âœ“ Detail matched: 'expected:<[]>'[0m
[92m[Verifier] âœ“ All reproduction indicators matched.[0m
[92m[Verifier] Initial exploit behavior verified successfully.[0m
[96m[Selector] Nearest need adapatation version selected: 2.0.8[0m
[96m[Selector] Closest reproduced version: 2.0.9 at index 19[0m
[96m[Adapter] Trying next closest version: 2.0.8[0m
[96m[Preparer] Using exploit from origin: /PoCAdaptation/exploit/origin/CVE-2025-59340/exploit[0m
[92m[Preparer] Copied exploit to: /PoCAdaptation/exploit/pending/CVE-2025-59340/2.0.8/exploit[0m
[96m[Preparer] Updating dependency version to 2.0.8 in /PoCAdaptation/exploit/pending/CVE-2025-59340/2.0.8/exploit/pom.xml[0m
[92m[Preparer] Updated dependency version to 2.0.8 in /PoCAdaptation/exploit/pending/CVE-2025-59340/2.0.8/exploit/pom.xml[0m
[96m[Executor] Attempting direct exploit execution on 2.0.8...[0m
[96m[Executor] Executing exploit for CVE-2025-59340 on version 2.0.8...[0m
[96m[Verifier] Verifying reproduction...[0m
[91m[Verifier] âœ— Behavior not found: 'org.junit.ComparisonFailure'[0m
[91m[Executor] Reproduction result: Failure[0m
[96m[Adapter] Attempting adaptation from base version 2.0.9 to 2.0.8...[0m
[96m[Adapter] Start adapting exploit from 2.0.9 to 2.0.8"[0m
[96m[Executor] Executing exploit for CVE-2025-59340 on version 2.0.8...[0m
[96m[Verifier] Verifying reproduction...[0m
[91m[Verifier] âœ— Behavior not found: 'org.junit.ComparisonFailure'[0m
[91m[Executor] Reproduction result: Failure[0m
[ErrorManager] Extracting errors from log with 11 lines.
[96m[ErrorManager] Ignoring line: [ERROR] Failed to execute goal org.apache.maven.plugins:maven-compiler-plugin:3.1:testCompile (default-testCompile) on project jenkins-log-test: Compilation failure[0m
[92m[ErrorManager] Processing line: [ERROR] /PoCAdaptation/exploit/result/CVE-2025-59340/2.0.8/exploit/src/test/java/edu/vision/se/Testcase1.java:[25,26] cannot find symbol[0m
[92m[ErrorManager] Processing line: [ERROR]   symbol:   method newBuilder()[0m
[92m[ErrorManager] Processing line: [ERROR]   location: class com.hubspot.jinjava.JinjavaConfig[0m
[96m[ErrorManager] Ignoring line: [ERROR] -> [Help 1][0m
[96m[ErrorManager] Ignoring line: [ERROR][0m
[96m[ErrorManager] Ignoring line: [ERROR] To see the full stack trace of the errors, re-run Maven with the -e switch.[0m
[96m[ErrorManager] Ignoring line: [ERROR] Re-run Maven using the -X switch to enable full debug logging.[0m
[96m[ErrorManager] Ignoring line: [ERROR][0m
[96m[ErrorManager] Ignoring line: [ERROR] For more information about the errors and possible solutions, please read the following articles:[0m
[96m[ErrorManager] Ignoring line: [ERROR] [Help 1] http://cwiki.apache.org/confluence/display/MAVEN/MojoFailureException[0m
[96m[Adapter] Locating fix position in error log.[0m
[LLMClient] Tokens used: 1568 (prompt), 1 (completion), 1569 (total)
[LLMClient] Prompt: 
You are given a Java error log when executing 'mvn test' in a project with dependency version 2.0.8:com.hubspot.jinjava:jinjava.
This test file compiles and runs successfully with version 2.0.9.

Your task is to:
1. Analyze why this issue occurs with the *2.0.9* but not with the *2.0.8 version*.
2. Consider how to resolve the issue **without updating this library**.
3. Determine and output the location in the project that should be modified to fix the problem.

Please return 'pom' if the fix is in the pom.xml file, or 'test' if the fix is in the test code.
Do not return any other text, just 'pom' or 'test'.

The error log is:
[INFO] Scanning for projects...
[INFO] 
[INFO] --------------------< com.example:jenkins-log-test >--------------------
[INFO] Building jenkins-log-test 1.0.0-SNAPSHOT
[INFO]   from pom.xml
[INFO] --------------------------------[ jar ]---------------------------------
[INFO] 
[INFO] --- maven-clean-plugin:2.5:clean (default-clean) @ jenkins-log-test ---
[INFO] Deleting /PoCAdaptation/exploit/result/CVE-2025-59340/2.0.8/exploit/target
[INFO] 
[INFO] --- maven-resources-plugin:2.6:resources (default-resources) @ jenkins-log-test ---
[WARNING] Using platform encoding (UTF-8 actually) to copy filtered resources, i.e. build is platform dependent!
[INFO] skip non existing resourceDirectory /PoCAdaptation/exploit/result/CVE-2025-59340/2.0.8/exploit/src/main/resources
[INFO] 
[INFO] --- maven-compiler-plugin:3.1:compile (default-compile) @ jenkins-log-test ---
[INFO] No sources to compile
[INFO] 
[INFO] --- maven-resources-plugin:2.6:testResources (default-testResources) @ jenkins-log-test ---
[WARNING] Using platform encoding (UTF-8 actually) to copy filtered resources, i.e. build is platform dependent!
[INFO] skip non existing resourceDirectory /PoCAdaptation/exploit/result/CVE-2025-59340/2.0.8/exploit/src/test/resources
[INFO] 
[INFO] --- maven-compiler-plugin:3.1:testCompile (default-testCompile) @ jenkins-log-test ---
[INFO] Changes detected - recompiling the module!
[WARNING] File encoding has not been set, using platform encoding UTF-8, i.e. build is platform dependent!
[INFO] Compiling 1 source file to /PoCAdaptation/exploit/result/CVE-2025-59340/2.0.8/exploit/target/test-classes
[INFO] -------------------------------------------------------------
[ERROR] COMPILATION ERROR : 
[INFO] -------------------------------------------------------------
[ERROR] /PoCAdaptation/exploit/result/CVE-2025-59340/2.0.8/exploit/src/test/java/edu/vision/se/Testcase1.java:[25,26] cannot find symbol
  symbol:   method newBuilder()
  location: class com.hubspot.jinjava.JinjavaConfig
[INFO] 1 error
[INFO] -------------------------------------------------------------
[INFO] ------------------------------------------------------------------------
[INFO] BUILD FAILURE
[INFO] ------------------------------------------------------------------------
[INFO] Total time:  0.961 s
[INFO] Finished at: 2025-09-25T05:32:47Z
[INFO] ------------------------------------------------------------------------
[ERROR] Failed to execute goal org.apache.maven.plugins:maven-compiler-plugin:3.1:testCompile (default-testCompile) on project jenkins-log-test: Compilation failure
[ERROR] /PoCAdaptation/exploit/result/CVE-2025-59340/2.0.8/exploit/src/test/java/edu/vision/se/Testcase1.java:[25,26] cannot find symbol
[ERROR]   symbol:   method newBuilder()
[ERROR]   location: class com.hubspot.jinjava.JinjavaConfig
[ERROR] -> [Help 1]
[ERROR] 
[ERROR] To see the full stack trace of the errors, re-run Maven with the -e switch.
[ERROR] Re-run Maven using the -X switch to enable full debug logging.
[ERROR] 
[ERROR] For more information about the errors and possible solutions, please read the following articles:
[ERROR] [Help 1] http://cwiki.apache.org/confluence/display/MAVEN/MojoFailureException


current_pom file is:<project xmlns="http://maven.apache.org/POM/4.0.0"
         xmlns:xsi="http://www.w3.org/2001/XMLSchema-instance"
         xsi:schemaLocation="http://maven.apache.org/POM/4.0.0
                             https://maven.apache.org/xsd/maven-4.0.0.xsd">
  <modelVersion>4.0.0</modelVersion>

  <groupId>com.example</groupId>
  <artifactId>jenkins-log-test</artifactId>
  <version>1.0.0-SNAPSHOT</version>

  <properties>
    <maven.compiler.source>11</maven.compiler.source>
    <maven.compiler.target>11</maven.compiler.target>
  </properties>

  <dependencies>
    <!-- Jenkins core: æä¾› LogTaskListener å’Œ LogFormatter -->
   <dependency>
        <groupId>com.hubspot.jinjava</groupId>
        <artifactId>jinjava</artifactId>
        <version>2.0.8</version>
    </dependency>

    <dependency>
        <groupId>joda-time</groupId>
        <artifactId>joda-time</artifactId>
        <version>2.10.14</version>
    </dependency>

    <dependency>
    <groupId>org.slf4j</groupId>
    <artifactId>slf4j-api</artifactId>
    <version>1.7.36</version>
  </dependency>

  <!-- Simple backend for tests -->
  <dependency>
    <groupId>org.slf4j</groupId>
    <artifactId>slf4j-simple</artifactId>
    <version>1.7.36</version>
    <scope>test</scope>
  </dependency>

    <!-- JUnit 4 -->
    <dependency>
      <groupId>junit</groupId>
      <artifactId>junit</artifactId>
      <version>4.13.2</version>
      <scope>test</scope>
    </dependency>
  </dependencies>

  <build>
    <plugins>
      <plugin>
        <groupId>org.apache.maven.plugins</groupId>
        <artifactId>maven-surefire-plugin</artifactId>
        <version>3.2.5</version>
      </plugin>
    </plugins>
  </build>
</project>
[LLMClient] Response: 
test
[96m[Adapter] LLM response for fix position: test[0m
[Adapter] Grouped Errors: {'cannot find symbol | method newBuilder()': [{'file': '/PoCAdaptation/exploit/result/CVE-2025-59340/2.0.8/exploit/src/test/java/edu/vision/se/Testcase1.java', 'line': 25, 'column': 26, 'message': 'cannot find symbol', 'symbol': 'method newBuilder()', 'location': 'class com.hubspot.jinjava.JinjavaConfig', 'code_line': '            JinjavaConfig.newBuilder().withTimeZone(ZoneId.of("America/New_York")).build()'}]}
[LLMClient] Tokens used: 155 (prompt), 7 (completion), 162 (total)
[LLMClient] Prompt: 
You are given an error log when executing 'mvn test' in version 2.0.8: 

Error: cannot find symbol, method newBuilder(), class com.hubspot.jinjava.JinjavaConfig 

The test executes as expected in 2.0.9 

Error code:             JinjavaConfig.newBuilder().withTimeZone(ZoneId.of("America/New_York")).build() 

Extract two key *entities* from the error for searching related diffs 

The extracted entities should reflect code-level identifiers that are likely to appear in source code or diffs. 

Output each node as a `;`-separated list, with no explanations. 


[LLMClient] Response: 
JinjavaConfig;newBuilder
[96m[ErrorManager] Extracted key entities: ['JinjavaConfig', 'newBuilder'][0m
[96m[Adapter] Try to solve error: {'file': '/PoCAdaptation/exploit/result/CVE-2025-59340/2.0.8/exploit/src/test/java/edu/vision/se/Testcase1.java', 'line': 25, 'column': 26, 'message': 'cannot find symbol', 'symbol': 'method newBuilder()', 'location': 'class com.hubspot.jinjava.JinjavaConfig', 'code_line': '            JinjavaConfig.newBuilder().withTimeZone(ZoneId.of("America/New_York")).build()'} with cause: ['JinjavaConfig', 'newBuilder'][0m
[96m[Adapter] Related diffs for error: [(150, 6.0), (18, 4.0), (117, 3.0), (118, 3.0), (19, 2.0)][0m
[96m[Adapter] Fix position is in test code.[0m
[96m[RepairModule] Start repair for group: cannot find symbol | method newBuilder() cause: ['JinjavaConfig', 'newBuilder'][0m
[96m[RepairModule] Trying best diff #150 with score 6.00[0m
[LLMClient] Tokens used: 691 (prompt), 184 (completion), 875 (total)
[LLMClient] Prompt: 
You are given a Java test file with compilation errors in version 2.0.8:com.hubspot.jinjava:jinjava.
This test file compiles and runs successfully in 2.0.9.

The diff is related to the diff.
Your task has three steps:
 1. Locate the code where the compilation error occurs.
 2. Analyze the diff from 2.0.9 to 2.0.8.
 3. Fix the error in the error position only when diff is helpful. Add import statement when needed according to the diff. 

Only output the modified version of the test file according to the diff. No explanations. If mocking, access fields via reflection if they exist.
### Compilation Errors:
message: cannot find symbol, symble: method newBuilder(), location: class com.hubspot.jinjava.JinjavaConfig

### Error Position:
            JinjavaConfig.newBuilder().withTimeZone(ZoneId.of("America/New_York")).build()

### Related Diff:
Operation: MODIFIED, File: src/test/java/com/hubspot/jinjava/tree/parse/TokenScannerTest.java, Hunk: @@ -15,23 +16,23 @@

 import com.google.common.collect.Lists;
 import com.google.common.io.Resources;
+import com.hubspot.jinjava.Jinjava;
+import com.hubspot.jinjava.interpret.JinjavaInterpreter;
-import com.hubspot.jinjava.JinjavaConfig;

 public class TokenScannerTest {
+  JinjavaInterpreter interpreter;
+  TokenScanner scanner;
+  String script;
-  private JinjavaConfig config;
-  private String script;
-
-  private TokenScanner scanner;

   @Before
   public void setup() {
+    interpreter = new Jinjava().newInterpreter();
-    config = JinjavaConfig.newBuilder().build();
   }

   @Test
   public void test2() {
     script = "{{abc.b}}{% if x %}{{abc{%endif";
+    scanner = new TokenScanner(script);
-    scanner = new TokenScanner(script, config);
     assertEquals("{{abc.b}}", scanner.next().image);
     assertEquals("if x", scanner.next().content.trim());
     assertEquals("{{abc{%endif", scanner.next().content.trim());

### Test File Content:
package edu.vision.se;

import static org.junit.Assert.*;

import java.nio.charset.StandardCharsets;
import java.time.ZoneId;
import java.util.HashMap;
import java.util.Locale;

import org.junit.Test;

import com.hubspot.jinjava.Jinjava;
import com.hubspot.jinjava.JinjavaConfig;
import org.joda.time.DateTimeZone;


public class Testcase1 {

    private Jinjava jinjava;

    @Test
    public void testNewlineInjectionIsAnnotated() throws Exception {
        jinjava =
        new Jinjava(
            JinjavaConfig.newBuilder().withTimeZone(ZoneId.of("America/New_York")).build()
        );
        String rendered = jinjava.render("{{ ____int3rpr3t3r____.config }}", new HashMap<>());
        assertEquals("", rendered);
    }
}


[LLMClient] Response: 
package edu.vision.se;

import static org.junit.Assert.*;

import java.nio.charset.StandardCharsets;
import java.time.ZoneId;
import java.util.HashMap;
import java.util.Locale;

import org.junit.Test;

import com.hubspot.jinjava.Jinjava;
import com.hubspot.jinjava.JinjavaConfig;
import org.joda.time.DateTimeZone;


public class Testcase1 {

    private Jinjava jinjava;

    @Test
    public void testNewlineInjectionIsAnnotated() throws Exception {
        jinjava =
        new Jinjava(
            JinjavaConfig.newBuilder().withTimeZone(ZoneId.of("America/New_York")).build()
        );
        String rendered = jinjava.render("{{ ____int3rpr3t3r____.config }}", new HashMap<>());
        assertEquals("", rendered);
    }
}
[96m[RepairModule] Wrote modified code to /PoCAdaptation/exploit/result/CVE-2025-59340/2.0.8/exploit/src/test/java/edu/vision/se/Testcase1.java[0m
[96m[Executor] Executing exploit for CVE-2025-59340 on version 2.0.8...[0m
[96m[Verifier] Verifying reproduction...[0m
[91m[Verifier] âœ— Behavior not found: 'org.junit.ComparisonFailure'[0m
[91m[Executor] Reproduction result: Failure[0m
[ErrorManager] Extracting errors from log with 11 lines.
[96m[ErrorManager] Ignoring line: [ERROR] Failed to execute goal org.apache.maven.plugins:maven-compiler-plugin:3.1:testCompile (default-testCompile) on project jenkins-log-test: Compilation failure[0m
[92m[ErrorManager] Processing line: [ERROR] /PoCAdaptation/exploit/result/CVE-2025-59340/2.0.8/exploit/src/test/java/edu/vision/se/Testcase1.java:[25,26] cannot find symbol[0m
[92m[ErrorManager] Processing line: [ERROR]   symbol:   method newBuilder()[0m
[92m[ErrorManager] Processing line: [ERROR]   location: class com.hubspot.jinjava.JinjavaConfig[0m
[96m[ErrorManager] Ignoring line: [ERROR] -> [Help 1][0m
[96m[ErrorManager] Ignoring line: [ERROR][0m
[96m[ErrorManager] Ignoring line: [ERROR] To see the full stack trace of the errors, re-run Maven with the -e switch.[0m
[96m[ErrorManager] Ignoring line: [ERROR] Re-run Maven using the -X switch to enable full debug logging.[0m
[96m[ErrorManager] Ignoring line: [ERROR][0m
[96m[ErrorManager] Ignoring line: [ERROR] For more information about the errors and possible solutions, please read the following articles:[0m
[96m[ErrorManager] Ignoring line: [ERROR] [Help 1] http://cwiki.apache.org/confluence/display/MAVEN/MojoFailureException[0m
[RepairModule] Old grouped keys: {'cannot find symbol | method newBuilder()'}
[RepairModule] New grouped keys: {'cannot find symbol | method newBuilder()'}
[91m[RepairModule] Error cannot find symbol still exists in group cannot find symbol | method newBuilder() after applying diff.[0m
[96m[RepairModule] Found 10 diff combinations for annealing.[0m
[96m[RepairModule] Iteration 1, temperature 1.000: Trying diff #(150, 19) with score 4.00[0m
[LLMClient] Tokens used: 1104 (prompt), 199 (completion), 1303 (total)
[LLMClient] Prompt: 
You are given a Java test file with compilation errors in version 2.0.8:com.hubspot.jinjava:jinjava.
This test file compiles and runs successfully in 2.0.9.

The diff is related to the diff.
Your task has three steps:
 1. Locate the code where the compilation error occurs.
 2. Analyze the diff from 2.0.9 to 2.0.8.
 3. Fix the error in the error position only when diff is helpful. Add import statement when needed according to the diff. 

Only output the modified version of the test file according to the diff. No explanations. If mocking, access fields via reflection if they exist.
### Compilation Errors:
message: cannot find symbol, symble: method newBuilder(), location: class com.hubspot.jinjava.JinjavaConfig

### Error Position:
            JinjavaConfig.newBuilder().withTimeZone(ZoneId.of("America/New_York")).build()

### Related Diff:
Operation: MODIFIED, File: src/test/java/com/hubspot/jinjava/tree/parse/TokenScannerTest.java, Hunk: @@ -15,23 +16,23 @@

 import com.google.common.collect.Lists;
 import com.google.common.io.Resources;
+import com.hubspot.jinjava.Jinjava;
+import com.hubspot.jinjava.interpret.JinjavaInterpreter;
-import com.hubspot.jinjava.JinjavaConfig;

 public class TokenScannerTest {
+  JinjavaInterpreter interpreter;
+  TokenScanner scanner;
+  String script;
-  private JinjavaConfig config;
-  private String script;
-
-  private TokenScanner scanner;

   @Before
   public void setup() {
+    interpreter = new Jinjava().newInterpreter();
-    config = JinjavaConfig.newBuilder().build();
   }

   @Test
   public void test2() {
     script = "{{abc.b}}{% if x %}{{abc{%endif";
+    scanner = new TokenScanner(script);
-    scanner = new TokenScanner(script, config);
     assertEquals("{{abc.b}}", scanner.next().image);
     assertEquals("if x", scanner.next().content.trim());
     assertEquals("{{abc{%endif", scanner.next().content.trim());
Operation: MODIFIED, File: src/main/java/com/hubspot/jinjava/JinjavaConfig.java, Hunk: @@ -58,4 +73,58 @@ public int getMaxRenderDepth() {
     return maxRenderDepth;
   }

-  public boolean isTrimBlocks() {
-    return trimBlocks;
-  }
-
-  public boolean isLstripBlocks() {
-    return lstripBlocks;
-  }
-
-  public static class Builder {
-    private Charset charset = StandardCharsets.UTF_8;
-    private Locale locale = Locale.ENGLISH;
-    private ZoneId timeZone = ZoneOffset.UTC;
-    private int maxRenderDepth = 10;
-
-    private boolean trimBlocks;
-    private boolean lstripBlocks;
-
-    private Builder() {}
-
-    public Builder withCharset(Charset charset) {
-      this.charset = charset;
-      return this;
-    }
-
-    public Builder withLocale(Locale locale) {
-      this.locale = locale;
-      return this;
-    }
-
-    public Builder withTimeZone(ZoneId timeZone) {
-      this.timeZone = timeZone;
-      return this;
-    }
-
-    public Builder withMaxRenderDepth(int maxRenderDepth) {
-      this.maxRenderDepth = maxRenderDepth;
-      return this;
-    }
-
-    public Builder withTrimBlocks(boolean trimBlocks) {
-      this.trimBlocks = trimBlocks;
-      return this;
-    }
-
-    public Builder withLstripBlocks(boolean lstripBlocks) {
-      this.lstripBlocks = lstripBlocks;
-      return this;
-    }
-
-    public JinjavaConfig build() {
-      return new JinjavaConfig(charset, locale, timeZone, maxRenderDepth, trimBlocks, lstripBlocks);
-    }
-  }
-
 }

### Test File Content:
package edu.vision.se;

import static org.junit.Assert.*;

import java.nio.charset.StandardCharsets;
import java.time.ZoneId;
import java.util.HashMap;
import java.util.Locale;

import org.junit.Test;

import com.hubspot.jinjava.Jinjava;
import com.hubspot.jinjava.JinjavaConfig;
import org.joda.time.DateTimeZone;


public class Testcase1 {

    private Jinjava jinjava;

    @Test
    public void testNewlineInjectionIsAnnotated() throws Exception {
        jinjava =
        new Jinjava(
            JinjavaConfig.newBuilder().withTimeZone(ZoneId.of("America/New_York")).build()
        );
        String rendered = jinjava.render("{{ ____int3rpr3t3r____.config }}", new HashMap<>());
        assertEquals("", rendered);
    }
}


[LLMClient] Response: 
package edu.vision.se;

import static org.junit.Assert.*;

import java.nio.charset.StandardCharsets;
import java.time.ZoneId;
import java.util.HashMap;
import java.util.Locale;

import org.junit.Test;

import com.hubspot.jinjava.Jinjava;
import com.hubspot.jinjava.JinjavaConfig;
import org.joda.time.DateTimeZone;


public class Testcase1 {

    private Jinjava jinjava;

    @Test
    public void testNewlineInjectionIsAnnotated() throws Exception {
        jinjava =
        new Jinjava(
            new JinjavaConfig(StandardCharsets.UTF_8, Locale.ENGLISH, ZoneId.of("America/New_York"), 10, false, false)
        );
        String rendered = jinjava.render("{{ ____int3rpr3t3r____.config }}", new HashMap<>());
        assertEquals("", rendered);
    }
}
[96m[RepairModule] Wrote modified code to /PoCAdaptation/exploit/result/CVE-2025-59340/2.0.8/exploit/src/test/java/edu/vision/se/Testcase1.java[0m
[96m[Executor] Executing exploit for CVE-2025-59340 on version 2.0.8...[0m
[96m[Verifier] Verifying reproduction...[0m
[91m[Verifier] âœ— Behavior not found: 'org.junit.ComparisonFailure'[0m
[91m[Executor] Reproduction result: Failure[0m
[ErrorManager] Extracting errors from log with 13 lines.
[96m[ErrorManager] Ignoring line: [ERROR] Failed to execute goal org.apache.maven.plugins:maven-compiler-plugin:3.1:testCompile (default-testCompile) on project jenkins-log-test: Compilation failure[0m
[92m[ErrorManager] Processing line: [ERROR] /PoCAdaptation/exploit/result/CVE-2025-59340/2.0.8/exploit/src/test/java/edu/vision/se/Testcase1.java:[25,13] no suitable constructor found for JinjavaConfig(java.nio.charset.Charset,java.util.Locale,java.time.ZoneId,int,boolean,boolean)[0m
[92m[ErrorManager] Processing line: [ERROR]     constructor com.hubspot.jinjava.JinjavaConfig.JinjavaConfig() is not applicable[0m
[92m[ErrorManager] Processing line: [ERROR]       (actual and formal argument lists differ in length)[0m
[92m[ErrorManager] Processing line: [ERROR]     constructor com.hubspot.jinjava.JinjavaConfig.JinjavaConfig(java.nio.charset.Charset,java.util.Locale,java.time.ZoneId,int) is not applicable[0m
[92m[ErrorManager] Processing line: [ERROR]       (actual and formal argument lists differ in length)[0m
[96m[ErrorManager] Ignoring line: [ERROR] -> [Help 1][0m
[96m[ErrorManager] Ignoring line: [ERROR][0m
[96m[ErrorManager] Ignoring line: [ERROR] To see the full stack trace of the errors, re-run Maven with the -e switch.[0m
[96m[ErrorManager] Ignoring line: [ERROR] Re-run Maven using the -X switch to enable full debug logging.[0m
[96m[ErrorManager] Ignoring line: [ERROR][0m
[96m[ErrorManager] Ignoring line: [ERROR] For more information about the errors and possible solutions, please read the following articles:[0m
[96m[ErrorManager] Ignoring line: [ERROR] [Help 1] http://cwiki.apache.org/confluence/display/MAVEN/MojoFailureException[0m
[RepairModule] Old grouped keys: {'cannot find symbol | method newBuilder()'}
[RepairModule] New grouped keys: {'no suitable constructor found for JinjavaConfig(java.nio.charset.Charset,java.util.Locale,java.time.ZoneId,int,boolean,boolean) constructor com.hubspot.jinjava.JinjavaConfig.JinjavaConfig() is not applicable (actual and formal argument lists differ in length) constructor com.hubspot.jinjava.JinjavaConfig.JinjavaConfig(java.nio.charset.Charset,java.util.Locale,java.time.ZoneId,int) is not applicable (actual and formal argument lists differ in length) |'}
[93m[RepairModule] [Analyzer] New error:
  File     : /PoCAdaptation/exploit/result/CVE-2025-59340/2.0.8/exploit/src/test/java/edu/vision/se/Testcase1.java
  Line     : 25, Column: 13
  Message  : no suitable constructor found for JinjavaConfig(java.nio.charset.Charset,java.util.Locale,java.time.ZoneId,int,boolean,boolean) constructor com.hubspot.jinjava.JinjavaConfig.JinjavaConfig() is not applicable (actual and formal argument lists differ in length) constructor com.hubspot.jinjava.JinjavaConfig.JinjavaConfig(java.nio.charset.Charset,java.util.Locale,java.time.ZoneId,int) is not applicable (actual and formal argument lists differ in length)
  Symbol   : None
  Location : None
  Code     : new JinjavaConfig(StandardCharsets.UTF_8, Locale.ENGLISH, ZoneId.of("America/New_York"), 10, false, false)
  Position : same the fixing line (25)[0m
[92m[RepairModule] Error cannot find symbol resolved after applying diff.[0m
[92m[RepairModule] Repair success with diff #(150, 19) at iteration 1![0m
[96m[Adapter] Test code repair attempted.[0m
[96m[Executor] Executing exploit for CVE-2025-59340 on version 2.0.8...[0m
[96m[Verifier] Verifying reproduction...[0m
[91m[Verifier] âœ— Behavior not found: 'org.junit.ComparisonFailure'[0m
[91m[Executor] Reproduction result: Failure[0m
[ErrorManager] Extracting errors from log with 13 lines.
[96m[ErrorManager] Ignoring line: [ERROR] Failed to execute goal org.apache.maven.plugins:maven-compiler-plugin:3.1:testCompile (default-testCompile) on project jenkins-log-test: Compilation failure[0m
[92m[ErrorManager] Processing line: [ERROR] /PoCAdaptation/exploit/result/CVE-2025-59340/2.0.8/exploit/src/test/java/edu/vision/se/Testcase1.java:[25,13] no suitable constructor found for JinjavaConfig(java.nio.charset.Charset,java.util.Locale,java.time.ZoneId,int,boolean,boolean)[0m
[92m[ErrorManager] Processing line: [ERROR]     constructor com.hubspot.jinjava.JinjavaConfig.JinjavaConfig() is not applicable[0m
[92m[ErrorManager] Processing line: [ERROR]       (actual and formal argument lists differ in length)[0m
[92m[ErrorManager] Processing line: [ERROR]     constructor com.hubspot.jinjava.JinjavaConfig.JinjavaConfig(java.nio.charset.Charset,java.util.Locale,java.time.ZoneId,int) is not applicable[0m
[92m[ErrorManager] Processing line: [ERROR]       (actual and formal argument lists differ in length)[0m
[96m[ErrorManager] Ignoring line: [ERROR] -> [Help 1][0m
[96m[ErrorManager] Ignoring line: [ERROR][0m
[96m[ErrorManager] Ignoring line: [ERROR] To see the full stack trace of the errors, re-run Maven with the -e switch.[0m
[96m[ErrorManager] Ignoring line: [ERROR] Re-run Maven using the -X switch to enable full debug logging.[0m
[96m[ErrorManager] Ignoring line: [ERROR][0m
[96m[ErrorManager] Ignoring line: [ERROR] For more information about the errors and possible solutions, please read the following articles:[0m
[96m[ErrorManager] Ignoring line: [ERROR] [Help 1] http://cwiki.apache.org/confluence/display/MAVEN/MojoFailureException[0m
[96m[Adapter] Locating fix position in error log.[0m
[LLMClient] Tokens used: 1768 (prompt), 1 (completion), 1769 (total)
[LLMClient] Prompt: 
You are given a Java error log when executing 'mvn test' in a project with dependency version 2.0.8:com.hubspot.jinjava:jinjava.
This test file compiles and runs successfully with version 2.0.9.

Your task is to:
1. Analyze why this issue occurs with the *2.0.9* but not with the *2.0.8 version*.
2. Consider how to resolve the issue **without updating this library**.
3. Determine and output the location in the project that should be modified to fix the problem.

Please return 'pom' if the fix is in the pom.xml file, or 'test' if the fix is in the test code.
Do not return any other text, just 'pom' or 'test'.

The error log is:
[INFO] Scanning for projects...
[INFO] 
[INFO] --------------------< com.example:jenkins-log-test >--------------------
[INFO] Building jenkins-log-test 1.0.0-SNAPSHOT
[INFO]   from pom.xml
[INFO] --------------------------------[ jar ]---------------------------------
[INFO] 
[INFO] --- maven-clean-plugin:2.5:clean (default-clean) @ jenkins-log-test ---
[INFO] Deleting /PoCAdaptation/exploit/result/CVE-2025-59340/2.0.8/exploit/target
[INFO] 
[INFO] --- maven-resources-plugin:2.6:resources (default-resources) @ jenkins-log-test ---
[WARNING] Using platform encoding (UTF-8 actually) to copy filtered resources, i.e. build is platform dependent!
[INFO] skip non existing resourceDirectory /PoCAdaptation/exploit/result/CVE-2025-59340/2.0.8/exploit/src/main/resources
[INFO] 
[INFO] --- maven-compiler-plugin:3.1:compile (default-compile) @ jenkins-log-test ---
[INFO] No sources to compile
[INFO] 
[INFO] --- maven-resources-plugin:2.6:testResources (default-testResources) @ jenkins-log-test ---
[WARNING] Using platform encoding (UTF-8 actually) to copy filtered resources, i.e. build is platform dependent!
[INFO] skip non existing resourceDirectory /PoCAdaptation/exploit/result/CVE-2025-59340/2.0.8/exploit/src/test/resources
[INFO] 
[INFO] --- maven-compiler-plugin:3.1:testCompile (default-testCompile) @ jenkins-log-test ---
[INFO] Changes detected - recompiling the module!
[WARNING] File encoding has not been set, using platform encoding UTF-8, i.e. build is platform dependent!
[INFO] Compiling 1 source file to /PoCAdaptation/exploit/result/CVE-2025-59340/2.0.8/exploit/target/test-classes
[INFO] -------------------------------------------------------------
[ERROR] COMPILATION ERROR : 
[INFO] -------------------------------------------------------------
[ERROR] /PoCAdaptation/exploit/result/CVE-2025-59340/2.0.8/exploit/src/test/java/edu/vision/se/Testcase1.java:[25,13] no suitable constructor found for JinjavaConfig(java.nio.charset.Charset,java.util.Locale,java.time.ZoneId,int,boolean,boolean)
    constructor com.hubspot.jinjava.JinjavaConfig.JinjavaConfig() is not applicable
      (actual and formal argument lists differ in length)
    constructor com.hubspot.jinjava.JinjavaConfig.JinjavaConfig(java.nio.charset.Charset,java.util.Locale,java.time.ZoneId,int) is not applicable
      (actual and formal argument lists differ in length)
[INFO] 1 error
[INFO] -------------------------------------------------------------
[INFO] ------------------------------------------------------------------------
[INFO] BUILD FAILURE
[INFO] ------------------------------------------------------------------------
[INFO] Total time:  0.966 s
[INFO] Finished at: 2025-09-25T05:33:21Z
[INFO] ------------------------------------------------------------------------
[ERROR] Failed to execute goal org.apache.maven.plugins:maven-compiler-plugin:3.1:testCompile (default-testCompile) on project jenkins-log-test: Compilation failure
[ERROR] /PoCAdaptation/exploit/result/CVE-2025-59340/2.0.8/exploit/src/test/java/edu/vision/se/Testcase1.java:[25,13] no suitable constructor found for JinjavaConfig(java.nio.charset.Charset,java.util.Locale,java.time.ZoneId,int,boolean,boolean)
[ERROR]     constructor com.hubspot.jinjava.JinjavaConfig.JinjavaConfig() is not applicable
[ERROR]       (actual and formal argument lists differ in length)
[ERROR]     constructor com.hubspot.jinjava.JinjavaConfig.JinjavaConfig(java.nio.charset.Charset,java.util.Locale,java.time.ZoneId,int) is not applicable
[ERROR]       (actual and formal argument lists differ in length)
[ERROR] -> [Help 1]
[ERROR] 
[ERROR] To see the full stack trace of the errors, re-run Maven with the -e switch.
[ERROR] Re-run Maven using the -X switch to enable full debug logging.
[ERROR] 
[ERROR] For more information about the errors and possible solutions, please read the following articles:
[ERROR] [Help 1] http://cwiki.apache.org/confluence/display/MAVEN/MojoFailureException


current_pom file is:<project xmlns="http://maven.apache.org/POM/4.0.0"
         xmlns:xsi="http://www.w3.org/2001/XMLSchema-instance"
         xsi:schemaLocation="http://maven.apache.org/POM/4.0.0
                             https://maven.apache.org/xsd/maven-4.0.0.xsd">
  <modelVersion>4.0.0</modelVersion>

  <groupId>com.example</groupId>
  <artifactId>jenkins-log-test</artifactId>
  <version>1.0.0-SNAPSHOT</version>

  <properties>
    <maven.compiler.source>11</maven.compiler.source>
    <maven.compiler.target>11</maven.compiler.target>
  </properties>

  <dependencies>
    <!-- Jenkins core: æä¾› LogTaskListener å’Œ LogFormatter -->
   <dependency>
        <groupId>com.hubspot.jinjava</groupId>
        <artifactId>jinjava</artifactId>
        <version>2.0.8</version>
    </dependency>

    <dependency>
        <groupId>joda-time</groupId>
        <artifactId>joda-time</artifactId>
        <version>2.10.14</version>
    </dependency>

    <dependency>
    <groupId>org.slf4j</groupId>
    <artifactId>slf4j-api</artifactId>
    <version>1.7.36</version>
  </dependency>

  <!-- Simple backend for tests -->
  <dependency>
    <groupId>org.slf4j</groupId>
    <artifactId>slf4j-simple</artifactId>
    <version>1.7.36</version>
    <scope>test</scope>
  </dependency>

    <!-- JUnit 4 -->
    <dependency>
      <groupId>junit</groupId>
      <artifactId>junit</artifactId>
      <version>4.13.2</version>
      <scope>test</scope>
    </dependency>
  </dependencies>

  <build>
    <plugins>
      <plugin>
        <groupId>org.apache.maven.plugins</groupId>
        <artifactId>maven-surefire-plugin</artifactId>
        <version>3.2.5</version>
      </plugin>
    </plugins>
  </build>
</project>
[LLMClient] Response: 
test
[96m[Adapter] LLM response for fix position: test[0m
[Adapter] Grouped Errors: {'no suitable constructor found for JinjavaConfig(java.nio.charset.Charset,java.util.Locale,java.time.ZoneId,int,boolean,boolean) constructor com.hubspot.jinjava.JinjavaConfig.JinjavaConfig() is not applicable (actual and formal argument lists differ in length) constructor com.hubspot.jinjava.JinjavaConfig.JinjavaConfig(java.nio.charset.Charset,java.util.Locale,java.time.ZoneId,int) is not applicable (actual and formal argument lists differ in length) |': [{'file': '/PoCAdaptation/exploit/result/CVE-2025-59340/2.0.8/exploit/src/test/java/edu/vision/se/Testcase1.java', 'line': 25, 'column': 13, 'message': 'no suitable constructor found for JinjavaConfig(java.nio.charset.Charset,java.util.Locale,java.time.ZoneId,int,boolean,boolean) constructor com.hubspot.jinjava.JinjavaConfig.JinjavaConfig() is not applicable (actual and formal argument lists differ in length) constructor com.hubspot.jinjava.JinjavaConfig.JinjavaConfig(java.nio.charset.Charset,java.util.Locale,java.time.ZoneId,int) is not applicable (actual and formal argument lists differ in length)', 'symbol': None, 'location': None, 'code_line': '            new JinjavaConfig(StandardCharsets.UTF_8, Locale.ENGLISH, ZoneId.of("America/New_York"), 10, false, false)'}]}
[LLMClient] Tokens used: 272 (prompt), 12 (completion), 284 (total)
[LLMClient] Prompt: 
You are given an error log when executing 'mvn test' in version 2.0.8: 

Error: no suitable constructor found for JinjavaConfig(java.nio.charset.Charset,java.util.Locale,java.time.ZoneId,int,boolean,boolean) constructor com.hubspot.jinjava.JinjavaConfig.JinjavaConfig() is not applicable (actual and formal argument lists differ in length) constructor com.hubspot.jinjava.JinjavaConfig.JinjavaConfig(java.nio.charset.Charset,java.util.Locale,java.time.ZoneId,int) is not applicable (actual and formal argument lists differ in length), None, None 

The test executes as expected in 2.0.9 

Error code:             new JinjavaConfig(StandardCharsets.UTF_8, Locale.ENGLISH, ZoneId.of("America/New_York"), 10, false, false) 

Extract two key *entities* from the error for searching related diffs 

The extracted entities should reflect code-level identifiers that are likely to appear in source code or diffs. 

Output each node as a `;`-separated list, with no explanations. 


[LLMClient] Response: 
JinjavaConfig;StandardCharsets.UTF_8
[96m[ErrorManager] Extracted key entities: ['JinjavaConfig', 'StandardCharsets.UTF_8'][0m
[96m[Adapter] Try to solve error: {'file': '/PoCAdaptation/exploit/result/CVE-2025-59340/2.0.8/exploit/src/test/java/edu/vision/se/Testcase1.java', 'line': 25, 'column': 13, 'message': 'no suitable constructor found for JinjavaConfig(java.nio.charset.Charset,java.util.Locale,java.time.ZoneId,int,boolean,boolean) constructor com.hubspot.jinjava.JinjavaConfig.JinjavaConfig() is not applicable (actual and formal argument lists differ in length) constructor com.hubspot.jinjava.JinjavaConfig.JinjavaConfig(java.nio.charset.Charset,java.util.Locale,java.time.ZoneId,int) is not applicable (actual and formal argument lists differ in length)', 'symbol': None, 'location': None, 'code_line': '            new JinjavaConfig(StandardCharsets.UTF_8, Locale.ENGLISH, ZoneId.of("America/New_York"), 10, false, false)'} with cause: ['JinjavaConfig', 'StandardCharsets.UTF_8'][0m
[96m[Adapter] Related diffs for error: [(7, 4.0), (18, 4.0), (164, 4.0), (117, 2.0), (118, 2.0)][0m
[96m[Adapter] Fix position is in test code.[0m
[96m[RepairModule] Start repair for group: no suitable constructor found for JinjavaConfig(java.nio.charset.Charset,java.util.Locale,java.time.ZoneId,int,boolean,boolean) constructor com.hubspot.jinjava.JinjavaConfig.JinjavaConfig() is not applicable (actual and formal argument lists differ in length) constructor com.hubspot.jinjava.JinjavaConfig.JinjavaConfig(java.nio.charset.Charset,java.util.Locale,java.time.ZoneId,int) is not applicable (actual and formal argument lists differ in length) | cause: ['JinjavaConfig', 'StandardCharsets.UTF_8'][0m
[96m[RepairModule] Trying best diff #7 with score 4.00[0m
[LLMClient] Tokens used: 873 (prompt), 195 (completion), 1068 (total)
[LLMClient] Prompt: 
You are given a Java test file with compilation errors in version 2.0.8:com.hubspot.jinjava:jinjava.
This test file compiles and runs successfully in 2.0.9.

The diff is related to the diff.
Your task has three steps:
 1. Locate the code where the compilation error occurs.
 2. Analyze the diff from 2.0.9 to 2.0.8.
 3. Fix the error in the error position only when diff is helpful. Add import statement when needed according to the diff. 

Only output the modified version of the test file according to the diff. No explanations. If mocking, access fields via reflection if they exist.
### Compilation Errors:
message: no suitable constructor found for JinjavaConfig(java.nio.charset.Charset,java.util.Locale,java.time.ZoneId,int,boolean,boolean) constructor com.hubspot.jinjava.JinjavaConfig.JinjavaConfig() is not applicable (actual and formal argument lists differ in length) constructor com.hubspot.jinjava.JinjavaConfig.JinjavaConfig(java.nio.charset.Charset,java.util.Locale,java.time.ZoneId,int) is not applicable (actual and formal argument lists differ in length), symble: None, location: None

### Error Position:
            new JinjavaConfig(StandardCharsets.UTF_8, Locale.ENGLISH, ZoneId.of("America/New_York"), 10, false, false)

### Related Diff:
Operation: MODIFIED, File: benchmark/src/main/java/com/hubspot/jinjava/benchmarks/liquid/LiquidBenchmark.java, Hunk: @@ -61,19 +61,18 @@ public void setup() throws IOException {
         Filters.WeightFilter.class,
         Filters.WeightWithUnitFilter.class,

+        Tags.AssignTag.class,
-    Tags.AssignTag.class,
         Tags.CommentFormTag.class,
         Tags.PaginateTag.class,
+        Tags.TableRowTag.class
+    );
-        Tags.TableRowTag.class);

     templates = new ArrayList<>();

+    Map<String, ?> db = (Map<String, ?>) new Yaml().load(readFileToString(new File("liquid/performance/shopify/vision.database.yml"), StandardCharsets.UTF_8));
+    bindings = new HashMap<>(db);
-    Map<String, Object> db = (Map<String, Object>) new Yaml().load(readFileToString(new File("liquid/performance/shopify/vision.database.yml"), StandardCharsets.UTF_8));
-    bindings = new HashMap<>(initDb(db));

     File baseDir = new File("liquid/performance/tests");
+    for(File tmpl : listFiles(baseDir, new String[]{"liquid"}, true)){
-    for (File tmpl : listFiles(baseDir, new String[] { "liquid" }, true)) {

       String template = readFileToString(tmpl, StandardCharsets.UTF_8);
       // convert filter syntax from ':' to '()'

### Test File Content:
package edu.vision.se;

import static org.junit.Assert.*;

import java.nio.charset.StandardCharsets;
import java.time.ZoneId;
import java.util.HashMap;
import java.util.Locale;

import org.junit.Test;

import com.hubspot.jinjava.Jinjava;
import com.hubspot.jinjava.JinjavaConfig;
import org.joda.time.DateTimeZone;


public class Testcase1 {

    private Jinjava jinjava;

    @Test
    public void testNewlineInjectionIsAnnotated() throws Exception {
        jinjava =
        new Jinjava(
            new JinjavaConfig(StandardCharsets.UTF_8, Locale.ENGLISH, ZoneId.of("America/New_York"), 10, false, false)
        );
        String rendered = jinjava.render("{{ ____int3rpr3t3r____.config }}", new HashMap<>());
        assertEquals("", rendered);
    }
}


[LLMClient] Response: 
package edu.vision.se;

import static org.junit.Assert.*;

import java.nio.charset.StandardCharsets;
import java.time.ZoneId;
import java.util.HashMap;
import java.util.Locale;

import org.junit.Test;

import com.hubspot.jinjava.Jinjava;
import com.hubspot.jinjava.JinjavaConfig;
import org.joda.time.DateTimeZone;


public class Testcase1 {

    private Jinjava jinjava;

    @Test
    public void testNewlineInjectionIsAnnotated() throws Exception {
        jinjava =
        new Jinjava(
            new JinjavaConfig(StandardCharsets.UTF_8, Locale.ENGLISH, ZoneId.of("America/New_York"), 10)
        );
        String rendered = jinjava.render("{{ ____int3rpr3t3r____.config }}", new HashMap<>());
        assertEquals("", rendered);
    }
}
[96m[RepairModule] Wrote modified code to /PoCAdaptation/exploit/result/CVE-2025-59340/2.0.8/exploit/src/test/java/edu/vision/se/Testcase1.java[0m
[96m[Executor] Executing exploit for CVE-2025-59340 on version 2.0.8...[0m
[96m[Verifier] Verifying reproduction...[0m
[92m[Verifier] âœ“ Behavior matched: 'org.junit.ComparisonFailure'[0m
[92m[Verifier] âœ“ Detail matched: 'expected:<[]>'[0m
[92m[Verifier] âœ“ All reproduction indicators matched.[0m
[92m[Executor] Reproduction result: Success[0m
[92m[RepairModule] Repair success![0m
[92m[RepairModule] Repair success with best diff![0m
[96m[Adapter] Test code repair attempted.[0m
[96m[Executor] Executing exploit for CVE-2025-59340 on version 2.0.8...[0m
[96m[Verifier] Verifying reproduction...[0m
[92m[Verifier] âœ“ Behavior matched: 'org.junit.ComparisonFailure'[0m
[92m[Verifier] âœ“ Detail matched: 'expected:<[]>'[0m
[92m[Verifier] âœ“ All reproduction indicators matched.[0m
[92m[Executor] Reproduction result: Success[0m
[92m[Adapter] Adaptation from 2.0.9 to 2.0.8 successful.[0m
[Adapt] âœ“ Completed: True
[96m[Adapter] Adaptation complete. Retesting exploit on 2.0.8...[0m
[92m[Executor] Adaptation + reproduction successful on 2.0.8[0m
[96m[Adapter] Copied successful adaptation to /PoCAdaptation/exploit/valid/CVE-2025-59340/2.0.8[0m
[96m[Selector] Nearest need adapatation version selected: 2.0.7[0m
[96m[Selector] Closest reproduced version: 2.0.8 at index 18[0m
[96m[Adapter] Trying next closest version: 2.0.7[0m
[96m[Preparer] Using exploit from valid: /PoCAdaptation/exploit/valid/CVE-2025-59340/2.0.8/exploit[0m
[92m[Preparer] Copied exploit to: /PoCAdaptation/exploit/pending/CVE-2025-59340/2.0.7/exploit[0m
[96m[Preparer] Updating dependency version to 2.0.7 in /PoCAdaptation/exploit/pending/CVE-2025-59340/2.0.7/exploit/pom.xml[0m
[92m[Preparer] Updated dependency version to 2.0.7 in /PoCAdaptation/exploit/pending/CVE-2025-59340/2.0.7/exploit/pom.xml[0m
[96m[Executor] Attempting direct exploit execution on 2.0.7...[0m
[96m[Executor] Executing exploit for CVE-2025-59340 on version 2.0.7...[0m
[96m[Verifier] Verifying reproduction...[0m
[92m[Verifier] âœ“ Behavior matched: 'org.junit.ComparisonFailure'[0m
[92m[Verifier] âœ“ Detail matched: 'expected:<[]>'[0m
[92m[Verifier] âœ“ All reproduction indicators matched.[0m
[92m[Executor] Reproduction result: Success[0m
[92m[Executor] Direct reproduction successful on 2.0.7[0m
[96m[Adapter] Copied successful adaptation to /PoCAdaptation/exploit/valid/CVE-2025-59340/2.0.7[0m
[96m[Selector] Nearest need adapatation version selected: 2.0.6[0m
[96m[Selector] Closest reproduced version: 2.0.7 at index 17[0m
[96m[Adapter] Trying next closest version: 2.0.6[0m
[96m[Preparer] Using exploit from valid: /PoCAdaptation/exploit/valid/CVE-2025-59340/2.0.7/exploit[0m
[92m[Preparer] Copied exploit to: /PoCAdaptation/exploit/pending/CVE-2025-59340/2.0.6/exploit[0m
[96m[Preparer] Updating dependency version to 2.0.6 in /PoCAdaptation/exploit/pending/CVE-2025-59340/2.0.6/exploit/pom.xml[0m
[92m[Preparer] Updated dependency version to 2.0.6 in /PoCAdaptation/exploit/pending/CVE-2025-59340/2.0.6/exploit/pom.xml[0m
[96m[Executor] Attempting direct exploit execution on 2.0.6...[0m
[96m[Executor] Executing exploit for CVE-2025-59340 on version 2.0.6...[0m
[96m[Verifier] Verifying reproduction...[0m
[92m[Verifier] âœ“ Behavior matched: 'org.junit.ComparisonFailure'[0m
[92m[Verifier] âœ“ Detail matched: 'expected:<[]>'[0m
[92m[Verifier] âœ“ All reproduction indicators matched.[0m
[92m[Executor] Reproduction result: Success[0m
[92m[Executor] Direct reproduction successful on 2.0.6[0m
[96m[Adapter] Copied successful adaptation to /PoCAdaptation/exploit/valid/CVE-2025-59340/2.0.6[0m
[96m[Selector] Nearest need adapatation version selected: 2.0.5[0m
[96m[Selector] Closest reproduced version: 2.0.6 at index 16[0m
[96m[Adapter] Trying next closest version: 2.0.5[0m
[96m[Preparer] Using exploit from valid: /PoCAdaptation/exploit/valid/CVE-2025-59340/2.0.6/exploit[0m
[92m[Preparer] Copied exploit to: /PoCAdaptation/exploit/pending/CVE-2025-59340/2.0.5/exploit[0m
[96m[Preparer] Updating dependency version to 2.0.5 in /PoCAdaptation/exploit/pending/CVE-2025-59340/2.0.5/exploit/pom.xml[0m
[92m[Preparer] Updated dependency version to 2.0.5 in /PoCAdaptation/exploit/pending/CVE-2025-59340/2.0.5/exploit/pom.xml[0m
[96m[Executor] Attempting direct exploit execution on 2.0.5...[0m
[96m[Executor] Executing exploit for CVE-2025-59340 on version 2.0.5...[0m
[96m[Verifier] Verifying reproduction...[0m
[92m[Verifier] âœ“ Behavior matched: 'org.junit.ComparisonFailure'[0m
[92m[Verifier] âœ“ Detail matched: 'expected:<[]>'[0m
[92m[Verifier] âœ“ All reproduction indicators matched.[0m
[92m[Executor] Reproduction result: Success[0m
[92m[Executor] Direct reproduction successful on 2.0.5[0m
[96m[Adapter] Copied successful adaptation to /PoCAdaptation/exploit/valid/CVE-2025-59340/2.0.5[0m
[96m[Selector] Nearest need adapatation version selected: 2.0.4[0m
[96m[Selector] Closest reproduced version: 2.0.5 at index 15[0m
[96m[Adapter] Trying next closest version: 2.0.4[0m
[96m[Preparer] Using exploit from valid: /PoCAdaptation/exploit/valid/CVE-2025-59340/2.0.5/exploit[0m
[92m[Preparer] Copied exploit to: /PoCAdaptation/exploit/pending/CVE-2025-59340/2.0.4/exploit[0m
[96m[Preparer] Updating dependency version to 2.0.4 in /PoCAdaptation/exploit/pending/CVE-2025-59340/2.0.4/exploit/pom.xml[0m
[92m[Preparer] Updated dependency version to 2.0.4 in /PoCAdaptation/exploit/pending/CVE-2025-59340/2.0.4/exploit/pom.xml[0m
[96m[Executor] Attempting direct exploit execution on 2.0.4...[0m
[96m[Executor] Executing exploit for CVE-2025-59340 on version 2.0.4...[0m
[96m[Verifier] Verifying reproduction...[0m
[92m[Verifier] âœ“ Behavior matched: 'org.junit.ComparisonFailure'[0m
[92m[Verifier] âœ“ Detail matched: 'expected:<[]>'[0m
[92m[Verifier] âœ“ All reproduction indicators matched.[0m
[92m[Executor] Reproduction result: Success[0m
[92m[Executor] Direct reproduction successful on 2.0.4[0m
[96m[Adapter] Copied successful adaptation to /PoCAdaptation/exploit/valid/CVE-2025-59340/2.0.4[0m
[96m[Selector] Nearest need adapatation version selected: 2.0.3[0m
[96m[Selector] Closest reproduced version: 2.0.4 at index 14[0m
[96m[Adapter] Trying next closest version: 2.0.3[0m
[96m[Preparer] Using exploit from valid: /PoCAdaptation/exploit/valid/CVE-2025-59340/2.0.4/exploit[0m
[92m[Preparer] Copied exploit to: /PoCAdaptation/exploit/pending/CVE-2025-59340/2.0.3/exploit[0m
[96m[Preparer] Updating dependency version to 2.0.3 in /PoCAdaptation/exploit/pending/CVE-2025-59340/2.0.3/exploit/pom.xml[0m
[92m[Preparer] Updated dependency version to 2.0.3 in /PoCAdaptation/exploit/pending/CVE-2025-59340/2.0.3/exploit/pom.xml[0m
[96m[Executor] Attempting direct exploit execution on 2.0.3...[0m
[96m[Executor] Executing exploit for CVE-2025-59340 on version 2.0.3...[0m
[96m[Verifier] Verifying reproduction...[0m
[92m[Verifier] âœ“ Behavior matched: 'org.junit.ComparisonFailure'[0m
[92m[Verifier] âœ“ Detail matched: 'expected:<[]>'[0m
[92m[Verifier] âœ“ All reproduction indicators matched.[0m
[92m[Executor] Reproduction result: Success[0m
[92m[Executor] Direct reproduction successful on 2.0.3[0m
[96m[Adapter] Copied successful adaptation to /PoCAdaptation/exploit/valid/CVE-2025-59340/2.0.3[0m
[96m[Selector] Nearest need adapatation version selected: 2.0.2[0m
[96m[Selector] Closest reproduced version: 2.0.3 at index 13[0m
[96m[Adapter] Trying next closest version: 2.0.2[0m
[96m[Preparer] Using exploit from valid: /PoCAdaptation/exploit/valid/CVE-2025-59340/2.0.3/exploit[0m
[92m[Preparer] Copied exploit to: /PoCAdaptation/exploit/pending/CVE-2025-59340/2.0.2/exploit[0m
[96m[Preparer] Updating dependency version to 2.0.2 in /PoCAdaptation/exploit/pending/CVE-2025-59340/2.0.2/exploit/pom.xml[0m
[92m[Preparer] Updated dependency version to 2.0.2 in /PoCAdaptation/exploit/pending/CVE-2025-59340/2.0.2/exploit/pom.xml[0m
[96m[Executor] Attempting direct exploit execution on 2.0.2...[0m
[96m[Executor] Executing exploit for CVE-2025-59340 on version 2.0.2...[0m
[96m[Verifier] Verifying reproduction...[0m
[92m[Verifier] âœ“ Behavior matched: 'org.junit.ComparisonFailure'[0m
[92m[Verifier] âœ“ Detail matched: 'expected:<[]>'[0m
[92m[Verifier] âœ“ All reproduction indicators matched.[0m
[92m[Executor] Reproduction result: Success[0m
[92m[Executor] Direct reproduction successful on 2.0.2[0m
[96m[Adapter] Copied successful adaptation to /PoCAdaptation/exploit/valid/CVE-2025-59340/2.0.2[0m
[96m[Selector] Nearest need adapatation version selected: 2.0.1[0m
[96m[Selector] Closest reproduced version: 2.0.2 at index 12[0m
[96m[Adapter] Trying next closest version: 2.0.1[0m
[96m[Preparer] Using exploit from valid: /PoCAdaptation/exploit/valid/CVE-2025-59340/2.0.2/exploit[0m
[92m[Preparer] Copied exploit to: /PoCAdaptation/exploit/pending/CVE-2025-59340/2.0.1/exploit[0m
[96m[Preparer] Updating dependency version to 2.0.1 in /PoCAdaptation/exploit/pending/CVE-2025-59340/2.0.1/exploit/pom.xml[0m
[92m[Preparer] Updated dependency version to 2.0.1 in /PoCAdaptation/exploit/pending/CVE-2025-59340/2.0.1/exploit/pom.xml[0m
[96m[Executor] Attempting direct exploit execution on 2.0.1...[0m
[96m[Executor] Executing exploit for CVE-2025-59340 on version 2.0.1...[0m
[96m[Verifier] Verifying reproduction...[0m
[92m[Verifier] âœ“ Behavior matched: 'org.junit.ComparisonFailure'[0m
[92m[Verifier] âœ“ Detail matched: 'expected:<[]>'[0m
[92m[Verifier] âœ“ All reproduction indicators matched.[0m
[92m[Executor] Reproduction result: Success[0m
[92m[Executor] Direct reproduction successful on 2.0.1[0m
[96m[Adapter] Copied successful adaptation to /PoCAdaptation/exploit/valid/CVE-2025-59340/2.0.1[0m
[96m[Selector] Nearest need adapatation version selected: 2.0.0[0m
[96m[Selector] Closest reproduced version: 2.0.1 at index 11[0m
[96m[Adapter] Trying next closest version: 2.0.0[0m
[96m[Preparer] Using exploit from valid: /PoCAdaptation/exploit/valid/CVE-2025-59340/2.0.1/exploit[0m
[92m[Preparer] Copied exploit to: /PoCAdaptation/exploit/pending/CVE-2025-59340/2.0.0/exploit[0m
[96m[Preparer] Updating dependency version to 2.0.0 in /PoCAdaptation/exploit/pending/CVE-2025-59340/2.0.0/exploit/pom.xml[0m
[92m[Preparer] Updated dependency version to 2.0.0 in /PoCAdaptation/exploit/pending/CVE-2025-59340/2.0.0/exploit/pom.xml[0m
[96m[Executor] Attempting direct exploit execution on 2.0.0...[0m
[96m[Executor] Executing exploit for CVE-2025-59340 on version 2.0.0...[0m
[96m[Verifier] Verifying reproduction...[0m
[92m[Verifier] âœ“ Behavior matched: 'org.junit.ComparisonFailure'[0m
[92m[Verifier] âœ“ Detail matched: 'expected:<[]>'[0m
[92m[Verifier] âœ“ All reproduction indicators matched.[0m
[92m[Executor] Reproduction result: Success[0m
[92m[Executor] Direct reproduction successful on 2.0.0[0m
[96m[Adapter] Copied successful adaptation to /PoCAdaptation/exploit/valid/CVE-2025-59340/2.0.0[0m
[96m[Selector] Nearest need adapatation version selected: 1.0.9[0m
[96m[Selector] Closest reproduced version: 2.0.0 at index 10[0m
[96m[Adapter] Trying next closest version: 1.0.9[0m
[96m[Preparer] Using exploit from valid: /PoCAdaptation/exploit/valid/CVE-2025-59340/2.0.0/exploit[0m
[92m[Preparer] Copied exploit to: /PoCAdaptation/exploit/pending/CVE-2025-59340/1.0.9/exploit[0m
[96m[Preparer] Updating dependency version to 1.0.9 in /PoCAdaptation/exploit/pending/CVE-2025-59340/1.0.9/exploit/pom.xml[0m
[92m[Preparer] Updated dependency version to 1.0.9 in /PoCAdaptation/exploit/pending/CVE-2025-59340/1.0.9/exploit/pom.xml[0m
[96m[Executor] Attempting direct exploit execution on 1.0.9...[0m
[96m[Executor] Executing exploit for CVE-2025-59340 on version 1.0.9...[0m
[96m[Verifier] Verifying reproduction...[0m
[91m[Verifier] âœ— Behavior not found: 'org.junit.ComparisonFailure'[0m
[91m[Executor] Reproduction result: Failure[0m
[96m[Adapter] Attempting adaptation from base version 2.0.0 to 1.0.9...[0m
[96m[Adapter] Start adapting exploit from 2.0.0 to 1.0.9"[0m
[96m[Executor] Executing exploit for CVE-2025-59340 on version 1.0.9...[0m
[96m[Verifier] Verifying reproduction...[0m
[91m[Verifier] âœ— Behavior not found: 'org.junit.ComparisonFailure'[0m
[91m[Executor] Reproduction result: Failure[0m
[ErrorManager] Extracting errors from log with 9 lines.
[96m[ErrorManager] Ignoring line: [ERROR] Failed to execute goal org.apache.maven.plugins:maven-compiler-plugin:3.1:testCompile (default-testCompile) on project jenkins-log-test: Compilation failure[0m
[92m[ErrorManager] Processing line: [ERROR] /PoCAdaptation/exploit/result/CVE-2025-59340/1.0.9/exploit/src/test/java/edu/vision/se/Testcase1.java:[25,80] incompatible types: java.time.ZoneId cannot be converted to org.joda.time.DateTimeZone[0m
[96m[ErrorManager] Ignoring line: [ERROR] -> [Help 1][0m
[96m[ErrorManager] Ignoring line: [ERROR][0m
[96m[ErrorManager] Ignoring line: [ERROR] To see the full stack trace of the errors, re-run Maven with the -e switch.[0m
[96m[ErrorManager] Ignoring line: [ERROR] Re-run Maven using the -X switch to enable full debug logging.[0m
[96m[ErrorManager] Ignoring line: [ERROR][0m
[96m[ErrorManager] Ignoring line: [ERROR] For more information about the errors and possible solutions, please read the following articles:[0m
[96m[ErrorManager] Ignoring line: [ERROR] [Help 1] http://cwiki.apache.org/confluence/display/MAVEN/MojoFailureException[0m
[96m[Adapter] Locating fix position in error log.[0m
[LLMClient] Tokens used: 1604 (prompt), 1 (completion), 1605 (total)
[LLMClient] Prompt: 
You are given a Java error log when executing 'mvn test' in a project with dependency version 1.0.9:com.hubspot.jinjava:jinjava.
This test file compiles and runs successfully with version 2.0.0.

Your task is to:
1. Analyze why this issue occurs with the *2.0.0* but not with the *1.0.9 version*.
2. Consider how to resolve the issue **without updating this library**.
3. Determine and output the location in the project that should be modified to fix the problem.

Please return 'pom' if the fix is in the pom.xml file, or 'test' if the fix is in the test code.
Do not return any other text, just 'pom' or 'test'.

The error log is:
[INFO] Scanning for projects...
[INFO] 
[INFO] --------------------< com.example:jenkins-log-test >--------------------
[INFO] Building jenkins-log-test 1.0.0-SNAPSHOT
[INFO]   from pom.xml
[INFO] --------------------------------[ jar ]---------------------------------
[INFO] 
[INFO] --- maven-clean-plugin:2.5:clean (default-clean) @ jenkins-log-test ---
[INFO] Deleting /PoCAdaptation/exploit/result/CVE-2025-59340/1.0.9/exploit/target
[INFO] 
[INFO] --- maven-resources-plugin:2.6:resources (default-resources) @ jenkins-log-test ---
[WARNING] Using platform encoding (UTF-8 actually) to copy filtered resources, i.e. build is platform dependent!
[INFO] skip non existing resourceDirectory /PoCAdaptation/exploit/result/CVE-2025-59340/1.0.9/exploit/src/main/resources
[INFO] 
[INFO] --- maven-compiler-plugin:3.1:compile (default-compile) @ jenkins-log-test ---
[INFO] No sources to compile
[INFO] 
[INFO] --- maven-resources-plugin:2.6:testResources (default-testResources) @ jenkins-log-test ---
[WARNING] Using platform encoding (UTF-8 actually) to copy filtered resources, i.e. build is platform dependent!
[INFO] skip non existing resourceDirectory /PoCAdaptation/exploit/result/CVE-2025-59340/1.0.9/exploit/src/test/resources
[INFO] 
[INFO] --- maven-compiler-plugin:3.1:testCompile (default-testCompile) @ jenkins-log-test ---
[INFO] Changes detected - recompiling the module!
[WARNING] File encoding has not been set, using platform encoding UTF-8, i.e. build is platform dependent!
[INFO] Compiling 1 source file to /PoCAdaptation/exploit/result/CVE-2025-59340/1.0.9/exploit/target/test-classes
[INFO] -------------------------------------------------------------
[WARNING] COMPILATION WARNING : 
[INFO] -------------------------------------------------------------
[WARNING] Some messages have been simplified; recompile with -Xdiags:verbose to get full output
[INFO] 1 warning
[INFO] -------------------------------------------------------------
[INFO] -------------------------------------------------------------
[ERROR] COMPILATION ERROR : 
[INFO] -------------------------------------------------------------
[ERROR] /PoCAdaptation/exploit/result/CVE-2025-59340/1.0.9/exploit/src/test/java/edu/vision/se/Testcase1.java:[25,80] incompatible types: java.time.ZoneId cannot be converted to org.joda.time.DateTimeZone
[INFO] 1 error
[INFO] -------------------------------------------------------------
[INFO] ------------------------------------------------------------------------
[INFO] BUILD FAILURE
[INFO] ------------------------------------------------------------------------
[INFO] Total time:  1.107 s
[INFO] Finished at: 2025-09-25T05:34:35Z
[INFO] ------------------------------------------------------------------------
[ERROR] Failed to execute goal org.apache.maven.plugins:maven-compiler-plugin:3.1:testCompile (default-testCompile) on project jenkins-log-test: Compilation failure
[ERROR] /PoCAdaptation/exploit/result/CVE-2025-59340/1.0.9/exploit/src/test/java/edu/vision/se/Testcase1.java:[25,80] incompatible types: java.time.ZoneId cannot be converted to org.joda.time.DateTimeZone
[ERROR] -> [Help 1]
[ERROR] 
[ERROR] To see the full stack trace of the errors, re-run Maven with the -e switch.
[ERROR] Re-run Maven using the -X switch to enable full debug logging.
[ERROR] 
[ERROR] For more information about the errors and possible solutions, please read the following articles:
[ERROR] [Help 1] http://cwiki.apache.org/confluence/display/MAVEN/MojoFailureException


current_pom file is:<project xmlns="http://maven.apache.org/POM/4.0.0"
         xmlns:xsi="http://www.w3.org/2001/XMLSchema-instance"
         xsi:schemaLocation="http://maven.apache.org/POM/4.0.0
                             https://maven.apache.org/xsd/maven-4.0.0.xsd">
  <modelVersion>4.0.0</modelVersion>

  <groupId>com.example</groupId>
  <artifactId>jenkins-log-test</artifactId>
  <version>1.0.0-SNAPSHOT</version>

  <properties>
    <maven.compiler.source>11</maven.compiler.source>
    <maven.compiler.target>11</maven.compiler.target>
  </properties>

  <dependencies>
    <!-- Jenkins core: æä¾› LogTaskListener å’Œ LogFormatter -->
   <dependency>
        <groupId>com.hubspot.jinjava</groupId>
        <artifactId>jinjava</artifactId>
        <version>1.0.9</version>
    </dependency>

    <dependency>
        <groupId>joda-time</groupId>
        <artifactId>joda-time</artifactId>
        <version>2.10.14</version>
    </dependency>

    <dependency>
    <groupId>org.slf4j</groupId>
    <artifactId>slf4j-api</artifactId>
    <version>1.7.36</version>
  </dependency>

  <!-- Simple backend for tests -->
  <dependency>
    <groupId>org.slf4j</groupId>
    <artifactId>slf4j-simple</artifactId>
    <version>1.7.36</version>
    <scope>test</scope>
  </dependency>

    <!-- JUnit 4 -->
    <dependency>
      <groupId>junit</groupId>
      <artifactId>junit</artifactId>
      <version>4.13.2</version>
      <scope>test</scope>
    </dependency>
  </dependencies>

  <build>
    <plugins>
      <plugin>
        <groupId>org.apache.maven.plugins</groupId>
        <artifactId>maven-surefire-plugin</artifactId>
        <version>3.2.5</version>
      </plugin>
    </plugins>
  </build>
</project>
[LLMClient] Response: 
test
[96m[Adapter] LLM response for fix position: test[0m
[Adapter] Grouped Errors: {'incompatible types: java.time.ZoneId cannot be converted to org.joda.time.DateTimeZone |': [{'file': '/PoCAdaptation/exploit/result/CVE-2025-59340/1.0.9/exploit/src/test/java/edu/vision/se/Testcase1.java', 'line': 25, 'column': 80, 'message': 'incompatible types: java.time.ZoneId cannot be converted to org.joda.time.DateTimeZone', 'symbol': None, 'location': None, 'code_line': '            new JinjavaConfig(StandardCharsets.UTF_8, Locale.ENGLISH, ZoneId.of("America/New_York"), 10)'}]}
[LLMClient] Tokens used: 168 (prompt), 7 (completion), 175 (total)
[LLMClient] Prompt: 
You are given an error log when executing 'mvn test' in version 1.0.9: 

Error: incompatible types: java.time.ZoneId cannot be converted to org.joda.time.DateTimeZone, None, None 

The test executes as expected in 2.0.0 

Error code:             new JinjavaConfig(StandardCharsets.UTF_8, Locale.ENGLISH, ZoneId.of("America/New_York"), 10) 

Extract two key *entities* from the error for searching related diffs 

The extracted entities should reflect code-level identifiers that are likely to appear in source code or diffs. 

Output each node as a `;`-separated list, with no explanations. 


[LLMClient] Response: 
JinjavaConfig;ZoneId
[96m[ErrorManager] Extracted key entities: ['JinjavaConfig', 'ZoneId'][0m
[96m[Adapter] Try to solve error: {'file': '/PoCAdaptation/exploit/result/CVE-2025-59340/1.0.9/exploit/src/test/java/edu/vision/se/Testcase1.java', 'line': 25, 'column': 80, 'message': 'incompatible types: java.time.ZoneId cannot be converted to org.joda.time.DateTimeZone', 'symbol': None, 'location': None, 'code_line': '            new JinjavaConfig(StandardCharsets.UTF_8, Locale.ENGLISH, ZoneId.of("America/New_York"), 10)'} with cause: ['JinjavaConfig', 'ZoneId'][0m
[96m[Adapter] Related diffs for error: [(7, 8.0), (8, 4.0), (0, 0.0), (1, 0.0), (2, 0.0)][0m
[96m[Adapter] Fix position is in test code.[0m
[96m[RepairModule] Start repair for group: incompatible types: java.time.ZoneId cannot be converted to org.joda.time.DateTimeZone | cause: ['JinjavaConfig', 'ZoneId'][0m
[96m[RepairModule] Trying best diff #7 with score 8.00[0m
[LLMClient] Tokens used: 713 (prompt), 193 (completion), 906 (total)
[LLMClient] Prompt: 
You are given a Java test file with compilation errors in version 1.0.9:com.hubspot.jinjava:jinjava.
This test file compiles and runs successfully in 2.0.0.

The diff is related to the diff.
Your task has three steps:
 1. Locate the code where the compilation error occurs.
 2. Analyze the diff from 2.0.0 to 1.0.9.
 3. Fix the error in the error position only when diff is helpful. Add import statement when needed according to the diff. 

Only output the modified version of the test file according to the diff. No explanations. If mocking, access fields via reflection if they exist.
### Compilation Errors:
message: incompatible types: java.time.ZoneId cannot be converted to org.joda.time.DateTimeZone, symble: None, location: None

### Error Position:
            new JinjavaConfig(StandardCharsets.UTF_8, Locale.ENGLISH, ZoneId.of("America/New_York"), 10)

### Related Diff:
Operation: MODIFIED, File: src/main/java/com/hubspot/jinjava/JinjavaConfig.java, Hunk: @@ -17,25 +17,25 @@

 import java.nio.charset.Charset;
 import java.nio.charset.StandardCharsets;
-import java.time.ZoneId;
-import java.time.ZoneOffset;
 import java.util.Locale;

+import org.joda.time.DateTimeZone;
+
 public class JinjavaConfig {

   private final Charset charset;
   private final Locale locale;
+  private final DateTimeZone timeZone;
-  private final ZoneId timeZone;
   private final int maxRenderDepth;

   public JinjavaConfig() {
     charset = StandardCharsets.UTF_8;
     locale = Locale.ENGLISH;
+    timeZone = DateTimeZone.UTC;
-    timeZone = ZoneOffset.UTC;
     maxRenderDepth = 10;
   }

+  public JinjavaConfig(Charset charset, Locale locale, DateTimeZone timeZone, int maxRenderDepth) {
-  public JinjavaConfig(Charset charset, Locale locale, ZoneId timeZone, int maxRenderDepth) {
     this.charset = charset;
     this.locale = locale;
     this.timeZone = timeZone;

### Test File Content:
package edu.vision.se;

import static org.junit.Assert.*;

import java.nio.charset.StandardCharsets;
import java.time.ZoneId;
import java.util.HashMap;
import java.util.Locale;

import org.junit.Test;

import com.hubspot.jinjava.Jinjava;
import com.hubspot.jinjava.JinjavaConfig;
import org.joda.time.DateTimeZone;


public class Testcase1 {

    private Jinjava jinjava;

    @Test
    public void testNewlineInjectionIsAnnotated() throws Exception {
        jinjava =
        new Jinjava(
            new JinjavaConfig(StandardCharsets.UTF_8, Locale.ENGLISH, ZoneId.of("America/New_York"), 10)
        );
        String rendered = jinjava.render("{{ ____int3rpr3t3r____.config }}", new HashMap<>());
        assertEquals("", rendered);
    }
}


[LLMClient] Response: 
```java
package edu.vision.se;

import static org.junit.Assert.*;

import java.nio.charset.StandardCharsets;
import java.util.HashMap;
import java.util.Locale;

import org.junit.Test;

import com.hubspot.jinjava.Jinjava;
import com.hubspot.jinjava.JinjavaConfig;
import org.joda.time.DateTimeZone;


public class Testcase1 {

    private Jinjava jinjava;

    @Test
    public void testNewlineInjectionIsAnnotated() throws Exception {
        jinjava =
        new Jinjava(
            new JinjavaConfig(StandardCharsets.UTF_8, Locale.ENGLISH, DateTimeZone.forID("America/New_York"), 10)
        );
        String rendered = jinjava.render("{{ ____int3rpr3t3r____.config }}", new HashMap<>());
        assertEquals("", rendered);
    }
}
```
[96m[RepairModule] Wrote modified code to /PoCAdaptation/exploit/result/CVE-2025-59340/1.0.9/exploit/src/test/java/edu/vision/se/Testcase1.java[0m
[96m[Executor] Executing exploit for CVE-2025-59340 on version 1.0.9...[0m
[96m[Verifier] Verifying reproduction...[0m
[92m[Verifier] âœ“ Behavior matched: 'org.junit.ComparisonFailure'[0m
[92m[Verifier] âœ“ Detail matched: 'expected:<[]>'[0m
[92m[Verifier] âœ“ All reproduction indicators matched.[0m
[92m[Executor] Reproduction result: Success[0m
[92m[RepairModule] Repair success![0m
[92m[RepairModule] Repair success with best diff![0m
[96m[Adapter] Test code repair attempted.[0m
[96m[Executor] Executing exploit for CVE-2025-59340 on version 1.0.9...[0m
[96m[Verifier] Verifying reproduction...[0m
[92m[Verifier] âœ“ Behavior matched: 'org.junit.ComparisonFailure'[0m
[92m[Verifier] âœ“ Detail matched: 'expected:<[]>'[0m
[92m[Verifier] âœ“ All reproduction indicators matched.[0m
[92m[Executor] Reproduction result: Success[0m
[92m[Adapter] Adaptation from 2.0.0 to 1.0.9 successful.[0m
[Adapt] âœ“ Completed: True
[96m[Adapter] Adaptation complete. Retesting exploit on 1.0.9...[0m
[92m[Executor] Adaptation + reproduction successful on 1.0.9[0m
[96m[Adapter] Copied successful adaptation to /PoCAdaptation/exploit/valid/CVE-2025-59340/1.0.9[0m
[96m[Selector] Nearest need adapatation version selected: 1.0.8[0m
[96m[Selector] Closest reproduced version: 1.0.9 at index 9[0m
[96m[Adapter] Trying next closest version: 1.0.8[0m
[96m[Preparer] Using exploit from valid: /PoCAdaptation/exploit/valid/CVE-2025-59340/1.0.9/exploit[0m
[92m[Preparer] Copied exploit to: /PoCAdaptation/exploit/pending/CVE-2025-59340/1.0.8/exploit[0m
[96m[Preparer] Updating dependency version to 1.0.8 in /PoCAdaptation/exploit/pending/CVE-2025-59340/1.0.8/exploit/pom.xml[0m
[92m[Preparer] Updated dependency version to 1.0.8 in /PoCAdaptation/exploit/pending/CVE-2025-59340/1.0.8/exploit/pom.xml[0m
[96m[Executor] Attempting direct exploit execution on 1.0.8...[0m
[96m[Executor] Executing exploit for CVE-2025-59340 on version 1.0.8...[0m
[96m[Verifier] Verifying reproduction...[0m
[92m[Verifier] âœ“ Behavior matched: 'org.junit.ComparisonFailure'[0m
[92m[Verifier] âœ“ Detail matched: 'expected:<[]>'[0m
[92m[Verifier] âœ“ All reproduction indicators matched.[0m
[92m[Executor] Reproduction result: Success[0m
[92m[Executor] Direct reproduction successful on 1.0.8[0m
[96m[Adapter] Copied successful adaptation to /PoCAdaptation/exploit/valid/CVE-2025-59340/1.0.8[0m
[96m[Selector] Nearest need adapatation version selected: 1.0.7[0m
[96m[Selector] Closest reproduced version: 1.0.8 at index 8[0m
[96m[Adapter] Trying next closest version: 1.0.7[0m
[96m[Preparer] Using exploit from valid: /PoCAdaptation/exploit/valid/CVE-2025-59340/1.0.8/exploit[0m
[92m[Preparer] Copied exploit to: /PoCAdaptation/exploit/pending/CVE-2025-59340/1.0.7/exploit[0m
[96m[Preparer] Updating dependency version to 1.0.7 in /PoCAdaptation/exploit/pending/CVE-2025-59340/1.0.7/exploit/pom.xml[0m
[92m[Preparer] Updated dependency version to 1.0.7 in /PoCAdaptation/exploit/pending/CVE-2025-59340/1.0.7/exploit/pom.xml[0m
[96m[Executor] Attempting direct exploit execution on 1.0.7...[0m
[96m[Executor] Executing exploit for CVE-2025-59340 on version 1.0.7...[0m
[96m[Verifier] Verifying reproduction...[0m
[92m[Verifier] âœ“ Behavior matched: 'org.junit.ComparisonFailure'[0m
[92m[Verifier] âœ“ Detail matched: 'expected:<[]>'[0m
[92m[Verifier] âœ“ All reproduction indicators matched.[0m
[92m[Executor] Reproduction result: Success[0m
[92m[Executor] Direct reproduction successful on 1.0.7[0m
[96m[Adapter] Copied successful adaptation to /PoCAdaptation/exploit/valid/CVE-2025-59340/1.0.7[0m
[96m[Selector] Nearest need adapatation version selected: 1.0.6[0m
[96m[Selector] Closest reproduced version: 1.0.7 at index 7[0m
[96m[Adapter] Trying next closest version: 1.0.6[0m
[96m[Preparer] Using exploit from valid: /PoCAdaptation/exploit/valid/CVE-2025-59340/1.0.7/exploit[0m
[92m[Preparer] Copied exploit to: /PoCAdaptation/exploit/pending/CVE-2025-59340/1.0.6/exploit[0m
[96m[Preparer] Updating dependency version to 1.0.6 in /PoCAdaptation/exploit/pending/CVE-2025-59340/1.0.6/exploit/pom.xml[0m
[92m[Preparer] Updated dependency version to 1.0.6 in /PoCAdaptation/exploit/pending/CVE-2025-59340/1.0.6/exploit/pom.xml[0m
[96m[Executor] Attempting direct exploit execution on 1.0.6...[0m
[96m[Executor] Executing exploit for CVE-2025-59340 on version 1.0.6...[0m
[96m[Verifier] Verifying reproduction...[0m
[92m[Verifier] âœ“ Behavior matched: 'org.junit.ComparisonFailure'[0m
[92m[Verifier] âœ“ Detail matched: 'expected:<[]>'[0m
[92m[Verifier] âœ“ All reproduction indicators matched.[0m
[92m[Executor] Reproduction result: Success[0m
[92m[Executor] Direct reproduction successful on 1.0.6[0m
[96m[Adapter] Copied successful adaptation to /PoCAdaptation/exploit/valid/CVE-2025-59340/1.0.6[0m
[96m[Selector] Nearest need adapatation version selected: 1.0.5[0m
[96m[Selector] Closest reproduced version: 1.0.6 at index 6[0m
[96m[Adapter] Trying next closest version: 1.0.5[0m
[96m[Preparer] Using exploit from valid: /PoCAdaptation/exploit/valid/CVE-2025-59340/1.0.6/exploit[0m
[92m[Preparer] Copied exploit to: /PoCAdaptation/exploit/pending/CVE-2025-59340/1.0.5/exploit[0m
[96m[Preparer] Updating dependency version to 1.0.5 in /PoCAdaptation/exploit/pending/CVE-2025-59340/1.0.5/exploit/pom.xml[0m
[92m[Preparer] Updated dependency version to 1.0.5 in /PoCAdaptation/exploit/pending/CVE-2025-59340/1.0.5/exploit/pom.xml[0m
[96m[Executor] Attempting direct exploit execution on 1.0.5...[0m
[96m[Executor] Executing exploit for CVE-2025-59340 on version 1.0.5...[0m
[96m[Verifier] Verifying reproduction...[0m
[92m[Verifier] âœ“ Behavior matched: 'org.junit.ComparisonFailure'[0m
[92m[Verifier] âœ“ Detail matched: 'expected:<[]>'[0m
[92m[Verifier] âœ“ All reproduction indicators matched.[0m
[92m[Executor] Reproduction result: Success[0m
[92m[Executor] Direct reproduction successful on 1.0.5[0m
[96m[Adapter] Copied successful adaptation to /PoCAdaptation/exploit/valid/CVE-2025-59340/1.0.5[0m
[96m[Selector] Nearest need adapatation version selected: 1.0.4[0m
[96m[Selector] Closest reproduced version: 1.0.5 at index 5[0m
[96m[Adapter] Trying next closest version: 1.0.4[0m
[96m[Preparer] Using exploit from valid: /PoCAdaptation/exploit/valid/CVE-2025-59340/1.0.5/exploit[0m
[92m[Preparer] Copied exploit to: /PoCAdaptation/exploit/pending/CVE-2025-59340/1.0.4/exploit[0m
[96m[Preparer] Updating dependency version to 1.0.4 in /PoCAdaptation/exploit/pending/CVE-2025-59340/1.0.4/exploit/pom.xml[0m
[92m[Preparer] Updated dependency version to 1.0.4 in /PoCAdaptation/exploit/pending/CVE-2025-59340/1.0.4/exploit/pom.xml[0m
[96m[Executor] Attempting direct exploit execution on 1.0.4...[0m
[96m[Executor] Executing exploit for CVE-2025-59340 on version 1.0.4...[0m
[96m[Verifier] Verifying reproduction...[0m
[92m[Verifier] âœ“ Behavior matched: 'org.junit.ComparisonFailure'[0m
[92m[Verifier] âœ“ Detail matched: 'expected:<[]>'[0m
[92m[Verifier] âœ“ All reproduction indicators matched.[0m
[92m[Executor] Reproduction result: Success[0m
[92m[Executor] Direct reproduction successful on 1.0.4[0m
[96m[Adapter] Copied successful adaptation to /PoCAdaptation/exploit/valid/CVE-2025-59340/1.0.4[0m
[96m[Selector] Nearest need adapatation version selected: 1.0.3[0m
[96m[Selector] Closest reproduced version: 1.0.4 at index 4[0m
[96m[Adapter] Trying next closest version: 1.0.3[0m
[96m[Preparer] Using exploit from valid: /PoCAdaptation/exploit/valid/CVE-2025-59340/1.0.4/exploit[0m
[92m[Preparer] Copied exploit to: /PoCAdaptation/exploit/pending/CVE-2025-59340/1.0.3/exploit[0m
[96m[Preparer] Updating dependency version to 1.0.3 in /PoCAdaptation/exploit/pending/CVE-2025-59340/1.0.3/exploit/pom.xml[0m
[92m[Preparer] Updated dependency version to 1.0.3 in /PoCAdaptation/exploit/pending/CVE-2025-59340/1.0.3/exploit/pom.xml[0m
[96m[Executor] Attempting direct exploit execution on 1.0.3...[0m
[96m[Executor] Executing exploit for CVE-2025-59340 on version 1.0.3...[0m
[96m[Verifier] Verifying reproduction...[0m
[92m[Verifier] âœ“ Behavior matched: 'org.junit.ComparisonFailure'[0m
[92m[Verifier] âœ“ Detail matched: 'expected:<[]>'[0m
[92m[Verifier] âœ“ All reproduction indicators matched.[0m
[92m[Executor] Reproduction result: Success[0m
[92m[Executor] Direct reproduction successful on 1.0.3[0m
[96m[Adapter] Copied successful adaptation to /PoCAdaptation/exploit/valid/CVE-2025-59340/1.0.3[0m
[96m[Selector] Nearest need adapatation version selected: 1.0.2[0m
[96m[Selector] Closest reproduced version: 1.0.3 at index 3[0m
[96m[Adapter] Trying next closest version: 1.0.2[0m
[96m[Preparer] Using exploit from valid: /PoCAdaptation/exploit/valid/CVE-2025-59340/1.0.3/exploit[0m
[92m[Preparer] Copied exploit to: /PoCAdaptation/exploit/pending/CVE-2025-59340/1.0.2/exploit[0m
[96m[Preparer] Updating dependency version to 1.0.2 in /PoCAdaptation/exploit/pending/CVE-2025-59340/1.0.2/exploit/pom.xml[0m
[92m[Preparer] Updated dependency version to 1.0.2 in /PoCAdaptation/exploit/pending/CVE-2025-59340/1.0.2/exploit/pom.xml[0m
[96m[Executor] Attempting direct exploit execution on 1.0.2...[0m
[96m[Executor] Executing exploit for CVE-2025-59340 on version 1.0.2...[0m
[96m[Verifier] Verifying reproduction...[0m
[92m[Verifier] âœ“ Behavior matched: 'org.junit.ComparisonFailure'[0m
[92m[Verifier] âœ“ Detail matched: 'expected:<[]>'[0m
[92m[Verifier] âœ“ All reproduction indicators matched.[0m
[92m[Executor] Reproduction result: Success[0m
[92m[Executor] Direct reproduction successful on 1.0.2[0m
[96m[Adapter] Copied successful adaptation to /PoCAdaptation/exploit/valid/CVE-2025-59340/1.0.2[0m
[96m[Selector] Nearest need adapatation version selected: 1.0.1[0m
[96m[Selector] Closest reproduced version: 1.0.2 at index 2[0m
[96m[Adapter] Trying next closest version: 1.0.1[0m
[96m[Preparer] Using exploit from valid: /PoCAdaptation/exploit/valid/CVE-2025-59340/1.0.2/exploit[0m
[92m[Preparer] Copied exploit to: /PoCAdaptation/exploit/pending/CVE-2025-59340/1.0.1/exploit[0m
[96m[Preparer] Updating dependency version to 1.0.1 in /PoCAdaptation/exploit/pending/CVE-2025-59340/1.0.1/exploit/pom.xml[0m
[92m[Preparer] Updated dependency version to 1.0.1 in /PoCAdaptation/exploit/pending/CVE-2025-59340/1.0.1/exploit/pom.xml[0m
[96m[Executor] Attempting direct exploit execution on 1.0.1...[0m
[96m[Executor] Executing exploit for CVE-2025-59340 on version 1.0.1...[0m
[96m[Verifier] Verifying reproduction...[0m
[92m[Verifier] âœ“ Behavior matched: 'org.junit.ComparisonFailure'[0m
[92m[Verifier] âœ“ Detail matched: 'expected:<[]>'[0m
[92m[Verifier] âœ“ All reproduction indicators matched.[0m
[92m[Executor] Reproduction result: Success[0m
[92m[Executor] Direct reproduction successful on 1.0.1[0m
[96m[Adapter] Copied successful adaptation to /PoCAdaptation/exploit/valid/CVE-2025-59340/1.0.1[0m
[96m[Selector] Nearest need adapatation version selected: 1.0.0[0m
[96m[Selector] Closest reproduced version: 1.0.1 at index 1[0m
[96m[Adapter] Trying next closest version: 1.0.0[0m
[96m[Preparer] Using exploit from valid: /PoCAdaptation/exploit/valid/CVE-2025-59340/1.0.1/exploit[0m
[92m[Preparer] Copied exploit to: /PoCAdaptation/exploit/pending/CVE-2025-59340/1.0.0/exploit[0m
[96m[Preparer] Updating dependency version to 1.0.0 in /PoCAdaptation/exploit/pending/CVE-2025-59340/1.0.0/exploit/pom.xml[0m
[92m[Preparer] Updated dependency version to 1.0.0 in /PoCAdaptation/exploit/pending/CVE-2025-59340/1.0.0/exploit/pom.xml[0m
[96m[Executor] Attempting direct exploit execution on 1.0.0...[0m
[96m[Executor] Executing exploit for CVE-2025-59340 on version 1.0.0...[0m
[96m[Verifier] Verifying reproduction...[0m
[92m[Verifier] âœ“ Behavior matched: 'org.junit.ComparisonFailure'[0m
[92m[Verifier] âœ“ Detail matched: 'expected:<[]>'[0m
[92m[Verifier] âœ“ All reproduction indicators matched.[0m
[92m[Executor] Reproduction result: Success[0m
[92m[Executor] Direct reproduction successful on 1.0.0[0m
[96m[Adapter] Copied successful adaptation to /PoCAdaptation/exploit/valid/CVE-2025-59340/1.0.0[0m
[93m[Selector] No pending versions available.[0m
[91m[Main] No suitable version found for further adaptation. Stopping.[0m
[1m[Main] === Adaptation process complete ===[0m
[92m[Main] Total reproduced versions: 92[0m